[0.013s] Invoking command in '/home/gustavo/eufs_sim_teste/build/eufs_plugins': CMAKE_PREFIX_PATH=/home/gustavo/eufs_sim_teste/install/eufs_models:/home/gustavo/eufs_sim_teste/install/eufs_msgs:/home/gustavo/eufs_sim_teste/install/eufs_sensors:/home/gustavo/eufs_sim_teste/install/eufs_plugins:/home/gustavo/eufs_sim_teste/install/eufs_launcher:/home/gustavo/eufs_sim_teste/install/eufs_tracks:/home/gustavo/eufs_sim_teste/install/eufs_rqt:/home/gustavo/eufs_sim_teste/install/eufs_racecar:/opt/ros/galactic LD_LIBRARY_PATH=/home/gustavo/eufs_sim_teste/install/eufs_msgs/lib:/home/gustavo/eufs_sim_teste/install/eufs_plugins/lib:/home/gustavo/eufs_sim_teste/install/eufs_models/lib:/usr/lib/x86_64-linux-gnu/gazebo-11/plugins:/opt/ros/galactic/opt/yaml_cpp_vendor/lib:/opt/ros/galactic/opt/rviz_ogre_vendor/lib:/opt/ros/galactic/lib/x86_64-linux-gnu:/opt/ros/galactic/lib PYTHONPATH=/home/gustavo/eufs_sim_teste/install/eufs_msgs/lib/python3.8/site-packages:/home/gustavo/eufs_sim_teste/build/eufs_launcher/src:/home/gustavo/eufs_sim_teste/build/eufs_tracks:/home/gustavo/eufs_sim_teste/build/eufs_rqt/src:/home/gustavo/eufs_sim_teste/build/eufs_racecar:/home/gustavo/eufs_sim_teste/install/eufs_launcher/lib/python3.8/site-packages:/home/gustavo/eufs_sim_teste/install/eufs_tracks/lib/python3.8/site-packages:/home/gustavo/eufs_sim_teste/install/eufs_rqt/lib/python3.8/site-packages:/home/gustavo/eufs_sim_teste/install/eufs_racecar/lib/python3.8/site-packages:/opt/ros/galactic/lib/python3.8/site-packages /usr/bin/cmake /home/gustavo/eufs_sim_teste/eufs_sim/eufs_plugins -DCMAKE_INSTALL_PREFIX=/home/gustavo/eufs_sim_teste/install/eufs_plugins
[0.024s] -- Found ament_cmake: 1.1.6 (/opt/ros/galactic/share/ament_cmake/cmake)
[0.041s] -- Using PYTHON_EXECUTABLE: /usr/bin/python3
[0.099s] -- Override CMake install command with custom implementation using symlinks instead of copying resources
[0.105s] -- Found gazebo_dev: 3.5.2 (/opt/ros/galactic/share/gazebo_dev/cmake)
[0.135s] -- Found DART: /usr/include (Required is at least version "6.6") found components: dart 
[0.161s] -- Found Protobuf: /usr/lib/x86_64-linux-gnu/libprotobuf.so;-lpthread (found version "3.6.1") 
[0.162s] -- Looking for ignition-math6 -- found version 6.13.0
[0.166s] -- Searching for dependencies of ignition-math6
[0.167s] -- Looking for OGRE...
[0.171s] -- Found Ogre Ghadamon (1.9.0)
[0.171s] -- Found OGRE: optimized;/usr/lib/x86_64-linux-gnu/libOgreMain.so;debug;/usr/lib/x86_64-linux-gnu/libOgreMain.so
[0.180s] -- Looking for OGRE_Paging...
[0.180s] -- Found OGRE_Paging: optimized;/usr/lib/x86_64-linux-gnu/libOgrePaging.so;debug;/usr/lib/x86_64-linux-gnu/libOgrePaging.so
[0.180s] -- Looking for OGRE_Terrain...
[0.180s] -- Found OGRE_Terrain: optimized;/usr/lib/x86_64-linux-gnu/libOgreTerrain.so;debug;/usr/lib/x86_64-linux-gnu/libOgreTerrain.so
[0.180s] -- Looking for OGRE_Property...
[0.180s] -- Found OGRE_Property: optimized;/usr/lib/x86_64-linux-gnu/libOgreProperty.so;debug;/usr/lib/x86_64-linux-gnu/libOgreProperty.so
[0.180s] -- Looking for OGRE_RTShaderSystem...
[0.180s] -- Found OGRE_RTShaderSystem: optimized;/usr/lib/x86_64-linux-gnu/libOgreRTShaderSystem.so;debug;/usr/lib/x86_64-linux-gnu/libOgreRTShaderSystem.so
[0.181s] -- Looking for OGRE_Volume...
[0.181s] -- Found OGRE_Volume: optimized;/usr/lib/x86_64-linux-gnu/libOgreVolume.so;debug;/usr/lib/x86_64-linux-gnu/libOgreVolume.so
[0.181s] -- Looking for OGRE_Overlay...
[0.181s] -- Found OGRE_Overlay: optimized;/usr/lib/x86_64-linux-gnu/libOgreOverlay.so;debug;/usr/lib/x86_64-linux-gnu/libOgreOverlay.so
[0.275s] -- Looking for ignition-math6 -- found version 6.13.0
[0.276s] -- Looking for ignition-transport8 -- found version 8.3.0
[0.276s] -- Searching for dependencies of ignition-transport8
[0.286s] -- Found Protobuf: /usr/lib/x86_64-linux-gnu/libprotobuf.so;-lpthread (found suitable version "3.6.1", minimum required is "3") 
[0.290s] -- Config-file not installed for ZeroMQ -- checking for pkg-config
[0.295s] -- Checking for module 'libzmq >= 4'
[0.319s] --   Found libzmq , version 4.3.2
[0.362s] -- Checking for module 'uuid'
[0.374s] --   Found uuid, version 2.34.0
[0.400s] -- Looking for ignition-msgs5 -- found version 5.10.0
[0.400s] -- Searching for dependencies of ignition-msgs5
[0.411s] -- Looking for ignition-math6 -- found version 6.13.0
[0.417s] -- Checking for module 'tinyxml2'
[0.429s] --   Found tinyxml2, version 6.2.0
[0.460s] -- Looking for ignition-msgs5 -- found version 5.10.0
[0.460s] -- Looking for ignition-common3 -- found version 3.14.2
[0.460s] -- Searching for dependencies of ignition-common3
[0.460s] -- Looking for dlfcn.h - found
[0.460s] -- Looking for libdl - found
[0.468s] -- Searching for <ignition-common3> component [graphics]
[0.468s] -- Looking for ignition-common3-graphics -- found version 3.14.2
[0.468s] -- Searching for dependencies of ignition-common3-graphics
[0.468s] -- Looking for ignition-math6 -- found version 6.13.0
[0.469s] -- Looking for ignition-fuel_tools4 -- found version 4.6.0
[0.470s] -- Searching for dependencies of ignition-fuel_tools4
[0.491s] -- Checking for module 'jsoncpp'
[0.502s] --   Found jsoncpp, version 1.7.4
[0.534s] -- Checking for module 'libzip'
[0.545s] --   Found libzip, version 1.5.1
[0.569s] -- Looking for ignition-common3 -- found version 3.14.2
[0.569s] -- Looking for ignition-math6 -- found version 6.13.0
[0.569s] -- Looking for ignition-msgs5 -- found version 5.10.0
[0.570s] -- Gazebo version: 11.11
[0.570s] -- Found gazebo_ros: 3.5.2 (/opt/ros/galactic/share/gazebo_ros/cmake)
[0.603s] -- Using all available rosidl_typesupport_c: rosidl_typesupport_fastrtps_c;rosidl_typesupport_introspection_c
[0.606s] -- Found rosidl_adapter: 2.2.3 (/opt/ros/galactic/share/rosidl_adapter/cmake)
[0.678s] -- Using all available rosidl_typesupport_cpp: rosidl_typesupport_fastrtps_cpp;rosidl_typesupport_introspection_cpp
[0.720s] -- Found rmw_implementation_cmake: 3.3.1 (/opt/ros/galactic/share/rmw_implementation_cmake/cmake)
[0.721s] -- Found rmw_cyclonedds_cpp: 0.22.6 (/opt/ros/galactic/share/rmw_cyclonedds_cpp/cmake)
[0.735s] -- Using RMW implementation 'rmw_cyclonedds_cpp' as default
[0.845s] -- Found geometry_msgs: 2.2.4 (/opt/ros/galactic/share/geometry_msgs/cmake)
[0.870s] -- Found nav_msgs: 2.2.4 (/opt/ros/galactic/share/nav_msgs/cmake)
[0.921s] -- Found std_srvs: 2.2.4 (/opt/ros/galactic/share/std_srvs/cmake)
[0.928s] -- Found tf2: 0.17.5 (/opt/ros/galactic/share/tf2/cmake)
[0.935s] -- Found tf2_ros: 0.17.5 (/opt/ros/galactic/share/tf2_ros/cmake)
[1.177s] -- Found eufs_msgs: 0.0.0 (/home/gustavo/eufs_sim_teste/install/eufs_msgs/share/eufs_msgs/cmake)
[1.388s] -- Found eufs_models: 2.0.0 (/home/gustavo/eufs_sim_teste/install/eufs_models/share/eufs_models/cmake)
[1.403s] -- Found ackermann_msgs: 2.0.2 (/opt/ros/galactic/share/ackermann_msgs/cmake)
[1.431s] -- Found image_geometry: 3.1.3 (/opt/ros/galactic/share/image_geometry/cmake)
[1.441s] -- Found yaml_cpp_vendor: 7.1.1 (/opt/ros/galactic/share/yaml_cpp_vendor/cmake)
[1.585s] -- Configuring done
[1.658s] -- Generating done
[1.661s] -- Build files have been written to: /home/gustavo/eufs_sim_teste/build/eufs_plugins
[1.672s] Invoked command in '/home/gustavo/eufs_sim_teste/build/eufs_plugins' returned '0': CMAKE_PREFIX_PATH=/home/gustavo/eufs_sim_teste/install/eufs_models:/home/gustavo/eufs_sim_teste/install/eufs_msgs:/home/gustavo/eufs_sim_teste/install/eufs_sensors:/home/gustavo/eufs_sim_teste/install/eufs_plugins:/home/gustavo/eufs_sim_teste/install/eufs_launcher:/home/gustavo/eufs_sim_teste/install/eufs_tracks:/home/gustavo/eufs_sim_teste/install/eufs_rqt:/home/gustavo/eufs_sim_teste/install/eufs_racecar:/opt/ros/galactic LD_LIBRARY_PATH=/home/gustavo/eufs_sim_teste/install/eufs_msgs/lib:/home/gustavo/eufs_sim_teste/install/eufs_plugins/lib:/home/gustavo/eufs_sim_teste/install/eufs_models/lib:/usr/lib/x86_64-linux-gnu/gazebo-11/plugins:/opt/ros/galactic/opt/yaml_cpp_vendor/lib:/opt/ros/galactic/opt/rviz_ogre_vendor/lib:/opt/ros/galactic/lib/x86_64-linux-gnu:/opt/ros/galactic/lib PYTHONPATH=/home/gustavo/eufs_sim_teste/install/eufs_msgs/lib/python3.8/site-packages:/home/gustavo/eufs_sim_teste/build/eufs_launcher/src:/home/gustavo/eufs_sim_teste/build/eufs_tracks:/home/gustavo/eufs_sim_teste/build/eufs_rqt/src:/home/gustavo/eufs_sim_teste/build/eufs_racecar:/home/gustavo/eufs_sim_teste/install/eufs_launcher/lib/python3.8/site-packages:/home/gustavo/eufs_sim_teste/install/eufs_tracks/lib/python3.8/site-packages:/home/gustavo/eufs_sim_teste/install/eufs_rqt/lib/python3.8/site-packages:/home/gustavo/eufs_sim_teste/install/eufs_racecar/lib/python3.8/site-packages:/opt/ros/galactic/lib/python3.8/site-packages /usr/bin/cmake /home/gustavo/eufs_sim_teste/eufs_sim/eufs_plugins -DCMAKE_INSTALL_PREFIX=/home/gustavo/eufs_sim_teste/install/eufs_plugins
[1.674s] Invoking command in '/home/gustavo/eufs_sim_teste/build/eufs_plugins': CMAKE_PREFIX_PATH=/home/gustavo/eufs_sim_teste/install/eufs_models:/home/gustavo/eufs_sim_teste/install/eufs_msgs:/home/gustavo/eufs_sim_teste/install/eufs_sensors:/home/gustavo/eufs_sim_teste/install/eufs_plugins:/home/gustavo/eufs_sim_teste/install/eufs_launcher:/home/gustavo/eufs_sim_teste/install/eufs_tracks:/home/gustavo/eufs_sim_teste/install/eufs_rqt:/home/gustavo/eufs_sim_teste/install/eufs_racecar:/opt/ros/galactic LD_LIBRARY_PATH=/home/gustavo/eufs_sim_teste/install/eufs_msgs/lib:/home/gustavo/eufs_sim_teste/install/eufs_plugins/lib:/home/gustavo/eufs_sim_teste/install/eufs_models/lib:/usr/lib/x86_64-linux-gnu/gazebo-11/plugins:/opt/ros/galactic/opt/yaml_cpp_vendor/lib:/opt/ros/galactic/opt/rviz_ogre_vendor/lib:/opt/ros/galactic/lib/x86_64-linux-gnu:/opt/ros/galactic/lib PYTHONPATH=/home/gustavo/eufs_sim_teste/install/eufs_msgs/lib/python3.8/site-packages:/home/gustavo/eufs_sim_teste/build/eufs_launcher/src:/home/gustavo/eufs_sim_teste/build/eufs_tracks:/home/gustavo/eufs_sim_teste/build/eufs_rqt/src:/home/gustavo/eufs_sim_teste/build/eufs_racecar:/home/gustavo/eufs_sim_teste/install/eufs_launcher/lib/python3.8/site-packages:/home/gustavo/eufs_sim_teste/install/eufs_tracks/lib/python3.8/site-packages:/home/gustavo/eufs_sim_teste/install/eufs_rqt/lib/python3.8/site-packages:/home/gustavo/eufs_sim_teste/install/eufs_racecar/lib/python3.8/site-packages:/opt/ros/galactic/lib/python3.8/site-packages /usr/bin/cmake --build /home/gustavo/eufs_sim_teste/build/eufs_plugins -- -j8 -l8
[1.760s] [ 22%] Built target gazebo_camera_cones
[1.762s] [ 44%] Built target gazebo_ground_truth_cones
[1.766s] [ 77%] Built target gazebo_race_car_model
[1.770s] [100%] Built target gazebo_simulate_bounding_boxes
[1.796s] Invoked command in '/home/gustavo/eufs_sim_teste/build/eufs_plugins' returned '0': CMAKE_PREFIX_PATH=/home/gustavo/eufs_sim_teste/install/eufs_models:/home/gustavo/eufs_sim_teste/install/eufs_msgs:/home/gustavo/eufs_sim_teste/install/eufs_sensors:/home/gustavo/eufs_sim_teste/install/eufs_plugins:/home/gustavo/eufs_sim_teste/install/eufs_launcher:/home/gustavo/eufs_sim_teste/install/eufs_tracks:/home/gustavo/eufs_sim_teste/install/eufs_rqt:/home/gustavo/eufs_sim_teste/install/eufs_racecar:/opt/ros/galactic LD_LIBRARY_PATH=/home/gustavo/eufs_sim_teste/install/eufs_msgs/lib:/home/gustavo/eufs_sim_teste/install/eufs_plugins/lib:/home/gustavo/eufs_sim_teste/install/eufs_models/lib:/usr/lib/x86_64-linux-gnu/gazebo-11/plugins:/opt/ros/galactic/opt/yaml_cpp_vendor/lib:/opt/ros/galactic/opt/rviz_ogre_vendor/lib:/opt/ros/galactic/lib/x86_64-linux-gnu:/opt/ros/galactic/lib PYTHONPATH=/home/gustavo/eufs_sim_teste/install/eufs_msgs/lib/python3.8/site-packages:/home/gustavo/eufs_sim_teste/build/eufs_launcher/src:/home/gustavo/eufs_sim_teste/build/eufs_tracks:/home/gustavo/eufs_sim_teste/build/eufs_rqt/src:/home/gustavo/eufs_sim_teste/build/eufs_racecar:/home/gustavo/eufs_sim_teste/install/eufs_launcher/lib/python3.8/site-packages:/home/gustavo/eufs_sim_teste/install/eufs_tracks/lib/python3.8/site-packages:/home/gustavo/eufs_sim_teste/install/eufs_rqt/lib/python3.8/site-packages:/home/gustavo/eufs_sim_teste/install/eufs_racecar/lib/python3.8/site-packages:/opt/ros/galactic/lib/python3.8/site-packages /usr/bin/cmake --build /home/gustavo/eufs_sim_teste/build/eufs_plugins -- -j8 -l8
[1.818s] Invoking command in '/home/gustavo/eufs_sim_teste/build/eufs_plugins': CMAKE_PREFIX_PATH=/home/gustavo/eufs_sim_teste/install/eufs_models:/home/gustavo/eufs_sim_teste/install/eufs_msgs:/home/gustavo/eufs_sim_teste/install/eufs_sensors:/home/gustavo/eufs_sim_teste/install/eufs_plugins:/home/gustavo/eufs_sim_teste/install/eufs_launcher:/home/gustavo/eufs_sim_teste/install/eufs_tracks:/home/gustavo/eufs_sim_teste/install/eufs_rqt:/home/gustavo/eufs_sim_teste/install/eufs_racecar:/opt/ros/galactic LD_LIBRARY_PATH=/home/gustavo/eufs_sim_teste/install/eufs_msgs/lib:/home/gustavo/eufs_sim_teste/install/eufs_plugins/lib:/home/gustavo/eufs_sim_teste/install/eufs_models/lib:/usr/lib/x86_64-linux-gnu/gazebo-11/plugins:/opt/ros/galactic/opt/yaml_cpp_vendor/lib:/opt/ros/galactic/opt/rviz_ogre_vendor/lib:/opt/ros/galactic/lib/x86_64-linux-gnu:/opt/ros/galactic/lib PYTHONPATH=/home/gustavo/eufs_sim_teste/install/eufs_msgs/lib/python3.8/site-packages:/home/gustavo/eufs_sim_teste/build/eufs_launcher/src:/home/gustavo/eufs_sim_teste/build/eufs_tracks:/home/gustavo/eufs_sim_teste/build/eufs_rqt/src:/home/gustavo/eufs_sim_teste/build/eufs_racecar:/home/gustavo/eufs_sim_teste/install/eufs_launcher/lib/python3.8/site-packages:/home/gustavo/eufs_sim_teste/install/eufs_tracks/lib/python3.8/site-packages:/home/gustavo/eufs_sim_teste/install/eufs_rqt/lib/python3.8/site-packages:/home/gustavo/eufs_sim_teste/install/eufs_racecar/lib/python3.8/site-packages:/opt/ros/galactic/lib/python3.8/site-packages /usr/bin/cmake --install /home/gustavo/eufs_sim_teste/build/eufs_plugins
[1.829s] -- Install configuration: ""
[1.829s] -- Execute custom install script
[1.830s] -- Up-to-date symlink: /home/gustavo/eufs_sim_teste/install/eufs_plugins/share/eufs_plugins/urdf/eufs_plugins.gazebo.xacro
[1.832s] -- Up-to-date symlink: /home/gustavo/eufs_sim_teste/install/eufs_plugins/share/eufs_plugins/environment/library_path.sh
[1.832s] -- Up-to-date symlink: /home/gustavo/eufs_sim_teste/install/eufs_plugins/share/eufs_plugins/environment/library_path.dsv
[1.832s] -- Up-to-date symlink: /home/gustavo/eufs_sim_teste/install/eufs_plugins/lib/libgazebo_ground_truth_cones.so
[1.832s] -- Up-to-date symlink: /home/gustavo/eufs_sim_teste/install/eufs_plugins/lib/libgazebo_camera_cones.so
[1.832s] -- Up-to-date symlink: /home/gustavo/eufs_sim_teste/install/eufs_plugins/share/eufs_plugins/environment/library_path.sh
[1.832s] -- Up-to-date symlink: /home/gustavo/eufs_sim_teste/install/eufs_plugins/share/eufs_plugins/environment/library_path.dsv
[1.832s] -- Up-to-date symlink: /home/gustavo/eufs_sim_teste/install/eufs_plugins/lib/libgazebo_race_car_model.so
[1.832s] -- Up-to-date symlink: /home/gustavo/eufs_sim_teste/install/eufs_plugins/share/eufs_plugins/environment/library_path.sh
[1.832s] -- Up-to-date symlink: /home/gustavo/eufs_sim_teste/install/eufs_plugins/share/eufs_plugins/environment/library_path.dsv
[1.833s] -- Up-to-date symlink: /home/gustavo/eufs_sim_teste/install/eufs_plugins/lib/libgazebo_simulate_bounding_boxes.so
[1.833s] -- Up-to-date symlink: /home/gustavo/eufs_sim_teste/install/eufs_plugins/share/eufs_plugins/environment/library_path.sh
[1.833s] -- Up-to-date symlink: /home/gustavo/eufs_sim_teste/install/eufs_plugins/share/eufs_plugins/environment/library_path.dsv
[1.833s] -- Up-to-date symlink: /home/gustavo/eufs_sim_teste/install/eufs_plugins/share/ament_index/resource_index/package_run_dependencies/eufs_plugins
[1.834s] -- Up-to-date symlink: /home/gustavo/eufs_sim_teste/install/eufs_plugins/share/ament_index/resource_index/parent_prefix_path/eufs_plugins
[1.834s] -- Up-to-date symlink: /home/gustavo/eufs_sim_teste/install/eufs_plugins/share/eufs_plugins/environment/ament_prefix_path.sh
[1.834s] -- Up-to-date symlink: /home/gustavo/eufs_sim_teste/install/eufs_plugins/share/eufs_plugins/environment/ament_prefix_path.dsv
[1.834s] -- Up-to-date symlink: /home/gustavo/eufs_sim_teste/install/eufs_plugins/share/eufs_plugins/environment/path.sh
[1.835s] -- Up-to-date symlink: /home/gustavo/eufs_sim_teste/install/eufs_plugins/share/eufs_plugins/environment/path.dsv
[1.835s] -- Up-to-date symlink: /home/gustavo/eufs_sim_teste/install/eufs_plugins/share/eufs_plugins/local_setup.bash
[1.835s] -- Up-to-date symlink: /home/gustavo/eufs_sim_teste/install/eufs_plugins/share/eufs_plugins/local_setup.sh
[1.835s] -- Up-to-date symlink: /home/gustavo/eufs_sim_teste/install/eufs_plugins/share/eufs_plugins/local_setup.zsh
[1.835s] -- Up-to-date symlink: /home/gustavo/eufs_sim_teste/install/eufs_plugins/share/eufs_plugins/local_setup.dsv
[1.836s] -- Symlinking: /home/gustavo/eufs_sim_teste/install/eufs_plugins/share/eufs_plugins/package.dsv
[1.845s] -- Up-to-date symlink: /home/gustavo/eufs_sim_teste/install/eufs_plugins/share/ament_index/resource_index/packages/eufs_plugins
[1.845s] -- Up-to-date symlink: /home/gustavo/eufs_sim_teste/install/eufs_plugins/share/eufs_plugins/cmake/ament_cmake_export_libraries-extras.cmake
[1.845s] -- Up-to-date symlink: /home/gustavo/eufs_sim_teste/install/eufs_plugins/share/eufs_plugins/cmake/ament_cmake_export_include_directories-extras.cmake
[1.845s] -- Up-to-date symlink: /home/gustavo/eufs_sim_teste/install/eufs_plugins/share/eufs_plugins/cmake/ament_cmake_export_dependencies-extras.cmake
[1.845s] -- Up-to-date symlink: /home/gustavo/eufs_sim_teste/install/eufs_plugins/share/eufs_plugins/cmake/eufs_pluginsConfig.cmake
[1.845s] -- Up-to-date symlink: /home/gustavo/eufs_sim_teste/install/eufs_plugins/share/eufs_plugins/cmake/eufs_pluginsConfig-version.cmake
[1.846s] -- Up-to-date symlink: /home/gustavo/eufs_sim_teste/install/eufs_plugins/share/eufs_plugins/package.xml
[1.846s] -- Up-to-date: /home/gustavo/eufs_sim_teste/install/eufs_plugins/share/eufs_plugins/config
[1.846s] -- Up-to-date: /home/gustavo/eufs_sim_teste/install/eufs_plugins/share/eufs_plugins/config/cone_recolor.yaml
[1.846s] -- Up-to-date: /home/gustavo/eufs_sim_teste/install/eufs_plugins/share/eufs_plugins/config
[1.846s] -- Up-to-date: /home/gustavo/eufs_sim_teste/install/eufs_plugins/share/eufs_plugins/config/boundingBoxes.yaml
[1.853s] Invoked command in '/home/gustavo/eufs_sim_teste/build/eufs_plugins' returned '0': CMAKE_PREFIX_PATH=/home/gustavo/eufs_sim_teste/install/eufs_models:/home/gustavo/eufs_sim_teste/install/eufs_msgs:/home/gustavo/eufs_sim_teste/install/eufs_sensors:/home/gustavo/eufs_sim_teste/install/eufs_plugins:/home/gustavo/eufs_sim_teste/install/eufs_launcher:/home/gustavo/eufs_sim_teste/install/eufs_tracks:/home/gustavo/eufs_sim_teste/install/eufs_rqt:/home/gustavo/eufs_sim_teste/install/eufs_racecar:/opt/ros/galactic LD_LIBRARY_PATH=/home/gustavo/eufs_sim_teste/install/eufs_msgs/lib:/home/gustavo/eufs_sim_teste/install/eufs_plugins/lib:/home/gustavo/eufs_sim_teste/install/eufs_models/lib:/usr/lib/x86_64-linux-gnu/gazebo-11/plugins:/opt/ros/galactic/opt/yaml_cpp_vendor/lib:/opt/ros/galactic/opt/rviz_ogre_vendor/lib:/opt/ros/galactic/lib/x86_64-linux-gnu:/opt/ros/galactic/lib PYTHONPATH=/home/gustavo/eufs_sim_teste/install/eufs_msgs/lib/python3.8/site-packages:/home/gustavo/eufs_sim_teste/build/eufs_launcher/src:/home/gustavo/eufs_sim_teste/build/eufs_tracks:/home/gustavo/eufs_sim_teste/build/eufs_rqt/src:/home/gustavo/eufs_sim_teste/build/eufs_racecar:/home/gustavo/eufs_sim_teste/install/eufs_launcher/lib/python3.8/site-packages:/home/gustavo/eufs_sim_teste/install/eufs_tracks/lib/python3.8/site-packages:/home/gustavo/eufs_sim_teste/install/eufs_rqt/lib/python3.8/site-packages:/home/gustavo/eufs_sim_teste/install/eufs_racecar/lib/python3.8/site-packages:/opt/ros/galactic/lib/python3.8/site-packages /usr/bin/cmake --install /home/gustavo/eufs_sim_teste/build/eufs_plugins
