[0.596s] Invoking command in '/home/gustavo/eufs_sim_teste/eufs_sim/eufs_launcher': AMENT_PREFIX_PATH=/home/gustavo/eufs_sim_teste/install/eufs_tracks:${AMENT_PREFIX_PATH} PYTHONPATH=/home/gustavo/eufs_sim_teste/build/eufs_launcher/prefix_override:/home/gustavo/eufs_sim_teste/install/eufs_launcher/lib/python3.8/site-packages:/home/gustavo/eufs_sim_teste/install/eufs_tracks/lib/python3.8/site-packages:${PYTHONPATH} /usr/bin/python3 setup.py egg_info --egg-base ../../build/eufs_launcher build --build-base /home/gustavo/eufs_sim_teste/build/eufs_launcher/build install --record /home/gustavo/eufs_sim_teste/build/eufs_launcher/install.log --single-version-externally-managed
[0.779s] running egg_info
[0.779s] writing ../../build/eufs_launcher/eufs_launcher.egg-info/PKG-INFO
[0.779s] writing dependency_links to ../../build/eufs_launcher/eufs_launcher.egg-info/dependency_links.txt
[0.779s] writing requirements to ../../build/eufs_launcher/eufs_launcher.egg-info/requires.txt
[0.779s] writing top-level names to ../../build/eufs_launcher/eufs_launcher.egg-info/top_level.txt
[0.782s] reading manifest file '../../build/eufs_launcher/eufs_launcher.egg-info/SOURCES.txt'
[0.783s] writing manifest file '../../build/eufs_launcher/eufs_launcher.egg-info/SOURCES.txt'
[0.783s] running build
[0.783s] running build_py
[0.783s] running build_scripts
[0.783s] running install
[0.784s] running install_lib
[0.785s] running install_data
[0.786s] running install_egg_info
[0.788s] removing '/home/gustavo/eufs_sim_teste/install/eufs_launcher/lib/python3.8/site-packages/eufs_launcher-2.0.0-py3.8.egg-info' (and everything under it)
[0.788s] Copying ../../build/eufs_launcher/eufs_launcher.egg-info to /home/gustavo/eufs_sim_teste/install/eufs_launcher/lib/python3.8/site-packages/eufs_launcher-2.0.0-py3.8.egg-info
[0.788s] running install_scripts
[0.801s] changing mode of /home/gustavo/eufs_sim_teste/install/eufs_launcher/lib/eufs_launcher/eufs_launcher to 775
[0.802s] writing list of installed files to '/home/gustavo/eufs_sim_teste/build/eufs_launcher/install.log'
[0.824s] Invoked command in '/home/gustavo/eufs_sim_teste/eufs_sim/eufs_launcher' returned '0': AMENT_PREFIX_PATH=/home/gustavo/eufs_sim_teste/install/eufs_tracks:${AMENT_PREFIX_PATH} PYTHONPATH=/home/gustavo/eufs_sim_teste/build/eufs_launcher/prefix_override:/home/gustavo/eufs_sim_teste/install/eufs_launcher/lib/python3.8/site-packages:/home/gustavo/eufs_sim_teste/install/eufs_tracks/lib/python3.8/site-packages:${PYTHONPATH} /usr/bin/python3 setup.py egg_info --egg-base ../../build/eufs_launcher build --build-base /home/gustavo/eufs_sim_teste/build/eufs_launcher/build install --record /home/gustavo/eufs_sim_teste/build/eufs_launcher/install.log --single-version-externally-managed
