[1.004s] Invoking command in '/home/gustavo/eufs_sim_teste/eufs_sim/eufs_racecar': PYTHONPATH=/home/gustavo/eufs_sim_teste/build/eufs_racecar/prefix_override:/home/gustavo/eufs_sim_teste/install/eufs_racecar/lib/python3.8/site-packages:${PYTHONPATH} /usr/bin/python3 setup.py egg_info --egg-base ../../build/eufs_racecar build --build-base /home/gustavo/eufs_sim_teste/build/eufs_racecar/build install --record /home/gustavo/eufs_sim_teste/build/eufs_racecar/install.log --single-version-externally-managed
[1.300s] running egg_info
[1.301s] creating ../../build/eufs_racecar/eufs_racecar.egg-info
[1.302s] writing ../../build/eufs_racecar/eufs_racecar.egg-info/PKG-INFO
[1.303s] writing dependency_links to ../../build/eufs_racecar/eufs_racecar.egg-info/dependency_links.txt
[1.303s] writing requirements to ../../build/eufs_racecar/eufs_racecar.egg-info/requires.txt
[1.303s] writing top-level names to ../../build/eufs_racecar/eufs_racecar.egg-info/top_level.txt
[1.303s] writing manifest file '../../build/eufs_racecar/eufs_racecar.egg-info/SOURCES.txt'
[1.303s] reading manifest file '../../build/eufs_racecar/eufs_racecar.egg-info/SOURCES.txt'
[1.303s] writing manifest file '../../build/eufs_racecar/eufs_racecar.egg-info/SOURCES.txt'
[1.303s] running build
[1.303s] running install
[1.303s] running install_data
[1.303s] creating /home/gustavo/eufs_sim_teste/install/eufs_racecar/share/ament_index
[1.304s] creating /home/gustavo/eufs_sim_teste/install/eufs_racecar/share/ament_index/resource_index
[1.304s] creating /home/gustavo/eufs_sim_teste/install/eufs_racecar/share/ament_index/resource_index/packages
[1.304s] copying resource/eufs_racecar -> /home/gustavo/eufs_sim_teste/install/eufs_racecar/share/ament_index/resource_index/packages
[1.304s] copying package.xml -> /home/gustavo/eufs_sim_teste/install/eufs_racecar/share/eufs_racecar
[1.304s] creating /home/gustavo/eufs_sim_teste/install/eufs_racecar/share/eufs_racecar/meshes
[1.304s] copying meshes/ads_dv_chassis.dae -> /home/gustavo/eufs_sim_teste/install/eufs_racecar/share/eufs_racecar/meshes
[1.307s] copying meshes/ads_wheel_left.dae -> /home/gustavo/eufs_sim_teste/install/eufs_racecar/share/eufs_racecar/meshes
[1.311s] copying meshes/ads_wheel_right.dae -> /home/gustavo/eufs_sim_teste/install/eufs_racecar/share/eufs_racecar/meshes
[1.314s] copying meshes/sisu-20d.dae -> /home/gustavo/eufs_sim_teste/install/eufs_racecar/share/eufs_racecar/meshes
[1.328s] copying meshes/wheel_left.dae -> /home/gustavo/eufs_sim_teste/install/eufs_racecar/share/eufs_racecar/meshes
[1.329s] copying meshes/wheel_right.dae -> /home/gustavo/eufs_sim_teste/install/eufs_racecar/share/eufs_racecar/meshes
[1.330s] copying meshes/carro_enel.dae -> /home/gustavo/eufs_sim_teste/install/eufs_racecar/share/eufs_racecar/meshes
[1.334s] copying meshes/carro_enel_old0.dae -> /home/gustavo/eufs_sim_teste/install/eufs_racecar/share/eufs_racecar/meshes
[1.338s] copying meshes/carro_enel_padrao.dae -> /home/gustavo/eufs_sim_teste/install/eufs_racecar/share/eufs_racecar/meshes
[1.343s] creating /home/gustavo/eufs_sim_teste/install/eufs_racecar/share/eufs_racecar/urdf
[1.343s] copying urdf/eufs_base.urdf.xacro -> /home/gustavo/eufs_sim_teste/install/eufs_racecar/share/eufs_racecar/urdf
[1.343s] copying urdf/wheels.urdf.xacro -> /home/gustavo/eufs_sim_teste/install/eufs_racecar/share/eufs_racecar/urdf
[1.343s] copying urdf/carro_enel_base.urdf.xacro -> /home/gustavo/eufs_sim_teste/install/eufs_racecar/share/eufs_racecar/urdf
[1.343s] copying urdf/carro_enel_wheels.urdf.xacro -> /home/gustavo/eufs_sim_teste/install/eufs_racecar/share/eufs_racecar/urdf
[1.343s] creating /home/gustavo/eufs_sim_teste/install/eufs_racecar/share/eufs_racecar/launch
[1.343s] copying launch/load_car.launch.py -> /home/gustavo/eufs_sim_teste/install/eufs_racecar/share/eufs_racecar/launch
[1.343s] creating /home/gustavo/eufs_sim_teste/install/eufs_racecar/share/eufs_racecar/robots
[1.343s] creating /home/gustavo/eufs_sim_teste/install/eufs_racecar/share/eufs_racecar/robots/ads-dv
[1.343s] copying robots/ads-dv/ADS-DV Sensor Position.pdf -> /home/gustavo/eufs_sim_teste/install/eufs_racecar/share/eufs_racecar/robots/ads-dv
[1.346s] copying robots/ads-dv/configDry.yaml -> /home/gustavo/eufs_sim_teste/install/eufs_racecar/share/eufs_racecar/robots/ads-dv
[1.346s] copying robots/ads-dv/configWet.yaml -> /home/gustavo/eufs_sim_teste/install/eufs_racecar/share/eufs_racecar/robots/ads-dv
[1.346s] copying robots/ads-dv/robot.urdf.xacro -> /home/gustavo/eufs_sim_teste/install/eufs_racecar/share/eufs_racecar/robots/ads-dv
[1.346s] creating /home/gustavo/eufs_sim_teste/install/eufs_racecar/share/eufs_racecar/robots/eufs
[1.346s] copying robots/eufs/configDry.yaml -> /home/gustavo/eufs_sim_teste/install/eufs_racecar/share/eufs_racecar/robots/eufs
[1.346s] copying robots/eufs/configWet.yaml -> /home/gustavo/eufs_sim_teste/install/eufs_racecar/share/eufs_racecar/robots/eufs
[1.346s] copying robots/eufs/robot.urdf.xacro -> /home/gustavo/eufs_sim_teste/install/eufs_racecar/share/eufs_racecar/robots/eufs
[1.346s] creating /home/gustavo/eufs_sim_teste/install/eufs_racecar/share/eufs_racecar/robots/carro_enel
[1.346s] copying robots/carro_enel/configDry.yaml -> /home/gustavo/eufs_sim_teste/install/eufs_racecar/share/eufs_racecar/robots/carro_enel
[1.346s] copying robots/carro_enel/configWet.yaml -> /home/gustavo/eufs_sim_teste/install/eufs_racecar/share/eufs_racecar/robots/carro_enel
[1.346s] copying robots/carro_enel/robot.urdf.xacro -> /home/gustavo/eufs_sim_teste/install/eufs_racecar/share/eufs_racecar/robots/carro_enel
[1.346s] running install_egg_info
[1.348s] Copying ../../build/eufs_racecar/eufs_racecar.egg-info to /home/gustavo/eufs_sim_teste/install/eufs_racecar/lib/python3.8/site-packages/eufs_racecar-2.0.0-py3.8.egg-info
[1.348s] running install_scripts
[1.362s] writing list of installed files to '/home/gustavo/eufs_sim_teste/build/eufs_racecar/install.log'
[1.556s] Invoked command in '/home/gustavo/eufs_sim_teste/eufs_sim/eufs_racecar' returned '0': PYTHONPATH=/home/gustavo/eufs_sim_teste/build/eufs_racecar/prefix_override:/home/gustavo/eufs_sim_teste/install/eufs_racecar/lib/python3.8/site-packages:${PYTHONPATH} /usr/bin/python3 setup.py egg_info --egg-base ../../build/eufs_racecar build --build-base /home/gustavo/eufs_sim_teste/build/eufs_racecar/build install --record /home/gustavo/eufs_sim_teste/build/eufs_racecar/install.log --single-version-externally-managed
