[0.013s] Invoking command in '/home/gustavo/eufs_sim_teste/build/eufs_plugins': AMENT_PREFIX_PATH=/home/gustavo/eufs_sim_teste/install/eufs_models:/home/gustavo/eufs_sim_teste/install/eufs_msgs:${AMENT_PREFIX_PATH} CMAKE_PREFIX_PATH=/home/gustavo/eufs_sim_teste/install/eufs_models:/home/gustavo/eufs_sim_teste/install/eufs_msgs:/opt/ros/galactic LD_LIBRARY_PATH=/home/gustavo/eufs_sim_teste/install/eufs_models/lib:/home/gustavo/eufs_sim_teste/install/eufs_msgs/lib:${LD_LIBRARY_PATH} PYTHONPATH=/home/gustavo/eufs_sim_teste/install/eufs_msgs/lib/python3.8/site-packages:${PYTHONPATH} /usr/bin/cmake --build /home/gustavo/eufs_sim_teste/build/eufs_plugins -- -j8 -l8
[1.454s] [ 44%] Built target gazebo_ground_truth_cones
[1.454s] [ 44%] Built target gazebo_camera_cones
[1.456s] [ 77%] Built target gazebo_race_car_model
[1.554s] [100%] Built target gazebo_simulate_bounding_boxes
[1.562s] Invoked command in '/home/gustavo/eufs_sim_teste/build/eufs_plugins' returned '0': AMENT_PREFIX_PATH=/home/gustavo/eufs_sim_teste/install/eufs_models:/home/gustavo/eufs_sim_teste/install/eufs_msgs:${AMENT_PREFIX_PATH} CMAKE_PREFIX_PATH=/home/gustavo/eufs_sim_teste/install/eufs_models:/home/gustavo/eufs_sim_teste/install/eufs_msgs:/opt/ros/galactic LD_LIBRARY_PATH=/home/gustavo/eufs_sim_teste/install/eufs_models/lib:/home/gustavo/eufs_sim_teste/install/eufs_msgs/lib:${LD_LIBRARY_PATH} PYTHONPATH=/home/gustavo/eufs_sim_teste/install/eufs_msgs/lib/python3.8/site-packages:${PYTHONPATH} /usr/bin/cmake --build /home/gustavo/eufs_sim_teste/build/eufs_plugins -- -j8 -l8
[1.583s] Invoking command in '/home/gustavo/eufs_sim_teste/build/eufs_plugins': AMENT_PREFIX_PATH=/home/gustavo/eufs_sim_teste/install/eufs_models:/home/gustavo/eufs_sim_teste/install/eufs_msgs:${AMENT_PREFIX_PATH} CMAKE_PREFIX_PATH=/home/gustavo/eufs_sim_teste/install/eufs_models:/home/gustavo/eufs_sim_teste/install/eufs_msgs:/opt/ros/galactic LD_LIBRARY_PATH=/home/gustavo/eufs_sim_teste/install/eufs_models/lib:/home/gustavo/eufs_sim_teste/install/eufs_msgs/lib:${LD_LIBRARY_PATH} PYTHONPATH=/home/gustavo/eufs_sim_teste/install/eufs_msgs/lib/python3.8/site-packages:${PYTHONPATH} /usr/bin/cmake --install /home/gustavo/eufs_sim_teste/build/eufs_plugins
[1.591s] -- Install configuration: ""
[1.591s] -- Up-to-date: /home/gustavo/eufs_sim_teste/install/eufs_plugins/share/eufs_plugins/urdf
[1.591s] -- Up-to-date: /home/gustavo/eufs_sim_teste/install/eufs_plugins/share/eufs_plugins/urdf/eufs_plugins.gazebo.xacro
[1.591s] -- Up-to-date: /home/gustavo/eufs_sim_teste/install/eufs_plugins/share/eufs_plugins/environment/library_path.sh
[1.591s] -- Up-to-date: /home/gustavo/eufs_sim_teste/install/eufs_plugins/share/eufs_plugins/environment/library_path.dsv
[1.591s] -- Up-to-date: /home/gustavo/eufs_sim_teste/install/eufs_plugins/share/ament_index/resource_index/package_run_dependencies/eufs_plugins
[1.591s] -- Up-to-date: /home/gustavo/eufs_sim_teste/install/eufs_plugins/share/ament_index/resource_index/parent_prefix_path/eufs_plugins
[1.591s] -- Up-to-date: /home/gustavo/eufs_sim_teste/install/eufs_plugins/share/eufs_plugins/environment/ament_prefix_path.sh
[1.591s] -- Up-to-date: /home/gustavo/eufs_sim_teste/install/eufs_plugins/share/eufs_plugins/environment/ament_prefix_path.dsv
[1.591s] -- Up-to-date: /home/gustavo/eufs_sim_teste/install/eufs_plugins/share/eufs_plugins/environment/path.sh
[1.591s] -- Up-to-date: /home/gustavo/eufs_sim_teste/install/eufs_plugins/share/eufs_plugins/environment/path.dsv
[1.591s] -- Up-to-date: /home/gustavo/eufs_sim_teste/install/eufs_plugins/share/eufs_plugins/local_setup.bash
[1.591s] -- Up-to-date: /home/gustavo/eufs_sim_teste/install/eufs_plugins/share/eufs_plugins/local_setup.sh
[1.591s] -- Up-to-date: /home/gustavo/eufs_sim_teste/install/eufs_plugins/share/eufs_plugins/local_setup.zsh
[1.591s] -- Up-to-date: /home/gustavo/eufs_sim_teste/install/eufs_plugins/share/eufs_plugins/local_setup.dsv
[1.591s] -- Installing: /home/gustavo/eufs_sim_teste/install/eufs_plugins/share/eufs_plugins/package.dsv
[1.591s] -- Up-to-date: /home/gustavo/eufs_sim_teste/install/eufs_plugins/share/ament_index/resource_index/packages/eufs_plugins
[1.591s] -- Up-to-date: /home/gustavo/eufs_sim_teste/install/eufs_plugins/share/eufs_plugins/cmake/ament_cmake_export_libraries-extras.cmake
[1.591s] -- Up-to-date: /home/gustavo/eufs_sim_teste/install/eufs_plugins/share/eufs_plugins/cmake/ament_cmake_export_include_directories-extras.cmake
[1.592s] -- Up-to-date: /home/gustavo/eufs_sim_teste/install/eufs_plugins/share/eufs_plugins/cmake/ament_cmake_export_dependencies-extras.cmake
[1.592s] -- Up-to-date: /home/gustavo/eufs_sim_teste/install/eufs_plugins/share/eufs_plugins/cmake/eufs_pluginsConfig.cmake
[1.592s] -- Up-to-date: /home/gustavo/eufs_sim_teste/install/eufs_plugins/share/eufs_plugins/cmake/eufs_pluginsConfig-version.cmake
[1.592s] -- Up-to-date: /home/gustavo/eufs_sim_teste/install/eufs_plugins/share/eufs_plugins/package.xml
[1.592s] -- Up-to-date: /home/gustavo/eufs_sim_teste/install/eufs_plugins/share/eufs_plugins/config
[1.592s] -- Up-to-date: /home/gustavo/eufs_sim_teste/install/eufs_plugins/share/eufs_plugins/config/cone_recolor.yaml
[1.592s] -- Up-to-date: /home/gustavo/eufs_sim_teste/install/eufs_plugins/share/eufs_plugins/environment/library_path.sh
[1.592s] -- Up-to-date: /home/gustavo/eufs_sim_teste/install/eufs_plugins/share/eufs_plugins/environment/library_path.dsv
[1.604s] -- Up-to-date: /home/gustavo/eufs_sim_teste/install/eufs_plugins/lib/libgazebo_ground_truth_cones.so
[1.606s] -- Up-to-date: /home/gustavo/eufs_sim_teste/install/eufs_plugins/lib/libgazebo_camera_cones.so
[1.606s] -- Up-to-date: /home/gustavo/eufs_sim_teste/install/eufs_plugins/share/eufs_plugins/environment/library_path.sh
[1.606s] -- Up-to-date: /home/gustavo/eufs_sim_teste/install/eufs_plugins/share/eufs_plugins/environment/library_path.dsv
[1.616s] -- Up-to-date: /home/gustavo/eufs_sim_teste/install/eufs_plugins/lib/libgazebo_race_car_model.so
[1.617s] -- Up-to-date: /home/gustavo/eufs_sim_teste/install/eufs_plugins/share/eufs_plugins/environment/library_path.sh
[1.617s] -- Up-to-date: /home/gustavo/eufs_sim_teste/install/eufs_plugins/share/eufs_plugins/environment/library_path.dsv
[1.617s] -- Up-to-date: /home/gustavo/eufs_sim_teste/install/eufs_plugins/share/eufs_plugins/config
[1.617s] -- Up-to-date: /home/gustavo/eufs_sim_teste/install/eufs_plugins/share/eufs_plugins/config/boundingBoxes.yaml
[1.623s] -- Up-to-date: /home/gustavo/eufs_sim_teste/install/eufs_plugins/lib/libgazebo_simulate_bounding_boxes.so
[1.631s] Invoked command in '/home/gustavo/eufs_sim_teste/build/eufs_plugins' returned '0': AMENT_PREFIX_PATH=/home/gustavo/eufs_sim_teste/install/eufs_models:/home/gustavo/eufs_sim_teste/install/eufs_msgs:${AMENT_PREFIX_PATH} CMAKE_PREFIX_PATH=/home/gustavo/eufs_sim_teste/install/eufs_models:/home/gustavo/eufs_sim_teste/install/eufs_msgs:/opt/ros/galactic LD_LIBRARY_PATH=/home/gustavo/eufs_sim_teste/install/eufs_models/lib:/home/gustavo/eufs_sim_teste/install/eufs_msgs/lib:${LD_LIBRARY_PATH} PYTHONPATH=/home/gustavo/eufs_sim_teste/install/eufs_msgs/lib/python3.8/site-packages:${PYTHONPATH} /usr/bin/cmake --install /home/gustavo/eufs_sim_teste/build/eufs_plugins
