[0.281s] DEBUG:colcon:Command line arguments: ['/usr/bin/colcon', 'build', '--symlink-install']
[0.281s] DEBUG:colcon:Parsed command line arguments: Namespace(allow_overriding=[], ament_cmake_args=None, base_paths=['.'], build_base='build', catkin_cmake_args=None, catkin_skip_building_tests=False, cmake_args=None, cmake_clean_cache=False, cmake_clean_first=False, cmake_force_configure=False, cmake_target=None, cmake_target_skip_unavailable=False, continue_on_error=False, event_handlers=None, executor='parallel', ignore_user_meta=False, install_base='install', log_base=None, log_level=None, main=<bound method BuildVerb.main of <colcon_core.verb.build.BuildVerb object at 0x7f4c5f3e90a0>>, merge_install=False, metas=['./colcon.meta'], packages_above=None, packages_above_and_dependencies=None, packages_above_depth=None, packages_end=None, packages_ignore=None, packages_ignore_regex=None, packages_select=None, packages_select_build_failed=False, packages_select_by_dep=None, packages_select_regex=None, packages_select_test_failures=False, packages_skip=None, packages_skip_build_finished=False, packages_skip_by_dep=None, packages_skip_regex=None, packages_skip_test_passed=False, packages_skip_up_to=None, packages_start=None, packages_up_to=None, packages_up_to_regex=None, parallel_workers=8, paths=None, symlink_install=True, test_result_base=None, verb_extension=<colcon_core.verb.build.BuildVerb object at 0x7f4c5f3e90a0>, verb_name='build', verb_parser=<colcon_defaults.argument_parser.defaults.DefaultArgumentsDecorator object at 0x7f4c5f3e95e0>)
[0.301s] Level 1:colcon.colcon_core.package_discovery:discover_packages(colcon_meta) check parameters
[0.301s] Level 1:colcon.colcon_core.package_discovery:discover_packages(recursive) check parameters
[0.301s] Level 1:colcon.colcon_core.package_discovery:discover_packages(ignore) check parameters
[0.301s] Level 1:colcon.colcon_core.package_discovery:discover_packages(path) check parameters
[0.301s] Level 1:colcon.colcon_core.package_discovery:discover_packages(colcon_meta) discover
[0.301s] Level 1:colcon.colcon_core.package_discovery:discover_packages(recursive) discover
[0.301s] INFO:colcon.colcon_core.package_discovery:Crawling recursively for packages in '/home/gustavo/eufs_sim_teste'
[0.301s] Level 1:colcon.colcon_core.package_identification:_identify(.) by extensions ['ignore', 'ignore_ament_install']
[0.301s] Level 1:colcon.colcon_core.package_identification:_identify(.) by extension 'ignore'
[0.301s] Level 1:colcon.colcon_core.package_identification:_identify(.) by extension 'ignore_ament_install'
[0.301s] Level 1:colcon.colcon_core.package_identification:_identify(.) by extensions ['colcon_pkg']
[0.301s] Level 1:colcon.colcon_core.package_identification:_identify(.) by extension 'colcon_pkg'
[0.301s] Level 1:colcon.colcon_core.package_identification:_identify(.) by extensions ['colcon_meta']
[0.301s] Level 1:colcon.colcon_core.package_identification:_identify(.) by extension 'colcon_meta'
[0.301s] Level 1:colcon.colcon_core.package_identification:_identify(.) by extensions ['ros']
[0.301s] Level 1:colcon.colcon_core.package_identification:_identify(.) by extension 'ros'
[0.311s] Level 1:colcon.colcon_core.package_identification:_identify(.) by extensions ['cmake', 'python']
[0.311s] Level 1:colcon.colcon_core.package_identification:_identify(.) by extension 'cmake'
[0.311s] Level 1:colcon.colcon_core.package_identification:_identify(.) by extension 'python'
[0.311s] Level 1:colcon.colcon_core.package_identification:_identify(.) by extensions ['python_setup_py']
[0.311s] Level 1:colcon.colcon_core.package_identification:_identify(.) by extension 'python_setup_py'
[0.311s] Level 1:colcon.colcon_core.package_identification:_identify(build) by extensions ['ignore', 'ignore_ament_install']
[0.311s] Level 1:colcon.colcon_core.package_identification:_identify(build) by extension 'ignore'
[0.311s] Level 1:colcon.colcon_core.package_identification:_identify(build) ignored
[0.311s] Level 1:colcon.colcon_core.package_identification:_identify(eufs_msgs) by extensions ['ignore', 'ignore_ament_install']
[0.311s] Level 1:colcon.colcon_core.package_identification:_identify(eufs_msgs) by extension 'ignore'
[0.311s] Level 1:colcon.colcon_core.package_identification:_identify(eufs_msgs) by extension 'ignore_ament_install'
[0.311s] Level 1:colcon.colcon_core.package_identification:_identify(eufs_msgs) by extensions ['colcon_pkg']
[0.311s] Level 1:colcon.colcon_core.package_identification:_identify(eufs_msgs) by extension 'colcon_pkg'
[0.311s] Level 1:colcon.colcon_core.package_identification:_identify(eufs_msgs) by extensions ['colcon_meta']
[0.311s] Level 1:colcon.colcon_core.package_identification:_identify(eufs_msgs) by extension 'colcon_meta'
[0.311s] Level 1:colcon.colcon_core.package_identification:_identify(eufs_msgs) by extensions ['ros']
[0.311s] Level 1:colcon.colcon_core.package_identification:_identify(eufs_msgs) by extension 'ros'
[0.313s] DEBUG:colcon.colcon_core.package_identification:Package 'eufs_msgs' with type 'ros.ament_cmake' and name 'eufs_msgs'
[0.313s] Level 1:colcon.colcon_core.package_identification:_identify(eufs_sim) by extensions ['ignore', 'ignore_ament_install']
[0.314s] Level 1:colcon.colcon_core.package_identification:_identify(eufs_sim) by extension 'ignore'
[0.314s] Level 1:colcon.colcon_core.package_identification:_identify(eufs_sim) by extension 'ignore_ament_install'
[0.314s] Level 1:colcon.colcon_core.package_identification:_identify(eufs_sim) by extensions ['colcon_pkg']
[0.314s] Level 1:colcon.colcon_core.package_identification:_identify(eufs_sim) by extension 'colcon_pkg'
[0.314s] Level 1:colcon.colcon_core.package_identification:_identify(eufs_sim) by extensions ['colcon_meta']
[0.314s] Level 1:colcon.colcon_core.package_identification:_identify(eufs_sim) by extension 'colcon_meta'
[0.314s] Level 1:colcon.colcon_core.package_identification:_identify(eufs_sim) by extensions ['ros']
[0.314s] Level 1:colcon.colcon_core.package_identification:_identify(eufs_sim) by extension 'ros'
[0.314s] Level 1:colcon.colcon_core.package_identification:_identify(eufs_sim) by extensions ['cmake', 'python']
[0.314s] Level 1:colcon.colcon_core.package_identification:_identify(eufs_sim) by extension 'cmake'
[0.314s] Level 1:colcon.colcon_core.package_identification:_identify(eufs_sim) by extension 'python'
[0.314s] Level 1:colcon.colcon_core.package_identification:_identify(eufs_sim) by extensions ['python_setup_py']
[0.314s] Level 1:colcon.colcon_core.package_identification:_identify(eufs_sim) by extension 'python_setup_py'
[0.314s] Level 1:colcon.colcon_core.package_identification:_identify(eufs_sim/build) by extensions ['ignore', 'ignore_ament_install']
[0.314s] Level 1:colcon.colcon_core.package_identification:_identify(eufs_sim/build) by extension 'ignore'
[0.314s] Level 1:colcon.colcon_core.package_identification:_identify(eufs_sim/build) ignored
[0.314s] Level 1:colcon.colcon_core.package_identification:_identify(eufs_sim/eufs_launcher) by extensions ['ignore', 'ignore_ament_install']
[0.314s] Level 1:colcon.colcon_core.package_identification:_identify(eufs_sim/eufs_launcher) by extension 'ignore'
[0.314s] Level 1:colcon.colcon_core.package_identification:_identify(eufs_sim/eufs_launcher) by extension 'ignore_ament_install'
[0.314s] Level 1:colcon.colcon_core.package_identification:_identify(eufs_sim/eufs_launcher) by extensions ['colcon_pkg']
[0.314s] Level 1:colcon.colcon_core.package_identification:_identify(eufs_sim/eufs_launcher) by extension 'colcon_pkg'
[0.314s] Level 1:colcon.colcon_core.package_identification:_identify(eufs_sim/eufs_launcher) by extensions ['colcon_meta']
[0.314s] Level 1:colcon.colcon_core.package_identification:_identify(eufs_sim/eufs_launcher) by extension 'colcon_meta'
[0.314s] Level 1:colcon.colcon_core.package_identification:_identify(eufs_sim/eufs_launcher) by extensions ['ros']
[0.314s] Level 1:colcon.colcon_core.package_identification:_identify(eufs_sim/eufs_launcher) by extension 'ros'
[0.315s] DEBUG:colcon.colcon_core.package_identification:Package 'eufs_sim/eufs_launcher' with type 'ros.ament_python' and name 'eufs_launcher'
[0.315s] Level 1:colcon.colcon_core.package_identification:_identify(eufs_sim/eufs_models) by extensions ['ignore', 'ignore_ament_install']
[0.315s] Level 1:colcon.colcon_core.package_identification:_identify(eufs_sim/eufs_models) by extension 'ignore'
[0.315s] Level 1:colcon.colcon_core.package_identification:_identify(eufs_sim/eufs_models) by extension 'ignore_ament_install'
[0.315s] Level 1:colcon.colcon_core.package_identification:_identify(eufs_sim/eufs_models) by extensions ['colcon_pkg']
[0.315s] Level 1:colcon.colcon_core.package_identification:_identify(eufs_sim/eufs_models) by extension 'colcon_pkg'
[0.315s] Level 1:colcon.colcon_core.package_identification:_identify(eufs_sim/eufs_models) by extensions ['colcon_meta']
[0.315s] Level 1:colcon.colcon_core.package_identification:_identify(eufs_sim/eufs_models) by extension 'colcon_meta'
[0.315s] Level 1:colcon.colcon_core.package_identification:_identify(eufs_sim/eufs_models) by extensions ['ros']
[0.315s] Level 1:colcon.colcon_core.package_identification:_identify(eufs_sim/eufs_models) by extension 'ros'
[0.316s] DEBUG:colcon.colcon_core.package_identification:Package 'eufs_sim/eufs_models' with type 'ros.ament_cmake' and name 'eufs_models'
[0.316s] Level 1:colcon.colcon_core.package_identification:_identify(eufs_sim/eufs_plugins) by extensions ['ignore', 'ignore_ament_install']
[0.316s] Level 1:colcon.colcon_core.package_identification:_identify(eufs_sim/eufs_plugins) by extension 'ignore'
[0.316s] Level 1:colcon.colcon_core.package_identification:_identify(eufs_sim/eufs_plugins) by extension 'ignore_ament_install'
[0.316s] Level 1:colcon.colcon_core.package_identification:_identify(eufs_sim/eufs_plugins) by extensions ['colcon_pkg']
[0.316s] Level 1:colcon.colcon_core.package_identification:_identify(eufs_sim/eufs_plugins) by extension 'colcon_pkg'
[0.316s] Level 1:colcon.colcon_core.package_identification:_identify(eufs_sim/eufs_plugins) by extensions ['colcon_meta']
[0.316s] Level 1:colcon.colcon_core.package_identification:_identify(eufs_sim/eufs_plugins) by extension 'colcon_meta'
[0.316s] Level 1:colcon.colcon_core.package_identification:_identify(eufs_sim/eufs_plugins) by extensions ['ros']
[0.316s] Level 1:colcon.colcon_core.package_identification:_identify(eufs_sim/eufs_plugins) by extension 'ros'
[0.317s] DEBUG:colcon.colcon_core.package_identification:Package 'eufs_sim/eufs_plugins' with type 'ros.ament_cmake' and name 'eufs_plugins'
[0.317s] Level 1:colcon.colcon_core.package_identification:_identify(eufs_sim/eufs_racecar) by extensions ['ignore', 'ignore_ament_install']
[0.317s] Level 1:colcon.colcon_core.package_identification:_identify(eufs_sim/eufs_racecar) by extension 'ignore'
[0.317s] Level 1:colcon.colcon_core.package_identification:_identify(eufs_sim/eufs_racecar) by extension 'ignore_ament_install'
[0.317s] Level 1:colcon.colcon_core.package_identification:_identify(eufs_sim/eufs_racecar) by extensions ['colcon_pkg']
[0.317s] Level 1:colcon.colcon_core.package_identification:_identify(eufs_sim/eufs_racecar) by extension 'colcon_pkg'
[0.317s] Level 1:colcon.colcon_core.package_identification:_identify(eufs_sim/eufs_racecar) by extensions ['colcon_meta']
[0.317s] Level 1:colcon.colcon_core.package_identification:_identify(eufs_sim/eufs_racecar) by extension 'colcon_meta'
[0.317s] Level 1:colcon.colcon_core.package_identification:_identify(eufs_sim/eufs_racecar) by extensions ['ros']
[0.318s] Level 1:colcon.colcon_core.package_identification:_identify(eufs_sim/eufs_racecar) by extension 'ros'
[0.318s] DEBUG:colcon.colcon_core.package_identification:Package 'eufs_sim/eufs_racecar' with type 'ros.ament_python' and name 'eufs_racecar'
[0.318s] Level 1:colcon.colcon_core.package_identification:_identify(eufs_sim/eufs_rqt) by extensions ['ignore', 'ignore_ament_install']
[0.318s] Level 1:colcon.colcon_core.package_identification:_identify(eufs_sim/eufs_rqt) by extension 'ignore'
[0.318s] Level 1:colcon.colcon_core.package_identification:_identify(eufs_sim/eufs_rqt) by extension 'ignore_ament_install'
[0.318s] Level 1:colcon.colcon_core.package_identification:_identify(eufs_sim/eufs_rqt) by extensions ['colcon_pkg']
[0.318s] Level 1:colcon.colcon_core.package_identification:_identify(eufs_sim/eufs_rqt) by extension 'colcon_pkg'
[0.319s] Level 1:colcon.colcon_core.package_identification:_identify(eufs_sim/eufs_rqt) by extensions ['colcon_meta']
[0.319s] Level 1:colcon.colcon_core.package_identification:_identify(eufs_sim/eufs_rqt) by extension 'colcon_meta'
[0.319s] Level 1:colcon.colcon_core.package_identification:_identify(eufs_sim/eufs_rqt) by extensions ['ros']
[0.319s] Level 1:colcon.colcon_core.package_identification:_identify(eufs_sim/eufs_rqt) by extension 'ros'
[0.319s] DEBUG:colcon.colcon_core.package_identification:Package 'eufs_sim/eufs_rqt' with type 'ros.ament_python' and name 'eufs_rqt'
[0.319s] Level 1:colcon.colcon_core.package_identification:_identify(eufs_sim/eufs_sensors) by extensions ['ignore', 'ignore_ament_install']
[0.319s] Level 1:colcon.colcon_core.package_identification:_identify(eufs_sim/eufs_sensors) by extension 'ignore'
[0.319s] Level 1:colcon.colcon_core.package_identification:_identify(eufs_sim/eufs_sensors) by extension 'ignore_ament_install'
[0.319s] Level 1:colcon.colcon_core.package_identification:_identify(eufs_sim/eufs_sensors) by extensions ['colcon_pkg']
[0.319s] Level 1:colcon.colcon_core.package_identification:_identify(eufs_sim/eufs_sensors) by extension 'colcon_pkg'
[0.319s] Level 1:colcon.colcon_core.package_identification:_identify(eufs_sim/eufs_sensors) by extensions ['colcon_meta']
[0.319s] Level 1:colcon.colcon_core.package_identification:_identify(eufs_sim/eufs_sensors) by extension 'colcon_meta'
[0.319s] Level 1:colcon.colcon_core.package_identification:_identify(eufs_sim/eufs_sensors) by extensions ['ros']
[0.320s] Level 1:colcon.colcon_core.package_identification:_identify(eufs_sim/eufs_sensors) by extension 'ros'
[0.320s] DEBUG:colcon.colcon_core.package_identification:Package 'eufs_sim/eufs_sensors' with type 'ros.ament_cmake' and name 'eufs_sensors'
[0.320s] Level 1:colcon.colcon_core.package_identification:_identify(eufs_sim/eufs_tracks) by extensions ['ignore', 'ignore_ament_install']
[0.320s] Level 1:colcon.colcon_core.package_identification:_identify(eufs_sim/eufs_tracks) by extension 'ignore'
[0.320s] Level 1:colcon.colcon_core.package_identification:_identify(eufs_sim/eufs_tracks) by extension 'ignore_ament_install'
[0.320s] Level 1:colcon.colcon_core.package_identification:_identify(eufs_sim/eufs_tracks) by extensions ['colcon_pkg']
[0.320s] Level 1:colcon.colcon_core.package_identification:_identify(eufs_sim/eufs_tracks) by extension 'colcon_pkg'
[0.320s] Level 1:colcon.colcon_core.package_identification:_identify(eufs_sim/eufs_tracks) by extensions ['colcon_meta']
[0.320s] Level 1:colcon.colcon_core.package_identification:_identify(eufs_sim/eufs_tracks) by extension 'colcon_meta'
[0.320s] Level 1:colcon.colcon_core.package_identification:_identify(eufs_sim/eufs_tracks) by extensions ['ros']
[0.320s] Level 1:colcon.colcon_core.package_identification:_identify(eufs_sim/eufs_tracks) by extension 'ros'
[0.321s] DEBUG:colcon.colcon_core.package_identification:Package 'eufs_sim/eufs_tracks' with type 'ros.ament_python' and name 'eufs_tracks'
[0.321s] Level 1:colcon.colcon_core.package_identification:_identify(eufs_sim/install) by extensions ['ignore', 'ignore_ament_install']
[0.321s] Level 1:colcon.colcon_core.package_identification:_identify(eufs_sim/install) by extension 'ignore'
[0.322s] Level 1:colcon.colcon_core.package_identification:_identify(eufs_sim/install) ignored
[0.322s] Level 1:colcon.colcon_core.package_identification:_identify(eufs_sim/log) by extensions ['ignore', 'ignore_ament_install']
[0.322s] Level 1:colcon.colcon_core.package_identification:_identify(eufs_sim/log) by extension 'ignore'
[0.322s] Level 1:colcon.colcon_core.package_identification:_identify(eufs_sim/log) ignored
[0.322s] Level 1:colcon.colcon_core.package_identification:_identify(install) by extensions ['ignore', 'ignore_ament_install']
[0.322s] Level 1:colcon.colcon_core.package_identification:_identify(install) by extension 'ignore'
[0.322s] Level 1:colcon.colcon_core.package_identification:_identify(install) ignored
[0.322s] Level 1:colcon.colcon_core.package_identification:_identify(log) by extensions ['ignore', 'ignore_ament_install']
[0.322s] Level 1:colcon.colcon_core.package_identification:_identify(log) by extension 'ignore'
[0.322s] Level 1:colcon.colcon_core.package_identification:_identify(log) ignored
[0.322s] Level 1:colcon.colcon_core.package_discovery:discover_packages(recursive) using defaults
[0.322s] Level 1:colcon.colcon_core.package_discovery:discover_packages(ignore) discover
[0.322s] Level 1:colcon.colcon_core.package_discovery:discover_packages(ignore) using defaults
[0.322s] Level 1:colcon.colcon_core.package_discovery:discover_packages(path) discover
[0.322s] Level 1:colcon.colcon_core.package_discovery:discover_packages(path) using defaults
[0.345s] Level 1:colcon.colcon_core.package_discovery:discover_packages(prefix_path) check parameters
[0.345s] Level 1:colcon.colcon_core.package_discovery:discover_packages(prefix_path) discover
[0.348s] DEBUG:colcon.colcon_installed_package_information.package_discovery:Found 277 installed packages in /opt/ros/galactic
[0.349s] Level 1:colcon.colcon_core.package_discovery:discover_packages(prefix_path) using defaults
[0.402s] Level 5:colcon.colcon_core.verb:set package 'eufs_msgs' build argument 'cmake_args' from command line to 'None'
[0.402s] Level 5:colcon.colcon_core.verb:set package 'eufs_msgs' build argument 'cmake_target' from command line to 'None'
[0.402s] Level 5:colcon.colcon_core.verb:set package 'eufs_msgs' build argument 'cmake_target_skip_unavailable' from command line to 'False'
[0.402s] Level 5:colcon.colcon_core.verb:set package 'eufs_msgs' build argument 'cmake_clean_cache' from command line to 'False'
[0.402s] Level 5:colcon.colcon_core.verb:set package 'eufs_msgs' build argument 'cmake_clean_first' from command line to 'False'
[0.402s] Level 5:colcon.colcon_core.verb:set package 'eufs_msgs' build argument 'cmake_force_configure' from command line to 'False'
[0.402s] Level 5:colcon.colcon_core.verb:set package 'eufs_msgs' build argument 'ament_cmake_args' from command line to 'None'
[0.402s] Level 5:colcon.colcon_core.verb:set package 'eufs_msgs' build argument 'catkin_cmake_args' from command line to 'None'
[0.402s] Level 5:colcon.colcon_core.verb:set package 'eufs_msgs' build argument 'catkin_skip_building_tests' from command line to 'False'
[0.402s] DEBUG:colcon.colcon_core.verb:Building package 'eufs_msgs' with the following arguments: {'ament_cmake_args': None, 'build_base': '/home/gustavo/eufs_sim_teste/build/eufs_msgs', 'catkin_cmake_args': None, 'catkin_skip_building_tests': False, 'cmake_args': None, 'cmake_clean_cache': False, 'cmake_clean_first': False, 'cmake_force_configure': False, 'cmake_target': None, 'cmake_target_skip_unavailable': False, 'install_base': '/home/gustavo/eufs_sim_teste/install/eufs_msgs', 'merge_install': False, 'path': '/home/gustavo/eufs_sim_teste/eufs_msgs', 'symlink_install': True, 'test_result_base': None}
[0.404s] Level 5:colcon.colcon_core.verb:set package 'eufs_racecar' build argument 'cmake_args' from command line to 'None'
[0.404s] Level 5:colcon.colcon_core.verb:set package 'eufs_racecar' build argument 'cmake_target' from command line to 'None'
[0.404s] Level 5:colcon.colcon_core.verb:set package 'eufs_racecar' build argument 'cmake_target_skip_unavailable' from command line to 'False'
[0.404s] Level 5:colcon.colcon_core.verb:set package 'eufs_racecar' build argument 'cmake_clean_cache' from command line to 'False'
[0.404s] Level 5:colcon.colcon_core.verb:set package 'eufs_racecar' build argument 'cmake_clean_first' from command line to 'False'
[0.404s] Level 5:colcon.colcon_core.verb:set package 'eufs_racecar' build argument 'cmake_force_configure' from command line to 'False'
[0.404s] Level 5:colcon.colcon_core.verb:set package 'eufs_racecar' build argument 'ament_cmake_args' from command line to 'None'
[0.404s] Level 5:colcon.colcon_core.verb:set package 'eufs_racecar' build argument 'catkin_cmake_args' from command line to 'None'
[0.404s] Level 5:colcon.colcon_core.verb:set package 'eufs_racecar' build argument 'catkin_skip_building_tests' from command line to 'False'
[0.404s] DEBUG:colcon.colcon_core.verb:Building package 'eufs_racecar' with the following arguments: {'ament_cmake_args': None, 'build_base': '/home/gustavo/eufs_sim_teste/build/eufs_racecar', 'catkin_cmake_args': None, 'catkin_skip_building_tests': False, 'cmake_args': None, 'cmake_clean_cache': False, 'cmake_clean_first': False, 'cmake_force_configure': False, 'cmake_target': None, 'cmake_target_skip_unavailable': False, 'install_base': '/home/gustavo/eufs_sim_teste/install/eufs_racecar', 'merge_install': False, 'path': '/home/gustavo/eufs_sim_teste/eufs_sim/eufs_racecar', 'symlink_install': True, 'test_result_base': None}
[0.405s] Level 5:colcon.colcon_core.verb:set package 'eufs_sensors' build argument 'cmake_args' from command line to 'None'
[0.405s] Level 5:colcon.colcon_core.verb:set package 'eufs_sensors' build argument 'cmake_target' from command line to 'None'
[0.405s] Level 5:colcon.colcon_core.verb:set package 'eufs_sensors' build argument 'cmake_target_skip_unavailable' from command line to 'False'
[0.405s] Level 5:colcon.colcon_core.verb:set package 'eufs_sensors' build argument 'cmake_clean_cache' from command line to 'False'
[0.405s] Level 5:colcon.colcon_core.verb:set package 'eufs_sensors' build argument 'cmake_clean_first' from command line to 'False'
[0.405s] Level 5:colcon.colcon_core.verb:set package 'eufs_sensors' build argument 'cmake_force_configure' from command line to 'False'
[0.405s] Level 5:colcon.colcon_core.verb:set package 'eufs_sensors' build argument 'ament_cmake_args' from command line to 'None'
[0.405s] Level 5:colcon.colcon_core.verb:set package 'eufs_sensors' build argument 'catkin_cmake_args' from command line to 'None'
[0.405s] Level 5:colcon.colcon_core.verb:set package 'eufs_sensors' build argument 'catkin_skip_building_tests' from command line to 'False'
[0.405s] DEBUG:colcon.colcon_core.verb:Building package 'eufs_sensors' with the following arguments: {'ament_cmake_args': None, 'build_base': '/home/gustavo/eufs_sim_teste/build/eufs_sensors', 'catkin_cmake_args': None, 'catkin_skip_building_tests': False, 'cmake_args': None, 'cmake_clean_cache': False, 'cmake_clean_first': False, 'cmake_force_configure': False, 'cmake_target': None, 'cmake_target_skip_unavailable': False, 'install_base': '/home/gustavo/eufs_sim_teste/install/eufs_sensors', 'merge_install': False, 'path': '/home/gustavo/eufs_sim_teste/eufs_sim/eufs_sensors', 'symlink_install': True, 'test_result_base': None}
[0.406s] Level 5:colcon.colcon_core.verb:set package 'eufs_tracks' build argument 'cmake_args' from command line to 'None'
[0.406s] Level 5:colcon.colcon_core.verb:set package 'eufs_tracks' build argument 'cmake_target' from command line to 'None'
[0.406s] Level 5:colcon.colcon_core.verb:set package 'eufs_tracks' build argument 'cmake_target_skip_unavailable' from command line to 'False'
[0.406s] Level 5:colcon.colcon_core.verb:set package 'eufs_tracks' build argument 'cmake_clean_cache' from command line to 'False'
[0.406s] Level 5:colcon.colcon_core.verb:set package 'eufs_tracks' build argument 'cmake_clean_first' from command line to 'False'
[0.407s] Level 5:colcon.colcon_core.verb:set package 'eufs_tracks' build argument 'cmake_force_configure' from command line to 'False'
[0.407s] Level 5:colcon.colcon_core.verb:set package 'eufs_tracks' build argument 'ament_cmake_args' from command line to 'None'
[0.407s] Level 5:colcon.colcon_core.verb:set package 'eufs_tracks' build argument 'catkin_cmake_args' from command line to 'None'
[0.407s] Level 5:colcon.colcon_core.verb:set package 'eufs_tracks' build argument 'catkin_skip_building_tests' from command line to 'False'
[0.407s] DEBUG:colcon.colcon_core.verb:Building package 'eufs_tracks' with the following arguments: {'ament_cmake_args': None, 'build_base': '/home/gustavo/eufs_sim_teste/build/eufs_tracks', 'catkin_cmake_args': None, 'catkin_skip_building_tests': False, 'cmake_args': None, 'cmake_clean_cache': False, 'cmake_clean_first': False, 'cmake_force_configure': False, 'cmake_target': None, 'cmake_target_skip_unavailable': False, 'install_base': '/home/gustavo/eufs_sim_teste/install/eufs_tracks', 'merge_install': False, 'path': '/home/gustavo/eufs_sim_teste/eufs_sim/eufs_tracks', 'symlink_install': True, 'test_result_base': None}
[0.408s] Level 5:colcon.colcon_core.verb:set package 'eufs_launcher' build argument 'cmake_args' from command line to 'None'
[0.408s] Level 5:colcon.colcon_core.verb:set package 'eufs_launcher' build argument 'cmake_target' from command line to 'None'
[0.408s] Level 5:colcon.colcon_core.verb:set package 'eufs_launcher' build argument 'cmake_target_skip_unavailable' from command line to 'False'
[0.408s] Level 5:colcon.colcon_core.verb:set package 'eufs_launcher' build argument 'cmake_clean_cache' from command line to 'False'
[0.408s] Level 5:colcon.colcon_core.verb:set package 'eufs_launcher' build argument 'cmake_clean_first' from command line to 'False'
[0.408s] Level 5:colcon.colcon_core.verb:set package 'eufs_launcher' build argument 'cmake_force_configure' from command line to 'False'
[0.408s] Level 5:colcon.colcon_core.verb:set package 'eufs_launcher' build argument 'ament_cmake_args' from command line to 'None'
[0.408s] Level 5:colcon.colcon_core.verb:set package 'eufs_launcher' build argument 'catkin_cmake_args' from command line to 'None'
[0.408s] Level 5:colcon.colcon_core.verb:set package 'eufs_launcher' build argument 'catkin_skip_building_tests' from command line to 'False'
[0.408s] DEBUG:colcon.colcon_core.verb:Building package 'eufs_launcher' with the following arguments: {'ament_cmake_args': None, 'build_base': '/home/gustavo/eufs_sim_teste/build/eufs_launcher', 'catkin_cmake_args': None, 'catkin_skip_building_tests': False, 'cmake_args': None, 'cmake_clean_cache': False, 'cmake_clean_first': False, 'cmake_force_configure': False, 'cmake_target': None, 'cmake_target_skip_unavailable': False, 'install_base': '/home/gustavo/eufs_sim_teste/install/eufs_launcher', 'merge_install': False, 'path': '/home/gustavo/eufs_sim_teste/eufs_sim/eufs_launcher', 'symlink_install': True, 'test_result_base': None}
[0.409s] Level 5:colcon.colcon_core.verb:set package 'eufs_models' build argument 'cmake_args' from command line to 'None'
[0.409s] Level 5:colcon.colcon_core.verb:set package 'eufs_models' build argument 'cmake_target' from command line to 'None'
[0.409s] Level 5:colcon.colcon_core.verb:set package 'eufs_models' build argument 'cmake_target_skip_unavailable' from command line to 'False'
[0.409s] Level 5:colcon.colcon_core.verb:set package 'eufs_models' build argument 'cmake_clean_cache' from command line to 'False'
[0.409s] Level 5:colcon.colcon_core.verb:set package 'eufs_models' build argument 'cmake_clean_first' from command line to 'False'
[0.409s] Level 5:colcon.colcon_core.verb:set package 'eufs_models' build argument 'cmake_force_configure' from command line to 'False'
[0.409s] Level 5:colcon.colcon_core.verb:set package 'eufs_models' build argument 'ament_cmake_args' from command line to 'None'
[0.409s] Level 5:colcon.colcon_core.verb:set package 'eufs_models' build argument 'catkin_cmake_args' from command line to 'None'
[0.409s] Level 5:colcon.colcon_core.verb:set package 'eufs_models' build argument 'catkin_skip_building_tests' from command line to 'False'
[0.409s] DEBUG:colcon.colcon_core.verb:Building package 'eufs_models' with the following arguments: {'ament_cmake_args': None, 'build_base': '/home/gustavo/eufs_sim_teste/build/eufs_models', 'catkin_cmake_args': None, 'catkin_skip_building_tests': False, 'cmake_args': None, 'cmake_clean_cache': False, 'cmake_clean_first': False, 'cmake_force_configure': False, 'cmake_target': None, 'cmake_target_skip_unavailable': False, 'install_base': '/home/gustavo/eufs_sim_teste/install/eufs_models', 'merge_install': False, 'path': '/home/gustavo/eufs_sim_teste/eufs_sim/eufs_models', 'symlink_install': True, 'test_result_base': None}
[0.410s] Level 5:colcon.colcon_core.verb:set package 'eufs_rqt' build argument 'cmake_args' from command line to 'None'
[0.410s] Level 5:colcon.colcon_core.verb:set package 'eufs_rqt' build argument 'cmake_target' from command line to 'None'
[0.410s] Level 5:colcon.colcon_core.verb:set package 'eufs_rqt' build argument 'cmake_target_skip_unavailable' from command line to 'False'
[0.410s] Level 5:colcon.colcon_core.verb:set package 'eufs_rqt' build argument 'cmake_clean_cache' from command line to 'False'
[0.410s] Level 5:colcon.colcon_core.verb:set package 'eufs_rqt' build argument 'cmake_clean_first' from command line to 'False'
[0.410s] Level 5:colcon.colcon_core.verb:set package 'eufs_rqt' build argument 'cmake_force_configure' from command line to 'False'
[0.411s] Level 5:colcon.colcon_core.verb:set package 'eufs_rqt' build argument 'ament_cmake_args' from command line to 'None'
[0.411s] Level 5:colcon.colcon_core.verb:set package 'eufs_rqt' build argument 'catkin_cmake_args' from command line to 'None'
[0.411s] Level 5:colcon.colcon_core.verb:set package 'eufs_rqt' build argument 'catkin_skip_building_tests' from command line to 'False'
[0.411s] DEBUG:colcon.colcon_core.verb:Building package 'eufs_rqt' with the following arguments: {'ament_cmake_args': None, 'build_base': '/home/gustavo/eufs_sim_teste/build/eufs_rqt', 'catkin_cmake_args': None, 'catkin_skip_building_tests': False, 'cmake_args': None, 'cmake_clean_cache': False, 'cmake_clean_first': False, 'cmake_force_configure': False, 'cmake_target': None, 'cmake_target_skip_unavailable': False, 'install_base': '/home/gustavo/eufs_sim_teste/install/eufs_rqt', 'merge_install': False, 'path': '/home/gustavo/eufs_sim_teste/eufs_sim/eufs_rqt', 'symlink_install': True, 'test_result_base': None}
[0.412s] Level 5:colcon.colcon_core.verb:set package 'eufs_plugins' build argument 'cmake_args' from command line to 'None'
[0.412s] Level 5:colcon.colcon_core.verb:set package 'eufs_plugins' build argument 'cmake_target' from command line to 'None'
[0.412s] Level 5:colcon.colcon_core.verb:set package 'eufs_plugins' build argument 'cmake_target_skip_unavailable' from command line to 'False'
[0.412s] Level 5:colcon.colcon_core.verb:set package 'eufs_plugins' build argument 'cmake_clean_cache' from command line to 'False'
[0.412s] Level 5:colcon.colcon_core.verb:set package 'eufs_plugins' build argument 'cmake_clean_first' from command line to 'False'
[0.412s] Level 5:colcon.colcon_core.verb:set package 'eufs_plugins' build argument 'cmake_force_configure' from command line to 'False'
[0.412s] Level 5:colcon.colcon_core.verb:set package 'eufs_plugins' build argument 'ament_cmake_args' from command line to 'None'
[0.412s] Level 5:colcon.colcon_core.verb:set package 'eufs_plugins' build argument 'catkin_cmake_args' from command line to 'None'
[0.412s] Level 5:colcon.colcon_core.verb:set package 'eufs_plugins' build argument 'catkin_skip_building_tests' from command line to 'False'
[0.412s] DEBUG:colcon.colcon_core.verb:Building package 'eufs_plugins' with the following arguments: {'ament_cmake_args': None, 'build_base': '/home/gustavo/eufs_sim_teste/build/eufs_plugins', 'catkin_cmake_args': None, 'catkin_skip_building_tests': False, 'cmake_args': None, 'cmake_clean_cache': False, 'cmake_clean_first': False, 'cmake_force_configure': False, 'cmake_target': None, 'cmake_target_skip_unavailable': False, 'install_base': '/home/gustavo/eufs_sim_teste/install/eufs_plugins', 'merge_install': False, 'path': '/home/gustavo/eufs_sim_teste/eufs_sim/eufs_plugins', 'symlink_install': True, 'test_result_base': None}
[0.413s] INFO:colcon.colcon_core.executor:Executing jobs using 'parallel' executor
[0.418s] DEBUG:colcon.colcon_parallel_executor.executor.parallel:run_until_complete
[0.418s] INFO:colcon.colcon_ros.task.ament_cmake.build:Building ROS package in '/home/gustavo/eufs_sim_teste/eufs_msgs' with build type 'ament_cmake'
[0.418s] INFO:colcon.colcon_cmake.task.cmake.build:Building CMake package in '/home/gustavo/eufs_sim_teste/eufs_msgs'
[0.423s] INFO:colcon.colcon_core.plugin_system:Skipping extension 'colcon_core.shell.bat': Not used on non-Windows systems
[0.423s] INFO:colcon.colcon_core.shell:Skip shell extension 'powershell' for command environment: Not usable outside of PowerShell
[0.423s] DEBUG:colcon.colcon_core.shell:Skip shell extension 'dsv' for command environment
[0.428s] INFO:colcon.colcon_ros.task.ament_python.build:Building ROS package in '/home/gustavo/eufs_sim_teste/eufs_sim/eufs_tracks' with build type 'ament_python'
[0.428s] Level 1:colcon.colcon_core.shell:create_environment_hook('eufs_tracks', 'ament_prefix_path')
[0.431s] INFO:colcon.colcon_core.shell:Creating environment hook '/home/gustavo/eufs_sim_teste/install/eufs_tracks/share/eufs_tracks/hook/ament_prefix_path.ps1'
[0.431s] INFO:colcon.colcon_core.shell:Creating environment descriptor '/home/gustavo/eufs_sim_teste/install/eufs_tracks/share/eufs_tracks/hook/ament_prefix_path.dsv'
[0.432s] INFO:colcon.colcon_core.shell:Creating environment hook '/home/gustavo/eufs_sim_teste/install/eufs_tracks/share/eufs_tracks/hook/ament_prefix_path.sh'
[0.434s] INFO:colcon.colcon_core.shell:Skip shell extension 'powershell' for command environment: Not usable outside of PowerShell
[0.434s] DEBUG:colcon.colcon_core.shell:Skip shell extension 'dsv' for command environment
[0.439s] INFO:colcon.colcon_ros.task.ament_python.build:Building ROS package in '/home/gustavo/eufs_sim_teste/eufs_sim/eufs_racecar' with build type 'ament_python'
[0.440s] Level 1:colcon.colcon_core.shell:create_environment_hook('eufs_racecar', 'ament_prefix_path')
[0.442s] INFO:colcon.colcon_core.shell:Creating environment hook '/home/gustavo/eufs_sim_teste/install/eufs_racecar/share/eufs_racecar/hook/ament_prefix_path.ps1'
[0.443s] INFO:colcon.colcon_core.shell:Creating environment descriptor '/home/gustavo/eufs_sim_teste/install/eufs_racecar/share/eufs_racecar/hook/ament_prefix_path.dsv'
[0.443s] INFO:colcon.colcon_core.shell:Creating environment hook '/home/gustavo/eufs_sim_teste/install/eufs_racecar/share/eufs_racecar/hook/ament_prefix_path.sh'
[0.446s] INFO:colcon.colcon_core.shell:Skip shell extension 'powershell' for command environment: Not usable outside of PowerShell
[0.446s] DEBUG:colcon.colcon_core.shell:Skip shell extension 'dsv' for command environment
[0.450s] INFO:colcon.colcon_ros.task.ament_cmake.build:Building ROS package in '/home/gustavo/eufs_sim_teste/eufs_sim/eufs_sensors' with build type 'ament_cmake'
[0.450s] INFO:colcon.colcon_cmake.task.cmake.build:Building CMake package in '/home/gustavo/eufs_sim_teste/eufs_sim/eufs_sensors'
[0.453s] INFO:colcon.colcon_core.shell:Skip shell extension 'powershell' for command environment: Not usable outside of PowerShell
[0.453s] DEBUG:colcon.colcon_core.shell:Skip shell extension 'dsv' for command environment
[0.465s] DEBUG:colcon.colcon_core.event_handler.log_command:Invoking command in '/home/gustavo/eufs_sim_teste/build/eufs_msgs': CMAKE_PREFIX_PATH=/opt/ros/galactic /usr/bin/cmake --build /home/gustavo/eufs_sim_teste/build/eufs_msgs -- -j8 -l8
[0.675s] INFO:colcon.colcon_core.task.python.build:Building Python package in '/home/gustavo/eufs_sim_teste/eufs_sim/eufs_tracks'
[0.679s] INFO:colcon.colcon_core.shell:Skip shell extension 'powershell' for command environment: Not usable outside of PowerShell
[0.679s] DEBUG:colcon.colcon_core.shell:Skip shell extension 'dsv' for command environment
[0.889s] INFO:colcon.colcon_core.task.python.build:Building Python package in '/home/gustavo/eufs_sim_teste/eufs_sim/eufs_racecar'
[0.892s] INFO:colcon.colcon_core.shell:Skip shell extension 'powershell' for command environment: Not usable outside of PowerShell
[0.892s] DEBUG:colcon.colcon_core.shell:Skip shell extension 'dsv' for command environment
[0.904s] DEBUG:colcon.colcon_core.event_handler.log_command:Invoking command in '/home/gustavo/eufs_sim_teste/build/eufs_sensors': CMAKE_PREFIX_PATH=/opt/ros/galactic /usr/bin/cmake --build /home/gustavo/eufs_sim_teste/build/eufs_sensors -- -j8 -l8
[0.905s] DEBUG:colcon.colcon_core.event_handler.log_command:Invoked command in '/home/gustavo/eufs_sim_teste/build/eufs_msgs' returned '0': CMAKE_PREFIX_PATH=/opt/ros/galactic /usr/bin/cmake --build /home/gustavo/eufs_sim_teste/build/eufs_msgs -- -j8 -l8
[0.932s] DEBUG:colcon.colcon_core.event_handler.log_command:Invoked command in '/home/gustavo/eufs_sim_teste/build/eufs_sensors' returned '0': CMAKE_PREFIX_PATH=/opt/ros/galactic /usr/bin/cmake --build /home/gustavo/eufs_sim_teste/build/eufs_sensors -- -j8 -l8
[0.961s] DEBUG:colcon.colcon_core.event_handler.log_command:Invoking command in '/home/gustavo/eufs_sim_teste/build/eufs_sensors': CMAKE_PREFIX_PATH=/opt/ros/galactic /usr/bin/cmake --install /home/gustavo/eufs_sim_teste/build/eufs_sensors
[0.983s] Level 1:colcon.colcon_core.environment:create_environment_scripts_only(eufs_sensors)
[0.985s] DEBUG:colcon.colcon_core.event_handler.log_command:Invoked command in '/home/gustavo/eufs_sim_teste/build/eufs_sensors' returned '0': CMAKE_PREFIX_PATH=/opt/ros/galactic /usr/bin/cmake --install /home/gustavo/eufs_sim_teste/build/eufs_sensors
[0.990s] Level 1:colcon.colcon_core.environment:checking '/home/gustavo/eufs_sim_teste/install/eufs_sensors' for CMake module files
[0.991s] Level 1:colcon.colcon_core.environment:checking '/home/gustavo/eufs_sim_teste/install/eufs_sensors' for CMake config files
[0.991s] Level 1:colcon.colcon_core.shell:create_environment_hook('eufs_sensors', 'cmake_prefix_path')
[0.994s] INFO:colcon.colcon_core.shell:Creating environment hook '/home/gustavo/eufs_sim_teste/install/eufs_sensors/share/eufs_sensors/hook/cmake_prefix_path.ps1'
[0.994s] INFO:colcon.colcon_core.shell:Creating environment descriptor '/home/gustavo/eufs_sim_teste/install/eufs_sensors/share/eufs_sensors/hook/cmake_prefix_path.dsv'
[0.994s] INFO:colcon.colcon_core.shell:Creating environment hook '/home/gustavo/eufs_sim_teste/install/eufs_sensors/share/eufs_sensors/hook/cmake_prefix_path.sh'
[0.995s] Level 1:colcon.colcon_core.environment:checking '/home/gustavo/eufs_sim_teste/install/eufs_sensors/bin'
[0.995s] Level 1:colcon.colcon_core.environment:checking '/home/gustavo/eufs_sim_teste/install/eufs_sensors/lib/pkgconfig/eufs_sensors.pc'
[0.995s] Level 1:colcon.colcon_core.environment:checking '/home/gustavo/eufs_sim_teste/install/eufs_sensors/lib/python3.8/site-packages'
[0.995s] Level 1:colcon.colcon_core.environment:checking '/home/gustavo/eufs_sim_teste/install/eufs_sensors/bin'
[0.998s] INFO:colcon.colcon_core.shell:Creating package script '/home/gustavo/eufs_sim_teste/install/eufs_sensors/share/eufs_sensors/package.ps1'
[0.998s] INFO:colcon.colcon_core.shell:Creating package descriptor '/home/gustavo/eufs_sim_teste/install/eufs_sensors/share/eufs_sensors/package.dsv'
[0.999s] INFO:colcon.colcon_core.shell:Creating package script '/home/gustavo/eufs_sim_teste/install/eufs_sensors/share/eufs_sensors/package.sh'
[0.999s] INFO:colcon.colcon_core.shell:Creating package script '/home/gustavo/eufs_sim_teste/install/eufs_sensors/share/eufs_sensors/package.bash'
[1.000s] INFO:colcon.colcon_core.shell:Creating package script '/home/gustavo/eufs_sim_teste/install/eufs_sensors/share/eufs_sensors/package.zsh'
[1.000s] Level 1:colcon.colcon_core.environment:create_file_with_runtime_dependencies(/home/gustavo/eufs_sim_teste/install/eufs_sensors/share/colcon-core/packages/eufs_sensors)
[1.020s] Level 1:colcon.colcon_core.environment:create_environment_scripts_only(eufs_sensors)
[1.025s] Level 1:colcon.colcon_core.environment:checking '/home/gustavo/eufs_sim_teste/install/eufs_sensors' for CMake module files
[1.026s] Level 1:colcon.colcon_core.environment:checking '/home/gustavo/eufs_sim_teste/install/eufs_sensors' for CMake config files
[1.026s] Level 1:colcon.colcon_core.shell:create_environment_hook('eufs_sensors', 'cmake_prefix_path')
[1.028s] INFO:colcon.colcon_core.shell:Creating environment hook '/home/gustavo/eufs_sim_teste/install/eufs_sensors/share/eufs_sensors/hook/cmake_prefix_path.ps1'
[1.029s] INFO:colcon.colcon_core.shell:Creating environment descriptor '/home/gustavo/eufs_sim_teste/install/eufs_sensors/share/eufs_sensors/hook/cmake_prefix_path.dsv'
[1.029s] INFO:colcon.colcon_core.shell:Creating environment hook '/home/gustavo/eufs_sim_teste/install/eufs_sensors/share/eufs_sensors/hook/cmake_prefix_path.sh'
[1.029s] Level 1:colcon.colcon_core.environment:checking '/home/gustavo/eufs_sim_teste/install/eufs_sensors/bin'
[1.029s] Level 1:colcon.colcon_core.environment:checking '/home/gustavo/eufs_sim_teste/install/eufs_sensors/lib/pkgconfig/eufs_sensors.pc'
[1.030s] Level 1:colcon.colcon_core.environment:checking '/home/gustavo/eufs_sim_teste/install/eufs_sensors/lib/python3.8/site-packages'
[1.030s] Level 1:colcon.colcon_core.environment:checking '/home/gustavo/eufs_sim_teste/install/eufs_sensors/bin'
[1.032s] INFO:colcon.colcon_core.shell:Creating package script '/home/gustavo/eufs_sim_teste/install/eufs_sensors/share/eufs_sensors/package.ps1'
[1.032s] INFO:colcon.colcon_core.shell:Creating package descriptor '/home/gustavo/eufs_sim_teste/install/eufs_sensors/share/eufs_sensors/package.dsv'
[1.033s] INFO:colcon.colcon_core.shell:Creating package script '/home/gustavo/eufs_sim_teste/install/eufs_sensors/share/eufs_sensors/package.sh'
[1.033s] INFO:colcon.colcon_core.shell:Creating package script '/home/gustavo/eufs_sim_teste/install/eufs_sensors/share/eufs_sensors/package.bash'
[1.033s] INFO:colcon.colcon_core.shell:Creating package script '/home/gustavo/eufs_sim_teste/install/eufs_sensors/share/eufs_sensors/package.zsh'
[1.033s] Level 1:colcon.colcon_core.environment:create_file_with_runtime_dependencies(/home/gustavo/eufs_sim_teste/install/eufs_sensors/share/colcon-core/packages/eufs_sensors)
[1.266s] DEBUG:colcon.colcon_core.event_handler.log_command:Invoking command in '/home/gustavo/eufs_sim_teste/build/eufs_tracks': PYTHONPATH=/home/gustavo/eufs_sim_teste/build/eufs_tracks/prefix_override:/home/gustavo/eufs_sim_teste/install/eufs_tracks/lib/python3.8/site-packages:${PYTHONPATH} /usr/bin/python3 setup.py develop --editable --build-directory /home/gustavo/eufs_sim_teste/build/eufs_tracks/build --no-deps install_data
[1.270s] DEBUG:colcon.colcon_core.event_handler.log_command:Invoking command in '/home/gustavo/eufs_sim_teste/build/eufs_racecar': PYTHONPATH=/home/gustavo/eufs_sim_teste/build/eufs_racecar/prefix_override:/home/gustavo/eufs_sim_teste/install/eufs_racecar/lib/python3.8/site-packages:${PYTHONPATH} /usr/bin/python3 setup.py develop --editable --build-directory /home/gustavo/eufs_sim_teste/build/eufs_racecar/build --no-deps install_data
[1.328s] DEBUG:colcon.colcon_core.event_handler.log_command:Invoking command in '/home/gustavo/eufs_sim_teste/build/eufs_msgs': CMAKE_PREFIX_PATH=/opt/ros/galactic /usr/bin/cmake --install /home/gustavo/eufs_sim_teste/build/eufs_msgs
[1.460s] Level 1:colcon.colcon_core.environment:create_environment_scripts_only(eufs_msgs)
[1.464s] Level 1:colcon.colcon_core.environment:checking '/home/gustavo/eufs_sim_teste/install/eufs_msgs' for CMake module files
[1.465s] DEBUG:colcon.colcon_core.event_handler.log_command:Invoked command in '/home/gustavo/eufs_sim_teste/build/eufs_msgs' returned '0': CMAKE_PREFIX_PATH=/opt/ros/galactic /usr/bin/cmake --install /home/gustavo/eufs_sim_teste/build/eufs_msgs
[1.465s] Level 1:colcon.colcon_core.environment:checking '/home/gustavo/eufs_sim_teste/install/eufs_msgs' for CMake config files
[1.465s] Level 1:colcon.colcon_core.shell:create_environment_hook('eufs_msgs', 'cmake_prefix_path')
[1.468s] INFO:colcon.colcon_core.shell:Creating environment hook '/home/gustavo/eufs_sim_teste/install/eufs_msgs/share/eufs_msgs/hook/cmake_prefix_path.ps1'
[1.468s] INFO:colcon.colcon_core.shell:Creating environment descriptor '/home/gustavo/eufs_sim_teste/install/eufs_msgs/share/eufs_msgs/hook/cmake_prefix_path.dsv'
[1.468s] INFO:colcon.colcon_core.shell:Creating environment hook '/home/gustavo/eufs_sim_teste/install/eufs_msgs/share/eufs_msgs/hook/cmake_prefix_path.sh'
[1.469s] Level 1:colcon.colcon_core.environment:checking '/home/gustavo/eufs_sim_teste/install/eufs_msgs/lib'
[1.469s] Level 1:colcon.colcon_core.shell:create_environment_hook('eufs_msgs', 'ld_library_path_lib')
[1.472s] INFO:colcon.colcon_core.shell:Creating environment hook '/home/gustavo/eufs_sim_teste/install/eufs_msgs/share/eufs_msgs/hook/ld_library_path_lib.ps1'
[1.472s] INFO:colcon.colcon_core.shell:Creating environment descriptor '/home/gustavo/eufs_sim_teste/install/eufs_msgs/share/eufs_msgs/hook/ld_library_path_lib.dsv'
[1.473s] INFO:colcon.colcon_core.shell:Creating environment hook '/home/gustavo/eufs_sim_teste/install/eufs_msgs/share/eufs_msgs/hook/ld_library_path_lib.sh'
[1.473s] Level 1:colcon.colcon_core.environment:checking '/home/gustavo/eufs_sim_teste/install/eufs_msgs/bin'
[1.473s] Level 1:colcon.colcon_core.environment:checking '/home/gustavo/eufs_sim_teste/install/eufs_msgs/lib/pkgconfig/eufs_msgs.pc'
[1.473s] Level 1:colcon.colcon_core.environment:checking '/home/gustavo/eufs_sim_teste/install/eufs_msgs/lib/python3.8/site-packages'
[1.473s] Level 1:colcon.colcon_core.shell:create_environment_hook('eufs_msgs', 'pythonpath')
[1.475s] INFO:colcon.colcon_core.shell:Creating environment hook '/home/gustavo/eufs_sim_teste/install/eufs_msgs/share/eufs_msgs/hook/pythonpath.ps1'
[1.476s] INFO:colcon.colcon_core.shell:Creating environment descriptor '/home/gustavo/eufs_sim_teste/install/eufs_msgs/share/eufs_msgs/hook/pythonpath.dsv'
[1.476s] INFO:colcon.colcon_core.shell:Creating environment hook '/home/gustavo/eufs_sim_teste/install/eufs_msgs/share/eufs_msgs/hook/pythonpath.sh'
[1.476s] Level 1:colcon.colcon_core.environment:checking '/home/gustavo/eufs_sim_teste/install/eufs_msgs/bin'
[1.479s] INFO:colcon.colcon_core.shell:Creating package script '/home/gustavo/eufs_sim_teste/install/eufs_msgs/share/eufs_msgs/package.ps1'
[1.479s] INFO:colcon.colcon_core.shell:Creating package descriptor '/home/gustavo/eufs_sim_teste/install/eufs_msgs/share/eufs_msgs/package.dsv'
[1.479s] INFO:colcon.colcon_core.shell:Creating package script '/home/gustavo/eufs_sim_teste/install/eufs_msgs/share/eufs_msgs/package.sh'
[1.480s] INFO:colcon.colcon_core.shell:Creating package script '/home/gustavo/eufs_sim_teste/install/eufs_msgs/share/eufs_msgs/package.bash'
[1.480s] INFO:colcon.colcon_core.shell:Creating package script '/home/gustavo/eufs_sim_teste/install/eufs_msgs/share/eufs_msgs/package.zsh'
[1.480s] Level 1:colcon.colcon_core.environment:create_file_with_runtime_dependencies(/home/gustavo/eufs_sim_teste/install/eufs_msgs/share/colcon-core/packages/eufs_msgs)
[1.675s] Level 1:colcon.colcon_core.shell:create_environment_hook('eufs_racecar', 'pythonpath_develop')
[1.678s] INFO:colcon.colcon_core.shell:Creating environment hook '/home/gustavo/eufs_sim_teste/build/eufs_racecar/share/eufs_racecar/hook/pythonpath_develop.ps1'
[1.679s] DEBUG:colcon.colcon_core.event_handler.log_command:Invoked command in '/home/gustavo/eufs_sim_teste/build/eufs_racecar' returned '0': PYTHONPATH=/home/gustavo/eufs_sim_teste/build/eufs_racecar/prefix_override:/home/gustavo/eufs_sim_teste/install/eufs_racecar/lib/python3.8/site-packages:${PYTHONPATH} /usr/bin/python3 setup.py develop --editable --build-directory /home/gustavo/eufs_sim_teste/build/eufs_racecar/build --no-deps install_data
[1.679s] INFO:colcon.colcon_core.shell:Creating environment descriptor '/home/gustavo/eufs_sim_teste/build/eufs_racecar/share/eufs_racecar/hook/pythonpath_develop.dsv'
[1.680s] INFO:colcon.colcon_core.shell:Creating environment hook '/home/gustavo/eufs_sim_teste/build/eufs_racecar/share/eufs_racecar/hook/pythonpath_develop.sh'
[1.683s] Level 1:colcon.colcon_core.environment:checking '/home/gustavo/eufs_sim_teste/install/eufs_racecar' for CMake module files
[1.683s] Level 1:colcon.colcon_core.environment:checking '/home/gustavo/eufs_sim_teste/install/eufs_racecar' for CMake config files
[1.684s] Level 1:colcon.colcon_core.environment:checking '/home/gustavo/eufs_sim_teste/install/eufs_racecar/lib'
[1.684s] Level 1:colcon.colcon_core.environment:checking '/home/gustavo/eufs_sim_teste/install/eufs_racecar/bin'
[1.684s] Level 1:colcon.colcon_core.environment:checking '/home/gustavo/eufs_sim_teste/install/eufs_racecar/lib/pkgconfig/eufs_racecar.pc'
[1.684s] Level 1:colcon.colcon_core.environment:checking '/home/gustavo/eufs_sim_teste/install/eufs_racecar/lib/python3.8/site-packages'
[1.684s] Level 1:colcon.colcon_core.shell:create_environment_hook('eufs_racecar', 'pythonpath')
[1.686s] INFO:colcon.colcon_core.shell:Creating environment hook '/home/gustavo/eufs_sim_teste/install/eufs_racecar/share/eufs_racecar/hook/pythonpath.ps1'
[1.687s] INFO:colcon.colcon_core.shell:Creating environment descriptor '/home/gustavo/eufs_sim_teste/install/eufs_racecar/share/eufs_racecar/hook/pythonpath.dsv'
[1.687s] INFO:colcon.colcon_core.shell:Creating environment hook '/home/gustavo/eufs_sim_teste/install/eufs_racecar/share/eufs_racecar/hook/pythonpath.sh'
[1.687s] Level 1:colcon.colcon_core.environment:checking '/home/gustavo/eufs_sim_teste/install/eufs_racecar/bin'
[1.688s] Level 1:colcon.colcon_core.environment:create_environment_scripts_only(eufs_racecar)
[1.690s] INFO:colcon.colcon_core.shell:Creating package script '/home/gustavo/eufs_sim_teste/install/eufs_racecar/share/eufs_racecar/package.ps1'
[1.691s] INFO:colcon.colcon_core.shell:Creating package descriptor '/home/gustavo/eufs_sim_teste/install/eufs_racecar/share/eufs_racecar/package.dsv'
[1.692s] INFO:colcon.colcon_core.shell:Creating package script '/home/gustavo/eufs_sim_teste/install/eufs_racecar/share/eufs_racecar/package.sh'
[1.692s] INFO:colcon.colcon_core.shell:Creating package script '/home/gustavo/eufs_sim_teste/install/eufs_racecar/share/eufs_racecar/package.bash'
[1.692s] INFO:colcon.colcon_core.shell:Creating package script '/home/gustavo/eufs_sim_teste/install/eufs_racecar/share/eufs_racecar/package.zsh'
[1.692s] Level 1:colcon.colcon_core.environment:create_file_with_runtime_dependencies(/home/gustavo/eufs_sim_teste/install/eufs_racecar/share/colcon-core/packages/eufs_racecar)
[1.761s] Level 1:colcon.colcon_core.shell:create_environment_hook('eufs_tracks', 'pythonpath_develop')
[1.764s] INFO:colcon.colcon_core.shell:Creating environment hook '/home/gustavo/eufs_sim_teste/build/eufs_tracks/share/eufs_tracks/hook/pythonpath_develop.ps1'
[1.764s] DEBUG:colcon.colcon_core.event_handler.log_command:Invoked command in '/home/gustavo/eufs_sim_teste/build/eufs_tracks' returned '0': PYTHONPATH=/home/gustavo/eufs_sim_teste/build/eufs_tracks/prefix_override:/home/gustavo/eufs_sim_teste/install/eufs_tracks/lib/python3.8/site-packages:${PYTHONPATH} /usr/bin/python3 setup.py develop --editable --build-directory /home/gustavo/eufs_sim_teste/build/eufs_tracks/build --no-deps install_data
[1.764s] INFO:colcon.colcon_core.shell:Creating environment descriptor '/home/gustavo/eufs_sim_teste/build/eufs_tracks/share/eufs_tracks/hook/pythonpath_develop.dsv'
[1.765s] INFO:colcon.colcon_core.shell:Creating environment hook '/home/gustavo/eufs_sim_teste/build/eufs_tracks/share/eufs_tracks/hook/pythonpath_develop.sh'
[1.769s] Level 1:colcon.colcon_core.environment:checking '/home/gustavo/eufs_sim_teste/install/eufs_tracks' for CMake module files
[1.769s] Level 1:colcon.colcon_core.environment:checking '/home/gustavo/eufs_sim_teste/install/eufs_tracks' for CMake config files
[1.770s] Level 1:colcon.colcon_core.environment:checking '/home/gustavo/eufs_sim_teste/install/eufs_tracks/lib'
[1.770s] Level 1:colcon.colcon_core.environment:checking '/home/gustavo/eufs_sim_teste/install/eufs_tracks/bin'
[1.770s] Level 1:colcon.colcon_core.environment:checking '/home/gustavo/eufs_sim_teste/install/eufs_tracks/lib/pkgconfig/eufs_tracks.pc'
[1.770s] Level 1:colcon.colcon_core.environment:checking '/home/gustavo/eufs_sim_teste/install/eufs_tracks/lib/python3.8/site-packages'
[1.770s] Level 1:colcon.colcon_core.shell:create_environment_hook('eufs_tracks', 'pythonpath')
[1.773s] INFO:colcon.colcon_core.shell:Creating environment hook '/home/gustavo/eufs_sim_teste/install/eufs_tracks/share/eufs_tracks/hook/pythonpath.ps1'
[1.774s] INFO:colcon.colcon_core.shell:Creating environment descriptor '/home/gustavo/eufs_sim_teste/install/eufs_tracks/share/eufs_tracks/hook/pythonpath.dsv'
[1.774s] INFO:colcon.colcon_core.shell:Creating environment hook '/home/gustavo/eufs_sim_teste/install/eufs_tracks/share/eufs_tracks/hook/pythonpath.sh'
[1.775s] Level 1:colcon.colcon_core.environment:checking '/home/gustavo/eufs_sim_teste/install/eufs_tracks/bin'
[1.775s] Level 1:colcon.colcon_core.environment:create_environment_scripts_only(eufs_tracks)
[1.778s] INFO:colcon.colcon_core.shell:Creating package script '/home/gustavo/eufs_sim_teste/install/eufs_tracks/share/eufs_tracks/package.ps1'
[1.778s] INFO:colcon.colcon_core.shell:Creating package descriptor '/home/gustavo/eufs_sim_teste/install/eufs_tracks/share/eufs_tracks/package.dsv'
[1.778s] INFO:colcon.colcon_core.shell:Creating package script '/home/gustavo/eufs_sim_teste/install/eufs_tracks/share/eufs_tracks/package.sh'
[1.779s] INFO:colcon.colcon_core.shell:Creating package script '/home/gustavo/eufs_sim_teste/install/eufs_tracks/share/eufs_tracks/package.bash'
[1.779s] INFO:colcon.colcon_core.shell:Creating package script '/home/gustavo/eufs_sim_teste/install/eufs_tracks/share/eufs_tracks/package.zsh'
[1.779s] Level 1:colcon.colcon_core.environment:create_file_with_runtime_dependencies(/home/gustavo/eufs_sim_teste/install/eufs_tracks/share/colcon-core/packages/eufs_tracks)
[1.779s] INFO:colcon.colcon_ros.task.ament_python.build:Building ROS package in '/home/gustavo/eufs_sim_teste/eufs_sim/eufs_launcher' with build type 'ament_python'
[1.779s] Level 1:colcon.colcon_core.shell:create_environment_hook('eufs_launcher', 'ament_prefix_path')
[1.782s] INFO:colcon.colcon_core.shell:Creating environment hook '/home/gustavo/eufs_sim_teste/install/eufs_launcher/share/eufs_launcher/hook/ament_prefix_path.ps1'
[1.782s] INFO:colcon.colcon_core.shell:Creating environment descriptor '/home/gustavo/eufs_sim_teste/install/eufs_launcher/share/eufs_launcher/hook/ament_prefix_path.dsv'
[1.782s] INFO:colcon.colcon_core.shell:Creating environment hook '/home/gustavo/eufs_sim_teste/install/eufs_launcher/share/eufs_launcher/hook/ament_prefix_path.sh'
[1.785s] INFO:colcon.colcon_core.shell:Skip shell extension 'powershell' for command environment: Not usable outside of PowerShell
[1.785s] DEBUG:colcon.colcon_core.shell:Skip shell extension 'dsv' for command environment
[1.988s] INFO:colcon.colcon_core.task.python.build:Building Python package in '/home/gustavo/eufs_sim_teste/eufs_sim/eufs_launcher'
[1.992s] INFO:colcon.colcon_core.shell:Skip shell extension 'powershell' for command environment: Not usable outside of PowerShell
[1.992s] DEBUG:colcon.colcon_core.shell:Skip shell extension 'dsv' for command environment
[2.000s] Level 1:colcon.colcon_core.environment:create_environment_scripts_only(eufs_msgs)
[2.003s] Level 1:colcon.colcon_core.environment:checking '/home/gustavo/eufs_sim_teste/install/eufs_msgs' for CMake module files
[2.004s] Level 1:colcon.colcon_core.environment:checking '/home/gustavo/eufs_sim_teste/install/eufs_msgs' for CMake config files
[2.004s] Level 1:colcon.colcon_core.shell:create_environment_hook('eufs_msgs', 'cmake_prefix_path')
[2.007s] INFO:colcon.colcon_core.shell:Creating environment hook '/home/gustavo/eufs_sim_teste/install/eufs_msgs/share/eufs_msgs/hook/cmake_prefix_path.ps1'
[2.008s] INFO:colcon.colcon_core.shell:Creating environment descriptor '/home/gustavo/eufs_sim_teste/install/eufs_msgs/share/eufs_msgs/hook/cmake_prefix_path.dsv'
[2.008s] INFO:colcon.colcon_core.shell:Creating environment hook '/home/gustavo/eufs_sim_teste/install/eufs_msgs/share/eufs_msgs/hook/cmake_prefix_path.sh'
[2.009s] Level 1:colcon.colcon_core.environment:checking '/home/gustavo/eufs_sim_teste/install/eufs_msgs/lib'
[2.009s] Level 1:colcon.colcon_core.shell:create_environment_hook('eufs_msgs', 'ld_library_path_lib')
[2.011s] INFO:colcon.colcon_core.shell:Creating environment hook '/home/gustavo/eufs_sim_teste/install/eufs_msgs/share/eufs_msgs/hook/ld_library_path_lib.ps1'
[2.012s] INFO:colcon.colcon_core.shell:Creating environment descriptor '/home/gustavo/eufs_sim_teste/install/eufs_msgs/share/eufs_msgs/hook/ld_library_path_lib.dsv'
[2.012s] INFO:colcon.colcon_core.shell:Creating environment hook '/home/gustavo/eufs_sim_teste/install/eufs_msgs/share/eufs_msgs/hook/ld_library_path_lib.sh'
[2.012s] Level 1:colcon.colcon_core.environment:checking '/home/gustavo/eufs_sim_teste/install/eufs_msgs/bin'
[2.012s] Level 1:colcon.colcon_core.environment:checking '/home/gustavo/eufs_sim_teste/install/eufs_msgs/lib/pkgconfig/eufs_msgs.pc'
[2.012s] Level 1:colcon.colcon_core.environment:checking '/home/gustavo/eufs_sim_teste/install/eufs_msgs/lib/python3.8/site-packages'
[2.012s] Level 1:colcon.colcon_core.shell:create_environment_hook('eufs_msgs', 'pythonpath')
[2.015s] INFO:colcon.colcon_core.shell:Creating environment hook '/home/gustavo/eufs_sim_teste/install/eufs_msgs/share/eufs_msgs/hook/pythonpath.ps1'
[2.015s] INFO:colcon.colcon_core.shell:Creating environment descriptor '/home/gustavo/eufs_sim_teste/install/eufs_msgs/share/eufs_msgs/hook/pythonpath.dsv'
[2.015s] INFO:colcon.colcon_core.shell:Creating environment hook '/home/gustavo/eufs_sim_teste/install/eufs_msgs/share/eufs_msgs/hook/pythonpath.sh'
[2.015s] Level 1:colcon.colcon_core.environment:checking '/home/gustavo/eufs_sim_teste/install/eufs_msgs/bin'
[2.018s] INFO:colcon.colcon_core.shell:Creating package script '/home/gustavo/eufs_sim_teste/install/eufs_msgs/share/eufs_msgs/package.ps1'
[2.018s] INFO:colcon.colcon_core.shell:Creating package descriptor '/home/gustavo/eufs_sim_teste/install/eufs_msgs/share/eufs_msgs/package.dsv'
[2.018s] INFO:colcon.colcon_core.shell:Creating package script '/home/gustavo/eufs_sim_teste/install/eufs_msgs/share/eufs_msgs/package.sh'
[2.019s] INFO:colcon.colcon_core.shell:Creating package script '/home/gustavo/eufs_sim_teste/install/eufs_msgs/share/eufs_msgs/package.bash'
[2.019s] INFO:colcon.colcon_core.shell:Creating package script '/home/gustavo/eufs_sim_teste/install/eufs_msgs/share/eufs_msgs/package.zsh'
[2.019s] Level 1:colcon.colcon_core.environment:create_file_with_runtime_dependencies(/home/gustavo/eufs_sim_teste/install/eufs_msgs/share/colcon-core/packages/eufs_msgs)
[2.020s] INFO:colcon.colcon_ros.task.ament_cmake.build:Building ROS package in '/home/gustavo/eufs_sim_teste/eufs_sim/eufs_models' with build type 'ament_cmake'
[2.020s] INFO:colcon.colcon_cmake.task.cmake.build:Building CMake package in '/home/gustavo/eufs_sim_teste/eufs_sim/eufs_models'
[2.023s] INFO:colcon.colcon_core.shell:Skip shell extension 'powershell' for command environment: Not usable outside of PowerShell
[2.023s] DEBUG:colcon.colcon_core.shell:Skip shell extension 'dsv' for command environment
[2.030s] INFO:colcon.colcon_ros.task.ament_python.build:Building ROS package in '/home/gustavo/eufs_sim_teste/eufs_sim/eufs_rqt' with build type 'ament_python'
[2.031s] Level 1:colcon.colcon_core.shell:create_environment_hook('eufs_rqt', 'ament_prefix_path')
[2.033s] INFO:colcon.colcon_core.shell:Creating environment hook '/home/gustavo/eufs_sim_teste/install/eufs_rqt/share/eufs_rqt/hook/ament_prefix_path.ps1'
[2.034s] INFO:colcon.colcon_core.shell:Creating environment descriptor '/home/gustavo/eufs_sim_teste/install/eufs_rqt/share/eufs_rqt/hook/ament_prefix_path.dsv'
[2.034s] INFO:colcon.colcon_core.shell:Creating environment hook '/home/gustavo/eufs_sim_teste/install/eufs_rqt/share/eufs_rqt/hook/ament_prefix_path.sh'
[2.036s] INFO:colcon.colcon_core.shell:Skip shell extension 'powershell' for command environment: Not usable outside of PowerShell
[2.036s] DEBUG:colcon.colcon_core.shell:Skip shell extension 'dsv' for command environment
[2.050s] DEBUG:colcon.colcon_core.event_handler.log_command:Invoking command in '/home/gustavo/eufs_sim_teste/build/eufs_models': AMENT_PREFIX_PATH=/home/gustavo/eufs_sim_teste/install/eufs_msgs:${AMENT_PREFIX_PATH} CMAKE_PREFIX_PATH=/home/gustavo/eufs_sim_teste/install/eufs_msgs:/opt/ros/galactic LD_LIBRARY_PATH=/home/gustavo/eufs_sim_teste/install/eufs_msgs/lib:${LD_LIBRARY_PATH} PYTHONPATH=/home/gustavo/eufs_sim_teste/install/eufs_msgs/lib/python3.8/site-packages:${PYTHONPATH} /usr/bin/cmake --build /home/gustavo/eufs_sim_teste/build/eufs_models -- -j8 -l8
[2.275s] INFO:colcon.colcon_core.task.python.build:Building Python package in '/home/gustavo/eufs_sim_teste/eufs_sim/eufs_rqt'
[2.278s] INFO:colcon.colcon_core.shell:Skip shell extension 'powershell' for command environment: Not usable outside of PowerShell
[2.278s] DEBUG:colcon.colcon_core.shell:Skip shell extension 'dsv' for command environment
[2.284s] DEBUG:colcon.colcon_core.event_handler.log_command:Invoked command in '/home/gustavo/eufs_sim_teste/build/eufs_models' returned '0': AMENT_PREFIX_PATH=/home/gustavo/eufs_sim_teste/install/eufs_msgs:${AMENT_PREFIX_PATH} CMAKE_PREFIX_PATH=/home/gustavo/eufs_sim_teste/install/eufs_msgs:/opt/ros/galactic LD_LIBRARY_PATH=/home/gustavo/eufs_sim_teste/install/eufs_msgs/lib:${LD_LIBRARY_PATH} PYTHONPATH=/home/gustavo/eufs_sim_teste/install/eufs_msgs/lib/python3.8/site-packages:${PYTHONPATH} /usr/bin/cmake --build /home/gustavo/eufs_sim_teste/build/eufs_models -- -j8 -l8
[2.307s] DEBUG:colcon.colcon_core.event_handler.log_command:Invoking command in '/home/gustavo/eufs_sim_teste/build/eufs_models': AMENT_PREFIX_PATH=/home/gustavo/eufs_sim_teste/install/eufs_msgs:${AMENT_PREFIX_PATH} CMAKE_PREFIX_PATH=/home/gustavo/eufs_sim_teste/install/eufs_msgs:/opt/ros/galactic LD_LIBRARY_PATH=/home/gustavo/eufs_sim_teste/install/eufs_msgs/lib:${LD_LIBRARY_PATH} PYTHONPATH=/home/gustavo/eufs_sim_teste/install/eufs_msgs/lib/python3.8/site-packages:${PYTHONPATH} /usr/bin/cmake --install /home/gustavo/eufs_sim_teste/build/eufs_models
[2.328s] Level 1:colcon.colcon_core.environment:create_environment_scripts_only(eufs_models)
[2.334s] Level 1:colcon.colcon_core.environment:checking '/home/gustavo/eufs_sim_teste/install/eufs_models' for CMake module files
[2.335s] DEBUG:colcon.colcon_core.event_handler.log_command:Invoked command in '/home/gustavo/eufs_sim_teste/build/eufs_models' returned '0': AMENT_PREFIX_PATH=/home/gustavo/eufs_sim_teste/install/eufs_msgs:${AMENT_PREFIX_PATH} CMAKE_PREFIX_PATH=/home/gustavo/eufs_sim_teste/install/eufs_msgs:/opt/ros/galactic LD_LIBRARY_PATH=/home/gustavo/eufs_sim_teste/install/eufs_msgs/lib:${LD_LIBRARY_PATH} PYTHONPATH=/home/gustavo/eufs_sim_teste/install/eufs_msgs/lib/python3.8/site-packages:${PYTHONPATH} /usr/bin/cmake --install /home/gustavo/eufs_sim_teste/build/eufs_models
[2.335s] Level 1:colcon.colcon_core.environment:checking '/home/gustavo/eufs_sim_teste/install/eufs_models' for CMake config files
[2.336s] Level 1:colcon.colcon_core.shell:create_environment_hook('eufs_models', 'cmake_prefix_path')
[2.340s] INFO:colcon.colcon_core.shell:Creating environment hook '/home/gustavo/eufs_sim_teste/install/eufs_models/share/eufs_models/hook/cmake_prefix_path.ps1'
[2.341s] INFO:colcon.colcon_core.shell:Creating environment descriptor '/home/gustavo/eufs_sim_teste/install/eufs_models/share/eufs_models/hook/cmake_prefix_path.dsv'
[2.341s] INFO:colcon.colcon_core.shell:Creating environment hook '/home/gustavo/eufs_sim_teste/install/eufs_models/share/eufs_models/hook/cmake_prefix_path.sh'
[2.342s] Level 1:colcon.colcon_core.environment:checking '/home/gustavo/eufs_sim_teste/install/eufs_models/lib'
[2.342s] Level 1:colcon.colcon_core.environment:checking '/home/gustavo/eufs_sim_teste/install/eufs_models/bin'
[2.342s] Level 1:colcon.colcon_core.environment:checking '/home/gustavo/eufs_sim_teste/install/eufs_models/lib/pkgconfig/eufs_models.pc'
[2.342s] Level 1:colcon.colcon_core.environment:checking '/home/gustavo/eufs_sim_teste/install/eufs_models/lib/python3.8/site-packages'
[2.342s] Level 1:colcon.colcon_core.environment:checking '/home/gustavo/eufs_sim_teste/install/eufs_models/bin'
[2.347s] INFO:colcon.colcon_core.shell:Creating package script '/home/gustavo/eufs_sim_teste/install/eufs_models/share/eufs_models/package.ps1'
[2.347s] INFO:colcon.colcon_core.shell:Creating package descriptor '/home/gustavo/eufs_sim_teste/install/eufs_models/share/eufs_models/package.dsv'
[2.348s] INFO:colcon.colcon_core.shell:Creating package script '/home/gustavo/eufs_sim_teste/install/eufs_models/share/eufs_models/package.sh'
[2.348s] INFO:colcon.colcon_core.shell:Creating package script '/home/gustavo/eufs_sim_teste/install/eufs_models/share/eufs_models/package.bash'
[2.348s] INFO:colcon.colcon_core.shell:Creating package script '/home/gustavo/eufs_sim_teste/install/eufs_models/share/eufs_models/package.zsh'
[2.349s] Level 1:colcon.colcon_core.environment:create_file_with_runtime_dependencies(/home/gustavo/eufs_sim_teste/install/eufs_models/share/colcon-core/packages/eufs_models)
[2.374s] Level 1:colcon.colcon_core.environment:create_environment_scripts_only(eufs_models)
[2.380s] Level 1:colcon.colcon_core.environment:checking '/home/gustavo/eufs_sim_teste/install/eufs_models' for CMake module files
[2.381s] Level 1:colcon.colcon_core.environment:checking '/home/gustavo/eufs_sim_teste/install/eufs_models' for CMake config files
[2.381s] Level 1:colcon.colcon_core.shell:create_environment_hook('eufs_models', 'cmake_prefix_path')
[2.385s] INFO:colcon.colcon_core.shell:Creating environment hook '/home/gustavo/eufs_sim_teste/install/eufs_models/share/eufs_models/hook/cmake_prefix_path.ps1'
[2.386s] INFO:colcon.colcon_core.shell:Creating environment descriptor '/home/gustavo/eufs_sim_teste/install/eufs_models/share/eufs_models/hook/cmake_prefix_path.dsv'
[2.386s] INFO:colcon.colcon_core.shell:Creating environment hook '/home/gustavo/eufs_sim_teste/install/eufs_models/share/eufs_models/hook/cmake_prefix_path.sh'
[2.387s] Level 1:colcon.colcon_core.environment:checking '/home/gustavo/eufs_sim_teste/install/eufs_models/lib'
[2.387s] Level 1:colcon.colcon_core.environment:checking '/home/gustavo/eufs_sim_teste/install/eufs_models/bin'
[2.387s] Level 1:colcon.colcon_core.environment:checking '/home/gustavo/eufs_sim_teste/install/eufs_models/lib/pkgconfig/eufs_models.pc'
[2.387s] Level 1:colcon.colcon_core.environment:checking '/home/gustavo/eufs_sim_teste/install/eufs_models/lib/python3.8/site-packages'
[2.387s] Level 1:colcon.colcon_core.environment:checking '/home/gustavo/eufs_sim_teste/install/eufs_models/bin'
[2.392s] INFO:colcon.colcon_core.shell:Creating package script '/home/gustavo/eufs_sim_teste/install/eufs_models/share/eufs_models/package.ps1'
[2.393s] INFO:colcon.colcon_core.shell:Creating package descriptor '/home/gustavo/eufs_sim_teste/install/eufs_models/share/eufs_models/package.dsv'
[2.393s] INFO:colcon.colcon_core.shell:Creating package script '/home/gustavo/eufs_sim_teste/install/eufs_models/share/eufs_models/package.sh'
[2.394s] INFO:colcon.colcon_core.shell:Creating package script '/home/gustavo/eufs_sim_teste/install/eufs_models/share/eufs_models/package.bash'
[2.394s] INFO:colcon.colcon_core.shell:Creating package script '/home/gustavo/eufs_sim_teste/install/eufs_models/share/eufs_models/package.zsh'
[2.394s] Level 1:colcon.colcon_core.environment:create_file_with_runtime_dependencies(/home/gustavo/eufs_sim_teste/install/eufs_models/share/colcon-core/packages/eufs_models)
[2.395s] INFO:colcon.colcon_ros.task.ament_cmake.build:Building ROS package in '/home/gustavo/eufs_sim_teste/eufs_sim/eufs_plugins' with build type 'ament_cmake'
[2.395s] INFO:colcon.colcon_cmake.task.cmake.build:Building CMake package in '/home/gustavo/eufs_sim_teste/eufs_sim/eufs_plugins'
[2.397s] INFO:colcon.colcon_core.shell:Skip shell extension 'powershell' for command environment: Not usable outside of PowerShell
[2.397s] DEBUG:colcon.colcon_core.shell:Skip shell extension 'dsv' for command environment
[2.418s] DEBUG:colcon.colcon_core.event_handler.log_command:Invoking command in '/home/gustavo/eufs_sim_teste/build/eufs_launcher': AMENT_PREFIX_PATH=/home/gustavo/eufs_sim_teste/install/eufs_tracks:${AMENT_PREFIX_PATH} PYTHONPATH=/home/gustavo/eufs_sim_teste/build/eufs_launcher/prefix_override:/home/gustavo/eufs_sim_teste/install/eufs_launcher/lib/python3.8/site-packages:/home/gustavo/eufs_sim_teste/build/eufs_tracks:/home/gustavo/eufs_sim_teste/install/eufs_tracks/lib/python3.8/site-packages:${PYTHONPATH} /usr/bin/python3 setup.py develop --editable --build-directory /home/gustavo/eufs_sim_teste/build/eufs_launcher/build --no-deps install_data
[2.425s] DEBUG:colcon.colcon_core.event_handler.log_command:Invoking command in '/home/gustavo/eufs_sim_teste/build/eufs_plugins': AMENT_PREFIX_PATH=/home/gustavo/eufs_sim_teste/install/eufs_models:/home/gustavo/eufs_sim_teste/install/eufs_msgs:${AMENT_PREFIX_PATH} CMAKE_PREFIX_PATH=/home/gustavo/eufs_sim_teste/install/eufs_models:/home/gustavo/eufs_sim_teste/install/eufs_msgs:/opt/ros/galactic LD_LIBRARY_PATH=/home/gustavo/eufs_sim_teste/install/eufs_models/lib:/home/gustavo/eufs_sim_teste/install/eufs_msgs/lib:${LD_LIBRARY_PATH} PYTHONPATH=/home/gustavo/eufs_sim_teste/install/eufs_msgs/lib/python3.8/site-packages:${PYTHONPATH} /usr/bin/cmake --build /home/gustavo/eufs_sim_teste/build/eufs_plugins -- -j8 -l8
[2.519s] DEBUG:colcon.colcon_core.event_handler.log_command:Invoked command in '/home/gustavo/eufs_sim_teste/build/eufs_plugins' returned '0': AMENT_PREFIX_PATH=/home/gustavo/eufs_sim_teste/install/eufs_models:/home/gustavo/eufs_sim_teste/install/eufs_msgs:${AMENT_PREFIX_PATH} CMAKE_PREFIX_PATH=/home/gustavo/eufs_sim_teste/install/eufs_models:/home/gustavo/eufs_sim_teste/install/eufs_msgs:/opt/ros/galactic LD_LIBRARY_PATH=/home/gustavo/eufs_sim_teste/install/eufs_models/lib:/home/gustavo/eufs_sim_teste/install/eufs_msgs/lib:${LD_LIBRARY_PATH} PYTHONPATH=/home/gustavo/eufs_sim_teste/install/eufs_msgs/lib/python3.8/site-packages:${PYTHONPATH} /usr/bin/cmake --build /home/gustavo/eufs_sim_teste/build/eufs_plugins -- -j8 -l8
[2.542s] DEBUG:colcon.colcon_core.event_handler.log_command:Invoking command in '/home/gustavo/eufs_sim_teste/build/eufs_plugins': AMENT_PREFIX_PATH=/home/gustavo/eufs_sim_teste/install/eufs_models:/home/gustavo/eufs_sim_teste/install/eufs_msgs:${AMENT_PREFIX_PATH} CMAKE_PREFIX_PATH=/home/gustavo/eufs_sim_teste/install/eufs_models:/home/gustavo/eufs_sim_teste/install/eufs_msgs:/opt/ros/galactic LD_LIBRARY_PATH=/home/gustavo/eufs_sim_teste/install/eufs_models/lib:/home/gustavo/eufs_sim_teste/install/eufs_msgs/lib:${LD_LIBRARY_PATH} PYTHONPATH=/home/gustavo/eufs_sim_teste/install/eufs_msgs/lib/python3.8/site-packages:${PYTHONPATH} /usr/bin/cmake --install /home/gustavo/eufs_sim_teste/build/eufs_plugins
[2.566s] Level 1:colcon.colcon_core.environment:create_environment_scripts_only(eufs_plugins)
[2.573s] Level 1:colcon.colcon_core.environment:checking '/home/gustavo/eufs_sim_teste/install/eufs_plugins' for CMake module files
[2.574s] DEBUG:colcon.colcon_core.event_handler.log_command:Invoked command in '/home/gustavo/eufs_sim_teste/build/eufs_plugins' returned '0': AMENT_PREFIX_PATH=/home/gustavo/eufs_sim_teste/install/eufs_models:/home/gustavo/eufs_sim_teste/install/eufs_msgs:${AMENT_PREFIX_PATH} CMAKE_PREFIX_PATH=/home/gustavo/eufs_sim_teste/install/eufs_models:/home/gustavo/eufs_sim_teste/install/eufs_msgs:/opt/ros/galactic LD_LIBRARY_PATH=/home/gustavo/eufs_sim_teste/install/eufs_models/lib:/home/gustavo/eufs_sim_teste/install/eufs_msgs/lib:${LD_LIBRARY_PATH} PYTHONPATH=/home/gustavo/eufs_sim_teste/install/eufs_msgs/lib/python3.8/site-packages:${PYTHONPATH} /usr/bin/cmake --install /home/gustavo/eufs_sim_teste/build/eufs_plugins
[2.574s] Level 1:colcon.colcon_core.environment:checking '/home/gustavo/eufs_sim_teste/install/eufs_plugins' for CMake config files
[2.574s] Level 1:colcon.colcon_core.shell:create_environment_hook('eufs_plugins', 'cmake_prefix_path')
[2.579s] INFO:colcon.colcon_core.shell:Creating environment hook '/home/gustavo/eufs_sim_teste/install/eufs_plugins/share/eufs_plugins/hook/cmake_prefix_path.ps1'
[2.579s] INFO:colcon.colcon_core.shell:Creating environment descriptor '/home/gustavo/eufs_sim_teste/install/eufs_plugins/share/eufs_plugins/hook/cmake_prefix_path.dsv'
[2.580s] INFO:colcon.colcon_core.shell:Creating environment hook '/home/gustavo/eufs_sim_teste/install/eufs_plugins/share/eufs_plugins/hook/cmake_prefix_path.sh'
[2.580s] Level 1:colcon.colcon_core.environment:checking '/home/gustavo/eufs_sim_teste/install/eufs_plugins/lib'
[2.580s] Level 1:colcon.colcon_core.shell:create_environment_hook('eufs_plugins', 'ld_library_path_lib')
[2.584s] INFO:colcon.colcon_core.shell:Creating environment hook '/home/gustavo/eufs_sim_teste/install/eufs_plugins/share/eufs_plugins/hook/ld_library_path_lib.ps1'
[2.585s] INFO:colcon.colcon_core.shell:Creating environment descriptor '/home/gustavo/eufs_sim_teste/install/eufs_plugins/share/eufs_plugins/hook/ld_library_path_lib.dsv'
[2.585s] INFO:colcon.colcon_core.shell:Creating environment hook '/home/gustavo/eufs_sim_teste/install/eufs_plugins/share/eufs_plugins/hook/ld_library_path_lib.sh'
[2.585s] Level 1:colcon.colcon_core.environment:checking '/home/gustavo/eufs_sim_teste/install/eufs_plugins/bin'
[2.585s] Level 1:colcon.colcon_core.environment:checking '/home/gustavo/eufs_sim_teste/install/eufs_plugins/lib/pkgconfig/eufs_plugins.pc'
[2.586s] Level 1:colcon.colcon_core.environment:checking '/home/gustavo/eufs_sim_teste/install/eufs_plugins/lib/python3.8/site-packages'
[2.586s] Level 1:colcon.colcon_core.environment:checking '/home/gustavo/eufs_sim_teste/install/eufs_plugins/bin'
[2.590s] INFO:colcon.colcon_core.shell:Creating package script '/home/gustavo/eufs_sim_teste/install/eufs_plugins/share/eufs_plugins/package.ps1'
[2.591s] INFO:colcon.colcon_core.shell:Creating package descriptor '/home/gustavo/eufs_sim_teste/install/eufs_plugins/share/eufs_plugins/package.dsv'
[2.592s] INFO:colcon.colcon_core.shell:Creating package script '/home/gustavo/eufs_sim_teste/install/eufs_plugins/share/eufs_plugins/package.sh'
[2.592s] INFO:colcon.colcon_core.shell:Creating package script '/home/gustavo/eufs_sim_teste/install/eufs_plugins/share/eufs_plugins/package.bash'
[2.592s] INFO:colcon.colcon_core.shell:Creating package script '/home/gustavo/eufs_sim_teste/install/eufs_plugins/share/eufs_plugins/package.zsh'
[2.594s] Level 1:colcon.colcon_core.environment:create_file_with_runtime_dependencies(/home/gustavo/eufs_sim_teste/install/eufs_plugins/share/colcon-core/packages/eufs_plugins)
[2.617s] Level 1:colcon.colcon_core.environment:create_environment_scripts_only(eufs_plugins)
[2.623s] Level 1:colcon.colcon_core.environment:checking '/home/gustavo/eufs_sim_teste/install/eufs_plugins' for CMake module files
[2.624s] Level 1:colcon.colcon_core.environment:checking '/home/gustavo/eufs_sim_teste/install/eufs_plugins' for CMake config files
[2.624s] Level 1:colcon.colcon_core.shell:create_environment_hook('eufs_plugins', 'cmake_prefix_path')
[2.629s] INFO:colcon.colcon_core.shell:Creating environment hook '/home/gustavo/eufs_sim_teste/install/eufs_plugins/share/eufs_plugins/hook/cmake_prefix_path.ps1'
[2.630s] INFO:colcon.colcon_core.shell:Creating environment descriptor '/home/gustavo/eufs_sim_teste/install/eufs_plugins/share/eufs_plugins/hook/cmake_prefix_path.dsv'
[2.630s] INFO:colcon.colcon_core.shell:Creating environment hook '/home/gustavo/eufs_sim_teste/install/eufs_plugins/share/eufs_plugins/hook/cmake_prefix_path.sh'
[2.631s] Level 1:colcon.colcon_core.environment:checking '/home/gustavo/eufs_sim_teste/install/eufs_plugins/lib'
[2.631s] Level 1:colcon.colcon_core.shell:create_environment_hook('eufs_plugins', 'ld_library_path_lib')
[2.635s] INFO:colcon.colcon_core.shell:Creating environment hook '/home/gustavo/eufs_sim_teste/install/eufs_plugins/share/eufs_plugins/hook/ld_library_path_lib.ps1'
[2.636s] INFO:colcon.colcon_core.shell:Creating environment descriptor '/home/gustavo/eufs_sim_teste/install/eufs_plugins/share/eufs_plugins/hook/ld_library_path_lib.dsv'
[2.636s] INFO:colcon.colcon_core.shell:Creating environment hook '/home/gustavo/eufs_sim_teste/install/eufs_plugins/share/eufs_plugins/hook/ld_library_path_lib.sh'
[2.637s] Level 1:colcon.colcon_core.environment:checking '/home/gustavo/eufs_sim_teste/install/eufs_plugins/bin'
[2.637s] Level 1:colcon.colcon_core.environment:checking '/home/gustavo/eufs_sim_teste/install/eufs_plugins/lib/pkgconfig/eufs_plugins.pc'
[2.637s] Level 1:colcon.colcon_core.environment:checking '/home/gustavo/eufs_sim_teste/install/eufs_plugins/lib/python3.8/site-packages'
[2.637s] Level 1:colcon.colcon_core.environment:checking '/home/gustavo/eufs_sim_teste/install/eufs_plugins/bin'
[2.642s] INFO:colcon.colcon_core.shell:Creating package script '/home/gustavo/eufs_sim_teste/install/eufs_plugins/share/eufs_plugins/package.ps1'
[2.643s] INFO:colcon.colcon_core.shell:Creating package descriptor '/home/gustavo/eufs_sim_teste/install/eufs_plugins/share/eufs_plugins/package.dsv'
[2.644s] INFO:colcon.colcon_core.shell:Creating package script '/home/gustavo/eufs_sim_teste/install/eufs_plugins/share/eufs_plugins/package.sh'
[2.645s] INFO:colcon.colcon_core.shell:Creating package script '/home/gustavo/eufs_sim_teste/install/eufs_plugins/share/eufs_plugins/package.bash'
[2.645s] INFO:colcon.colcon_core.shell:Creating package script '/home/gustavo/eufs_sim_teste/install/eufs_plugins/share/eufs_plugins/package.zsh'
[2.645s] Level 1:colcon.colcon_core.environment:create_file_with_runtime_dependencies(/home/gustavo/eufs_sim_teste/install/eufs_plugins/share/colcon-core/packages/eufs_plugins)
[2.657s] DEBUG:colcon.colcon_core.event_handler.log_command:Invoking command in '/home/gustavo/eufs_sim_teste/build/eufs_rqt': AMENT_PREFIX_PATH=/home/gustavo/eufs_sim_teste/install/eufs_msgs:${AMENT_PREFIX_PATH} CMAKE_PREFIX_PATH=/home/gustavo/eufs_sim_teste/install/eufs_msgs LD_LIBRARY_PATH=/home/gustavo/eufs_sim_teste/install/eufs_msgs/lib:${LD_LIBRARY_PATH} PYTHONPATH=/home/gustavo/eufs_sim_teste/build/eufs_rqt/prefix_override:/home/gustavo/eufs_sim_teste/install/eufs_rqt/lib/python3.8/site-packages:/home/gustavo/eufs_sim_teste/install/eufs_msgs/lib/python3.8/site-packages:${PYTHONPATH} /usr/bin/python3 setup.py develop --editable --build-directory /home/gustavo/eufs_sim_teste/build/eufs_rqt/build --no-deps install_data
[2.817s] Level 1:colcon.colcon_core.shell:create_environment_hook('eufs_launcher', 'pythonpath_develop')
[2.820s] INFO:colcon.colcon_core.shell:Creating environment hook '/home/gustavo/eufs_sim_teste/build/eufs_launcher/src/share/eufs_launcher/hook/pythonpath_develop.ps1'
[2.820s] DEBUG:colcon.colcon_core.event_handler.log_command:Invoked command in '/home/gustavo/eufs_sim_teste/build/eufs_launcher' returned '0': AMENT_PREFIX_PATH=/home/gustavo/eufs_sim_teste/install/eufs_tracks:${AMENT_PREFIX_PATH} PYTHONPATH=/home/gustavo/eufs_sim_teste/build/eufs_launcher/prefix_override:/home/gustavo/eufs_sim_teste/install/eufs_launcher/lib/python3.8/site-packages:/home/gustavo/eufs_sim_teste/build/eufs_tracks:/home/gustavo/eufs_sim_teste/install/eufs_tracks/lib/python3.8/site-packages:${PYTHONPATH} /usr/bin/python3 setup.py develop --editable --build-directory /home/gustavo/eufs_sim_teste/build/eufs_launcher/build --no-deps install_data
[2.821s] INFO:colcon.colcon_core.shell:Creating environment descriptor '/home/gustavo/eufs_sim_teste/build/eufs_launcher/src/share/eufs_launcher/hook/pythonpath_develop.dsv'
[2.821s] INFO:colcon.colcon_core.shell:Creating environment hook '/home/gustavo/eufs_sim_teste/build/eufs_launcher/src/share/eufs_launcher/hook/pythonpath_develop.sh'
[2.825s] Level 1:colcon.colcon_core.environment:checking '/home/gustavo/eufs_sim_teste/install/eufs_launcher' for CMake module files
[2.826s] Level 1:colcon.colcon_core.environment:checking '/home/gustavo/eufs_sim_teste/install/eufs_launcher' for CMake config files
[2.826s] Level 1:colcon.colcon_core.environment:checking '/home/gustavo/eufs_sim_teste/install/eufs_launcher/lib'
[2.826s] Level 1:colcon.colcon_core.environment:checking '/home/gustavo/eufs_sim_teste/install/eufs_launcher/bin'
[2.826s] Level 1:colcon.colcon_core.environment:checking '/home/gustavo/eufs_sim_teste/install/eufs_launcher/lib/pkgconfig/eufs_launcher.pc'
[2.826s] Level 1:colcon.colcon_core.environment:checking '/home/gustavo/eufs_sim_teste/install/eufs_launcher/lib/python3.8/site-packages'
[2.826s] Level 1:colcon.colcon_core.shell:create_environment_hook('eufs_launcher', 'pythonpath')
[2.829s] INFO:colcon.colcon_core.shell:Creating environment hook '/home/gustavo/eufs_sim_teste/install/eufs_launcher/share/eufs_launcher/hook/pythonpath.ps1'
[2.829s] INFO:colcon.colcon_core.shell:Creating environment descriptor '/home/gustavo/eufs_sim_teste/install/eufs_launcher/share/eufs_launcher/hook/pythonpath.dsv'
[2.829s] INFO:colcon.colcon_core.shell:Creating environment hook '/home/gustavo/eufs_sim_teste/install/eufs_launcher/share/eufs_launcher/hook/pythonpath.sh'
[2.830s] Level 1:colcon.colcon_core.environment:checking '/home/gustavo/eufs_sim_teste/install/eufs_launcher/bin'
[2.830s] Level 1:colcon.colcon_core.environment:create_environment_scripts_only(eufs_launcher)
[2.832s] INFO:colcon.colcon_core.shell:Creating package script '/home/gustavo/eufs_sim_teste/install/eufs_launcher/share/eufs_launcher/package.ps1'
[2.833s] INFO:colcon.colcon_core.shell:Creating package descriptor '/home/gustavo/eufs_sim_teste/install/eufs_launcher/share/eufs_launcher/package.dsv'
[2.833s] INFO:colcon.colcon_core.shell:Creating package script '/home/gustavo/eufs_sim_teste/install/eufs_launcher/share/eufs_launcher/package.sh'
[2.833s] INFO:colcon.colcon_core.shell:Creating package script '/home/gustavo/eufs_sim_teste/install/eufs_launcher/share/eufs_launcher/package.bash'
[2.833s] INFO:colcon.colcon_core.shell:Creating package script '/home/gustavo/eufs_sim_teste/install/eufs_launcher/share/eufs_launcher/package.zsh'
[2.834s] Level 1:colcon.colcon_core.environment:create_file_with_runtime_dependencies(/home/gustavo/eufs_sim_teste/install/eufs_launcher/share/colcon-core/packages/eufs_launcher)
[3.016s] Level 1:colcon.colcon_core.shell:create_environment_hook('eufs_rqt', 'pythonpath_develop')
[3.018s] INFO:colcon.colcon_core.shell:Creating environment hook '/home/gustavo/eufs_sim_teste/build/eufs_rqt/src/share/eufs_rqt/hook/pythonpath_develop.ps1'
[3.019s] DEBUG:colcon.colcon_core.event_handler.log_command:Invoked command in '/home/gustavo/eufs_sim_teste/build/eufs_rqt' returned '0': AMENT_PREFIX_PATH=/home/gustavo/eufs_sim_teste/install/eufs_msgs:${AMENT_PREFIX_PATH} CMAKE_PREFIX_PATH=/home/gustavo/eufs_sim_teste/install/eufs_msgs LD_LIBRARY_PATH=/home/gustavo/eufs_sim_teste/install/eufs_msgs/lib:${LD_LIBRARY_PATH} PYTHONPATH=/home/gustavo/eufs_sim_teste/build/eufs_rqt/prefix_override:/home/gustavo/eufs_sim_teste/install/eufs_rqt/lib/python3.8/site-packages:/home/gustavo/eufs_sim_teste/install/eufs_msgs/lib/python3.8/site-packages:${PYTHONPATH} /usr/bin/python3 setup.py develop --editable --build-directory /home/gustavo/eufs_sim_teste/build/eufs_rqt/build --no-deps install_data
[3.019s] INFO:colcon.colcon_core.shell:Creating environment descriptor '/home/gustavo/eufs_sim_teste/build/eufs_rqt/src/share/eufs_rqt/hook/pythonpath_develop.dsv'
[3.019s] INFO:colcon.colcon_core.shell:Creating environment hook '/home/gustavo/eufs_sim_teste/build/eufs_rqt/src/share/eufs_rqt/hook/pythonpath_develop.sh'
[3.023s] Level 1:colcon.colcon_core.environment:checking '/home/gustavo/eufs_sim_teste/install/eufs_rqt' for CMake module files
[3.023s] Level 1:colcon.colcon_core.environment:checking '/home/gustavo/eufs_sim_teste/install/eufs_rqt' for CMake config files
[3.024s] Level 1:colcon.colcon_core.environment:checking '/home/gustavo/eufs_sim_teste/install/eufs_rqt/lib'
[3.024s] Level 1:colcon.colcon_core.environment:checking '/home/gustavo/eufs_sim_teste/install/eufs_rqt/bin'
[3.024s] Level 1:colcon.colcon_core.environment:checking '/home/gustavo/eufs_sim_teste/install/eufs_rqt/lib/pkgconfig/eufs_rqt.pc'
[3.024s] Level 1:colcon.colcon_core.environment:checking '/home/gustavo/eufs_sim_teste/install/eufs_rqt/lib/python3.8/site-packages'
[3.024s] Level 1:colcon.colcon_core.shell:create_environment_hook('eufs_rqt', 'pythonpath')
[3.026s] INFO:colcon.colcon_core.shell:Creating environment hook '/home/gustavo/eufs_sim_teste/install/eufs_rqt/share/eufs_rqt/hook/pythonpath.ps1'
[3.026s] INFO:colcon.colcon_core.shell:Creating environment descriptor '/home/gustavo/eufs_sim_teste/install/eufs_rqt/share/eufs_rqt/hook/pythonpath.dsv'
[3.027s] INFO:colcon.colcon_core.shell:Creating environment hook '/home/gustavo/eufs_sim_teste/install/eufs_rqt/share/eufs_rqt/hook/pythonpath.sh'
[3.027s] Level 1:colcon.colcon_core.environment:checking '/home/gustavo/eufs_sim_teste/install/eufs_rqt/bin'
[3.027s] Level 1:colcon.colcon_core.environment:create_environment_scripts_only(eufs_rqt)
[3.029s] INFO:colcon.colcon_core.shell:Creating package script '/home/gustavo/eufs_sim_teste/install/eufs_rqt/share/eufs_rqt/package.ps1'
[3.030s] INFO:colcon.colcon_core.shell:Creating package descriptor '/home/gustavo/eufs_sim_teste/install/eufs_rqt/share/eufs_rqt/package.dsv'
[3.030s] INFO:colcon.colcon_core.shell:Creating package script '/home/gustavo/eufs_sim_teste/install/eufs_rqt/share/eufs_rqt/package.sh'
[3.030s] INFO:colcon.colcon_core.shell:Creating package script '/home/gustavo/eufs_sim_teste/install/eufs_rqt/share/eufs_rqt/package.bash'
[3.031s] INFO:colcon.colcon_core.shell:Creating package script '/home/gustavo/eufs_sim_teste/install/eufs_rqt/share/eufs_rqt/package.zsh'
[3.031s] Level 1:colcon.colcon_core.environment:create_file_with_runtime_dependencies(/home/gustavo/eufs_sim_teste/install/eufs_rqt/share/colcon-core/packages/eufs_rqt)
[3.031s] DEBUG:colcon.colcon_parallel_executor.executor.parallel:closing loop
[3.031s] DEBUG:colcon.colcon_parallel_executor.executor.parallel:loop closed
[3.031s] DEBUG:colcon.colcon_parallel_executor.executor.parallel:run_until_complete finished with '0'
[3.031s] DEBUG:colcon.colcon_core.event_reactor:joining thread
[3.035s] INFO:colcon.colcon_core.plugin_system:Skipping extension 'colcon_notification.desktop_notification.terminal_notifier': Not used on non-Darwin systems
[3.035s] INFO:colcon.colcon_core.plugin_system:Skipping extension 'colcon_notification.desktop_notification.win32': Not used on non-Windows systems
[3.035s] INFO:colcon.colcon_notification.desktop_notification:Sending desktop notification using 'notify2'
[3.046s] DEBUG:colcon.colcon_core.event_reactor:joined thread
[3.049s] INFO:colcon.colcon_core.shell:Creating prefix script '/home/gustavo/eufs_sim_teste/install/local_setup.ps1'
[3.050s] INFO:colcon.colcon_core.shell:Creating prefix util module '/home/gustavo/eufs_sim_teste/install/_local_setup_util_ps1.py'
[3.050s] INFO:colcon.colcon_core.shell:Creating prefix chain script '/home/gustavo/eufs_sim_teste/install/setup.ps1'
[3.052s] INFO:colcon.colcon_core.shell:Creating prefix script '/home/gustavo/eufs_sim_teste/install/local_setup.sh'
[3.052s] INFO:colcon.colcon_core.shell:Creating prefix util module '/home/gustavo/eufs_sim_teste/install/_local_setup_util_sh.py'
[3.052s] INFO:colcon.colcon_core.shell:Creating prefix chain script '/home/gustavo/eufs_sim_teste/install/setup.sh'
[3.054s] INFO:colcon.colcon_core.shell:Creating prefix script '/home/gustavo/eufs_sim_teste/install/local_setup.bash'
[3.054s] INFO:colcon.colcon_core.shell:Creating prefix chain script '/home/gustavo/eufs_sim_teste/install/setup.bash'
[3.055s] INFO:colcon.colcon_core.shell:Creating prefix script '/home/gustavo/eufs_sim_teste/install/local_setup.zsh'
[3.056s] INFO:colcon.colcon_core.shell:Creating prefix chain script '/home/gustavo/eufs_sim_teste/install/setup.zsh'
