running egg_info
writing ../../build/eufs_racecar/eufs_racecar.egg-info/PKG-INFO
writing dependency_links to ../../build/eufs_racecar/eufs_racecar.egg-info/dependency_links.txt
writing requirements to ../../build/eufs_racecar/eufs_racecar.egg-info/requires.txt
writing top-level names to ../../build/eufs_racecar/eufs_racecar.egg-info/top_level.txt
reading manifest file '../../build/eufs_racecar/eufs_racecar.egg-info/SOURCES.txt'
writing manifest file '../../build/eufs_racecar/eufs_racecar.egg-info/SOURCES.txt'
running build
running install
running install_data
copying meshes/carro_enel.dae -> /home/gustavo/eufs_sim_teste/install/eufs_racecar/share/eufs_racecar/meshes
copying meshes/carro_enel_old0.dae -> /home/gustavo/eufs_sim_teste/install/eufs_racecar/share/eufs_racecar/meshes
copying meshes/carro_enel_padrao.dae -> /home/gustavo/eufs_sim_teste/install/eufs_racecar/share/eufs_racecar/meshes
copying urdf/carro_enel_base.urdf.xacro -> /home/gustavo/eufs_sim_teste/install/eufs_racecar/share/eufs_racecar/urdf
copying urdf/carro_enel_wheels.urdf.xacro -> /home/gustavo/eufs_sim_teste/install/eufs_racecar/share/eufs_racecar/urdf
creating /home/gustavo/eufs_sim_teste/install/eufs_racecar/share/eufs_racecar/robots/carro_enel
copying robots/carro_enel/robot.urdf.xacro -> /home/gustavo/eufs_sim_teste/install/eufs_racecar/share/eufs_racecar/robots/carro_enel
copying robots/carro_enel/robot.urdf -> /home/gustavo/eufs_sim_teste/install/eufs_racecar/share/eufs_racecar/robots/carro_enel
copying robots/carro_enel/configWet.yaml -> /home/gustavo/eufs_sim_teste/install/eufs_racecar/share/eufs_racecar/robots/carro_enel
copying robots/carro_enel/configDry.yaml -> /home/gustavo/eufs_sim_teste/install/eufs_racecar/share/eufs_racecar/robots/carro_enel
running install_egg_info
removing '/home/gustavo/eufs_sim_teste/install/eufs_racecar/lib/python3.8/site-packages/eufs_racecar-2.0.0-py3.8.egg-info' (and everything under it)
Copying ../../build/eufs_racecar/eufs_racecar.egg-info to /home/gustavo/eufs_sim_teste/install/eufs_racecar/lib/python3.8/site-packages/eufs_racecar-2.0.0-py3.8.egg-info
running install_scripts
writing list of installed files to '/home/gustavo/eufs_sim_teste/build/eufs_racecar/install.log'
