[0.732s] Invoking command in '/home/gustavo/eufs_sim_teste/eufs_sim/eufs_racecar': PYTHONPATH=/home/gustavo/eufs_sim_teste/build/eufs_racecar/prefix_override:/home/gustavo/eufs_sim_teste/install/eufs_racecar/lib/python3.8/site-packages: /usr/bin/python3 setup.py egg_info --egg-base ../../build/eufs_racecar build --build-base /home/gustavo/eufs_sim_teste/build/eufs_racecar/build install --record /home/gustavo/eufs_sim_teste/build/eufs_racecar/install.log --single-version-externally-managed
[0.887s] running egg_info
[0.888s] writing ../../build/eufs_racecar/eufs_racecar.egg-info/PKG-INFO
[0.888s] writing dependency_links to ../../build/eufs_racecar/eufs_racecar.egg-info/dependency_links.txt
[0.888s] writing requirements to ../../build/eufs_racecar/eufs_racecar.egg-info/requires.txt
[0.888s] writing top-level names to ../../build/eufs_racecar/eufs_racecar.egg-info/top_level.txt
[0.891s] reading manifest file '../../build/eufs_racecar/eufs_racecar.egg-info/SOURCES.txt'
[0.892s] writing manifest file '../../build/eufs_racecar/eufs_racecar.egg-info/SOURCES.txt'
[0.892s] running build
[0.892s] running install
[0.893s] running install_data
[0.893s] copying meshes/carro_enel.dae -> /home/gustavo/eufs_sim_teste/install/eufs_racecar/share/eufs_racecar/meshes
[0.906s] copying meshes/carro_enel_old0.dae -> /home/gustavo/eufs_sim_teste/install/eufs_racecar/share/eufs_racecar/meshes
[0.916s] copying meshes/carro_enel_padrao.dae -> /home/gustavo/eufs_sim_teste/install/eufs_racecar/share/eufs_racecar/meshes
[0.930s] copying urdf/carro_enel_base.urdf.xacro -> /home/gustavo/eufs_sim_teste/install/eufs_racecar/share/eufs_racecar/urdf
[0.930s] copying urdf/carro_enel_wheels.urdf.xacro -> /home/gustavo/eufs_sim_teste/install/eufs_racecar/share/eufs_racecar/urdf
[0.931s] creating /home/gustavo/eufs_sim_teste/install/eufs_racecar/share/eufs_racecar/robots/carro_enel
[0.931s] copying robots/carro_enel/robot.urdf.xacro -> /home/gustavo/eufs_sim_teste/install/eufs_racecar/share/eufs_racecar/robots/carro_enel
[0.931s] copying robots/carro_enel/robot.urdf -> /home/gustavo/eufs_sim_teste/install/eufs_racecar/share/eufs_racecar/robots/carro_enel
[0.931s] copying robots/carro_enel/configWet.yaml -> /home/gustavo/eufs_sim_teste/install/eufs_racecar/share/eufs_racecar/robots/carro_enel
[0.931s] copying robots/carro_enel/configDry.yaml -> /home/gustavo/eufs_sim_teste/install/eufs_racecar/share/eufs_racecar/robots/carro_enel
[0.931s] running install_egg_info
[0.933s] removing '/home/gustavo/eufs_sim_teste/install/eufs_racecar/lib/python3.8/site-packages/eufs_racecar-2.0.0-py3.8.egg-info' (and everything under it)
[0.933s] Copying ../../build/eufs_racecar/eufs_racecar.egg-info to /home/gustavo/eufs_sim_teste/install/eufs_racecar/lib/python3.8/site-packages/eufs_racecar-2.0.0-py3.8.egg-info
[0.934s] running install_scripts
[0.950s] writing list of installed files to '/home/gustavo/eufs_sim_teste/build/eufs_racecar/install.log'
[0.970s] Invoked command in '/home/gustavo/eufs_sim_teste/eufs_sim/eufs_racecar' returned '0': PYTHONPATH=/home/gustavo/eufs_sim_teste/build/eufs_racecar/prefix_override:/home/gustavo/eufs_sim_teste/install/eufs_racecar/lib/python3.8/site-packages: /usr/bin/python3 setup.py egg_info --egg-base ../../build/eufs_racecar build --build-base /home/gustavo/eufs_sim_teste/build/eufs_racecar/build install --record /home/gustavo/eufs_sim_teste/build/eufs_racecar/install.log --single-version-externally-managed
