running develop
running egg_info
writing ../../build/eufs_rqt/eufs_rqt.egg-info/PKG-INFO
writing dependency_links to ../../build/eufs_rqt/eufs_rqt.egg-info/dependency_links.txt
writing requirements to ../../build/eufs_rqt/eufs_rqt.egg-info/requires.txt
writing top-level names to ../../build/eufs_rqt/eufs_rqt.egg-info/top_level.txt
reading manifest file '../../build/eufs_rqt/eufs_rqt.egg-info/SOURCES.txt'
adding license file 'LICENSE'
writing manifest file '../../build/eufs_rqt/eufs_rqt.egg-info/SOURCES.txt'
running build
running build_py
running build_scripts
running install
running install_lib
running install_data
running install_egg_info
removing '/home/gustavo/eufs_sim_teste/install/eufs_rqt/lib/python3.8/site-packages/eufs_rqt-2.0.0-py3.8.egg-info' (and everything under it)
Copying ../../build/eufs_rqt/eufs_rqt.egg-info to /home/gustavo/eufs_sim_teste/install/eufs_rqt/lib/python3.8/site-packages/eufs_rqt-2.0.0-py3.8.egg-info
running install_scripts
changing mode of /home/gustavo/eufs_sim_teste/install/eufs_rqt/lib/eufs_rqt/eufs_robot_steering_gui to 775
changing mode of /home/gustavo/eufs_sim_teste/install/eufs_rqt/lib/eufs_rqt/mission_control_gui to 775
writing list of installed files to '/home/gustavo/eufs_sim_teste/build/eufs_rqt/install.log'
