[0.763s] Invoking command in '/home/gustavo/eufs_sim_teste/build/eufs_rqt': CMAKE_PREFIX_PATH=/home/gustavo/eufs_sim_teste/install/eufs_msgs:/home/gustavo/eufs_sim_teste/install/eufs_sensors:/home/gustavo/eufs_sim_teste/install/eufs_plugins:/home/gustavo/eufs_sim_teste/install/eufs_models LD_LIBRARY_PATH=/home/gustavo/eufs_sim_teste/install/eufs_msgs/lib:/home/gustavo/eufs_sim_teste/install/eufs_plugins/lib:/home/gustavo/eufs_sim_teste/install/eufs_models/lib:/usr/lib/x86_64-linux-gnu/gazebo-11/plugins:/opt/ros/galactic/opt/yaml_cpp_vendor/lib:/opt/ros/galactic/opt/rviz_ogre_vendor/lib:/opt/ros/galactic/lib/x86_64-linux-gnu:/opt/ros/galactic/lib PYTHONPATH=/home/gustavo/eufs_sim_teste/build/eufs_rqt/prefix_override:/home/gustavo/eufs_sim_teste/install/eufs_rqt/lib/python3.8/site-packages:/home/gustavo/eufs_sim_teste/install/eufs_msgs/lib/python3.8/site-packages:/home/gustavo/eufs_sim_teste/build/eufs_launcher/src:/home/gustavo/eufs_sim_teste/install/eufs_launcher/lib/python3.8/site-packages:/home/gustavo/eufs_sim_teste/build/eufs_tracks:/home/gustavo/eufs_sim_teste/install/eufs_tracks/lib/python3.8/site-packages:/home/gustavo/eufs_sim_teste/build/eufs_rqt/src:/home/gustavo/eufs_sim_teste/install/eufs_rqt/lib/python3.8/site-packages:/home/gustavo/eufs_sim_teste/build/eufs_racecar:/home/gustavo/eufs_sim_teste/install/eufs_racecar/lib/python3.8/site-packages:/opt/ros/galactic/lib/python3.8/site-packages /usr/bin/python3 setup.py develop --uninstall --editable --build-directory /home/gustavo/eufs_sim_teste/build/eufs_rqt/build
[0.995s] running develop
[1.118s] Note: you must uninstall or replace scripts manually!
[1.135s] Invoked command in '/home/gustavo/eufs_sim_teste/build/eufs_rqt' returned '0': CMAKE_PREFIX_PATH=/home/gustavo/eufs_sim_teste/install/eufs_msgs:/home/gustavo/eufs_sim_teste/install/eufs_sensors:/home/gustavo/eufs_sim_teste/install/eufs_plugins:/home/gustavo/eufs_sim_teste/install/eufs_models LD_LIBRARY_PATH=/home/gustavo/eufs_sim_teste/install/eufs_msgs/lib:/home/gustavo/eufs_sim_teste/install/eufs_plugins/lib:/home/gustavo/eufs_sim_teste/install/eufs_models/lib:/usr/lib/x86_64-linux-gnu/gazebo-11/plugins:/opt/ros/galactic/opt/yaml_cpp_vendor/lib:/opt/ros/galactic/opt/rviz_ogre_vendor/lib:/opt/ros/galactic/lib/x86_64-linux-gnu:/opt/ros/galactic/lib PYTHONPATH=/home/gustavo/eufs_sim_teste/build/eufs_rqt/prefix_override:/home/gustavo/eufs_sim_teste/install/eufs_rqt/lib/python3.8/site-packages:/home/gustavo/eufs_sim_teste/install/eufs_msgs/lib/python3.8/site-packages:/home/gustavo/eufs_sim_teste/build/eufs_launcher/src:/home/gustavo/eufs_sim_teste/install/eufs_launcher/lib/python3.8/site-packages:/home/gustavo/eufs_sim_teste/build/eufs_tracks:/home/gustavo/eufs_sim_teste/install/eufs_tracks/lib/python3.8/site-packages:/home/gustavo/eufs_sim_teste/build/eufs_rqt/src:/home/gustavo/eufs_sim_teste/install/eufs_rqt/lib/python3.8/site-packages:/home/gustavo/eufs_sim_teste/build/eufs_racecar:/home/gustavo/eufs_sim_teste/install/eufs_racecar/lib/python3.8/site-packages:/opt/ros/galactic/lib/python3.8/site-packages /usr/bin/python3 setup.py develop --uninstall --editable --build-directory /home/gustavo/eufs_sim_teste/build/eufs_rqt/build
[1.137s] Invoking command in '/home/gustavo/eufs_sim_teste/eufs_sim/eufs_rqt': CMAKE_PREFIX_PATH=/home/gustavo/eufs_sim_teste/install/eufs_msgs:/home/gustavo/eufs_sim_teste/install/eufs_sensors:/home/gustavo/eufs_sim_teste/install/eufs_plugins:/home/gustavo/eufs_sim_teste/install/eufs_models LD_LIBRARY_PATH=/home/gustavo/eufs_sim_teste/install/eufs_msgs/lib:/home/gustavo/eufs_sim_teste/install/eufs_plugins/lib:/home/gustavo/eufs_sim_teste/install/eufs_models/lib:/usr/lib/x86_64-linux-gnu/gazebo-11/plugins:/opt/ros/galactic/opt/yaml_cpp_vendor/lib:/opt/ros/galactic/opt/rviz_ogre_vendor/lib:/opt/ros/galactic/lib/x86_64-linux-gnu:/opt/ros/galactic/lib PYTHONPATH=/home/gustavo/eufs_sim_teste/build/eufs_rqt/prefix_override:/home/gustavo/eufs_sim_teste/install/eufs_rqt/lib/python3.8/site-packages:/home/gustavo/eufs_sim_teste/install/eufs_msgs/lib/python3.8/site-packages:/home/gustavo/eufs_sim_teste/build/eufs_launcher/src:/home/gustavo/eufs_sim_teste/install/eufs_launcher/lib/python3.8/site-packages:/home/gustavo/eufs_sim_teste/build/eufs_tracks:/home/gustavo/eufs_sim_teste/install/eufs_tracks/lib/python3.8/site-packages:/home/gustavo/eufs_sim_teste/build/eufs_rqt/src:/home/gustavo/eufs_sim_teste/install/eufs_rqt/lib/python3.8/site-packages:/home/gustavo/eufs_sim_teste/build/eufs_racecar:/home/gustavo/eufs_sim_teste/install/eufs_racecar/lib/python3.8/site-packages:/opt/ros/galactic/lib/python3.8/site-packages /usr/bin/python3 setup.py egg_info --egg-base ../../build/eufs_rqt build --build-base /home/gustavo/eufs_sim_teste/build/eufs_rqt/build install --record /home/gustavo/eufs_sim_teste/build/eufs_rqt/install.log --single-version-externally-managed
[1.315s] running egg_info
[1.316s] writing ../../build/eufs_rqt/eufs_rqt.egg-info/PKG-INFO
[1.316s] writing dependency_links to ../../build/eufs_rqt/eufs_rqt.egg-info/dependency_links.txt
[1.316s] writing requirements to ../../build/eufs_rqt/eufs_rqt.egg-info/requires.txt
[1.316s] writing top-level names to ../../build/eufs_rqt/eufs_rqt.egg-info/top_level.txt
[1.318s] reading manifest file '../../build/eufs_rqt/eufs_rqt.egg-info/SOURCES.txt'
[1.318s] adding license file 'LICENSE'
[1.319s] writing manifest file '../../build/eufs_rqt/eufs_rqt.egg-info/SOURCES.txt'
[1.319s] running build
[1.319s] running build_py
[1.319s] running build_scripts
[1.319s] running install
[1.320s] running install_lib
[1.321s] running install_data
[1.321s] running install_egg_info
[1.322s] removing '/home/gustavo/eufs_sim_teste/install/eufs_rqt/lib/python3.8/site-packages/eufs_rqt-2.0.0-py3.8.egg-info' (and everything under it)
[1.322s] Copying ../../build/eufs_rqt/eufs_rqt.egg-info to /home/gustavo/eufs_sim_teste/install/eufs_rqt/lib/python3.8/site-packages/eufs_rqt-2.0.0-py3.8.egg-info
[1.323s] running install_scripts
[1.334s] changing mode of /home/gustavo/eufs_sim_teste/install/eufs_rqt/lib/eufs_rqt/eufs_robot_steering_gui to 775
[1.335s] changing mode of /home/gustavo/eufs_sim_teste/install/eufs_rqt/lib/eufs_rqt/mission_control_gui to 775
[1.336s] writing list of installed files to '/home/gustavo/eufs_sim_teste/build/eufs_rqt/install.log'
[1.356s] Invoked command in '/home/gustavo/eufs_sim_teste/eufs_sim/eufs_rqt' returned '0': CMAKE_PREFIX_PATH=/home/gustavo/eufs_sim_teste/install/eufs_msgs:/home/gustavo/eufs_sim_teste/install/eufs_sensors:/home/gustavo/eufs_sim_teste/install/eufs_plugins:/home/gustavo/eufs_sim_teste/install/eufs_models LD_LIBRARY_PATH=/home/gustavo/eufs_sim_teste/install/eufs_msgs/lib:/home/gustavo/eufs_sim_teste/install/eufs_plugins/lib:/home/gustavo/eufs_sim_teste/install/eufs_models/lib:/usr/lib/x86_64-linux-gnu/gazebo-11/plugins:/opt/ros/galactic/opt/yaml_cpp_vendor/lib:/opt/ros/galactic/opt/rviz_ogre_vendor/lib:/opt/ros/galactic/lib/x86_64-linux-gnu:/opt/ros/galactic/lib PYTHONPATH=/home/gustavo/eufs_sim_teste/build/eufs_rqt/prefix_override:/home/gustavo/eufs_sim_teste/install/eufs_rqt/lib/python3.8/site-packages:/home/gustavo/eufs_sim_teste/install/eufs_msgs/lib/python3.8/site-packages:/home/gustavo/eufs_sim_teste/build/eufs_launcher/src:/home/gustavo/eufs_sim_teste/install/eufs_launcher/lib/python3.8/site-packages:/home/gustavo/eufs_sim_teste/build/eufs_tracks:/home/gustavo/eufs_sim_teste/install/eufs_tracks/lib/python3.8/site-packages:/home/gustavo/eufs_sim_teste/build/eufs_rqt/src:/home/gustavo/eufs_sim_teste/install/eufs_rqt/lib/python3.8/site-packages:/home/gustavo/eufs_sim_teste/build/eufs_racecar:/home/gustavo/eufs_sim_teste/install/eufs_racecar/lib/python3.8/site-packages:/opt/ros/galactic/lib/python3.8/site-packages /usr/bin/python3 setup.py egg_info --egg-base ../../build/eufs_rqt build --build-base /home/gustavo/eufs_sim_teste/build/eufs_rqt/build install --record /home/gustavo/eufs_sim_teste/build/eufs_rqt/install.log --single-version-externally-managed
