[100%] Built target eufs_models
-- Install configuration: ""
-- Up-to-date: /home/gustavo/eufs_sim_teste/install/eufs_models/share/eufs_models/environment/library_path.sh
-- Up-to-date: /home/gustavo/eufs_sim_teste/install/eufs_models/share/eufs_models/environment/library_path.dsv
-- Up-to-date: /home/gustavo/eufs_sim_teste/install/eufs_models/include
-- Up-to-date: /home/gustavo/eufs_sim_teste/install/eufs_models/include/eufs_models
-- Up-to-date: /home/gustavo/eufs_sim_teste/install/eufs_models/include/eufs_models/dynamic_bicycle.hpp
-- Up-to-date: /home/gustavo/eufs_sim_teste/install/eufs_models/include/eufs_models/eufs_models.hpp
-- Up-to-date: /home/gustavo/eufs_sim_teste/install/eufs_models/include/eufs_models/noise.hpp
-- Up-to-date: /home/gustavo/eufs_sim_teste/install/eufs_models/include/eufs_models/point_mass.hpp
-- Up-to-date: /home/gustavo/eufs_sim_teste/install/eufs_models/include/eufs_models/vehicle_input.hpp
-- Up-to-date: /home/gustavo/eufs_sim_teste/install/eufs_models/include/eufs_models/vehicle_model.hpp
-- Up-to-date: /home/gustavo/eufs_sim_teste/install/eufs_models/include/eufs_models/vehicle_param.hpp
-- Up-to-date: /home/gustavo/eufs_sim_teste/install/eufs_models/include/eufs_models/vehicle_state.hpp
-- Up-to-date: /home/gustavo/eufs_sim_teste/install/eufs_models/lib/libeufs_models.a
-- Up-to-date: /home/gustavo/eufs_sim_teste/install/eufs_models/share/ament_index/resource_index/package_run_dependencies/eufs_models
-- Up-to-date: /home/gustavo/eufs_sim_teste/install/eufs_models/share/ament_index/resource_index/parent_prefix_path/eufs_models
-- Up-to-date: /home/gustavo/eufs_sim_teste/install/eufs_models/share/eufs_models/environment/ament_prefix_path.sh
-- Up-to-date: /home/gustavo/eufs_sim_teste/install/eufs_models/share/eufs_models/environment/ament_prefix_path.dsv
-- Up-to-date: /home/gustavo/eufs_sim_teste/install/eufs_models/share/eufs_models/environment/path.sh
-- Up-to-date: /home/gustavo/eufs_sim_teste/install/eufs_models/share/eufs_models/environment/path.dsv
-- Up-to-date: /home/gustavo/eufs_sim_teste/install/eufs_models/share/eufs_models/local_setup.bash
-- Up-to-date: /home/gustavo/eufs_sim_teste/install/eufs_models/share/eufs_models/local_setup.sh
-- Up-to-date: /home/gustavo/eufs_sim_teste/install/eufs_models/share/eufs_models/local_setup.zsh
-- Up-to-date: /home/gustavo/eufs_sim_teste/install/eufs_models/share/eufs_models/local_setup.dsv
-- Installing: /home/gustavo/eufs_sim_teste/install/eufs_models/share/eufs_models/package.dsv
-- Up-to-date: /home/gustavo/eufs_sim_teste/install/eufs_models/share/ament_index/resource_index/packages/eufs_models
-- Up-to-date: /home/gustavo/eufs_sim_teste/install/eufs_models/share/eufs_models/cmake/export_eufs_modelsExport.cmake
-- Up-to-date: /home/gustavo/eufs_sim_teste/install/eufs_models/share/eufs_models/cmake/export_eufs_modelsExport-noconfig.cmake
-- Up-to-date: /home/gustavo/eufs_sim_teste/install/eufs_models/share/eufs_models/cmake/ament_cmake_export_include_directories-extras.cmake
-- Up-to-date: /home/gustavo/eufs_sim_teste/install/eufs_models/share/eufs_models/cmake/ament_cmake_export_libraries-extras.cmake
-- Up-to-date: /home/gustavo/eufs_sim_teste/install/eufs_models/share/eufs_models/cmake/ament_cmake_export_targets-extras.cmake
-- Up-to-date: /home/gustavo/eufs_sim_teste/install/eufs_models/share/eufs_models/cmake/ament_cmake_export_dependencies-extras.cmake
-- Up-to-date: /home/gustavo/eufs_sim_teste/install/eufs_models/share/eufs_models/cmake/eufs_modelsConfig.cmake
-- Up-to-date: /home/gustavo/eufs_sim_teste/install/eufs_models/share/eufs_models/cmake/eufs_modelsConfig-version.cmake
-- Up-to-date: /home/gustavo/eufs_sim_teste/install/eufs_models/share/eufs_models/package.xml
-- Up-to-date: /home/gustavo/eufs_sim_teste/install/eufs_models/share/eufs_models/models/models.txt
-- Up-to-date: /home/gustavo/eufs_sim_teste/install/eufs_models/share/eufs_models/config/noise.yaml
