[0.542s] Invoking command in '/home/gustavo/eufs_sim_teste/build/eufs_launcher': AMENT_PREFIX_PATH=/home/gustavo/eufs_sim_teste/install/eufs_tracks PYTHONPATH=/home/gustavo/eufs_sim_teste/build/eufs_launcher/prefix_override:/home/gustavo/eufs_sim_teste/install/eufs_launcher/lib/python3.8/site-packages:/home/gustavo/eufs_sim_teste/install/eufs_tracks/lib/python3.8/site-packages /usr/bin/python3 setup.py develop --uninstall --editable --build-directory /home/gustavo/eufs_sim_teste/build/eufs_launcher/build
[0.734s] running develop
[0.821s] Note: you must uninstall or replace scripts manually!
[0.851s] Invoked command in '/home/gustavo/eufs_sim_teste/build/eufs_launcher' returned '0': AMENT_PREFIX_PATH=/home/gustavo/eufs_sim_teste/install/eufs_tracks PYTHONPATH=/home/gustavo/eufs_sim_teste/build/eufs_launcher/prefix_override:/home/gustavo/eufs_sim_teste/install/eufs_launcher/lib/python3.8/site-packages:/home/gustavo/eufs_sim_teste/install/eufs_tracks/lib/python3.8/site-packages /usr/bin/python3 setup.py develop --uninstall --editable --build-directory /home/gustavo/eufs_sim_teste/build/eufs_launcher/build
[0.853s] Invoking command in '/home/gustavo/eufs_sim_teste/eufs_sim/eufs_launcher': AMENT_PREFIX_PATH=/home/gustavo/eufs_sim_teste/install/eufs_tracks PYTHONPATH=/home/gustavo/eufs_sim_teste/build/eufs_launcher/prefix_override:/home/gustavo/eufs_sim_teste/install/eufs_launcher/lib/python3.8/site-packages:/home/gustavo/eufs_sim_teste/install/eufs_tracks/lib/python3.8/site-packages /usr/bin/python3 setup.py egg_info --egg-base ../../build/eufs_launcher build --build-base /home/gustavo/eufs_sim_teste/build/eufs_launcher/build install --record /home/gustavo/eufs_sim_teste/build/eufs_launcher/install.log --single-version-externally-managed
[1.022s] running egg_info
[1.023s] writing ../../build/eufs_launcher/eufs_launcher.egg-info/PKG-INFO
[1.023s] writing dependency_links to ../../build/eufs_launcher/eufs_launcher.egg-info/dependency_links.txt
[1.023s] writing requirements to ../../build/eufs_launcher/eufs_launcher.egg-info/requires.txt
[1.023s] writing top-level names to ../../build/eufs_launcher/eufs_launcher.egg-info/top_level.txt
[1.030s] reading manifest file '../../build/eufs_launcher/eufs_launcher.egg-info/SOURCES.txt'
[1.031s] writing manifest file '../../build/eufs_launcher/eufs_launcher.egg-info/SOURCES.txt'
[1.031s] running build
[1.031s] running build_py
[1.031s] running build_scripts
[1.031s] running install
[1.032s] running install_lib
[1.033s] running install_data
[1.033s] running install_egg_info
[1.034s] removing '/home/gustavo/eufs_sim_teste/install/eufs_launcher/lib/python3.8/site-packages/eufs_launcher-2.0.0-py3.8.egg-info' (and everything under it)
[1.034s] Copying ../../build/eufs_launcher/eufs_launcher.egg-info to /home/gustavo/eufs_sim_teste/install/eufs_launcher/lib/python3.8/site-packages/eufs_launcher-2.0.0-py3.8.egg-info
[1.035s] running install_scripts
[1.048s] changing mode of /home/gustavo/eufs_sim_teste/install/eufs_launcher/lib/eufs_launcher/eufs_launcher to 775
[1.049s] writing list of installed files to '/home/gustavo/eufs_sim_teste/build/eufs_launcher/install.log'
[1.069s] Invoked command in '/home/gustavo/eufs_sim_teste/eufs_sim/eufs_launcher' returned '0': AMENT_PREFIX_PATH=/home/gustavo/eufs_sim_teste/install/eufs_tracks PYTHONPATH=/home/gustavo/eufs_sim_teste/build/eufs_launcher/prefix_override:/home/gustavo/eufs_sim_teste/install/eufs_launcher/lib/python3.8/site-packages:/home/gustavo/eufs_sim_teste/install/eufs_tracks/lib/python3.8/site-packages /usr/bin/python3 setup.py egg_info --egg-base ../../build/eufs_launcher build --build-base /home/gustavo/eufs_sim_teste/build/eufs_launcher/build install --record /home/gustavo/eufs_sim_teste/build/eufs_launcher/install.log --single-version-externally-managed
