[1.404s] Invoking command in '/home/gustavo/eufs_sim_teste/eufs_sim/eufs_rqt': AMENT_PREFIX_PATH=/home/gustavo/eufs_sim_teste/install/eufs_msgs:${AMENT_PREFIX_PATH} CMAKE_PREFIX_PATH=/home/gustavo/eufs_sim_teste/install/eufs_msgs:${CMAKE_PREFIX_PATH} LD_LIBRARY_PATH=/home/gustavo/eufs_sim_teste/install/eufs_msgs/lib:${LD_LIBRARY_PATH} PYTHONPATH=/home/gustavo/eufs_sim_teste/build/eufs_rqt/prefix_override:/home/gustavo/eufs_sim_teste/install/eufs_rqt/lib/python3.8/site-packages:/home/gustavo/eufs_sim_teste/install/eufs_msgs/lib/python3.8/site-packages:${PYTHONPATH} /usr/bin/python3 setup.py egg_info --egg-base ../../build/eufs_rqt build --build-base /home/gustavo/eufs_sim_teste/build/eufs_rqt/build install --record /home/gustavo/eufs_sim_teste/build/eufs_rqt/install.log --single-version-externally-managed
[1.904s] running egg_info
[1.905s] creating ../../build/eufs_rqt/eufs_rqt.egg-info
[1.905s] writing ../../build/eufs_rqt/eufs_rqt.egg-info/PKG-INFO
[1.905s] writing dependency_links to ../../build/eufs_rqt/eufs_rqt.egg-info/dependency_links.txt
[1.906s] writing requirements to ../../build/eufs_rqt/eufs_rqt.egg-info/requires.txt
[1.906s] writing top-level names to ../../build/eufs_rqt/eufs_rqt.egg-info/top_level.txt
[1.908s] writing manifest file '../../build/eufs_rqt/eufs_rqt.egg-info/SOURCES.txt'
[1.912s] reading manifest file '../../build/eufs_rqt/eufs_rqt.egg-info/SOURCES.txt'
[1.912s] adding license file 'LICENSE'
[1.913s] writing manifest file '../../build/eufs_rqt/eufs_rqt.egg-info/SOURCES.txt'
[1.914s] running build
[1.914s] running build_py
[1.914s] creating /home/gustavo/eufs_sim_teste/build/eufs_rqt/build
[1.915s] creating /home/gustavo/eufs_sim_teste/build/eufs_rqt/build/lib
[1.915s] creating /home/gustavo/eufs_sim_teste/build/eufs_rqt/build/lib/eufs_rqt
[1.915s] copying src/eufs_rqt/EUFSRobotSteeringGUI.py -> /home/gustavo/eufs_sim_teste/build/eufs_rqt/build/lib/eufs_rqt
[1.915s] copying src/eufs_rqt/MissionControlGUI.py -> /home/gustavo/eufs_sim_teste/build/eufs_rqt/build/lib/eufs_rqt
[1.915s] copying src/eufs_rqt/__init__.py -> /home/gustavo/eufs_sim_teste/build/eufs_rqt/build/lib/eufs_rqt
[1.916s] running build_scripts
[1.916s] creating /home/gustavo/eufs_sim_teste/build/eufs_rqt/build/scripts-3.8
[1.916s] copying and adjusting scripts/eufs_robot_steering_gui -> /home/gustavo/eufs_sim_teste/build/eufs_rqt/build/scripts-3.8
[1.916s] copying and adjusting scripts/mission_control_gui -> /home/gustavo/eufs_sim_teste/build/eufs_rqt/build/scripts-3.8
[1.916s] changing mode of /home/gustavo/eufs_sim_teste/build/eufs_rqt/build/scripts-3.8/eufs_robot_steering_gui from 664 to 775
[1.917s] changing mode of /home/gustavo/eufs_sim_teste/build/eufs_rqt/build/scripts-3.8/mission_control_gui from 664 to 775
[1.917s] running install
[1.917s] running install_lib
[1.918s] creating /home/gustavo/eufs_sim_teste/install/eufs_rqt/lib/python3.8/site-packages/eufs_rqt
[1.918s] copying /home/gustavo/eufs_sim_teste/build/eufs_rqt/build/lib/eufs_rqt/EUFSRobotSteeringGUI.py -> /home/gustavo/eufs_sim_teste/install/eufs_rqt/lib/python3.8/site-packages/eufs_rqt
[1.919s] copying /home/gustavo/eufs_sim_teste/build/eufs_rqt/build/lib/eufs_rqt/MissionControlGUI.py -> /home/gustavo/eufs_sim_teste/install/eufs_rqt/lib/python3.8/site-packages/eufs_rqt
[1.919s] copying /home/gustavo/eufs_sim_teste/build/eufs_rqt/build/lib/eufs_rqt/__init__.py -> /home/gustavo/eufs_sim_teste/install/eufs_rqt/lib/python3.8/site-packages/eufs_rqt
[1.920s] byte-compiling /home/gustavo/eufs_sim_teste/install/eufs_rqt/lib/python3.8/site-packages/eufs_rqt/EUFSRobotSteeringGUI.py to EUFSRobotSteeringGUI.cpython-38.pyc
[1.925s] byte-compiling /home/gustavo/eufs_sim_teste/install/eufs_rqt/lib/python3.8/site-packages/eufs_rqt/MissionControlGUI.py to MissionControlGUI.cpython-38.pyc
[1.928s] byte-compiling /home/gustavo/eufs_sim_teste/install/eufs_rqt/lib/python3.8/site-packages/eufs_rqt/__init__.py to __init__.cpython-38.pyc
[1.928s] running install_data
[1.929s] creating /home/gustavo/eufs_sim_teste/install/eufs_rqt/share/eufs_rqt/config
[1.929s] copying config/eufs_sim.perspective -> /home/gustavo/eufs_sim_teste/install/eufs_rqt/share/eufs_rqt/config
[1.929s] creating /home/gustavo/eufs_sim_teste/install/eufs_rqt/share/eufs_rqt/resource
[1.930s] copying resource/EUFSRobotSteeringGUI.ui -> /home/gustavo/eufs_sim_teste/install/eufs_rqt/share/eufs_rqt/resource
[1.930s] copying resource/MissionControlGUI.ui -> /home/gustavo/eufs_sim_teste/install/eufs_rqt/share/eufs_rqt/resource
[1.930s] copying plugin.xml -> /home/gustavo/eufs_sim_teste/install/eufs_rqt/share/eufs_rqt
[1.930s] creating /home/gustavo/eufs_sim_teste/install/eufs_rqt/share/ament_index
[1.930s] creating /home/gustavo/eufs_sim_teste/install/eufs_rqt/share/ament_index/resource_index
[1.931s] creating /home/gustavo/eufs_sim_teste/install/eufs_rqt/share/ament_index/resource_index/packages
[1.931s] copying resource/eufs_rqt -> /home/gustavo/eufs_sim_teste/install/eufs_rqt/share/ament_index/resource_index/packages
[1.931s] copying package.xml -> /home/gustavo/eufs_sim_teste/install/eufs_rqt/share/eufs_rqt
[1.931s] running install_egg_info
[1.933s] Copying ../../build/eufs_rqt/eufs_rqt.egg-info to /home/gustavo/eufs_sim_teste/install/eufs_rqt/lib/python3.8/site-packages/eufs_rqt-2.0.0-py3.8.egg-info
[1.934s] running install_scripts
[1.967s] creating /home/gustavo/eufs_sim_teste/install/eufs_rqt/lib/eufs_rqt
[1.967s] copying /home/gustavo/eufs_sim_teste/build/eufs_rqt/build/scripts-3.8/eufs_robot_steering_gui -> /home/gustavo/eufs_sim_teste/install/eufs_rqt/lib/eufs_rqt
[1.967s] copying /home/gustavo/eufs_sim_teste/build/eufs_rqt/build/scripts-3.8/mission_control_gui -> /home/gustavo/eufs_sim_teste/install/eufs_rqt/lib/eufs_rqt
[1.968s] changing mode of /home/gustavo/eufs_sim_teste/install/eufs_rqt/lib/eufs_rqt/eufs_robot_steering_gui to 775
[1.968s] changing mode of /home/gustavo/eufs_sim_teste/install/eufs_rqt/lib/eufs_rqt/mission_control_gui to 775
[1.970s] writing list of installed files to '/home/gustavo/eufs_sim_teste/build/eufs_rqt/install.log'
[2.009s] Invoked command in '/home/gustavo/eufs_sim_teste/eufs_sim/eufs_rqt' returned '0': AMENT_PREFIX_PATH=/home/gustavo/eufs_sim_teste/install/eufs_msgs:${AMENT_PREFIX_PATH} CMAKE_PREFIX_PATH=/home/gustavo/eufs_sim_teste/install/eufs_msgs:${CMAKE_PREFIX_PATH} LD_LIBRARY_PATH=/home/gustavo/eufs_sim_teste/install/eufs_msgs/lib:${LD_LIBRARY_PATH} PYTHONPATH=/home/gustavo/eufs_sim_teste/build/eufs_rqt/prefix_override:/home/gustavo/eufs_sim_teste/install/eufs_rqt/lib/python3.8/site-packages:/home/gustavo/eufs_sim_teste/install/eufs_msgs/lib/python3.8/site-packages:${PYTHONPATH} /usr/bin/python3 setup.py egg_info --egg-base ../../build/eufs_rqt build --build-base /home/gustavo/eufs_sim_teste/build/eufs_rqt/build install --record /home/gustavo/eufs_sim_teste/build/eufs_rqt/install.log --single-version-externally-managed
