running egg_info
writing ../../build/eufs_tracks/eufs_tracks.egg-info/PKG-INFO
writing dependency_links to ../../build/eufs_tracks/eufs_tracks.egg-info/dependency_links.txt
writing entry points to ../../build/eufs_tracks/eufs_tracks.egg-info/entry_points.txt
writing requirements to ../../build/eufs_tracks/eufs_tracks.egg-info/requires.txt
writing top-level names to ../../build/eufs_tracks/eufs_tracks.egg-info/top_level.txt
reading manifest file '../../build/eufs_tracks/eufs_tracks.egg-info/SOURCES.txt'
writing manifest file '../../build/eufs_tracks/eufs_tracks.egg-info/SOURCES.txt'
running build
running build_py
running build_scripts
running install
running install_lib
running install_data
running install_egg_info
removing '/home/gustavo/eufs_sim_teste/install/eufs_tracks/lib/python3.8/site-packages/eufs_tracks-2.0.0-py3.8.egg-info' (and everything under it)
Copying ../../build/eufs_tracks/eufs_tracks.egg-info to /home/gustavo/eufs_sim_teste/install/eufs_tracks/lib/python3.8/site-packages/eufs_tracks-2.0.0-py3.8.egg-info
running install_scripts
changing mode of /home/gustavo/eufs_sim_teste/install/eufs_tracks/lib/eufs_tracks/eufs_tracks_converter to 775
changing mode of /home/gustavo/eufs_sim_teste/install/eufs_tracks/lib/eufs_tracks/eufs_tracks_generator to 775
writing list of installed files to '/home/gustavo/eufs_sim_teste/build/eufs_tracks/install.log'
