[0.738s] Invoking command in '/home/gustavo/eufs_sim_teste/eufs_sim/eufs_tracks': PYTHONPATH=/home/gustavo/eufs_sim_teste/build/eufs_tracks/prefix_override:/home/gustavo/eufs_sim_teste/install/eufs_tracks/lib/python3.8/site-packages: /usr/bin/python3 setup.py egg_info --egg-base ../../build/eufs_tracks build --build-base /home/gustavo/eufs_sim_teste/build/eufs_tracks/build install --record /home/gustavo/eufs_sim_teste/build/eufs_tracks/install.log --single-version-externally-managed
[0.897s] running egg_info
[0.898s] writing ../../build/eufs_tracks/eufs_tracks.egg-info/PKG-INFO
[0.898s] writing dependency_links to ../../build/eufs_tracks/eufs_tracks.egg-info/dependency_links.txt
[0.898s] writing entry points to ../../build/eufs_tracks/eufs_tracks.egg-info/entry_points.txt
[0.898s] writing requirements to ../../build/eufs_tracks/eufs_tracks.egg-info/requires.txt
[0.898s] writing top-level names to ../../build/eufs_tracks/eufs_tracks.egg-info/top_level.txt
[0.902s] reading manifest file '../../build/eufs_tracks/eufs_tracks.egg-info/SOURCES.txt'
[0.904s] writing manifest file '../../build/eufs_tracks/eufs_tracks.egg-info/SOURCES.txt'
[0.904s] running build
[0.904s] running build_py
[0.906s] running build_scripts
[0.906s] running install
[0.907s] running install_lib
[0.910s] running install_data
[0.917s] running install_egg_info
[0.918s] removing '/home/gustavo/eufs_sim_teste/install/eufs_tracks/lib/python3.8/site-packages/eufs_tracks-2.0.0-py3.8.egg-info' (and everything under it)
[0.918s] Copying ../../build/eufs_tracks/eufs_tracks.egg-info to /home/gustavo/eufs_sim_teste/install/eufs_tracks/lib/python3.8/site-packages/eufs_tracks-2.0.0-py3.8.egg-info
[0.919s] running install_scripts
[0.933s] changing mode of /home/gustavo/eufs_sim_teste/install/eufs_tracks/lib/eufs_tracks/eufs_tracks_converter to 775
[0.933s] changing mode of /home/gustavo/eufs_sim_teste/install/eufs_tracks/lib/eufs_tracks/eufs_tracks_generator to 775
[0.934s] writing list of installed files to '/home/gustavo/eufs_sim_teste/build/eufs_tracks/install.log'
[0.955s] Invoked command in '/home/gustavo/eufs_sim_teste/eufs_sim/eufs_tracks' returned '0': PYTHONPATH=/home/gustavo/eufs_sim_teste/build/eufs_tracks/prefix_override:/home/gustavo/eufs_sim_teste/install/eufs_tracks/lib/python3.8/site-packages: /usr/bin/python3 setup.py egg_info --egg-base ../../build/eufs_tracks build --build-base /home/gustavo/eufs_sim_teste/build/eufs_tracks/build install --record /home/gustavo/eufs_sim_teste/build/eufs_tracks/install.log --single-version-externally-managed
