[0.448s] Invoking command in '/home/gustavo/eufs_sim_teste/build/eufs_sensors': CMAKE_PREFIX_PATH=${CMAKE_PREFIX_PATH}:/home/gustavo/eufs_sim_teste/install/eufs_launcher:/home/gustavo/eufs_sim_teste/install/eufs_tracks:/home/gustavo/eufs_sim_teste/install/eufs_rqt:/home/gustavo/eufs_sim_teste/install/eufs_racecar:/opt/ros/galactic /usr/bin/cmake /home/gustavo/eufs_sim_teste/eufs_sim/eufs_sensors -DCMAKE_INSTALL_PREFIX=/home/gustavo/eufs_sim_teste/install/eufs_sensors
[0.461s] -- Found ament_cmake: 1.1.6 (/opt/ros/galactic/share/ament_cmake/cmake)
[0.480s] -- Using PYTHON_EXECUTABLE: /usr/bin/python3
[0.531s] -- Override CMake install command with custom implementation using symlinks instead of copying resources
[0.537s] -- Found ament_lint_auto: 0.10.7 (/opt/ros/galactic/share/ament_lint_auto/cmake)
[0.592s] -- Added test 'copyright' to check source files copyright and LICENSE
[0.593s] -- Added test 'lint_cmake' to check CMake code style
[0.594s] -- Added test 'xmllint' to check XML markup files
[0.596s] -- Configuring done
[0.599s] -- Generating done
[0.600s] -- Build files have been written to: /home/gustavo/eufs_sim_teste/build/eufs_sensors
[0.603s] Invoked command in '/home/gustavo/eufs_sim_teste/build/eufs_sensors' returned '0': CMAKE_PREFIX_PATH=${CMAKE_PREFIX_PATH}:/home/gustavo/eufs_sim_teste/install/eufs_launcher:/home/gustavo/eufs_sim_teste/install/eufs_tracks:/home/gustavo/eufs_sim_teste/install/eufs_rqt:/home/gustavo/eufs_sim_teste/install/eufs_racecar:/opt/ros/galactic /usr/bin/cmake /home/gustavo/eufs_sim_teste/eufs_sim/eufs_sensors -DCMAKE_INSTALL_PREFIX=/home/gustavo/eufs_sim_teste/install/eufs_sensors
[0.605s] Invoking command in '/home/gustavo/eufs_sim_teste/build/eufs_sensors': CMAKE_PREFIX_PATH=${CMAKE_PREFIX_PATH}:/home/gustavo/eufs_sim_teste/install/eufs_launcher:/home/gustavo/eufs_sim_teste/install/eufs_tracks:/home/gustavo/eufs_sim_teste/install/eufs_rqt:/home/gustavo/eufs_sim_teste/install/eufs_racecar:/opt/ros/galactic /usr/bin/cmake --build /home/gustavo/eufs_sim_teste/build/eufs_sensors -- -j8 -l8
[0.639s] Invoked command in '/home/gustavo/eufs_sim_teste/build/eufs_sensors' returned '0': CMAKE_PREFIX_PATH=${CMAKE_PREFIX_PATH}:/home/gustavo/eufs_sim_teste/install/eufs_launcher:/home/gustavo/eufs_sim_teste/install/eufs_tracks:/home/gustavo/eufs_sim_teste/install/eufs_rqt:/home/gustavo/eufs_sim_teste/install/eufs_racecar:/opt/ros/galactic /usr/bin/cmake --build /home/gustavo/eufs_sim_teste/build/eufs_sensors -- -j8 -l8
[0.667s] Invoking command in '/home/gustavo/eufs_sim_teste/build/eufs_sensors': CMAKE_PREFIX_PATH=${CMAKE_PREFIX_PATH}:/home/gustavo/eufs_sim_teste/install/eufs_launcher:/home/gustavo/eufs_sim_teste/install/eufs_tracks:/home/gustavo/eufs_sim_teste/install/eufs_rqt:/home/gustavo/eufs_sim_teste/install/eufs_racecar:/opt/ros/galactic /usr/bin/cmake --install /home/gustavo/eufs_sim_teste/build/eufs_sensors
[0.674s] -- Install configuration: ""
[0.674s] -- Execute custom install script
[0.675s] -- Up-to-date symlink: /home/gustavo/eufs_sim_teste/install/eufs_sensors/share/eufs_sensors/meshes/VLP16_base_1.dae
[0.675s] -- Up-to-date symlink: /home/gustavo/eufs_sim_teste/install/eufs_sensors/share/eufs_sensors/meshes/VLP16_base_2.dae
[0.675s] -- Up-to-date symlink: /home/gustavo/eufs_sim_teste/install/eufs_sensors/share/eufs_sensors/meshes/VLP16_scan.dae
[0.675s] -- Up-to-date symlink: /home/gustavo/eufs_sim_teste/install/eufs_sensors/share/eufs_sensors/meshes/antenna_3GO16.dae
[0.675s] -- Up-to-date symlink: /home/gustavo/eufs_sim_teste/install/eufs_sensors/share/eufs_sensors/meshes/antenna_3GO16.stl
[0.675s] -- Up-to-date symlink: /home/gustavo/eufs_sim_teste/install/eufs_sensors/share/eufs_sensors/meshes/zed.dae
[0.676s] -- Up-to-date symlink: /home/gustavo/eufs_sim_teste/install/eufs_sensors/share/eufs_sensors/urdf/VLP-16R.urdf.xacro
[0.676s] -- Up-to-date symlink: /home/gustavo/eufs_sim_teste/install/eufs_sensors/share/eufs_sensors/urdf/all_sensors.urdf.xacro
[0.676s] -- Up-to-date symlink: /home/gustavo/eufs_sim_teste/install/eufs_sensors/share/eufs_sensors/urdf/gps.urdf.xacro
[0.676s] -- Up-to-date symlink: /home/gustavo/eufs_sim_teste/install/eufs_sensors/share/eufs_sensors/urdf/imu.urdf.xacro
[0.676s] -- Up-to-date symlink: /home/gustavo/eufs_sim_teste/install/eufs_sensors/share/eufs_sensors/urdf/magnetometer.urdf.xacro
[0.676s] -- Up-to-date symlink: /home/gustavo/eufs_sim_teste/install/eufs_sensors/share/eufs_sensors/urdf/zed.urdf.xacro
[0.676s] -- Up-to-date symlink: /home/gustavo/eufs_sim_teste/install/eufs_sensors/share/ament_index/resource_index/package_run_dependencies/eufs_sensors
[0.677s] -- Up-to-date symlink: /home/gustavo/eufs_sim_teste/install/eufs_sensors/share/ament_index/resource_index/parent_prefix_path/eufs_sensors
[0.677s] -- Up-to-date symlink: /home/gustavo/eufs_sim_teste/install/eufs_sensors/share/eufs_sensors/environment/ament_prefix_path.sh
[0.677s] -- Up-to-date symlink: /home/gustavo/eufs_sim_teste/install/eufs_sensors/share/eufs_sensors/environment/ament_prefix_path.dsv
[0.677s] -- Up-to-date symlink: /home/gustavo/eufs_sim_teste/install/eufs_sensors/share/eufs_sensors/environment/path.sh
[0.678s] -- Up-to-date symlink: /home/gustavo/eufs_sim_teste/install/eufs_sensors/share/eufs_sensors/environment/path.dsv
[0.678s] -- Up-to-date symlink: /home/gustavo/eufs_sim_teste/install/eufs_sensors/share/eufs_sensors/local_setup.bash
[0.678s] -- Up-to-date symlink: /home/gustavo/eufs_sim_teste/install/eufs_sensors/share/eufs_sensors/local_setup.sh
[0.678s] -- Up-to-date symlink: /home/gustavo/eufs_sim_teste/install/eufs_sensors/share/eufs_sensors/local_setup.zsh
[0.678s] -- Up-to-date symlink: /home/gustavo/eufs_sim_teste/install/eufs_sensors/share/eufs_sensors/local_setup.dsv
[0.678s] -- Symlinking: /home/gustavo/eufs_sim_teste/install/eufs_sensors/share/eufs_sensors/package.dsv
[0.687s] -- Up-to-date symlink: /home/gustavo/eufs_sim_teste/install/eufs_sensors/share/ament_index/resource_index/packages/eufs_sensors
[0.687s] -- Up-to-date symlink: /home/gustavo/eufs_sim_teste/install/eufs_sensors/share/eufs_sensors/cmake/ament_cmake_export_dependencies-extras.cmake
[0.688s] -- Up-to-date symlink: /home/gustavo/eufs_sim_teste/install/eufs_sensors/share/eufs_sensors/cmake/eufs_sensorsConfig.cmake
[0.688s] -- Up-to-date symlink: /home/gustavo/eufs_sim_teste/install/eufs_sensors/share/eufs_sensors/cmake/eufs_sensorsConfig-version.cmake
[0.688s] -- Up-to-date symlink: /home/gustavo/eufs_sim_teste/install/eufs_sensors/share/eufs_sensors/package.xml
[0.690s] Invoked command in '/home/gustavo/eufs_sim_teste/build/eufs_sensors' returned '0': CMAKE_PREFIX_PATH=${CMAKE_PREFIX_PATH}:/home/gustavo/eufs_sim_teste/install/eufs_launcher:/home/gustavo/eufs_sim_teste/install/eufs_tracks:/home/gustavo/eufs_sim_teste/install/eufs_rqt:/home/gustavo/eufs_sim_teste/install/eufs_racecar:/opt/ros/galactic /usr/bin/cmake --install /home/gustavo/eufs_sim_teste/build/eufs_sensors
