-- Found ament_cmake: 1.1.6 (/opt/ros/galactic/share/ament_cmake/cmake)
-- Found PythonInterp: /usr/bin/python3 (found suitable version "3.8.10", minimum required is "3") 
-- Using PYTHON_EXECUTABLE: /usr/bin/python3
-- Override CMake install command with custom implementation using symlinks instead of copying resources
-- Found rosidl_default_generators: 1.1.1 (/opt/ros/galactic/share/rosidl_default_generators/cmake)
-- Using all available rosidl_typesupport_c: rosidl_typesupport_fastrtps_c;rosidl_typesupport_introspection_c
-- Found rosidl_adapter: 2.2.3 (/opt/ros/galactic/share/rosidl_adapter/cmake)
-- Using all available rosidl_typesupport_cpp: rosidl_typesupport_fastrtps_cpp;rosidl_typesupport_introspection_cpp
-- Found std_msgs: 2.2.4 (/opt/ros/galactic/share/std_msgs/cmake)
-- Found geometry_msgs: 2.2.4 (/opt/ros/galactic/share/geometry_msgs/cmake)
-- Found sensor_msgs: 2.2.4 (/opt/ros/galactic/share/sensor_msgs/cmake)
-- Found PythonInterp: /usr/bin/python3 (found version "3.8.10") 
-- Found ament_cmake_ros: 0.9.2 (/opt/ros/galactic/share/ament_cmake_ros/cmake)
-- Using all available rosidl_typesupport_c: rosidl_typesupport_fastrtps_c;rosidl_typesupport_introspection_c
-- Using all available rosidl_typesupport_cpp: rosidl_typesupport_fastrtps_cpp;rosidl_typesupport_introspection_cpp
-- Found PythonInterp: /usr/bin/python3 (found suitable version "3.8.10", minimum required is "3.5") 
-- Found python_cmake_module: 0.8.1 (/opt/ros/galactic/share/python_cmake_module/cmake)
-- Using PYTHON_EXECUTABLE: /usr/bin/python3
-- Using PYTHON_INCLUDE_DIRS: /usr/include/python3.8
-- Using PYTHON_LIBRARIES: /usr/lib/x86_64-linux-gnu/libpython3.8.so
-- Configuring done
-- Generating done
-- Build files have been written to: /home/gustavo/eufs_sim_teste/build/eufs_msgs
[  0%] Built target eufs_msgs__cpp
[ 12%] Built target eufs_msgs__rosidl_generator_c
[ 35%] Built target eufs_msgs__rosidl_typesupport_cpp
[ 37%] Built target eufs_msgs__rosidl_typesupport_c
[ 50%] Built target eufs_msgs__rosidl_typesupport_introspection_cpp
[ 63%] Built target eufs_msgs__rosidl_typesupport_introspection_c
[ 63%] [32m[1mLinking CXX shared library libeufs_msgs__rosidl_typesupport_fastrtps_cpp.so[0m
[ 75%] Built target eufs_msgs__rosidl_typesupport_fastrtps_cpp
[ 76%] [32m[1mLinking CXX shared library libeufs_msgs__rosidl_typesupport_fastrtps_c.so[0m
[ 88%] Built target eufs_msgs__rosidl_typesupport_fastrtps_c
[ 88%] Built target eufs_msgs
[ 88%] Built target eufs_msgs__py
[ 88%] [32m[1mLinking C shared library rosidl_generator_py/eufs_msgs/libeufs_msgs__python.so[0m
[100%] Built target eufs_msgs__python
[100%] [32m[1mLinking C shared library rosidl_generator_py/eufs_msgs/eufs_msgs_s__rosidl_typesupport_introspection_c.cpython-38-x86_64-linux-gnu.so[0m
[100%] [32m[1mLinking CXX shared library rosidl_generator_py/eufs_msgs/eufs_msgs_s__rosidl_typesupport_fastrtps_c.cpython-38-x86_64-linux-gnu.so[0m
[100%] [32m[1mLinking C shared library rosidl_generator_py/eufs_msgs/eufs_msgs_s__rosidl_typesupport_c.cpython-38-x86_64-linux-gnu.so[0m
[100%] Built target eufs_msgs__rosidl_typesupport_c__pyext
[100%] Built target eufs_msgs__rosidl_typesupport_introspection_c__pyext
[100%] Built target eufs_msgs__rosidl_typesupport_fastrtps_c__pyext
-- Install configuration: ""
-- Execute custom install script
-- Symlinking: /home/gustavo/eufs_sim_teste/install/eufs_msgs/share/ament_index/resource_index/rosidl_interfaces/eufs_msgs
-- Symlinking: /home/gustavo/eufs_sim_teste/install/eufs_msgs/include/eufs_msgs/action/check_for_objects.h
-- Symlinking: /home/gustavo/eufs_sim_teste/install/eufs_msgs/include/eufs_msgs/action/detail/check_for_objects__functions.h
-- Symlinking: /home/gustavo/eufs_sim_teste/install/eufs_msgs/include/eufs_msgs/action/detail/check_for_objects__struct.h
-- Symlinking: /home/gustavo/eufs_sim_teste/install/eufs_msgs/include/eufs_msgs/action/detail/check_for_objects__type_support.h
-- Symlinking: /home/gustavo/eufs_sim_teste/install/eufs_msgs/include/eufs_msgs/msg/bounding_box.h
-- Symlinking: /home/gustavo/eufs_sim_teste/install/eufs_msgs/include/eufs_msgs/msg/bounding_boxes.h
-- Symlinking: /home/gustavo/eufs_sim_teste/install/eufs_msgs/include/eufs_msgs/msg/can_state.h
-- Symlinking: /home/gustavo/eufs_sim_teste/install/eufs_msgs/include/eufs_msgs/msg/car_state.h
-- Symlinking: /home/gustavo/eufs_sim_teste/install/eufs_msgs/include/eufs_msgs/msg/chassis_command.h
-- Symlinking: /home/gustavo/eufs_sim_teste/install/eufs_msgs/include/eufs_msgs/msg/chassis_state.h
-- Symlinking: /home/gustavo/eufs_sim_teste/install/eufs_msgs/include/eufs_msgs/msg/cone_array.h
-- Symlinking: /home/gustavo/eufs_sim_teste/install/eufs_msgs/include/eufs_msgs/msg/cone_array_with_covariance.h
-- Symlinking: /home/gustavo/eufs_sim_teste/install/eufs_msgs/include/eufs_msgs/msg/cone_with_covariance.h
-- Symlinking: /home/gustavo/eufs_sim_teste/install/eufs_msgs/include/eufs_msgs/msg/costmap.h
-- Symlinking: /home/gustavo/eufs_sim_teste/install/eufs_msgs/include/eufs_msgs/msg/detail/bounding_box__functions.h
-- Symlinking: /home/gustavo/eufs_sim_teste/install/eufs_msgs/include/eufs_msgs/msg/detail/bounding_box__struct.h
-- Symlinking: /home/gustavo/eufs_sim_teste/install/eufs_msgs/include/eufs_msgs/msg/detail/bounding_box__type_support.h
-- Symlinking: /home/gustavo/eufs_sim_teste/install/eufs_msgs/include/eufs_msgs/msg/detail/bounding_boxes__functions.h
-- Symlinking: /home/gustavo/eufs_sim_teste/install/eufs_msgs/include/eufs_msgs/msg/detail/bounding_boxes__struct.h
-- Symlinking: /home/gustavo/eufs_sim_teste/install/eufs_msgs/include/eufs_msgs/msg/detail/bounding_boxes__type_support.h
-- Symlinking: /home/gustavo/eufs_sim_teste/install/eufs_msgs/include/eufs_msgs/msg/detail/can_state__functions.h
-- Symlinking: /home/gustavo/eufs_sim_teste/install/eufs_msgs/include/eufs_msgs/msg/detail/can_state__struct.h
-- Symlinking: /home/gustavo/eufs_sim_teste/install/eufs_msgs/include/eufs_msgs/msg/detail/can_state__type_support.h
-- Symlinking: /home/gustavo/eufs_sim_teste/install/eufs_msgs/include/eufs_msgs/msg/detail/car_state__functions.h
-- Symlinking: /home/gustavo/eufs_sim_teste/install/eufs_msgs/include/eufs_msgs/msg/detail/car_state__struct.h
-- Symlinking: /home/gustavo/eufs_sim_teste/install/eufs_msgs/include/eufs_msgs/msg/detail/car_state__type_support.h
-- Symlinking: /home/gustavo/eufs_sim_teste/install/eufs_msgs/include/eufs_msgs/msg/detail/chassis_command__functions.h
-- Symlinking: /home/gustavo/eufs_sim_teste/install/eufs_msgs/include/eufs_msgs/msg/detail/chassis_command__struct.h
-- Symlinking: /home/gustavo/eufs_sim_teste/install/eufs_msgs/include/eufs_msgs/msg/detail/chassis_command__type_support.h
-- Symlinking: /home/gustavo/eufs_sim_teste/install/eufs_msgs/include/eufs_msgs/msg/detail/chassis_state__functions.h
-- Symlinking: /home/gustavo/eufs_sim_teste/install/eufs_msgs/include/eufs_msgs/msg/detail/chassis_state__struct.h
-- Symlinking: /home/gustavo/eufs_sim_teste/install/eufs_msgs/include/eufs_msgs/msg/detail/chassis_state__type_support.h
-- Symlinking: /home/gustavo/eufs_sim_teste/install/eufs_msgs/include/eufs_msgs/msg/detail/cone_array__functions.h
-- Symlinking: /home/gustavo/eufs_sim_teste/install/eufs_msgs/include/eufs_msgs/msg/detail/cone_array__struct.h
-- Symlinking: /home/gustavo/eufs_sim_teste/install/eufs_msgs/include/eufs_msgs/msg/detail/cone_array__type_support.h
-- Symlinking: /home/gustavo/eufs_sim_teste/install/eufs_msgs/include/eufs_msgs/msg/detail/cone_array_with_covariance__functions.h
-- Symlinking: /home/gustavo/eufs_sim_teste/install/eufs_msgs/include/eufs_msgs/msg/detail/cone_array_with_covariance__struct.h
-- Symlinking: /home/gustavo/eufs_sim_teste/install/eufs_msgs/include/eufs_msgs/msg/detail/cone_array_with_covariance__type_support.h
-- Symlinking: /home/gustavo/eufs_sim_teste/install/eufs_msgs/include/eufs_msgs/msg/detail/cone_with_covariance__functions.h
-- Symlinking: /home/gustavo/eufs_sim_teste/install/eufs_msgs/include/eufs_msgs/msg/detail/cone_with_covariance__struct.h
-- Symlinking: /home/gustavo/eufs_sim_teste/install/eufs_msgs/include/eufs_msgs/msg/detail/cone_with_covariance__type_support.h
-- Symlinking: /home/gustavo/eufs_sim_teste/install/eufs_msgs/include/eufs_msgs/msg/detail/costmap__functions.h
-- Symlinking: /home/gustavo/eufs_sim_teste/install/eufs_msgs/include/eufs_msgs/msg/detail/costmap__struct.h
-- Symlinking: /home/gustavo/eufs_sim_teste/install/eufs_msgs/include/eufs_msgs/msg/detail/costmap__type_support.h
-- Symlinking: /home/gustavo/eufs_sim_teste/install/eufs_msgs/include/eufs_msgs/msg/detail/ekf_err__functions.h
-- Symlinking: /home/gustavo/eufs_sim_teste/install/eufs_msgs/include/eufs_msgs/msg/detail/ekf_err__struct.h
-- Symlinking: /home/gustavo/eufs_sim_teste/install/eufs_msgs/include/eufs_msgs/msg/detail/ekf_err__type_support.h
-- Symlinking: /home/gustavo/eufs_sim_teste/install/eufs_msgs/include/eufs_msgs/msg/detail/ekf_state__functions.h
-- Symlinking: /home/gustavo/eufs_sim_teste/install/eufs_msgs/include/eufs_msgs/msg/detail/ekf_state__struct.h
-- Symlinking: /home/gustavo/eufs_sim_teste/install/eufs_msgs/include/eufs_msgs/msg/detail/ekf_state__type_support.h
-- Symlinking: /home/gustavo/eufs_sim_teste/install/eufs_msgs/include/eufs_msgs/msg/detail/full_state__functions.h
-- Symlinking: /home/gustavo/eufs_sim_teste/install/eufs_msgs/include/eufs_msgs/msg/detail/full_state__struct.h
-- Symlinking: /home/gustavo/eufs_sim_teste/install/eufs_msgs/include/eufs_msgs/msg/detail/full_state__type_support.h
-- Symlinking: /home/gustavo/eufs_sim_teste/install/eufs_msgs/include/eufs_msgs/msg/detail/heartbeat__functions.h
-- Symlinking: /home/gustavo/eufs_sim_teste/install/eufs_msgs/include/eufs_msgs/msg/detail/heartbeat__struct.h
-- Symlinking: /home/gustavo/eufs_sim_teste/install/eufs_msgs/include/eufs_msgs/msg/detail/heartbeat__type_support.h
-- Symlinking: /home/gustavo/eufs_sim_teste/install/eufs_msgs/include/eufs_msgs/msg/detail/integration_err__functions.h
-- Symlinking: /home/gustavo/eufs_sim_teste/install/eufs_msgs/include/eufs_msgs/msg/detail/integration_err__struct.h
-- Symlinking: /home/gustavo/eufs_sim_teste/install/eufs_msgs/include/eufs_msgs/msg/detail/integration_err__type_support.h
-- Symlinking: /home/gustavo/eufs_sim_teste/install/eufs_msgs/include/eufs_msgs/msg/detail/lap_stats__functions.h
-- Symlinking: /home/gustavo/eufs_sim_teste/install/eufs_msgs/include/eufs_msgs/msg/detail/lap_stats__struct.h
-- Symlinking: /home/gustavo/eufs_sim_teste/install/eufs_msgs/include/eufs_msgs/msg/detail/lap_stats__type_support.h
-- Symlinking: /home/gustavo/eufs_sim_teste/install/eufs_msgs/include/eufs_msgs/msg/detail/node_state__functions.h
-- Symlinking: /home/gustavo/eufs_sim_teste/install/eufs_msgs/include/eufs_msgs/msg/detail/node_state__struct.h
-- Symlinking: /home/gustavo/eufs_sim_teste/install/eufs_msgs/include/eufs_msgs/msg/detail/node_state__type_support.h
-- Symlinking: /home/gustavo/eufs_sim_teste/install/eufs_msgs/include/eufs_msgs/msg/detail/node_state_array__functions.h
-- Symlinking: /home/gustavo/eufs_sim_teste/install/eufs_msgs/include/eufs_msgs/msg/detail/node_state_array__struct.h
-- Symlinking: /home/gustavo/eufs_sim_teste/install/eufs_msgs/include/eufs_msgs/msg/detail/node_state_array__type_support.h
-- Symlinking: /home/gustavo/eufs_sim_teste/install/eufs_msgs/include/eufs_msgs/msg/detail/path_integral_params__functions.h
-- Symlinking: /home/gustavo/eufs_sim_teste/install/eufs_msgs/include/eufs_msgs/msg/detail/path_integral_params__struct.h
-- Symlinking: /home/gustavo/eufs_sim_teste/install/eufs_msgs/include/eufs_msgs/msg/detail/path_integral_params__type_support.h
-- Symlinking: /home/gustavo/eufs_sim_teste/install/eufs_msgs/include/eufs_msgs/msg/detail/path_integral_stats__functions.h
-- Symlinking: /home/gustavo/eufs_sim_teste/install/eufs_msgs/include/eufs_msgs/msg/detail/path_integral_stats__struct.h
-- Symlinking: /home/gustavo/eufs_sim_teste/install/eufs_msgs/include/eufs_msgs/msg/detail/path_integral_stats__type_support.h
-- Symlinking: /home/gustavo/eufs_sim_teste/install/eufs_msgs/include/eufs_msgs/msg/detail/path_integral_status__functions.h
-- Symlinking: /home/gustavo/eufs_sim_teste/install/eufs_msgs/include/eufs_msgs/msg/detail/path_integral_status__struct.h
-- Symlinking: /home/gustavo/eufs_sim_teste/install/eufs_msgs/include/eufs_msgs/msg/detail/path_integral_status__type_support.h
-- Symlinking: /home/gustavo/eufs_sim_teste/install/eufs_msgs/include/eufs_msgs/msg/detail/path_integral_timing__functions.h
-- Symlinking: /home/gustavo/eufs_sim_teste/install/eufs_msgs/include/eufs_msgs/msg/detail/path_integral_timing__struct.h
-- Symlinking: /home/gustavo/eufs_sim_teste/install/eufs_msgs/include/eufs_msgs/msg/detail/path_integral_timing__type_support.h
-- Symlinking: /home/gustavo/eufs_sim_teste/install/eufs_msgs/include/eufs_msgs/msg/detail/point_array__functions.h
-- Symlinking: /home/gustavo/eufs_sim_teste/install/eufs_msgs/include/eufs_msgs/msg/detail/point_array__struct.h
-- Symlinking: /home/gustavo/eufs_sim_teste/install/eufs_msgs/include/eufs_msgs/msg/detail/point_array__type_support.h
-- Symlinking: /home/gustavo/eufs_sim_teste/install/eufs_msgs/include/eufs_msgs/msg/detail/point_array_stamped__functions.h
-- Symlinking: /home/gustavo/eufs_sim_teste/install/eufs_msgs/include/eufs_msgs/msg/detail/point_array_stamped__struct.h
-- Symlinking: /home/gustavo/eufs_sim_teste/install/eufs_msgs/include/eufs_msgs/msg/detail/point_array_stamped__type_support.h
-- Symlinking: /home/gustavo/eufs_sim_teste/install/eufs_msgs/include/eufs_msgs/msg/detail/runstop__functions.h
-- Symlinking: /home/gustavo/eufs_sim_teste/install/eufs_msgs/include/eufs_msgs/msg/detail/runstop__struct.h
-- Symlinking: /home/gustavo/eufs_sim_teste/install/eufs_msgs/include/eufs_msgs/msg/detail/runstop__type_support.h
-- Symlinking: /home/gustavo/eufs_sim_teste/install/eufs_msgs/include/eufs_msgs/msg/detail/slam_err__functions.h
-- Symlinking: /home/gustavo/eufs_sim_teste/install/eufs_msgs/include/eufs_msgs/msg/detail/slam_err__struct.h
-- Symlinking: /home/gustavo/eufs_sim_teste/install/eufs_msgs/include/eufs_msgs/msg/detail/slam_err__type_support.h
-- Symlinking: /home/gustavo/eufs_sim_teste/install/eufs_msgs/include/eufs_msgs/msg/detail/slam_state__functions.h
-- Symlinking: /home/gustavo/eufs_sim_teste/install/eufs_msgs/include/eufs_msgs/msg/detail/slam_state__struct.h
-- Symlinking: /home/gustavo/eufs_sim_teste/install/eufs_msgs/include/eufs_msgs/msg/detail/slam_state__type_support.h
-- Symlinking: /home/gustavo/eufs_sim_teste/install/eufs_msgs/include/eufs_msgs/msg/detail/state_machine_state__functions.h
-- Symlinking: /home/gustavo/eufs_sim_teste/install/eufs_msgs/include/eufs_msgs/msg/detail/state_machine_state__struct.h
-- Symlinking: /home/gustavo/eufs_sim_teste/install/eufs_msgs/include/eufs_msgs/msg/detail/state_machine_state__type_support.h
-- Symlinking: /home/gustavo/eufs_sim_teste/install/eufs_msgs/include/eufs_msgs/msg/detail/system_status__functions.h
-- Symlinking: /home/gustavo/eufs_sim_teste/install/eufs_msgs/include/eufs_msgs/msg/detail/system_status__struct.h
-- Symlinking: /home/gustavo/eufs_sim_teste/install/eufs_msgs/include/eufs_msgs/msg/detail/system_status__type_support.h
-- Symlinking: /home/gustavo/eufs_sim_teste/install/eufs_msgs/include/eufs_msgs/msg/detail/topic_status__functions.h
-- Symlinking: /home/gustavo/eufs_sim_teste/install/eufs_msgs/include/eufs_msgs/msg/detail/topic_status__struct.h
-- Symlinking: /home/gustavo/eufs_sim_teste/install/eufs_msgs/include/eufs_msgs/msg/detail/topic_status__type_support.h
-- Symlinking: /home/gustavo/eufs_sim_teste/install/eufs_msgs/include/eufs_msgs/msg/detail/vehicle_commands__functions.h
-- Symlinking: /home/gustavo/eufs_sim_teste/install/eufs_msgs/include/eufs_msgs/msg/detail/vehicle_commands__struct.h
-- Symlinking: /home/gustavo/eufs_sim_teste/install/eufs_msgs/include/eufs_msgs/msg/detail/vehicle_commands__type_support.h
-- Symlinking: /home/gustavo/eufs_sim_teste/install/eufs_msgs/include/eufs_msgs/msg/detail/vehicle_commands_stamped__functions.h
-- Symlinking: /home/gustavo/eufs_sim_teste/install/eufs_msgs/include/eufs_msgs/msg/detail/vehicle_commands_stamped__struct.h
-- Symlinking: /home/gustavo/eufs_sim_teste/install/eufs_msgs/include/eufs_msgs/msg/detail/vehicle_commands_stamped__type_support.h
-- Symlinking: /home/gustavo/eufs_sim_teste/install/eufs_msgs/include/eufs_msgs/msg/detail/waypoint__functions.h
-- Symlinking: /home/gustavo/eufs_sim_teste/install/eufs_msgs/include/eufs_msgs/msg/detail/waypoint__struct.h
-- Symlinking: /home/gustavo/eufs_sim_teste/install/eufs_msgs/include/eufs_msgs/msg/detail/waypoint__type_support.h
-- Symlinking: /home/gustavo/eufs_sim_teste/install/eufs_msgs/include/eufs_msgs/msg/detail/waypoint_array_stamped__functions.h
-- Symlinking: /home/gustavo/eufs_sim_teste/install/eufs_msgs/include/eufs_msgs/msg/detail/waypoint_array_stamped__struct.h
-- Symlinking: /home/gustavo/eufs_sim_teste/install/eufs_msgs/include/eufs_msgs/msg/detail/waypoint_array_stamped__type_support.h
-- Symlinking: /home/gustavo/eufs_sim_teste/install/eufs_msgs/include/eufs_msgs/msg/detail/wheel_odometry_err__functions.h
-- Symlinking: /home/gustavo/eufs_sim_teste/install/eufs_msgs/include/eufs_msgs/msg/detail/wheel_odometry_err__struct.h
-- Symlinking: /home/gustavo/eufs_sim_teste/install/eufs_msgs/include/eufs_msgs/msg/detail/wheel_odometry_err__type_support.h
-- Symlinking: /home/gustavo/eufs_sim_teste/install/eufs_msgs/include/eufs_msgs/msg/detail/wheel_speeds__functions.h
-- Symlinking: /home/gustavo/eufs_sim_teste/install/eufs_msgs/include/eufs_msgs/msg/detail/wheel_speeds__struct.h
-- Symlinking: /home/gustavo/eufs_sim_teste/install/eufs_msgs/include/eufs_msgs/msg/detail/wheel_speeds__type_support.h
-- Symlinking: /home/gustavo/eufs_sim_teste/install/eufs_msgs/include/eufs_msgs/msg/detail/wheel_speeds_stamped__functions.h
-- Symlinking: /home/gustavo/eufs_sim_teste/install/eufs_msgs/include/eufs_msgs/msg/detail/wheel_speeds_stamped__struct.h
-- Symlinking: /home/gustavo/eufs_sim_teste/install/eufs_msgs/include/eufs_msgs/msg/detail/wheel_speeds_stamped__type_support.h
-- Symlinking: /home/gustavo/eufs_sim_teste/install/eufs_msgs/include/eufs_msgs/msg/ekf_err.h
-- Symlinking: /home/gustavo/eufs_sim_teste/install/eufs_msgs/include/eufs_msgs/msg/ekf_state.h
-- Symlinking: /home/gustavo/eufs_sim_teste/install/eufs_msgs/include/eufs_msgs/msg/full_state.h
-- Symlinking: /home/gustavo/eufs_sim_teste/install/eufs_msgs/include/eufs_msgs/msg/heartbeat.h
-- Symlinking: /home/gustavo/eufs_sim_teste/install/eufs_msgs/include/eufs_msgs/msg/integration_err.h
-- Symlinking: /home/gustavo/eufs_sim_teste/install/eufs_msgs/include/eufs_msgs/msg/lap_stats.h
-- Symlinking: /home/gustavo/eufs_sim_teste/install/eufs_msgs/include/eufs_msgs/msg/node_state.h
-- Symlinking: /home/gustavo/eufs_sim_teste/install/eufs_msgs/include/eufs_msgs/msg/node_state_array.h
-- Symlinking: /home/gustavo/eufs_sim_teste/install/eufs_msgs/include/eufs_msgs/msg/path_integral_params.h
-- Symlinking: /home/gustavo/eufs_sim_teste/install/eufs_msgs/include/eufs_msgs/msg/path_integral_stats.h
-- Symlinking: /home/gustavo/eufs_sim_teste/install/eufs_msgs/include/eufs_msgs/msg/path_integral_status.h
-- Symlinking: /home/gustavo/eufs_sim_teste/install/eufs_msgs/include/eufs_msgs/msg/path_integral_timing.h
-- Symlinking: /home/gustavo/eufs_sim_teste/install/eufs_msgs/include/eufs_msgs/msg/point_array.h
-- Symlinking: /home/gustavo/eufs_sim_teste/install/eufs_msgs/include/eufs_msgs/msg/point_array_stamped.h
-- Symlinking: /home/gustavo/eufs_sim_teste/install/eufs_msgs/include/eufs_msgs/msg/rosidl_generator_c__visibility_control.h
-- Symlinking: /home/gustavo/eufs_sim_teste/install/eufs_msgs/include/eufs_msgs/msg/runstop.h
-- Symlinking: /home/gustavo/eufs_sim_teste/install/eufs_msgs/include/eufs_msgs/msg/slam_err.h
-- Symlinking: /home/gustavo/eufs_sim_teste/install/eufs_msgs/include/eufs_msgs/msg/slam_state.h
-- Symlinking: /home/gustavo/eufs_sim_teste/install/eufs_msgs/include/eufs_msgs/msg/state_machine_state.h
-- Symlinking: /home/gustavo/eufs_sim_teste/install/eufs_msgs/include/eufs_msgs/msg/system_status.h
-- Symlinking: /home/gustavo/eufs_sim_teste/install/eufs_msgs/include/eufs_msgs/msg/topic_status.h
-- Symlinking: /home/gustavo/eufs_sim_teste/install/eufs_msgs/include/eufs_msgs/msg/vehicle_commands.h
-- Symlinking: /home/gustavo/eufs_sim_teste/install/eufs_msgs/include/eufs_msgs/msg/vehicle_commands_stamped.h
-- Symlinking: /home/gustavo/eufs_sim_teste/install/eufs_msgs/include/eufs_msgs/msg/waypoint.h
-- Symlinking: /home/gustavo/eufs_sim_teste/install/eufs_msgs/include/eufs_msgs/msg/waypoint_array_stamped.h
-- Symlinking: /home/gustavo/eufs_sim_teste/install/eufs_msgs/include/eufs_msgs/msg/wheel_odometry_err.h
-- Symlinking: /home/gustavo/eufs_sim_teste/install/eufs_msgs/include/eufs_msgs/msg/wheel_speeds.h
-- Symlinking: /home/gustavo/eufs_sim_teste/install/eufs_msgs/include/eufs_msgs/msg/wheel_speeds_stamped.h
-- Symlinking: /home/gustavo/eufs_sim_teste/install/eufs_msgs/include/eufs_msgs/srv/detail/register__functions.h
-- Symlinking: /home/gustavo/eufs_sim_teste/install/eufs_msgs/include/eufs_msgs/srv/detail/register__struct.h
-- Symlinking: /home/gustavo/eufs_sim_teste/install/eufs_msgs/include/eufs_msgs/srv/detail/register__type_support.h
-- Symlinking: /home/gustavo/eufs_sim_teste/install/eufs_msgs/include/eufs_msgs/srv/detail/set_can_state__functions.h
-- Symlinking: /home/gustavo/eufs_sim_teste/install/eufs_msgs/include/eufs_msgs/srv/detail/set_can_state__struct.h
-- Symlinking: /home/gustavo/eufs_sim_teste/install/eufs_msgs/include/eufs_msgs/srv/detail/set_can_state__type_support.h
-- Symlinking: /home/gustavo/eufs_sim_teste/install/eufs_msgs/include/eufs_msgs/srv/register.h
-- Symlinking: /home/gustavo/eufs_sim_teste/install/eufs_msgs/include/eufs_msgs/srv/set_can_state.h
-- Symlinking: /home/gustavo/eufs_sim_teste/install/eufs_msgs/share/eufs_msgs/environment/library_path.sh
-- Symlinking: /home/gustavo/eufs_sim_teste/install/eufs_msgs/share/eufs_msgs/environment/library_path.dsv
-- Symlinking: /home/gustavo/eufs_sim_teste/install/eufs_msgs/include/eufs_msgs/action/detail/check_for_objects__rosidl_typesupport_fastrtps_c.h
-- Symlinking: /home/gustavo/eufs_sim_teste/install/eufs_msgs/include/eufs_msgs/msg/detail/bounding_box__rosidl_typesupport_fastrtps_c.h
-- Symlinking: /home/gustavo/eufs_sim_teste/install/eufs_msgs/include/eufs_msgs/msg/detail/bounding_boxes__rosidl_typesupport_fastrtps_c.h
-- Symlinking: /home/gustavo/eufs_sim_teste/install/eufs_msgs/include/eufs_msgs/msg/detail/can_state__rosidl_typesupport_fastrtps_c.h
-- Symlinking: /home/gustavo/eufs_sim_teste/install/eufs_msgs/include/eufs_msgs/msg/detail/car_state__rosidl_typesupport_fastrtps_c.h
-- Symlinking: /home/gustavo/eufs_sim_teste/install/eufs_msgs/include/eufs_msgs/msg/detail/chassis_command__rosidl_typesupport_fastrtps_c.h
-- Symlinking: /home/gustavo/eufs_sim_teste/install/eufs_msgs/include/eufs_msgs/msg/detail/chassis_state__rosidl_typesupport_fastrtps_c.h
-- Symlinking: /home/gustavo/eufs_sim_teste/install/eufs_msgs/include/eufs_msgs/msg/detail/cone_array__rosidl_typesupport_fastrtps_c.h
-- Symlinking: /home/gustavo/eufs_sim_teste/install/eufs_msgs/include/eufs_msgs/msg/detail/cone_array_with_covariance__rosidl_typesupport_fastrtps_c.h
-- Symlinking: /home/gustavo/eufs_sim_teste/install/eufs_msgs/include/eufs_msgs/msg/detail/cone_with_covariance__rosidl_typesupport_fastrtps_c.h
-- Symlinking: /home/gustavo/eufs_sim_teste/install/eufs_msgs/include/eufs_msgs/msg/detail/costmap__rosidl_typesupport_fastrtps_c.h
-- Symlinking: /home/gustavo/eufs_sim_teste/install/eufs_msgs/include/eufs_msgs/msg/detail/ekf_err__rosidl_typesupport_fastrtps_c.h
-- Symlinking: /home/gustavo/eufs_sim_teste/install/eufs_msgs/include/eufs_msgs/msg/detail/ekf_state__rosidl_typesupport_fastrtps_c.h
-- Symlinking: /home/gustavo/eufs_sim_teste/install/eufs_msgs/include/eufs_msgs/msg/detail/full_state__rosidl_typesupport_fastrtps_c.h
-- Symlinking: /home/gustavo/eufs_sim_teste/install/eufs_msgs/include/eufs_msgs/msg/detail/heartbeat__rosidl_typesupport_fastrtps_c.h
-- Symlinking: /home/gustavo/eufs_sim_teste/install/eufs_msgs/include/eufs_msgs/msg/detail/integration_err__rosidl_typesupport_fastrtps_c.h
-- Symlinking: /home/gustavo/eufs_sim_teste/install/eufs_msgs/include/eufs_msgs/msg/detail/lap_stats__rosidl_typesupport_fastrtps_c.h
-- Symlinking: /home/gustavo/eufs_sim_teste/install/eufs_msgs/include/eufs_msgs/msg/detail/node_state__rosidl_typesupport_fastrtps_c.h
-- Symlinking: /home/gustavo/eufs_sim_teste/install/eufs_msgs/include/eufs_msgs/msg/detail/node_state_array__rosidl_typesupport_fastrtps_c.h
-- Symlinking: /home/gustavo/eufs_sim_teste/install/eufs_msgs/include/eufs_msgs/msg/detail/path_integral_params__rosidl_typesupport_fastrtps_c.h
-- Symlinking: /home/gustavo/eufs_sim_teste/install/eufs_msgs/include/eufs_msgs/msg/detail/path_integral_stats__rosidl_typesupport_fastrtps_c.h
-- Symlinking: /home/gustavo/eufs_sim_teste/install/eufs_msgs/include/eufs_msgs/msg/detail/path_integral_status__rosidl_typesupport_fastrtps_c.h
-- Symlinking: /home/gustavo/eufs_sim_teste/install/eufs_msgs/include/eufs_msgs/msg/detail/path_integral_timing__rosidl_typesupport_fastrtps_c.h
-- Symlinking: /home/gustavo/eufs_sim_teste/install/eufs_msgs/include/eufs_msgs/msg/detail/point_array__rosidl_typesupport_fastrtps_c.h
-- Symlinking: /home/gustavo/eufs_sim_teste/install/eufs_msgs/include/eufs_msgs/msg/detail/point_array_stamped__rosidl_typesupport_fastrtps_c.h
-- Symlinking: /home/gustavo/eufs_sim_teste/install/eufs_msgs/include/eufs_msgs/msg/detail/runstop__rosidl_typesupport_fastrtps_c.h
-- Symlinking: /home/gustavo/eufs_sim_teste/install/eufs_msgs/include/eufs_msgs/msg/detail/slam_err__rosidl_typesupport_fastrtps_c.h
-- Symlinking: /home/gustavo/eufs_sim_teste/install/eufs_msgs/include/eufs_msgs/msg/detail/slam_state__rosidl_typesupport_fastrtps_c.h
-- Symlinking: /home/gustavo/eufs_sim_teste/install/eufs_msgs/include/eufs_msgs/msg/detail/state_machine_state__rosidl_typesupport_fastrtps_c.h
-- Symlinking: /home/gustavo/eufs_sim_teste/install/eufs_msgs/include/eufs_msgs/msg/detail/system_status__rosidl_typesupport_fastrtps_c.h
-- Symlinking: /home/gustavo/eufs_sim_teste/install/eufs_msgs/include/eufs_msgs/msg/detail/topic_status__rosidl_typesupport_fastrtps_c.h
-- Symlinking: /home/gustavo/eufs_sim_teste/install/eufs_msgs/include/eufs_msgs/msg/detail/vehicle_commands__rosidl_typesupport_fastrtps_c.h
-- Symlinking: /home/gustavo/eufs_sim_teste/install/eufs_msgs/include/eufs_msgs/msg/detail/vehicle_commands_stamped__rosidl_typesupport_fastrtps_c.h
-- Symlinking: /home/gustavo/eufs_sim_teste/install/eufs_msgs/include/eufs_msgs/msg/detail/waypoint__rosidl_typesupport_fastrtps_c.h
-- Symlinking: /home/gustavo/eufs_sim_teste/install/eufs_msgs/include/eufs_msgs/msg/detail/waypoint_array_stamped__rosidl_typesupport_fastrtps_c.h
-- Symlinking: /home/gustavo/eufs_sim_teste/install/eufs_msgs/include/eufs_msgs/msg/detail/wheel_odometry_err__rosidl_typesupport_fastrtps_c.h
-- Symlinking: /home/gustavo/eufs_sim_teste/install/eufs_msgs/include/eufs_msgs/msg/detail/wheel_speeds__rosidl_typesupport_fastrtps_c.h
-- Symlinking: /home/gustavo/eufs_sim_teste/install/eufs_msgs/include/eufs_msgs/msg/detail/wheel_speeds_stamped__rosidl_typesupport_fastrtps_c.h
-- Symlinking: /home/gustavo/eufs_sim_teste/install/eufs_msgs/include/eufs_msgs/msg/rosidl_typesupport_fastrtps_c__visibility_control.h
-- Symlinking: /home/gustavo/eufs_sim_teste/install/eufs_msgs/include/eufs_msgs/srv/detail/register__rosidl_typesupport_fastrtps_c.h
-- Symlinking: /home/gustavo/eufs_sim_teste/install/eufs_msgs/include/eufs_msgs/srv/detail/set_can_state__rosidl_typesupport_fastrtps_c.h
-- Symlinking: /home/gustavo/eufs_sim_teste/install/eufs_msgs/lib/libeufs_msgs__rosidl_typesupport_fastrtps_c.so
-- Symlinking: /home/gustavo/eufs_sim_teste/install/eufs_msgs/include/eufs_msgs/action/detail/check_for_objects__rosidl_typesupport_fastrtps_cpp.hpp
-- Symlinking: /home/gustavo/eufs_sim_teste/install/eufs_msgs/include/eufs_msgs/msg/detail/bounding_box__rosidl_typesupport_fastrtps_cpp.hpp
-- Symlinking: /home/gustavo/eufs_sim_teste/install/eufs_msgs/include/eufs_msgs/msg/detail/bounding_boxes__rosidl_typesupport_fastrtps_cpp.hpp
-- Symlinking: /home/gustavo/eufs_sim_teste/install/eufs_msgs/include/eufs_msgs/msg/detail/can_state__rosidl_typesupport_fastrtps_cpp.hpp
-- Symlinking: /home/gustavo/eufs_sim_teste/install/eufs_msgs/include/eufs_msgs/msg/detail/car_state__rosidl_typesupport_fastrtps_cpp.hpp
-- Symlinking: /home/gustavo/eufs_sim_teste/install/eufs_msgs/include/eufs_msgs/msg/detail/chassis_command__rosidl_typesupport_fastrtps_cpp.hpp
-- Symlinking: /home/gustavo/eufs_sim_teste/install/eufs_msgs/include/eufs_msgs/msg/detail/chassis_state__rosidl_typesupport_fastrtps_cpp.hpp
-- Symlinking: /home/gustavo/eufs_sim_teste/install/eufs_msgs/include/eufs_msgs/msg/detail/cone_array__rosidl_typesupport_fastrtps_cpp.hpp
-- Symlinking: /home/gustavo/eufs_sim_teste/install/eufs_msgs/include/eufs_msgs/msg/detail/cone_array_with_covariance__rosidl_typesupport_fastrtps_cpp.hpp
-- Symlinking: /home/gustavo/eufs_sim_teste/install/eufs_msgs/include/eufs_msgs/msg/detail/cone_with_covariance__rosidl_typesupport_fastrtps_cpp.hpp
-- Symlinking: /home/gustavo/eufs_sim_teste/install/eufs_msgs/include/eufs_msgs/msg/detail/costmap__rosidl_typesupport_fastrtps_cpp.hpp
-- Symlinking: /home/gustavo/eufs_sim_teste/install/eufs_msgs/include/eufs_msgs/msg/detail/ekf_err__rosidl_typesupport_fastrtps_cpp.hpp
-- Symlinking: /home/gustavo/eufs_sim_teste/install/eufs_msgs/include/eufs_msgs/msg/detail/ekf_state__rosidl_typesupport_fastrtps_cpp.hpp
-- Symlinking: /home/gustavo/eufs_sim_teste/install/eufs_msgs/include/eufs_msgs/msg/detail/full_state__rosidl_typesupport_fastrtps_cpp.hpp
-- Symlinking: /home/gustavo/eufs_sim_teste/install/eufs_msgs/include/eufs_msgs/msg/detail/heartbeat__rosidl_typesupport_fastrtps_cpp.hpp
-- Symlinking: /home/gustavo/eufs_sim_teste/install/eufs_msgs/include/eufs_msgs/msg/detail/integration_err__rosidl_typesupport_fastrtps_cpp.hpp
-- Symlinking: /home/gustavo/eufs_sim_teste/install/eufs_msgs/include/eufs_msgs/msg/detail/lap_stats__rosidl_typesupport_fastrtps_cpp.hpp
-- Symlinking: /home/gustavo/eufs_sim_teste/install/eufs_msgs/include/eufs_msgs/msg/detail/node_state__rosidl_typesupport_fastrtps_cpp.hpp
-- Symlinking: /home/gustavo/eufs_sim_teste/install/eufs_msgs/include/eufs_msgs/msg/detail/node_state_array__rosidl_typesupport_fastrtps_cpp.hpp
-- Symlinking: /home/gustavo/eufs_sim_teste/install/eufs_msgs/include/eufs_msgs/msg/detail/path_integral_params__rosidl_typesupport_fastrtps_cpp.hpp
-- Symlinking: /home/gustavo/eufs_sim_teste/install/eufs_msgs/include/eufs_msgs/msg/detail/path_integral_stats__rosidl_typesupport_fastrtps_cpp.hpp
-- Symlinking: /home/gustavo/eufs_sim_teste/install/eufs_msgs/include/eufs_msgs/msg/detail/path_integral_status__rosidl_typesupport_fastrtps_cpp.hpp
-- Symlinking: /home/gustavo/eufs_sim_teste/install/eufs_msgs/include/eufs_msgs/msg/detail/path_integral_timing__rosidl_typesupport_fastrtps_cpp.hpp
-- Symlinking: /home/gustavo/eufs_sim_teste/install/eufs_msgs/include/eufs_msgs/msg/detail/point_array__rosidl_typesupport_fastrtps_cpp.hpp
-- Symlinking: /home/gustavo/eufs_sim_teste/install/eufs_msgs/include/eufs_msgs/msg/detail/point_array_stamped__rosidl_typesupport_fastrtps_cpp.hpp
-- Symlinking: /home/gustavo/eufs_sim_teste/install/eufs_msgs/include/eufs_msgs/msg/detail/runstop__rosidl_typesupport_fastrtps_cpp.hpp
-- Symlinking: /home/gustavo/eufs_sim_teste/install/eufs_msgs/include/eufs_msgs/msg/detail/slam_err__rosidl_typesupport_fastrtps_cpp.hpp
-- Symlinking: /home/gustavo/eufs_sim_teste/install/eufs_msgs/include/eufs_msgs/msg/detail/slam_state__rosidl_typesupport_fastrtps_cpp.hpp
-- Symlinking: /home/gustavo/eufs_sim_teste/install/eufs_msgs/include/eufs_msgs/msg/detail/state_machine_state__rosidl_typesupport_fastrtps_cpp.hpp
-- Symlinking: /home/gustavo/eufs_sim_teste/install/eufs_msgs/include/eufs_msgs/msg/detail/system_status__rosidl_typesupport_fastrtps_cpp.hpp
-- Symlinking: /home/gustavo/eufs_sim_teste/install/eufs_msgs/include/eufs_msgs/msg/detail/topic_status__rosidl_typesupport_fastrtps_cpp.hpp
-- Symlinking: /home/gustavo/eufs_sim_teste/install/eufs_msgs/include/eufs_msgs/msg/detail/vehicle_commands__rosidl_typesupport_fastrtps_cpp.hpp
-- Symlinking: /home/gustavo/eufs_sim_teste/install/eufs_msgs/include/eufs_msgs/msg/detail/vehicle_commands_stamped__rosidl_typesupport_fastrtps_cpp.hpp
-- Symlinking: /home/gustavo/eufs_sim_teste/install/eufs_msgs/include/eufs_msgs/msg/detail/waypoint__rosidl_typesupport_fastrtps_cpp.hpp
-- Symlinking: /home/gustavo/eufs_sim_teste/install/eufs_msgs/include/eufs_msgs/msg/detail/waypoint_array_stamped__rosidl_typesupport_fastrtps_cpp.hpp
-- Symlinking: /home/gustavo/eufs_sim_teste/install/eufs_msgs/include/eufs_msgs/msg/detail/wheel_odometry_err__rosidl_typesupport_fastrtps_cpp.hpp
-- Symlinking: /home/gustavo/eufs_sim_teste/install/eufs_msgs/include/eufs_msgs/msg/detail/wheel_speeds__rosidl_typesupport_fastrtps_cpp.hpp
-- Symlinking: /home/gustavo/eufs_sim_teste/install/eufs_msgs/include/eufs_msgs/msg/detail/wheel_speeds_stamped__rosidl_typesupport_fastrtps_cpp.hpp
-- Symlinking: /home/gustavo/eufs_sim_teste/install/eufs_msgs/include/eufs_msgs/msg/rosidl_typesupport_fastrtps_cpp__visibility_control.h
-- Symlinking: /home/gustavo/eufs_sim_teste/install/eufs_msgs/include/eufs_msgs/srv/detail/register__rosidl_typesupport_fastrtps_cpp.hpp
-- Symlinking: /home/gustavo/eufs_sim_teste/install/eufs_msgs/include/eufs_msgs/srv/detail/set_can_state__rosidl_typesupport_fastrtps_cpp.hpp
-- Symlinking: /home/gustavo/eufs_sim_teste/install/eufs_msgs/lib/libeufs_msgs__rosidl_typesupport_fastrtps_cpp.so
-- Symlinking: /home/gustavo/eufs_sim_teste/install/eufs_msgs/include/eufs_msgs/action/detail/check_for_objects__rosidl_typesupport_introspection_c.h
-- Symlinking: /home/gustavo/eufs_sim_teste/install/eufs_msgs/include/eufs_msgs/msg/detail/bounding_box__rosidl_typesupport_introspection_c.h
-- Symlinking: /home/gustavo/eufs_sim_teste/install/eufs_msgs/include/eufs_msgs/msg/detail/bounding_boxes__rosidl_typesupport_introspection_c.h
-- Symlinking: /home/gustavo/eufs_sim_teste/install/eufs_msgs/include/eufs_msgs/msg/detail/can_state__rosidl_typesupport_introspection_c.h
-- Symlinking: /home/gustavo/eufs_sim_teste/install/eufs_msgs/include/eufs_msgs/msg/detail/car_state__rosidl_typesupport_introspection_c.h
-- Symlinking: /home/gustavo/eufs_sim_teste/install/eufs_msgs/include/eufs_msgs/msg/detail/chassis_command__rosidl_typesupport_introspection_c.h
-- Symlinking: /home/gustavo/eufs_sim_teste/install/eufs_msgs/include/eufs_msgs/msg/detail/chassis_state__rosidl_typesupport_introspection_c.h
-- Symlinking: /home/gustavo/eufs_sim_teste/install/eufs_msgs/include/eufs_msgs/msg/detail/cone_array__rosidl_typesupport_introspection_c.h
-- Symlinking: /home/gustavo/eufs_sim_teste/install/eufs_msgs/include/eufs_msgs/msg/detail/cone_array_with_covariance__rosidl_typesupport_introspection_c.h
-- Symlinking: /home/gustavo/eufs_sim_teste/install/eufs_msgs/include/eufs_msgs/msg/detail/cone_with_covariance__rosidl_typesupport_introspection_c.h
-- Symlinking: /home/gustavo/eufs_sim_teste/install/eufs_msgs/include/eufs_msgs/msg/detail/costmap__rosidl_typesupport_introspection_c.h
-- Symlinking: /home/gustavo/eufs_sim_teste/install/eufs_msgs/include/eufs_msgs/msg/detail/ekf_err__rosidl_typesupport_introspection_c.h
-- Symlinking: /home/gustavo/eufs_sim_teste/install/eufs_msgs/include/eufs_msgs/msg/detail/ekf_state__rosidl_typesupport_introspection_c.h
-- Symlinking: /home/gustavo/eufs_sim_teste/install/eufs_msgs/include/eufs_msgs/msg/detail/full_state__rosidl_typesupport_introspection_c.h
-- Symlinking: /home/gustavo/eufs_sim_teste/install/eufs_msgs/include/eufs_msgs/msg/detail/heartbeat__rosidl_typesupport_introspection_c.h
-- Symlinking: /home/gustavo/eufs_sim_teste/install/eufs_msgs/include/eufs_msgs/msg/detail/integration_err__rosidl_typesupport_introspection_c.h
-- Symlinking: /home/gustavo/eufs_sim_teste/install/eufs_msgs/include/eufs_msgs/msg/detail/lap_stats__rosidl_typesupport_introspection_c.h
-- Symlinking: /home/gustavo/eufs_sim_teste/install/eufs_msgs/include/eufs_msgs/msg/detail/node_state__rosidl_typesupport_introspection_c.h
-- Symlinking: /home/gustavo/eufs_sim_teste/install/eufs_msgs/include/eufs_msgs/msg/detail/node_state_array__rosidl_typesupport_introspection_c.h
-- Symlinking: /home/gustavo/eufs_sim_teste/install/eufs_msgs/include/eufs_msgs/msg/detail/path_integral_params__rosidl_typesupport_introspection_c.h
-- Symlinking: /home/gustavo/eufs_sim_teste/install/eufs_msgs/include/eufs_msgs/msg/detail/path_integral_stats__rosidl_typesupport_introspection_c.h
-- Symlinking: /home/gustavo/eufs_sim_teste/install/eufs_msgs/include/eufs_msgs/msg/detail/path_integral_status__rosidl_typesupport_introspection_c.h
-- Symlinking: /home/gustavo/eufs_sim_teste/install/eufs_msgs/include/eufs_msgs/msg/detail/path_integral_timing__rosidl_typesupport_introspection_c.h
-- Symlinking: /home/gustavo/eufs_sim_teste/install/eufs_msgs/include/eufs_msgs/msg/detail/point_array__rosidl_typesupport_introspection_c.h
-- Symlinking: /home/gustavo/eufs_sim_teste/install/eufs_msgs/include/eufs_msgs/msg/detail/point_array_stamped__rosidl_typesupport_introspection_c.h
-- Symlinking: /home/gustavo/eufs_sim_teste/install/eufs_msgs/include/eufs_msgs/msg/detail/runstop__rosidl_typesupport_introspection_c.h
-- Symlinking: /home/gustavo/eufs_sim_teste/install/eufs_msgs/include/eufs_msgs/msg/detail/slam_err__rosidl_typesupport_introspection_c.h
-- Symlinking: /home/gustavo/eufs_sim_teste/install/eufs_msgs/include/eufs_msgs/msg/detail/slam_state__rosidl_typesupport_introspection_c.h
-- Symlinking: /home/gustavo/eufs_sim_teste/install/eufs_msgs/include/eufs_msgs/msg/detail/state_machine_state__rosidl_typesupport_introspection_c.h
-- Symlinking: /home/gustavo/eufs_sim_teste/install/eufs_msgs/include/eufs_msgs/msg/detail/system_status__rosidl_typesupport_introspection_c.h
-- Symlinking: /home/gustavo/eufs_sim_teste/install/eufs_msgs/include/eufs_msgs/msg/detail/topic_status__rosidl_typesupport_introspection_c.h
-- Symlinking: /home/gustavo/eufs_sim_teste/install/eufs_msgs/include/eufs_msgs/msg/detail/vehicle_commands__rosidl_typesupport_introspection_c.h
-- Symlinking: /home/gustavo/eufs_sim_teste/install/eufs_msgs/include/eufs_msgs/msg/detail/vehicle_commands_stamped__rosidl_typesupport_introspection_c.h
-- Symlinking: /home/gustavo/eufs_sim_teste/install/eufs_msgs/include/eufs_msgs/msg/detail/waypoint__rosidl_typesupport_introspection_c.h
-- Symlinking: /home/gustavo/eufs_sim_teste/install/eufs_msgs/include/eufs_msgs/msg/detail/waypoint_array_stamped__rosidl_typesupport_introspection_c.h
-- Symlinking: /home/gustavo/eufs_sim_teste/install/eufs_msgs/include/eufs_msgs/msg/detail/wheel_odometry_err__rosidl_typesupport_introspection_c.h
-- Symlinking: /home/gustavo/eufs_sim_teste/install/eufs_msgs/include/eufs_msgs/msg/detail/wheel_speeds__rosidl_typesupport_introspection_c.h
-- Symlinking: /home/gustavo/eufs_sim_teste/install/eufs_msgs/include/eufs_msgs/msg/detail/wheel_speeds_stamped__rosidl_typesupport_introspection_c.h
-- Symlinking: /home/gustavo/eufs_sim_teste/install/eufs_msgs/include/eufs_msgs/msg/rosidl_typesupport_introspection_c__visibility_control.h
-- Symlinking: /home/gustavo/eufs_sim_teste/install/eufs_msgs/include/eufs_msgs/srv/detail/register__rosidl_typesupport_introspection_c.h
-- Symlinking: /home/gustavo/eufs_sim_teste/install/eufs_msgs/include/eufs_msgs/srv/detail/set_can_state__rosidl_typesupport_introspection_c.h
-- Symlinking: /home/gustavo/eufs_sim_teste/install/eufs_msgs/include/eufs_msgs/action/check_for_objects.hpp
-- Symlinking: /home/gustavo/eufs_sim_teste/install/eufs_msgs/include/eufs_msgs/action/detail/check_for_objects__builder.hpp
-- Symlinking: /home/gustavo/eufs_sim_teste/install/eufs_msgs/include/eufs_msgs/action/detail/check_for_objects__struct.hpp
-- Symlinking: /home/gustavo/eufs_sim_teste/install/eufs_msgs/include/eufs_msgs/action/detail/check_for_objects__traits.hpp
-- Symlinking: /home/gustavo/eufs_sim_teste/install/eufs_msgs/include/eufs_msgs/msg/bounding_box.hpp
-- Symlinking: /home/gustavo/eufs_sim_teste/install/eufs_msgs/include/eufs_msgs/msg/bounding_boxes.hpp
-- Symlinking: /home/gustavo/eufs_sim_teste/install/eufs_msgs/include/eufs_msgs/msg/can_state.hpp
-- Symlinking: /home/gustavo/eufs_sim_teste/install/eufs_msgs/include/eufs_msgs/msg/car_state.hpp
-- Symlinking: /home/gustavo/eufs_sim_teste/install/eufs_msgs/include/eufs_msgs/msg/chassis_command.hpp
-- Symlinking: /home/gustavo/eufs_sim_teste/install/eufs_msgs/include/eufs_msgs/msg/chassis_state.hpp
-- Symlinking: /home/gustavo/eufs_sim_teste/install/eufs_msgs/include/eufs_msgs/msg/cone_array.hpp
-- Symlinking: /home/gustavo/eufs_sim_teste/install/eufs_msgs/include/eufs_msgs/msg/cone_array_with_covariance.hpp
-- Symlinking: /home/gustavo/eufs_sim_teste/install/eufs_msgs/include/eufs_msgs/msg/cone_with_covariance.hpp
-- Symlinking: /home/gustavo/eufs_sim_teste/install/eufs_msgs/include/eufs_msgs/msg/costmap.hpp
-- Symlinking: /home/gustavo/eufs_sim_teste/install/eufs_msgs/include/eufs_msgs/msg/detail/bounding_box__builder.hpp
-- Symlinking: /home/gustavo/eufs_sim_teste/install/eufs_msgs/include/eufs_msgs/msg/detail/bounding_box__struct.hpp
-- Symlinking: /home/gustavo/eufs_sim_teste/install/eufs_msgs/include/eufs_msgs/msg/detail/bounding_box__traits.hpp
-- Symlinking: /home/gustavo/eufs_sim_teste/install/eufs_msgs/include/eufs_msgs/msg/detail/bounding_boxes__builder.hpp
-- Symlinking: /home/gustavo/eufs_sim_teste/install/eufs_msgs/include/eufs_msgs/msg/detail/bounding_boxes__struct.hpp
-- Symlinking: /home/gustavo/eufs_sim_teste/install/eufs_msgs/include/eufs_msgs/msg/detail/bounding_boxes__traits.hpp
-- Symlinking: /home/gustavo/eufs_sim_teste/install/eufs_msgs/include/eufs_msgs/msg/detail/can_state__builder.hpp
-- Symlinking: /home/gustavo/eufs_sim_teste/install/eufs_msgs/include/eufs_msgs/msg/detail/can_state__struct.hpp
-- Symlinking: /home/gustavo/eufs_sim_teste/install/eufs_msgs/include/eufs_msgs/msg/detail/can_state__traits.hpp
-- Symlinking: /home/gustavo/eufs_sim_teste/install/eufs_msgs/include/eufs_msgs/msg/detail/car_state__builder.hpp
-- Symlinking: /home/gustavo/eufs_sim_teste/install/eufs_msgs/include/eufs_msgs/msg/detail/car_state__struct.hpp
-- Symlinking: /home/gustavo/eufs_sim_teste/install/eufs_msgs/include/eufs_msgs/msg/detail/car_state__traits.hpp
-- Symlinking: /home/gustavo/eufs_sim_teste/install/eufs_msgs/include/eufs_msgs/msg/detail/chassis_command__builder.hpp
-- Symlinking: /home/gustavo/eufs_sim_teste/install/eufs_msgs/include/eufs_msgs/msg/detail/chassis_command__struct.hpp
-- Symlinking: /home/gustavo/eufs_sim_teste/install/eufs_msgs/include/eufs_msgs/msg/detail/chassis_command__traits.hpp
-- Symlinking: /home/gustavo/eufs_sim_teste/install/eufs_msgs/include/eufs_msgs/msg/detail/chassis_state__builder.hpp
-- Symlinking: /home/gustavo/eufs_sim_teste/install/eufs_msgs/include/eufs_msgs/msg/detail/chassis_state__struct.hpp
-- Symlinking: /home/gustavo/eufs_sim_teste/install/eufs_msgs/include/eufs_msgs/msg/detail/chassis_state__traits.hpp
-- Symlinking: /home/gustavo/eufs_sim_teste/install/eufs_msgs/include/eufs_msgs/msg/detail/cone_array__builder.hpp
-- Symlinking: /home/gustavo/eufs_sim_teste/install/eufs_msgs/include/eufs_msgs/msg/detail/cone_array__struct.hpp
-- Symlinking: /home/gustavo/eufs_sim_teste/install/eufs_msgs/include/eufs_msgs/msg/detail/cone_array__traits.hpp
-- Symlinking: /home/gustavo/eufs_sim_teste/install/eufs_msgs/include/eufs_msgs/msg/detail/cone_array_with_covariance__builder.hpp
-- Symlinking: /home/gustavo/eufs_sim_teste/install/eufs_msgs/include/eufs_msgs/msg/detail/cone_array_with_covariance__struct.hpp
-- Symlinking: /home/gustavo/eufs_sim_teste/install/eufs_msgs/include/eufs_msgs/msg/detail/cone_array_with_covariance__traits.hpp
-- Symlinking: /home/gustavo/eufs_sim_teste/install/eufs_msgs/include/eufs_msgs/msg/detail/cone_with_covariance__builder.hpp
-- Symlinking: /home/gustavo/eufs_sim_teste/install/eufs_msgs/include/eufs_msgs/msg/detail/cone_with_covariance__struct.hpp
-- Symlinking: /home/gustavo/eufs_sim_teste/install/eufs_msgs/include/eufs_msgs/msg/detail/cone_with_covariance__traits.hpp
-- Symlinking: /home/gustavo/eufs_sim_teste/install/eufs_msgs/include/eufs_msgs/msg/detail/costmap__builder.hpp
-- Symlinking: /home/gustavo/eufs_sim_teste/install/eufs_msgs/include/eufs_msgs/msg/detail/costmap__struct.hpp
-- Symlinking: /home/gustavo/eufs_sim_teste/install/eufs_msgs/include/eufs_msgs/msg/detail/costmap__traits.hpp
-- Symlinking: /home/gustavo/eufs_sim_teste/install/eufs_msgs/include/eufs_msgs/msg/detail/ekf_err__builder.hpp
-- Symlinking: /home/gustavo/eufs_sim_teste/install/eufs_msgs/include/eufs_msgs/msg/detail/ekf_err__struct.hpp
-- Symlinking: /home/gustavo/eufs_sim_teste/install/eufs_msgs/include/eufs_msgs/msg/detail/ekf_err__traits.hpp
-- Symlinking: /home/gustavo/eufs_sim_teste/install/eufs_msgs/include/eufs_msgs/msg/detail/ekf_state__builder.hpp
-- Symlinking: /home/gustavo/eufs_sim_teste/install/eufs_msgs/include/eufs_msgs/msg/detail/ekf_state__struct.hpp
-- Symlinking: /home/gustavo/eufs_sim_teste/install/eufs_msgs/include/eufs_msgs/msg/detail/ekf_state__traits.hpp
-- Symlinking: /home/gustavo/eufs_sim_teste/install/eufs_msgs/include/eufs_msgs/msg/detail/full_state__builder.hpp
-- Symlinking: /home/gustavo/eufs_sim_teste/install/eufs_msgs/include/eufs_msgs/msg/detail/full_state__struct.hpp
-- Symlinking: /home/gustavo/eufs_sim_teste/install/eufs_msgs/include/eufs_msgs/msg/detail/full_state__traits.hpp
-- Symlinking: /home/gustavo/eufs_sim_teste/install/eufs_msgs/include/eufs_msgs/msg/detail/heartbeat__builder.hpp
-- Symlinking: /home/gustavo/eufs_sim_teste/install/eufs_msgs/include/eufs_msgs/msg/detail/heartbeat__struct.hpp
-- Symlinking: /home/gustavo/eufs_sim_teste/install/eufs_msgs/include/eufs_msgs/msg/detail/heartbeat__traits.hpp
-- Symlinking: /home/gustavo/eufs_sim_teste/install/eufs_msgs/include/eufs_msgs/msg/detail/integration_err__builder.hpp
-- Symlinking: /home/gustavo/eufs_sim_teste/install/eufs_msgs/include/eufs_msgs/msg/detail/integration_err__struct.hpp
-- Symlinking: /home/gustavo/eufs_sim_teste/install/eufs_msgs/include/eufs_msgs/msg/detail/integration_err__traits.hpp
-- Symlinking: /home/gustavo/eufs_sim_teste/install/eufs_msgs/include/eufs_msgs/msg/detail/lap_stats__builder.hpp
-- Symlinking: /home/gustavo/eufs_sim_teste/install/eufs_msgs/include/eufs_msgs/msg/detail/lap_stats__struct.hpp
-- Symlinking: /home/gustavo/eufs_sim_teste/install/eufs_msgs/include/eufs_msgs/msg/detail/lap_stats__traits.hpp
-- Symlinking: /home/gustavo/eufs_sim_teste/install/eufs_msgs/include/eufs_msgs/msg/detail/node_state__builder.hpp
-- Symlinking: /home/gustavo/eufs_sim_teste/install/eufs_msgs/include/eufs_msgs/msg/detail/node_state__struct.hpp
-- Symlinking: /home/gustavo/eufs_sim_teste/install/eufs_msgs/include/eufs_msgs/msg/detail/node_state__traits.hpp
-- Symlinking: /home/gustavo/eufs_sim_teste/install/eufs_msgs/include/eufs_msgs/msg/detail/node_state_array__builder.hpp
-- Symlinking: /home/gustavo/eufs_sim_teste/install/eufs_msgs/include/eufs_msgs/msg/detail/node_state_array__struct.hpp
-- Symlinking: /home/gustavo/eufs_sim_teste/install/eufs_msgs/include/eufs_msgs/msg/detail/node_state_array__traits.hpp
-- Symlinking: /home/gustavo/eufs_sim_teste/install/eufs_msgs/include/eufs_msgs/msg/detail/path_integral_params__builder.hpp
-- Symlinking: /home/gustavo/eufs_sim_teste/install/eufs_msgs/include/eufs_msgs/msg/detail/path_integral_params__struct.hpp
-- Symlinking: /home/gustavo/eufs_sim_teste/install/eufs_msgs/include/eufs_msgs/msg/detail/path_integral_params__traits.hpp
-- Symlinking: /home/gustavo/eufs_sim_teste/install/eufs_msgs/include/eufs_msgs/msg/detail/path_integral_stats__builder.hpp
-- Symlinking: /home/gustavo/eufs_sim_teste/install/eufs_msgs/include/eufs_msgs/msg/detail/path_integral_stats__struct.hpp
-- Symlinking: /home/gustavo/eufs_sim_teste/install/eufs_msgs/include/eufs_msgs/msg/detail/path_integral_stats__traits.hpp
-- Symlinking: /home/gustavo/eufs_sim_teste/install/eufs_msgs/include/eufs_msgs/msg/detail/path_integral_status__builder.hpp
-- Symlinking: /home/gustavo/eufs_sim_teste/install/eufs_msgs/include/eufs_msgs/msg/detail/path_integral_status__struct.hpp
-- Symlinking: /home/gustavo/eufs_sim_teste/install/eufs_msgs/include/eufs_msgs/msg/detail/path_integral_status__traits.hpp
-- Symlinking: /home/gustavo/eufs_sim_teste/install/eufs_msgs/include/eufs_msgs/msg/detail/path_integral_timing__builder.hpp
-- Symlinking: /home/gustavo/eufs_sim_teste/install/eufs_msgs/include/eufs_msgs/msg/detail/path_integral_timing__struct.hpp
-- Symlinking: /home/gustavo/eufs_sim_teste/install/eufs_msgs/include/eufs_msgs/msg/detail/path_integral_timing__traits.hpp
-- Symlinking: /home/gustavo/eufs_sim_teste/install/eufs_msgs/include/eufs_msgs/msg/detail/point_array__builder.hpp
-- Symlinking: /home/gustavo/eufs_sim_teste/install/eufs_msgs/include/eufs_msgs/msg/detail/point_array__struct.hpp
-- Symlinking: /home/gustavo/eufs_sim_teste/install/eufs_msgs/include/eufs_msgs/msg/detail/point_array__traits.hpp
-- Symlinking: /home/gustavo/eufs_sim_teste/install/eufs_msgs/include/eufs_msgs/msg/detail/point_array_stamped__builder.hpp
-- Symlinking: /home/gustavo/eufs_sim_teste/install/eufs_msgs/include/eufs_msgs/msg/detail/point_array_stamped__struct.hpp
-- Symlinking: /home/gustavo/eufs_sim_teste/install/eufs_msgs/include/eufs_msgs/msg/detail/point_array_stamped__traits.hpp
-- Symlinking: /home/gustavo/eufs_sim_teste/install/eufs_msgs/include/eufs_msgs/msg/detail/runstop__builder.hpp
-- Symlinking: /home/gustavo/eufs_sim_teste/install/eufs_msgs/include/eufs_msgs/msg/detail/runstop__struct.hpp
-- Symlinking: /home/gustavo/eufs_sim_teste/install/eufs_msgs/include/eufs_msgs/msg/detail/runstop__traits.hpp
-- Symlinking: /home/gustavo/eufs_sim_teste/install/eufs_msgs/include/eufs_msgs/msg/detail/slam_err__builder.hpp
-- Symlinking: /home/gustavo/eufs_sim_teste/install/eufs_msgs/include/eufs_msgs/msg/detail/slam_err__struct.hpp
-- Symlinking: /home/gustavo/eufs_sim_teste/install/eufs_msgs/include/eufs_msgs/msg/detail/slam_err__traits.hpp
-- Symlinking: /home/gustavo/eufs_sim_teste/install/eufs_msgs/include/eufs_msgs/msg/detail/slam_state__builder.hpp
-- Symlinking: /home/gustavo/eufs_sim_teste/install/eufs_msgs/include/eufs_msgs/msg/detail/slam_state__struct.hpp
-- Symlinking: /home/gustavo/eufs_sim_teste/install/eufs_msgs/include/eufs_msgs/msg/detail/slam_state__traits.hpp
-- Symlinking: /home/gustavo/eufs_sim_teste/install/eufs_msgs/include/eufs_msgs/msg/detail/state_machine_state__builder.hpp
-- Symlinking: /home/gustavo/eufs_sim_teste/install/eufs_msgs/include/eufs_msgs/msg/detail/state_machine_state__struct.hpp
-- Symlinking: /home/gustavo/eufs_sim_teste/install/eufs_msgs/include/eufs_msgs/msg/detail/state_machine_state__traits.hpp
-- Symlinking: /home/gustavo/eufs_sim_teste/install/eufs_msgs/include/eufs_msgs/msg/detail/system_status__builder.hpp
-- Symlinking: /home/gustavo/eufs_sim_teste/install/eufs_msgs/include/eufs_msgs/msg/detail/system_status__struct.hpp
-- Symlinking: /home/gustavo/eufs_sim_teste/install/eufs_msgs/include/eufs_msgs/msg/detail/system_status__traits.hpp
-- Symlinking: /home/gustavo/eufs_sim_teste/install/eufs_msgs/include/eufs_msgs/msg/detail/topic_status__builder.hpp
-- Symlinking: /home/gustavo/eufs_sim_teste/install/eufs_msgs/include/eufs_msgs/msg/detail/topic_status__struct.hpp
-- Symlinking: /home/gustavo/eufs_sim_teste/install/eufs_msgs/include/eufs_msgs/msg/detail/topic_status__traits.hpp
-- Symlinking: /home/gustavo/eufs_sim_teste/install/eufs_msgs/include/eufs_msgs/msg/detail/vehicle_commands__builder.hpp
-- Symlinking: /home/gustavo/eufs_sim_teste/install/eufs_msgs/include/eufs_msgs/msg/detail/vehicle_commands__struct.hpp
-- Symlinking: /home/gustavo/eufs_sim_teste/install/eufs_msgs/include/eufs_msgs/msg/detail/vehicle_commands__traits.hpp
-- Symlinking: /home/gustavo/eufs_sim_teste/install/eufs_msgs/include/eufs_msgs/msg/detail/vehicle_commands_stamped__builder.hpp
-- Symlinking: /home/gustavo/eufs_sim_teste/install/eufs_msgs/include/eufs_msgs/msg/detail/vehicle_commands_stamped__struct.hpp
-- Symlinking: /home/gustavo/eufs_sim_teste/install/eufs_msgs/include/eufs_msgs/msg/detail/vehicle_commands_stamped__traits.hpp
-- Symlinking: /home/gustavo/eufs_sim_teste/install/eufs_msgs/include/eufs_msgs/msg/detail/waypoint__builder.hpp
-- Symlinking: /home/gustavo/eufs_sim_teste/install/eufs_msgs/include/eufs_msgs/msg/detail/waypoint__struct.hpp
-- Symlinking: /home/gustavo/eufs_sim_teste/install/eufs_msgs/include/eufs_msgs/msg/detail/waypoint__traits.hpp
-- Symlinking: /home/gustavo/eufs_sim_teste/install/eufs_msgs/include/eufs_msgs/msg/detail/waypoint_array_stamped__builder.hpp
-- Symlinking: /home/gustavo/eufs_sim_teste/install/eufs_msgs/include/eufs_msgs/msg/detail/waypoint_array_stamped__struct.hpp
-- Symlinking: /home/gustavo/eufs_sim_teste/install/eufs_msgs/include/eufs_msgs/msg/detail/waypoint_array_stamped__traits.hpp
-- Symlinking: /home/gustavo/eufs_sim_teste/install/eufs_msgs/include/eufs_msgs/msg/detail/wheel_odometry_err__builder.hpp
-- Symlinking: /home/gustavo/eufs_sim_teste/install/eufs_msgs/include/eufs_msgs/msg/detail/wheel_odometry_err__struct.hpp
-- Symlinking: /home/gustavo/eufs_sim_teste/install/eufs_msgs/include/eufs_msgs/msg/detail/wheel_odometry_err__traits.hpp
-- Symlinking: /home/gustavo/eufs_sim_teste/install/eufs_msgs/include/eufs_msgs/msg/detail/wheel_speeds__builder.hpp
-- Symlinking: /home/gustavo/eufs_sim_teste/install/eufs_msgs/include/eufs_msgs/msg/detail/wheel_speeds__struct.hpp
-- Symlinking: /home/gustavo/eufs_sim_teste/install/eufs_msgs/include/eufs_msgs/msg/detail/wheel_speeds__traits.hpp
-- Symlinking: /home/gustavo/eufs_sim_teste/install/eufs_msgs/include/eufs_msgs/msg/detail/wheel_speeds_stamped__builder.hpp
-- Symlinking: /home/gustavo/eufs_sim_teste/install/eufs_msgs/include/eufs_msgs/msg/detail/wheel_speeds_stamped__struct.hpp
-- Symlinking: /home/gustavo/eufs_sim_teste/install/eufs_msgs/include/eufs_msgs/msg/detail/wheel_speeds_stamped__traits.hpp
-- Symlinking: /home/gustavo/eufs_sim_teste/install/eufs_msgs/include/eufs_msgs/msg/ekf_err.hpp
-- Symlinking: /home/gustavo/eufs_sim_teste/install/eufs_msgs/include/eufs_msgs/msg/ekf_state.hpp
-- Symlinking: /home/gustavo/eufs_sim_teste/install/eufs_msgs/include/eufs_msgs/msg/full_state.hpp
-- Symlinking: /home/gustavo/eufs_sim_teste/install/eufs_msgs/include/eufs_msgs/msg/heartbeat.hpp
-- Symlinking: /home/gustavo/eufs_sim_teste/install/eufs_msgs/include/eufs_msgs/msg/integration_err.hpp
-- Symlinking: /home/gustavo/eufs_sim_teste/install/eufs_msgs/include/eufs_msgs/msg/lap_stats.hpp
-- Symlinking: /home/gustavo/eufs_sim_teste/install/eufs_msgs/include/eufs_msgs/msg/node_state.hpp
-- Symlinking: /home/gustavo/eufs_sim_teste/install/eufs_msgs/include/eufs_msgs/msg/node_state_array.hpp
-- Symlinking: /home/gustavo/eufs_sim_teste/install/eufs_msgs/include/eufs_msgs/msg/path_integral_params.hpp
-- Symlinking: /home/gustavo/eufs_sim_teste/install/eufs_msgs/include/eufs_msgs/msg/path_integral_stats.hpp
-- Symlinking: /home/gustavo/eufs_sim_teste/install/eufs_msgs/include/eufs_msgs/msg/path_integral_status.hpp
-- Symlinking: /home/gustavo/eufs_sim_teste/install/eufs_msgs/include/eufs_msgs/msg/path_integral_timing.hpp
-- Symlinking: /home/gustavo/eufs_sim_teste/install/eufs_msgs/include/eufs_msgs/msg/point_array.hpp
-- Symlinking: /home/gustavo/eufs_sim_teste/install/eufs_msgs/include/eufs_msgs/msg/point_array_stamped.hpp
-- Symlinking: /home/gustavo/eufs_sim_teste/install/eufs_msgs/include/eufs_msgs/msg/runstop.hpp
-- Symlinking: /home/gustavo/eufs_sim_teste/install/eufs_msgs/include/eufs_msgs/msg/slam_err.hpp
-- Symlinking: /home/gustavo/eufs_sim_teste/install/eufs_msgs/include/eufs_msgs/msg/slam_state.hpp
-- Symlinking: /home/gustavo/eufs_sim_teste/install/eufs_msgs/include/eufs_msgs/msg/state_machine_state.hpp
-- Symlinking: /home/gustavo/eufs_sim_teste/install/eufs_msgs/include/eufs_msgs/msg/system_status.hpp
-- Symlinking: /home/gustavo/eufs_sim_teste/install/eufs_msgs/include/eufs_msgs/msg/topic_status.hpp
-- Symlinking: /home/gustavo/eufs_sim_teste/install/eufs_msgs/include/eufs_msgs/msg/vehicle_commands.hpp
-- Symlinking: /home/gustavo/eufs_sim_teste/install/eufs_msgs/include/eufs_msgs/msg/vehicle_commands_stamped.hpp
-- Symlinking: /home/gustavo/eufs_sim_teste/install/eufs_msgs/include/eufs_msgs/msg/waypoint.hpp
-- Symlinking: /home/gustavo/eufs_sim_teste/install/eufs_msgs/include/eufs_msgs/msg/waypoint_array_stamped.hpp
-- Symlinking: /home/gustavo/eufs_sim_teste/install/eufs_msgs/include/eufs_msgs/msg/wheel_odometry_err.hpp
-- Symlinking: /home/gustavo/eufs_sim_teste/install/eufs_msgs/include/eufs_msgs/msg/wheel_speeds.hpp
-- Symlinking: /home/gustavo/eufs_sim_teste/install/eufs_msgs/include/eufs_msgs/msg/wheel_speeds_stamped.hpp
-- Symlinking: /home/gustavo/eufs_sim_teste/install/eufs_msgs/include/eufs_msgs/srv/detail/register__builder.hpp
-- Symlinking: /home/gustavo/eufs_sim_teste/install/eufs_msgs/include/eufs_msgs/srv/detail/register__struct.hpp
-- Symlinking: /home/gustavo/eufs_sim_teste/install/eufs_msgs/include/eufs_msgs/srv/detail/register__traits.hpp
-- Symlinking: /home/gustavo/eufs_sim_teste/install/eufs_msgs/include/eufs_msgs/srv/detail/set_can_state__builder.hpp
-- Symlinking: /home/gustavo/eufs_sim_teste/install/eufs_msgs/include/eufs_msgs/srv/detail/set_can_state__struct.hpp
-- Symlinking: /home/gustavo/eufs_sim_teste/install/eufs_msgs/include/eufs_msgs/srv/detail/set_can_state__traits.hpp
-- Symlinking: /home/gustavo/eufs_sim_teste/install/eufs_msgs/include/eufs_msgs/srv/register.hpp
-- Symlinking: /home/gustavo/eufs_sim_teste/install/eufs_msgs/include/eufs_msgs/srv/set_can_state.hpp
-- Symlinking: /home/gustavo/eufs_sim_teste/install/eufs_msgs/include/eufs_msgs/action/detail/check_for_objects__rosidl_typesupport_introspection_cpp.hpp
-- Symlinking: /home/gustavo/eufs_sim_teste/install/eufs_msgs/include/eufs_msgs/msg/detail/bounding_box__rosidl_typesupport_introspection_cpp.hpp
-- Symlinking: /home/gustavo/eufs_sim_teste/install/eufs_msgs/include/eufs_msgs/msg/detail/bounding_boxes__rosidl_typesupport_introspection_cpp.hpp
-- Symlinking: /home/gustavo/eufs_sim_teste/install/eufs_msgs/include/eufs_msgs/msg/detail/can_state__rosidl_typesupport_introspection_cpp.hpp
-- Symlinking: /home/gustavo/eufs_sim_teste/install/eufs_msgs/include/eufs_msgs/msg/detail/car_state__rosidl_typesupport_introspection_cpp.hpp
-- Symlinking: /home/gustavo/eufs_sim_teste/install/eufs_msgs/include/eufs_msgs/msg/detail/chassis_command__rosidl_typesupport_introspection_cpp.hpp
-- Symlinking: /home/gustavo/eufs_sim_teste/install/eufs_msgs/include/eufs_msgs/msg/detail/chassis_state__rosidl_typesupport_introspection_cpp.hpp
-- Symlinking: /home/gustavo/eufs_sim_teste/install/eufs_msgs/include/eufs_msgs/msg/detail/cone_array__rosidl_typesupport_introspection_cpp.hpp
-- Symlinking: /home/gustavo/eufs_sim_teste/install/eufs_msgs/include/eufs_msgs/msg/detail/cone_array_with_covariance__rosidl_typesupport_introspection_cpp.hpp
-- Symlinking: /home/gustavo/eufs_sim_teste/install/eufs_msgs/include/eufs_msgs/msg/detail/cone_with_covariance__rosidl_typesupport_introspection_cpp.hpp
-- Symlinking: /home/gustavo/eufs_sim_teste/install/eufs_msgs/include/eufs_msgs/msg/detail/costmap__rosidl_typesupport_introspection_cpp.hpp
-- Symlinking: /home/gustavo/eufs_sim_teste/install/eufs_msgs/include/eufs_msgs/msg/detail/ekf_err__rosidl_typesupport_introspection_cpp.hpp
-- Symlinking: /home/gustavo/eufs_sim_teste/install/eufs_msgs/include/eufs_msgs/msg/detail/ekf_state__rosidl_typesupport_introspection_cpp.hpp
-- Symlinking: /home/gustavo/eufs_sim_teste/install/eufs_msgs/include/eufs_msgs/msg/detail/full_state__rosidl_typesupport_introspection_cpp.hpp
-- Symlinking: /home/gustavo/eufs_sim_teste/install/eufs_msgs/include/eufs_msgs/msg/detail/heartbeat__rosidl_typesupport_introspection_cpp.hpp
-- Symlinking: /home/gustavo/eufs_sim_teste/install/eufs_msgs/include/eufs_msgs/msg/detail/integration_err__rosidl_typesupport_introspection_cpp.hpp
-- Symlinking: /home/gustavo/eufs_sim_teste/install/eufs_msgs/include/eufs_msgs/msg/detail/lap_stats__rosidl_typesupport_introspection_cpp.hpp
-- Symlinking: /home/gustavo/eufs_sim_teste/install/eufs_msgs/include/eufs_msgs/msg/detail/node_state__rosidl_typesupport_introspection_cpp.hpp
-- Symlinking: /home/gustavo/eufs_sim_teste/install/eufs_msgs/include/eufs_msgs/msg/detail/node_state_array__rosidl_typesupport_introspection_cpp.hpp
-- Symlinking: /home/gustavo/eufs_sim_teste/install/eufs_msgs/include/eufs_msgs/msg/detail/path_integral_params__rosidl_typesupport_introspection_cpp.hpp
-- Symlinking: /home/gustavo/eufs_sim_teste/install/eufs_msgs/include/eufs_msgs/msg/detail/path_integral_stats__rosidl_typesupport_introspection_cpp.hpp
-- Symlinking: /home/gustavo/eufs_sim_teste/install/eufs_msgs/include/eufs_msgs/msg/detail/path_integral_status__rosidl_typesupport_introspection_cpp.hpp
-- Symlinking: /home/gustavo/eufs_sim_teste/install/eufs_msgs/include/eufs_msgs/msg/detail/path_integral_timing__rosidl_typesupport_introspection_cpp.hpp
-- Symlinking: /home/gustavo/eufs_sim_teste/install/eufs_msgs/include/eufs_msgs/msg/detail/point_array__rosidl_typesupport_introspection_cpp.hpp
-- Symlinking: /home/gustavo/eufs_sim_teste/install/eufs_msgs/include/eufs_msgs/msg/detail/point_array_stamped__rosidl_typesupport_introspection_cpp.hpp
-- Symlinking: /home/gustavo/eufs_sim_teste/install/eufs_msgs/include/eufs_msgs/msg/detail/runstop__rosidl_typesupport_introspection_cpp.hpp
-- Symlinking: /home/gustavo/eufs_sim_teste/install/eufs_msgs/include/eufs_msgs/msg/detail/slam_err__rosidl_typesupport_introspection_cpp.hpp
-- Symlinking: /home/gustavo/eufs_sim_teste/install/eufs_msgs/include/eufs_msgs/msg/detail/slam_state__rosidl_typesupport_introspection_cpp.hpp
-- Symlinking: /home/gustavo/eufs_sim_teste/install/eufs_msgs/include/eufs_msgs/msg/detail/state_machine_state__rosidl_typesupport_introspection_cpp.hpp
-- Symlinking: /home/gustavo/eufs_sim_teste/install/eufs_msgs/include/eufs_msgs/msg/detail/system_status__rosidl_typesupport_introspection_cpp.hpp
-- Symlinking: /home/gustavo/eufs_sim_teste/install/eufs_msgs/include/eufs_msgs/msg/detail/topic_status__rosidl_typesupport_introspection_cpp.hpp
-- Symlinking: /home/gustavo/eufs_sim_teste/install/eufs_msgs/include/eufs_msgs/msg/detail/vehicle_commands__rosidl_typesupport_introspection_cpp.hpp
-- Symlinking: /home/gustavo/eufs_sim_teste/install/eufs_msgs/include/eufs_msgs/msg/detail/vehicle_commands_stamped__rosidl_typesupport_introspection_cpp.hpp
-- Symlinking: /home/gustavo/eufs_sim_teste/install/eufs_msgs/include/eufs_msgs/msg/detail/waypoint__rosidl_typesupport_introspection_cpp.hpp
-- Symlinking: /home/gustavo/eufs_sim_teste/install/eufs_msgs/include/eufs_msgs/msg/detail/waypoint_array_stamped__rosidl_typesupport_introspection_cpp.hpp
-- Symlinking: /home/gustavo/eufs_sim_teste/install/eufs_msgs/include/eufs_msgs/msg/detail/wheel_odometry_err__rosidl_typesupport_introspection_cpp.hpp
-- Symlinking: /home/gustavo/eufs_sim_teste/install/eufs_msgs/include/eufs_msgs/msg/detail/wheel_speeds__rosidl_typesupport_introspection_cpp.hpp
-- Symlinking: /home/gustavo/eufs_sim_teste/install/eufs_msgs/include/eufs_msgs/msg/detail/wheel_speeds_stamped__rosidl_typesupport_introspection_cpp.hpp
-- Symlinking: /home/gustavo/eufs_sim_teste/install/eufs_msgs/include/eufs_msgs/srv/detail/register__rosidl_typesupport_introspection_cpp.hpp
-- Symlinking: /home/gustavo/eufs_sim_teste/install/eufs_msgs/include/eufs_msgs/srv/detail/set_can_state__rosidl_typesupport_introspection_cpp.hpp
-- Symlinking: /home/gustavo/eufs_sim_teste/install/eufs_msgs/share/eufs_msgs/environment/pythonpath.sh
-- Symlinking: /home/gustavo/eufs_sim_teste/install/eufs_msgs/share/eufs_msgs/environment/pythonpath.dsv
-- Symlinking: /home/gustavo/eufs_sim_teste/install/eufs_msgs/lib/python3.8/site-packages/eufs_msgs/__init__.py
-- Symlinking: /home/gustavo/eufs_sim_teste/install/eufs_msgs/lib/python3.8/site-packages/eufs_msgs/msg/__init__.py
-- Symlinking: /home/gustavo/eufs_sim_teste/install/eufs_msgs/lib/python3.8/site-packages/eufs_msgs/msg/_bounding_box.py
-- Symlinking: /home/gustavo/eufs_sim_teste/install/eufs_msgs/lib/python3.8/site-packages/eufs_msgs/msg/_bounding_boxes.py
-- Symlinking: /home/gustavo/eufs_sim_teste/install/eufs_msgs/lib/python3.8/site-packages/eufs_msgs/msg/_can_state.py
-- Symlinking: /home/gustavo/eufs_sim_teste/install/eufs_msgs/lib/python3.8/site-packages/eufs_msgs/msg/_car_state.py
-- Symlinking: /home/gustavo/eufs_sim_teste/install/eufs_msgs/lib/python3.8/site-packages/eufs_msgs/msg/_chassis_command.py
-- Symlinking: /home/gustavo/eufs_sim_teste/install/eufs_msgs/lib/python3.8/site-packages/eufs_msgs/msg/_chassis_state.py
-- Symlinking: /home/gustavo/eufs_sim_teste/install/eufs_msgs/lib/python3.8/site-packages/eufs_msgs/msg/_cone_array.py
-- Symlinking: /home/gustavo/eufs_sim_teste/install/eufs_msgs/lib/python3.8/site-packages/eufs_msgs/msg/_cone_array_with_covariance.py
-- Symlinking: /home/gustavo/eufs_sim_teste/install/eufs_msgs/lib/python3.8/site-packages/eufs_msgs/msg/_cone_with_covariance.py
-- Symlinking: /home/gustavo/eufs_sim_teste/install/eufs_msgs/lib/python3.8/site-packages/eufs_msgs/msg/_costmap.py
-- Symlinking: /home/gustavo/eufs_sim_teste/install/eufs_msgs/lib/python3.8/site-packages/eufs_msgs/msg/_ekf_err.py
-- Symlinking: /home/gustavo/eufs_sim_teste/install/eufs_msgs/lib/python3.8/site-packages/eufs_msgs/msg/_ekf_state.py
-- Symlinking: /home/gustavo/eufs_sim_teste/install/eufs_msgs/lib/python3.8/site-packages/eufs_msgs/msg/_full_state.py
-- Symlinking: /home/gustavo/eufs_sim_teste/install/eufs_msgs/lib/python3.8/site-packages/eufs_msgs/msg/_heartbeat.py
-- Symlinking: /home/gustavo/eufs_sim_teste/install/eufs_msgs/lib/python3.8/site-packages/eufs_msgs/msg/_integration_err.py
-- Symlinking: /home/gustavo/eufs_sim_teste/install/eufs_msgs/lib/python3.8/site-packages/eufs_msgs/msg/_lap_stats.py
-- Symlinking: /home/gustavo/eufs_sim_teste/install/eufs_msgs/lib/python3.8/site-packages/eufs_msgs/msg/_node_state.py
-- Symlinking: /home/gustavo/eufs_sim_teste/install/eufs_msgs/lib/python3.8/site-packages/eufs_msgs/msg/_node_state_array.py
-- Symlinking: /home/gustavo/eufs_sim_teste/install/eufs_msgs/lib/python3.8/site-packages/eufs_msgs/msg/_path_integral_params.py
-- Symlinking: /home/gustavo/eufs_sim_teste/install/eufs_msgs/lib/python3.8/site-packages/eufs_msgs/msg/_path_integral_stats.py
-- Symlinking: /home/gustavo/eufs_sim_teste/install/eufs_msgs/lib/python3.8/site-packages/eufs_msgs/msg/_path_integral_status.py
-- Symlinking: /home/gustavo/eufs_sim_teste/install/eufs_msgs/lib/python3.8/site-packages/eufs_msgs/msg/_path_integral_timing.py
-- Symlinking: /home/gustavo/eufs_sim_teste/install/eufs_msgs/lib/python3.8/site-packages/eufs_msgs/msg/_point_array.py
-- Symlinking: /home/gustavo/eufs_sim_teste/install/eufs_msgs/lib/python3.8/site-packages/eufs_msgs/msg/_point_array_stamped.py
-- Symlinking: /home/gustavo/eufs_sim_teste/install/eufs_msgs/lib/python3.8/site-packages/eufs_msgs/msg/_runstop.py
-- Symlinking: /home/gustavo/eufs_sim_teste/install/eufs_msgs/lib/python3.8/site-packages/eufs_msgs/msg/_slam_err.py
-- Symlinking: /home/gustavo/eufs_sim_teste/install/eufs_msgs/lib/python3.8/site-packages/eufs_msgs/msg/_slam_state.py
-- Symlinking: /home/gustavo/eufs_sim_teste/install/eufs_msgs/lib/python3.8/site-packages/eufs_msgs/msg/_state_machine_state.py
-- Symlinking: /home/gustavo/eufs_sim_teste/install/eufs_msgs/lib/python3.8/site-packages/eufs_msgs/msg/_system_status.py
-- Symlinking: /home/gustavo/eufs_sim_teste/install/eufs_msgs/lib/python3.8/site-packages/eufs_msgs/msg/_topic_status.py
-- Symlinking: /home/gustavo/eufs_sim_teste/install/eufs_msgs/lib/python3.8/site-packages/eufs_msgs/msg/_vehicle_commands.py
-- Symlinking: /home/gustavo/eufs_sim_teste/install/eufs_msgs/lib/python3.8/site-packages/eufs_msgs/msg/_vehicle_commands_stamped.py
-- Symlinking: /home/gustavo/eufs_sim_teste/install/eufs_msgs/lib/python3.8/site-packages/eufs_msgs/msg/_waypoint.py
-- Symlinking: /home/gustavo/eufs_sim_teste/install/eufs_msgs/lib/python3.8/site-packages/eufs_msgs/msg/_waypoint_array_stamped.py
-- Symlinking: /home/gustavo/eufs_sim_teste/install/eufs_msgs/lib/python3.8/site-packages/eufs_msgs/msg/_wheel_odometry_err.py
-- Symlinking: /home/gustavo/eufs_sim_teste/install/eufs_msgs/lib/python3.8/site-packages/eufs_msgs/msg/_wheel_speeds.py
-- Symlinking: /home/gustavo/eufs_sim_teste/install/eufs_msgs/lib/python3.8/site-packages/eufs_msgs/msg/_wheel_speeds_stamped.py
-- Symlinking: /home/gustavo/eufs_sim_teste/install/eufs_msgs/lib/python3.8/site-packages/eufs_msgs/action/__init__.py
-- Symlinking: /home/gustavo/eufs_sim_teste/install/eufs_msgs/lib/python3.8/site-packages/eufs_msgs/action/_check_for_objects.py
-- Symlinking: /home/gustavo/eufs_sim_teste/install/eufs_msgs/lib/python3.8/site-packages/eufs_msgs/srv/__init__.py
-- Symlinking: /home/gustavo/eufs_sim_teste/install/eufs_msgs/lib/python3.8/site-packages/eufs_msgs/srv/_register.py
-- Symlinking: /home/gustavo/eufs_sim_teste/install/eufs_msgs/lib/python3.8/site-packages/eufs_msgs/srv/_set_can_state.py
-- Symlinking: /home/gustavo/eufs_sim_teste/install/eufs_msgs/lib/python3.8/site-packages/eufs_msgs/eufs_msgs_s__rosidl_typesupport_fastrtps_c.cpython-38-x86_64-linux-gnu.so
-- Symlinking: /home/gustavo/eufs_sim_teste/install/eufs_msgs/lib/python3.8/site-packages/eufs_msgs/eufs_msgs_s__rosidl_typesupport_introspection_c.cpython-38-x86_64-linux-gnu.so
-- Symlinking: /home/gustavo/eufs_sim_teste/install/eufs_msgs/lib/python3.8/site-packages/eufs_msgs/eufs_msgs_s__rosidl_typesupport_c.cpython-38-x86_64-linux-gnu.so
-- Symlinking: /home/gustavo/eufs_sim_teste/install/eufs_msgs/lib/libeufs_msgs__python.so
-- Symlinking: /home/gustavo/eufs_sim_teste/install/eufs_msgs/share/eufs_msgs/msg/BoundingBox.idl
-- Symlinking: /home/gustavo/eufs_sim_teste/install/eufs_msgs/share/eufs_msgs/msg/BoundingBoxes.idl
-- Symlinking: /home/gustavo/eufs_sim_teste/install/eufs_msgs/share/eufs_msgs/msg/CanState.idl
-- Symlinking: /home/gustavo/eufs_sim_teste/install/eufs_msgs/share/eufs_msgs/msg/CarState.idl
-- Symlinking: /home/gustavo/eufs_sim_teste/install/eufs_msgs/share/eufs_msgs/msg/ChassisCommand.idl
-- Symlinking: /home/gustavo/eufs_sim_teste/install/eufs_msgs/share/eufs_msgs/msg/ChassisState.idl
-- Symlinking: /home/gustavo/eufs_sim_teste/install/eufs_msgs/share/eufs_msgs/msg/ConeArray.idl
-- Symlinking: /home/gustavo/eufs_sim_teste/install/eufs_msgs/share/eufs_msgs/msg/ConeArrayWithCovariance.idl
-- Symlinking: /home/gustavo/eufs_sim_teste/install/eufs_msgs/share/eufs_msgs/msg/ConeWithCovariance.idl
-- Symlinking: /home/gustavo/eufs_sim_teste/install/eufs_msgs/share/eufs_msgs/msg/Costmap.idl
-- Symlinking: /home/gustavo/eufs_sim_teste/install/eufs_msgs/share/eufs_msgs/msg/EKFErr.idl
-- Symlinking: /home/gustavo/eufs_sim_teste/install/eufs_msgs/share/eufs_msgs/msg/EKFState.idl
-- Symlinking: /home/gustavo/eufs_sim_teste/install/eufs_msgs/share/eufs_msgs/msg/FullState.idl
-- Symlinking: /home/gustavo/eufs_sim_teste/install/eufs_msgs/share/eufs_msgs/msg/Heartbeat.idl
-- Symlinking: /home/gustavo/eufs_sim_teste/install/eufs_msgs/share/eufs_msgs/msg/IntegrationErr.idl
-- Symlinking: /home/gustavo/eufs_sim_teste/install/eufs_msgs/share/eufs_msgs/msg/LapStats.idl
-- Symlinking: /home/gustavo/eufs_sim_teste/install/eufs_msgs/share/eufs_msgs/msg/NodeState.idl
-- Symlinking: /home/gustavo/eufs_sim_teste/install/eufs_msgs/share/eufs_msgs/msg/NodeStateArray.idl
-- Symlinking: /home/gustavo/eufs_sim_teste/install/eufs_msgs/share/eufs_msgs/msg/PathIntegralParams.idl
-- Symlinking: /home/gustavo/eufs_sim_teste/install/eufs_msgs/share/eufs_msgs/msg/PathIntegralStats.idl
-- Symlinking: /home/gustavo/eufs_sim_teste/install/eufs_msgs/share/eufs_msgs/msg/PathIntegralStatus.idl
-- Symlinking: /home/gustavo/eufs_sim_teste/install/eufs_msgs/share/eufs_msgs/msg/PathIntegralTiming.idl
-- Symlinking: /home/gustavo/eufs_sim_teste/install/eufs_msgs/share/eufs_msgs/msg/PointArray.idl
-- Symlinking: /home/gustavo/eufs_sim_teste/install/eufs_msgs/share/eufs_msgs/msg/PointArrayStamped.idl
-- Symlinking: /home/gustavo/eufs_sim_teste/install/eufs_msgs/share/eufs_msgs/msg/Runstop.idl
-- Symlinking: /home/gustavo/eufs_sim_teste/install/eufs_msgs/share/eufs_msgs/msg/SLAMErr.idl
-- Symlinking: /home/gustavo/eufs_sim_teste/install/eufs_msgs/share/eufs_msgs/msg/SLAMState.idl
-- Symlinking: /home/gustavo/eufs_sim_teste/install/eufs_msgs/share/eufs_msgs/msg/StateMachineState.idl
-- Symlinking: /home/gustavo/eufs_sim_teste/install/eufs_msgs/share/eufs_msgs/msg/SystemStatus.idl
-- Symlinking: /home/gustavo/eufs_sim_teste/install/eufs_msgs/share/eufs_msgs/msg/TopicStatus.idl
-- Symlinking: /home/gustavo/eufs_sim_teste/install/eufs_msgs/share/eufs_msgs/msg/VehicleCommands.idl
-- Symlinking: /home/gustavo/eufs_sim_teste/install/eufs_msgs/share/eufs_msgs/msg/VehicleCommandsStamped.idl
-- Symlinking: /home/gustavo/eufs_sim_teste/install/eufs_msgs/share/eufs_msgs/msg/Waypoint.idl
-- Symlinking: /home/gustavo/eufs_sim_teste/install/eufs_msgs/share/eufs_msgs/msg/WaypointArrayStamped.idl
-- Symlinking: /home/gustavo/eufs_sim_teste/install/eufs_msgs/share/eufs_msgs/msg/WheelOdometryErr.idl
-- Symlinking: /home/gustavo/eufs_sim_teste/install/eufs_msgs/share/eufs_msgs/msg/WheelSpeeds.idl
-- Symlinking: /home/gustavo/eufs_sim_teste/install/eufs_msgs/share/eufs_msgs/msg/WheelSpeedsStamped.idl
-- Symlinking: /home/gustavo/eufs_sim_teste/install/eufs_msgs/share/eufs_msgs/action/CheckForObjects.idl
-- Symlinking: /home/gustavo/eufs_sim_teste/install/eufs_msgs/share/eufs_msgs/srv/Register.idl
-- Symlinking: /home/gustavo/eufs_sim_teste/install/eufs_msgs/share/eufs_msgs/srv/SetCanState.idl
-- Symlinking: /home/gustavo/eufs_sim_teste/install/eufs_msgs/share/eufs_msgs/msg/BoundingBox.msg
-- Symlinking: /home/gustavo/eufs_sim_teste/install/eufs_msgs/share/eufs_msgs/msg/BoundingBoxes.msg
-- Symlinking: /home/gustavo/eufs_sim_teste/install/eufs_msgs/share/eufs_msgs/msg/CanState.msg
-- Symlinking: /home/gustavo/eufs_sim_teste/install/eufs_msgs/share/eufs_msgs/msg/CarState.msg
-- Symlinking: /home/gustavo/eufs_sim_teste/install/eufs_msgs/share/eufs_msgs/msg/ChassisCommand.msg
-- Symlinking: /home/gustavo/eufs_sim_teste/install/eufs_msgs/share/eufs_msgs/msg/ChassisState.msg
-- Symlinking: /home/gustavo/eufs_sim_teste/install/eufs_msgs/share/eufs_msgs/msg/ConeArray.msg
-- Symlinking: /home/gustavo/eufs_sim_teste/install/eufs_msgs/share/eufs_msgs/msg/ConeArrayWithCovariance.msg
-- Symlinking: /home/gustavo/eufs_sim_teste/install/eufs_msgs/share/eufs_msgs/msg/ConeWithCovariance.msg
-- Symlinking: /home/gustavo/eufs_sim_teste/install/eufs_msgs/share/eufs_msgs/msg/Costmap.msg
-- Symlinking: /home/gustavo/eufs_sim_teste/install/eufs_msgs/share/eufs_msgs/msg/EKFErr.msg
-- Symlinking: /home/gustavo/eufs_sim_teste/install/eufs_msgs/share/eufs_msgs/msg/EKFState.msg
-- Symlinking: /home/gustavo/eufs_sim_teste/install/eufs_msgs/share/eufs_msgs/msg/FullState.msg
-- Symlinking: /home/gustavo/eufs_sim_teste/install/eufs_msgs/share/eufs_msgs/msg/Heartbeat.msg
-- Symlinking: /home/gustavo/eufs_sim_teste/install/eufs_msgs/share/eufs_msgs/msg/IntegrationErr.msg
-- Symlinking: /home/gustavo/eufs_sim_teste/install/eufs_msgs/share/eufs_msgs/msg/LapStats.msg
-- Symlinking: /home/gustavo/eufs_sim_teste/install/eufs_msgs/share/eufs_msgs/msg/NodeState.msg
-- Symlinking: /home/gustavo/eufs_sim_teste/install/eufs_msgs/share/eufs_msgs/msg/NodeStateArray.msg
-- Symlinking: /home/gustavo/eufs_sim_teste/install/eufs_msgs/share/eufs_msgs/msg/PathIntegralParams.msg
-- Symlinking: /home/gustavo/eufs_sim_teste/install/eufs_msgs/share/eufs_msgs/msg/PathIntegralStats.msg
-- Symlinking: /home/gustavo/eufs_sim_teste/install/eufs_msgs/share/eufs_msgs/msg/PathIntegralStatus.msg
-- Symlinking: /home/gustavo/eufs_sim_teste/install/eufs_msgs/share/eufs_msgs/msg/PathIntegralTiming.msg
-- Symlinking: /home/gustavo/eufs_sim_teste/install/eufs_msgs/share/eufs_msgs/msg/PointArray.msg
-- Symlinking: /home/gustavo/eufs_sim_teste/install/eufs_msgs/share/eufs_msgs/msg/PointArrayStamped.msg
-- Symlinking: /home/gustavo/eufs_sim_teste/install/eufs_msgs/share/eufs_msgs/msg/Runstop.msg
-- Symlinking: /home/gustavo/eufs_sim_teste/install/eufs_msgs/share/eufs_msgs/msg/SLAMErr.msg
-- Symlinking: /home/gustavo/eufs_sim_teste/install/eufs_msgs/share/eufs_msgs/msg/SLAMState.msg
-- Symlinking: /home/gustavo/eufs_sim_teste/install/eufs_msgs/share/eufs_msgs/msg/StateMachineState.msg
-- Symlinking: /home/gustavo/eufs_sim_teste/install/eufs_msgs/share/eufs_msgs/msg/SystemStatus.msg
-- Symlinking: /home/gustavo/eufs_sim_teste/install/eufs_msgs/share/eufs_msgs/msg/TopicStatus.msg
-- Symlinking: /home/gustavo/eufs_sim_teste/install/eufs_msgs/share/eufs_msgs/msg/VehicleCommands.msg
-- Symlinking: /home/gustavo/eufs_sim_teste/install/eufs_msgs/share/eufs_msgs/msg/VehicleCommandsStamped.msg
-- Symlinking: /home/gustavo/eufs_sim_teste/install/eufs_msgs/share/eufs_msgs/msg/Waypoint.msg
-- Symlinking: /home/gustavo/eufs_sim_teste/install/eufs_msgs/share/eufs_msgs/msg/WaypointArrayStamped.msg
-- Symlinking: /home/gustavo/eufs_sim_teste/install/eufs_msgs/share/eufs_msgs/msg/WheelOdometryErr.msg
-- Symlinking: /home/gustavo/eufs_sim_teste/install/eufs_msgs/share/eufs_msgs/msg/WheelSpeeds.msg
-- Symlinking: /home/gustavo/eufs_sim_teste/install/eufs_msgs/share/eufs_msgs/msg/WheelSpeedsStamped.msg
-- Symlinking: /home/gustavo/eufs_sim_teste/install/eufs_msgs/share/eufs_msgs/action/CheckForObjects.action
-- Symlinking: /home/gustavo/eufs_sim_teste/install/eufs_msgs/share/eufs_msgs/srv/Register.srv
-- Symlinking: /home/gustavo/eufs_sim_teste/install/eufs_msgs/share/eufs_msgs/srv/Register_Request.msg
-- Symlinking: /home/gustavo/eufs_sim_teste/install/eufs_msgs/share/eufs_msgs/srv/Register_Response.msg
-- Symlinking: /home/gustavo/eufs_sim_teste/install/eufs_msgs/share/eufs_msgs/srv/SetCanState.srv
-- Symlinking: /home/gustavo/eufs_sim_teste/install/eufs_msgs/share/eufs_msgs/srv/SetCanState_Request.msg
-- Symlinking: /home/gustavo/eufs_sim_teste/install/eufs_msgs/share/eufs_msgs/srv/SetCanState_Response.msg
-- Symlinking: /home/gustavo/eufs_sim_teste/install/eufs_msgs/share/ament_index/resource_index/package_run_dependencies/eufs_msgs
-- Symlinking: /home/gustavo/eufs_sim_teste/install/eufs_msgs/share/ament_index/resource_index/parent_prefix_path/eufs_msgs
-- Symlinking: /home/gustavo/eufs_sim_teste/install/eufs_msgs/share/eufs_msgs/environment/ament_prefix_path.sh
-- Symlinking: /home/gustavo/eufs_sim_teste/install/eufs_msgs/share/eufs_msgs/environment/ament_prefix_path.dsv
-- Symlinking: /home/gustavo/eufs_sim_teste/install/eufs_msgs/share/eufs_msgs/environment/path.sh
-- Symlinking: /home/gustavo/eufs_sim_teste/install/eufs_msgs/share/eufs_msgs/environment/path.dsv
-- Symlinking: /home/gustavo/eufs_sim_teste/install/eufs_msgs/share/eufs_msgs/local_setup.bash
-- Symlinking: /home/gustavo/eufs_sim_teste/install/eufs_msgs/share/eufs_msgs/local_setup.sh
-- Symlinking: /home/gustavo/eufs_sim_teste/install/eufs_msgs/share/eufs_msgs/local_setup.zsh
-- Symlinking: /home/gustavo/eufs_sim_teste/install/eufs_msgs/share/eufs_msgs/local_setup.dsv
-- Symlinking: /home/gustavo/eufs_sim_teste/install/eufs_msgs/share/eufs_msgs/package.dsv
-- Symlinking: /home/gustavo/eufs_sim_teste/install/eufs_msgs/share/ament_index/resource_index/packages/eufs_msgs
-- Symlinking: /home/gustavo/eufs_sim_teste/install/eufs_msgs/share/eufs_msgs/cmake/rosidl_cmake-extras.cmake
-- Symlinking: /home/gustavo/eufs_sim_teste/install/eufs_msgs/share/eufs_msgs/cmake/ament_cmake_export_dependencies-extras.cmake
-- Symlinking: /home/gustavo/eufs_sim_teste/install/eufs_msgs/share/eufs_msgs/cmake/ament_cmake_export_libraries-extras.cmake
-- Symlinking: /home/gustavo/eufs_sim_teste/install/eufs_msgs/share/eufs_msgs/cmake/ament_cmake_export_targets-extras.cmake
-- Symlinking: /home/gustavo/eufs_sim_teste/install/eufs_msgs/share/eufs_msgs/cmake/ament_cmake_export_include_directories-extras.cmake
-- Symlinking: /home/gustavo/eufs_sim_teste/install/eufs_msgs/share/eufs_msgs/cmake/rosidl_cmake_export_typesupport_libraries-extras.cmake
-- Symlinking: /home/gustavo/eufs_sim_teste/install/eufs_msgs/share/eufs_msgs/cmake/rosidl_cmake_export_typesupport_targets-extras.cmake
-- Symlinking: /home/gustavo/eufs_sim_teste/install/eufs_msgs/share/eufs_msgs/cmake/eufs_msgsConfig.cmake
-- Symlinking: /home/gustavo/eufs_sim_teste/install/eufs_msgs/share/eufs_msgs/cmake/eufs_msgsConfig-version.cmake
-- Symlinking: /home/gustavo/eufs_sim_teste/install/eufs_msgs/share/eufs_msgs/package.xml
-- Up-to-date: /home/gustavo/eufs_sim_teste/install/eufs_msgs/lib/libeufs_msgs__rosidl_generator_c.so
-- Up-to-date: /home/gustavo/eufs_sim_teste/install/eufs_msgs/lib/libeufs_msgs__rosidl_typesupport_introspection_c.so
-- Up-to-date: /home/gustavo/eufs_sim_teste/install/eufs_msgs/lib/libeufs_msgs__rosidl_typesupport_c.so
-- Up-to-date: /home/gustavo/eufs_sim_teste/install/eufs_msgs/lib/libeufs_msgs__rosidl_typesupport_introspection_cpp.so
-- Up-to-date: /home/gustavo/eufs_sim_teste/install/eufs_msgs/lib/libeufs_msgs__rosidl_typesupport_cpp.so
Compiling '/home/gustavo/eufs_sim_teste/install/eufs_msgs/lib/python3.8/site-packages/eufs_msgs/__init__.py'...
-- Up-to-date: /home/gustavo/eufs_sim_teste/install/eufs_msgs/share/eufs_msgs/cmake/eufs_msgs__rosidl_generator_cExport.cmake
-- Installing: /home/gustavo/eufs_sim_teste/install/eufs_msgs/share/eufs_msgs/cmake/eufs_msgs__rosidl_generator_cExport-noconfig.cmake
-- Up-to-date: /home/gustavo/eufs_sim_teste/install/eufs_msgs/share/eufs_msgs/cmake/eufs_msgs__rosidl_typesupport_introspection_cExport.cmake
-- Installing: /home/gustavo/eufs_sim_teste/install/eufs_msgs/share/eufs_msgs/cmake/eufs_msgs__rosidl_typesupport_introspection_cExport-noconfig.cmake
-- Up-to-date: /home/gustavo/eufs_sim_teste/install/eufs_msgs/share/eufs_msgs/cmake/eufs_msgs__rosidl_typesupport_cExport.cmake
-- Installing: /home/gustavo/eufs_sim_teste/install/eufs_msgs/share/eufs_msgs/cmake/eufs_msgs__rosidl_typesupport_cExport-noconfig.cmake
-- Up-to-date: /home/gustavo/eufs_sim_teste/install/eufs_msgs/share/eufs_msgs/cmake/eufs_msgs__rosidl_generator_cppExport.cmake
-- Up-to-date: /home/gustavo/eufs_sim_teste/install/eufs_msgs/share/eufs_msgs/cmake/eufs_msgs__rosidl_typesupport_introspection_cppExport.cmake
-- Installing: /home/gustavo/eufs_sim_teste/install/eufs_msgs/share/eufs_msgs/cmake/eufs_msgs__rosidl_typesupport_introspection_cppExport-noconfig.cmake
-- Up-to-date: /home/gustavo/eufs_sim_teste/install/eufs_msgs/share/eufs_msgs/cmake/eufs_msgs__rosidl_typesupport_cppExport.cmake
-- Installing: /home/gustavo/eufs_sim_teste/install/eufs_msgs/share/eufs_msgs/cmake/eufs_msgs__rosidl_typesupport_cppExport-noconfig.cmake
