[0.051s] Invoking command in '/home/gustavo/eufs_sim_teste/build/eufs_msgs': CMAKE_PREFIX_PATH=${CMAKE_PREFIX_PATH}:/home/gustavo/eufs_sim_teste/install/eufs_launcher:/home/gustavo/eufs_sim_teste/install/eufs_tracks:/home/gustavo/eufs_sim_teste/install/eufs_rqt:/home/gustavo/eufs_sim_teste/install/eufs_racecar:/opt/ros/galactic /usr/bin/cmake /home/gustavo/eufs_sim_teste/eufs_msgs -DAMENT_CMAKE_SYMLINK_INSTALL=1 -DCMAKE_INSTALL_PREFIX=/home/gustavo/eufs_sim_teste/install/eufs_msgs
[0.508s] -- Found ament_cmake: 1.1.6 (/opt/ros/galactic/share/ament_cmake/cmake)
[0.508s] -- Found PythonInterp: /usr/bin/python3 (found suitable version "3.8.10", minimum required is "3") 
[0.508s] -- Using PYTHON_EXECUTABLE: /usr/bin/python3
[0.508s] -- Override CMake install command with custom implementation using symlinks instead of copying resources
[0.508s] -- Found rosidl_default_generators: 1.1.1 (/opt/ros/galactic/share/rosidl_default_generators/cmake)
[0.508s] -- Using all available rosidl_typesupport_c: rosidl_typesupport_fastrtps_c;rosidl_typesupport_introspection_c
[0.508s] -- Found rosidl_adapter: 2.2.3 (/opt/ros/galactic/share/rosidl_adapter/cmake)
[0.509s] -- Using all available rosidl_typesupport_cpp: rosidl_typesupport_fastrtps_cpp;rosidl_typesupport_introspection_cpp
[0.509s] -- Found std_msgs: 2.2.4 (/opt/ros/galactic/share/std_msgs/cmake)
[0.509s] -- Found geometry_msgs: 2.2.4 (/opt/ros/galactic/share/geometry_msgs/cmake)
[0.509s] -- Found sensor_msgs: 2.2.4 (/opt/ros/galactic/share/sensor_msgs/cmake)
[0.509s] -- Found PythonInterp: /usr/bin/python3 (found version "3.8.10") 
[0.792s] -- Found ament_cmake_ros: 0.9.2 (/opt/ros/galactic/share/ament_cmake_ros/cmake)
[1.128s] -- Using all available rosidl_typesupport_c: rosidl_typesupport_fastrtps_c;rosidl_typesupport_introspection_c
[1.266s] -- Using all available rosidl_typesupport_cpp: rosidl_typesupport_fastrtps_cpp;rosidl_typesupport_introspection_cpp
[1.290s] -- Found PythonInterp: /usr/bin/python3 (found suitable version "3.8.10", minimum required is "3.5") 
[1.290s] -- Found python_cmake_module: 0.8.1 (/opt/ros/galactic/share/python_cmake_module/cmake)
[1.311s] -- Using PYTHON_EXECUTABLE: /usr/bin/python3
[1.311s] -- Using PYTHON_INCLUDE_DIRS: /usr/include/python3.8
[1.311s] -- Using PYTHON_LIBRARIES: /usr/lib/x86_64-linux-gnu/libpython3.8.so
[1.392s] -- Configuring done
[1.530s] -- Generating done
[1.532s] -- Build files have been written to: /home/gustavo/eufs_sim_teste/build/eufs_msgs
[1.574s] Invoked command in '/home/gustavo/eufs_sim_teste/build/eufs_msgs' returned '0': CMAKE_PREFIX_PATH=${CMAKE_PREFIX_PATH}:/home/gustavo/eufs_sim_teste/install/eufs_launcher:/home/gustavo/eufs_sim_teste/install/eufs_tracks:/home/gustavo/eufs_sim_teste/install/eufs_rqt:/home/gustavo/eufs_sim_teste/install/eufs_racecar:/opt/ros/galactic /usr/bin/cmake /home/gustavo/eufs_sim_teste/eufs_msgs -DAMENT_CMAKE_SYMLINK_INSTALL=1 -DCMAKE_INSTALL_PREFIX=/home/gustavo/eufs_sim_teste/install/eufs_msgs
[1.577s] Invoking command in '/home/gustavo/eufs_sim_teste/build/eufs_msgs': CMAKE_PREFIX_PATH=${CMAKE_PREFIX_PATH}:/home/gustavo/eufs_sim_teste/install/eufs_launcher:/home/gustavo/eufs_sim_teste/install/eufs_tracks:/home/gustavo/eufs_sim_teste/install/eufs_rqt:/home/gustavo/eufs_sim_teste/install/eufs_racecar:/opt/ros/galactic /usr/bin/cmake --build /home/gustavo/eufs_sim_teste/build/eufs_msgs -- -j8 -l8
[1.649s] [  0%] Built target eufs_msgs__cpp
[1.652s] [ 12%] Built target eufs_msgs__rosidl_generator_c
[1.692s] [ 35%] Built target eufs_msgs__rosidl_typesupport_cpp
[1.692s] [ 37%] Built target eufs_msgs__rosidl_typesupport_c
[1.692s] [ 50%] Built target eufs_msgs__rosidl_typesupport_introspection_cpp
[1.697s] [ 63%] Built target eufs_msgs__rosidl_typesupport_introspection_c
[1.697s] [ 63%] [32m[1mLinking CXX shared library libeufs_msgs__rosidl_typesupport_fastrtps_cpp.so[0m
[1.835s] [ 75%] Built target eufs_msgs__rosidl_typesupport_fastrtps_cpp
[1.875s] [ 76%] [32m[1mLinking CXX shared library libeufs_msgs__rosidl_typesupport_fastrtps_c.so[0m
[1.965s] [ 88%] Built target eufs_msgs__rosidl_typesupport_fastrtps_c
[1.995s] [ 88%] Built target eufs_msgs
[2.014s] [ 88%] Built target eufs_msgs__py
[2.055s] [ 88%] [32m[1mLinking C shared library rosidl_generator_py/eufs_msgs/libeufs_msgs__python.so[0m
[2.106s] [100%] Built target eufs_msgs__python
[2.130s] [100%] [32m[1mLinking C shared library rosidl_generator_py/eufs_msgs/eufs_msgs_s__rosidl_typesupport_introspection_c.cpython-38-x86_64-linux-gnu.so[0m
[2.130s] [100%] [32m[1mLinking CXX shared library rosidl_generator_py/eufs_msgs/eufs_msgs_s__rosidl_typesupport_fastrtps_c.cpython-38-x86_64-linux-gnu.so[0m
[2.130s] [100%] [32m[1mLinking C shared library rosidl_generator_py/eufs_msgs/eufs_msgs_s__rosidl_typesupport_c.cpython-38-x86_64-linux-gnu.so[0m
[2.170s] [100%] Built target eufs_msgs__rosidl_typesupport_c__pyext
[2.170s] [100%] Built target eufs_msgs__rosidl_typesupport_introspection_c__pyext
[2.197s] [100%] Built target eufs_msgs__rosidl_typesupport_fastrtps_c__pyext
[2.210s] Invoked command in '/home/gustavo/eufs_sim_teste/build/eufs_msgs' returned '0': CMAKE_PREFIX_PATH=${CMAKE_PREFIX_PATH}:/home/gustavo/eufs_sim_teste/install/eufs_launcher:/home/gustavo/eufs_sim_teste/install/eufs_tracks:/home/gustavo/eufs_sim_teste/install/eufs_rqt:/home/gustavo/eufs_sim_teste/install/eufs_racecar:/opt/ros/galactic /usr/bin/cmake --build /home/gustavo/eufs_sim_teste/build/eufs_msgs -- -j8 -l8
[2.656s] Invoking command in '/home/gustavo/eufs_sim_teste/build/eufs_msgs': CMAKE_PREFIX_PATH=${CMAKE_PREFIX_PATH}:/home/gustavo/eufs_sim_teste/install/eufs_launcher:/home/gustavo/eufs_sim_teste/install/eufs_tracks:/home/gustavo/eufs_sim_teste/install/eufs_rqt:/home/gustavo/eufs_sim_teste/install/eufs_racecar:/opt/ros/galactic /usr/bin/cmake --install /home/gustavo/eufs_sim_teste/build/eufs_msgs
[2.663s] -- Install configuration: ""
[2.663s] -- Execute custom install script
[2.664s] -- Symlinking: /home/gustavo/eufs_sim_teste/install/eufs_msgs/share/ament_index/resource_index/rosidl_interfaces/eufs_msgs
[2.672s] -- Symlinking: /home/gustavo/eufs_sim_teste/install/eufs_msgs/include/eufs_msgs/action/check_for_objects.h
[2.678s] -- Symlinking: /home/gustavo/eufs_sim_teste/install/eufs_msgs/include/eufs_msgs/action/detail/check_for_objects__functions.h
[2.685s] -- Symlinking: /home/gustavo/eufs_sim_teste/install/eufs_msgs/include/eufs_msgs/action/detail/check_for_objects__struct.h
[2.693s] -- Symlinking: /home/gustavo/eufs_sim_teste/install/eufs_msgs/include/eufs_msgs/action/detail/check_for_objects__type_support.h
[2.699s] -- Symlinking: /home/gustavo/eufs_sim_teste/install/eufs_msgs/include/eufs_msgs/msg/bounding_box.h
[2.706s] -- Symlinking: /home/gustavo/eufs_sim_teste/install/eufs_msgs/include/eufs_msgs/msg/bounding_boxes.h
[2.713s] -- Symlinking: /home/gustavo/eufs_sim_teste/install/eufs_msgs/include/eufs_msgs/msg/can_state.h
[2.721s] -- Symlinking: /home/gustavo/eufs_sim_teste/install/eufs_msgs/include/eufs_msgs/msg/car_state.h
[2.727s] -- Symlinking: /home/gustavo/eufs_sim_teste/install/eufs_msgs/include/eufs_msgs/msg/chassis_command.h
[2.734s] -- Symlinking: /home/gustavo/eufs_sim_teste/install/eufs_msgs/include/eufs_msgs/msg/chassis_state.h
[2.741s] -- Symlinking: /home/gustavo/eufs_sim_teste/install/eufs_msgs/include/eufs_msgs/msg/cone_array.h
[2.748s] -- Symlinking: /home/gustavo/eufs_sim_teste/install/eufs_msgs/include/eufs_msgs/msg/cone_array_with_covariance.h
[2.755s] -- Symlinking: /home/gustavo/eufs_sim_teste/install/eufs_msgs/include/eufs_msgs/msg/cone_with_covariance.h
[2.762s] -- Symlinking: /home/gustavo/eufs_sim_teste/install/eufs_msgs/include/eufs_msgs/msg/costmap.h
[2.769s] -- Symlinking: /home/gustavo/eufs_sim_teste/install/eufs_msgs/include/eufs_msgs/msg/detail/bounding_box__functions.h
[2.776s] -- Symlinking: /home/gustavo/eufs_sim_teste/install/eufs_msgs/include/eufs_msgs/msg/detail/bounding_box__struct.h
[2.782s] -- Symlinking: /home/gustavo/eufs_sim_teste/install/eufs_msgs/include/eufs_msgs/msg/detail/bounding_box__type_support.h
[2.789s] -- Symlinking: /home/gustavo/eufs_sim_teste/install/eufs_msgs/include/eufs_msgs/msg/detail/bounding_boxes__functions.h
[2.795s] -- Symlinking: /home/gustavo/eufs_sim_teste/install/eufs_msgs/include/eufs_msgs/msg/detail/bounding_boxes__struct.h
[2.803s] -- Symlinking: /home/gustavo/eufs_sim_teste/install/eufs_msgs/include/eufs_msgs/msg/detail/bounding_boxes__type_support.h
[2.810s] -- Symlinking: /home/gustavo/eufs_sim_teste/install/eufs_msgs/include/eufs_msgs/msg/detail/can_state__functions.h
[2.817s] -- Symlinking: /home/gustavo/eufs_sim_teste/install/eufs_msgs/include/eufs_msgs/msg/detail/can_state__struct.h
[2.823s] -- Symlinking: /home/gustavo/eufs_sim_teste/install/eufs_msgs/include/eufs_msgs/msg/detail/can_state__type_support.h
[2.830s] -- Symlinking: /home/gustavo/eufs_sim_teste/install/eufs_msgs/include/eufs_msgs/msg/detail/car_state__functions.h
[2.837s] -- Symlinking: /home/gustavo/eufs_sim_teste/install/eufs_msgs/include/eufs_msgs/msg/detail/car_state__struct.h
[2.844s] -- Symlinking: /home/gustavo/eufs_sim_teste/install/eufs_msgs/include/eufs_msgs/msg/detail/car_state__type_support.h
[2.852s] -- Symlinking: /home/gustavo/eufs_sim_teste/install/eufs_msgs/include/eufs_msgs/msg/detail/chassis_command__functions.h
[2.860s] -- Symlinking: /home/gustavo/eufs_sim_teste/install/eufs_msgs/include/eufs_msgs/msg/detail/chassis_command__struct.h
[2.867s] -- Symlinking: /home/gustavo/eufs_sim_teste/install/eufs_msgs/include/eufs_msgs/msg/detail/chassis_command__type_support.h
[2.875s] -- Symlinking: /home/gustavo/eufs_sim_teste/install/eufs_msgs/include/eufs_msgs/msg/detail/chassis_state__functions.h
[2.882s] -- Symlinking: /home/gustavo/eufs_sim_teste/install/eufs_msgs/include/eufs_msgs/msg/detail/chassis_state__struct.h
[2.890s] -- Symlinking: /home/gustavo/eufs_sim_teste/install/eufs_msgs/include/eufs_msgs/msg/detail/chassis_state__type_support.h
[2.898s] -- Symlinking: /home/gustavo/eufs_sim_teste/install/eufs_msgs/include/eufs_msgs/msg/detail/cone_array__functions.h
[2.906s] -- Symlinking: /home/gustavo/eufs_sim_teste/install/eufs_msgs/include/eufs_msgs/msg/detail/cone_array__struct.h
[2.912s] -- Symlinking: /home/gustavo/eufs_sim_teste/install/eufs_msgs/include/eufs_msgs/msg/detail/cone_array__type_support.h
[2.920s] -- Symlinking: /home/gustavo/eufs_sim_teste/install/eufs_msgs/include/eufs_msgs/msg/detail/cone_array_with_covariance__functions.h
[2.927s] -- Symlinking: /home/gustavo/eufs_sim_teste/install/eufs_msgs/include/eufs_msgs/msg/detail/cone_array_with_covariance__struct.h
[2.937s] -- Symlinking: /home/gustavo/eufs_sim_teste/install/eufs_msgs/include/eufs_msgs/msg/detail/cone_array_with_covariance__type_support.h
[2.947s] -- Symlinking: /home/gustavo/eufs_sim_teste/install/eufs_msgs/include/eufs_msgs/msg/detail/cone_with_covariance__functions.h
[2.955s] -- Symlinking: /home/gustavo/eufs_sim_teste/install/eufs_msgs/include/eufs_msgs/msg/detail/cone_with_covariance__struct.h
[2.962s] -- Symlinking: /home/gustavo/eufs_sim_teste/install/eufs_msgs/include/eufs_msgs/msg/detail/cone_with_covariance__type_support.h
[2.970s] -- Symlinking: /home/gustavo/eufs_sim_teste/install/eufs_msgs/include/eufs_msgs/msg/detail/costmap__functions.h
[2.978s] -- Symlinking: /home/gustavo/eufs_sim_teste/install/eufs_msgs/include/eufs_msgs/msg/detail/costmap__struct.h
[2.987s] -- Symlinking: /home/gustavo/eufs_sim_teste/install/eufs_msgs/include/eufs_msgs/msg/detail/costmap__type_support.h
[2.994s] -- Symlinking: /home/gustavo/eufs_sim_teste/install/eufs_msgs/include/eufs_msgs/msg/detail/ekf_err__functions.h
[3.002s] -- Symlinking: /home/gustavo/eufs_sim_teste/install/eufs_msgs/include/eufs_msgs/msg/detail/ekf_err__struct.h
[3.009s] -- Symlinking: /home/gustavo/eufs_sim_teste/install/eufs_msgs/include/eufs_msgs/msg/detail/ekf_err__type_support.h
[3.016s] -- Symlinking: /home/gustavo/eufs_sim_teste/install/eufs_msgs/include/eufs_msgs/msg/detail/ekf_state__functions.h
[3.022s] -- Symlinking: /home/gustavo/eufs_sim_teste/install/eufs_msgs/include/eufs_msgs/msg/detail/ekf_state__struct.h
[3.029s] -- Symlinking: /home/gustavo/eufs_sim_teste/install/eufs_msgs/include/eufs_msgs/msg/detail/ekf_state__type_support.h
[3.036s] -- Symlinking: /home/gustavo/eufs_sim_teste/install/eufs_msgs/include/eufs_msgs/msg/detail/full_state__functions.h
[3.044s] -- Symlinking: /home/gustavo/eufs_sim_teste/install/eufs_msgs/include/eufs_msgs/msg/detail/full_state__struct.h
[3.051s] -- Symlinking: /home/gustavo/eufs_sim_teste/install/eufs_msgs/include/eufs_msgs/msg/detail/full_state__type_support.h
[3.058s] -- Symlinking: /home/gustavo/eufs_sim_teste/install/eufs_msgs/include/eufs_msgs/msg/detail/heartbeat__functions.h
[3.065s] -- Symlinking: /home/gustavo/eufs_sim_teste/install/eufs_msgs/include/eufs_msgs/msg/detail/heartbeat__struct.h
[3.072s] -- Symlinking: /home/gustavo/eufs_sim_teste/install/eufs_msgs/include/eufs_msgs/msg/detail/heartbeat__type_support.h
[3.078s] -- Symlinking: /home/gustavo/eufs_sim_teste/install/eufs_msgs/include/eufs_msgs/msg/detail/integration_err__functions.h
[3.085s] -- Symlinking: /home/gustavo/eufs_sim_teste/install/eufs_msgs/include/eufs_msgs/msg/detail/integration_err__struct.h
[3.092s] -- Symlinking: /home/gustavo/eufs_sim_teste/install/eufs_msgs/include/eufs_msgs/msg/detail/integration_err__type_support.h
[3.098s] -- Symlinking: /home/gustavo/eufs_sim_teste/install/eufs_msgs/include/eufs_msgs/msg/detail/lap_stats__functions.h
[3.105s] -- Symlinking: /home/gustavo/eufs_sim_teste/install/eufs_msgs/include/eufs_msgs/msg/detail/lap_stats__struct.h
[3.111s] -- Symlinking: /home/gustavo/eufs_sim_teste/install/eufs_msgs/include/eufs_msgs/msg/detail/lap_stats__type_support.h
[3.119s] -- Symlinking: /home/gustavo/eufs_sim_teste/install/eufs_msgs/include/eufs_msgs/msg/detail/node_state__functions.h
[3.126s] -- Symlinking: /home/gustavo/eufs_sim_teste/install/eufs_msgs/include/eufs_msgs/msg/detail/node_state__struct.h
[3.133s] -- Symlinking: /home/gustavo/eufs_sim_teste/install/eufs_msgs/include/eufs_msgs/msg/detail/node_state__type_support.h
[3.140s] -- Symlinking: /home/gustavo/eufs_sim_teste/install/eufs_msgs/include/eufs_msgs/msg/detail/node_state_array__functions.h
[3.147s] -- Symlinking: /home/gustavo/eufs_sim_teste/install/eufs_msgs/include/eufs_msgs/msg/detail/node_state_array__struct.h
[3.154s] -- Symlinking: /home/gustavo/eufs_sim_teste/install/eufs_msgs/include/eufs_msgs/msg/detail/node_state_array__type_support.h
[3.160s] -- Symlinking: /home/gustavo/eufs_sim_teste/install/eufs_msgs/include/eufs_msgs/msg/detail/path_integral_params__functions.h
[3.167s] -- Symlinking: /home/gustavo/eufs_sim_teste/install/eufs_msgs/include/eufs_msgs/msg/detail/path_integral_params__struct.h
[3.174s] -- Symlinking: /home/gustavo/eufs_sim_teste/install/eufs_msgs/include/eufs_msgs/msg/detail/path_integral_params__type_support.h
[3.181s] -- Symlinking: /home/gustavo/eufs_sim_teste/install/eufs_msgs/include/eufs_msgs/msg/detail/path_integral_stats__functions.h
[3.187s] -- Symlinking: /home/gustavo/eufs_sim_teste/install/eufs_msgs/include/eufs_msgs/msg/detail/path_integral_stats__struct.h
[3.194s] -- Symlinking: /home/gustavo/eufs_sim_teste/install/eufs_msgs/include/eufs_msgs/msg/detail/path_integral_stats__type_support.h
[3.201s] -- Symlinking: /home/gustavo/eufs_sim_teste/install/eufs_msgs/include/eufs_msgs/msg/detail/path_integral_status__functions.h
[3.209s] -- Symlinking: /home/gustavo/eufs_sim_teste/install/eufs_msgs/include/eufs_msgs/msg/detail/path_integral_status__struct.h
[3.216s] -- Symlinking: /home/gustavo/eufs_sim_teste/install/eufs_msgs/include/eufs_msgs/msg/detail/path_integral_status__type_support.h
[3.223s] -- Symlinking: /home/gustavo/eufs_sim_teste/install/eufs_msgs/include/eufs_msgs/msg/detail/path_integral_timing__functions.h
[3.230s] -- Symlinking: /home/gustavo/eufs_sim_teste/install/eufs_msgs/include/eufs_msgs/msg/detail/path_integral_timing__struct.h
[3.237s] -- Symlinking: /home/gustavo/eufs_sim_teste/install/eufs_msgs/include/eufs_msgs/msg/detail/path_integral_timing__type_support.h
[3.243s] -- Symlinking: /home/gustavo/eufs_sim_teste/install/eufs_msgs/include/eufs_msgs/msg/detail/point_array__functions.h
[3.251s] -- Symlinking: /home/gustavo/eufs_sim_teste/install/eufs_msgs/include/eufs_msgs/msg/detail/point_array__struct.h
[3.258s] -- Symlinking: /home/gustavo/eufs_sim_teste/install/eufs_msgs/include/eufs_msgs/msg/detail/point_array__type_support.h
[3.266s] -- Symlinking: /home/gustavo/eufs_sim_teste/install/eufs_msgs/include/eufs_msgs/msg/detail/point_array_stamped__functions.h
[3.272s] -- Symlinking: /home/gustavo/eufs_sim_teste/install/eufs_msgs/include/eufs_msgs/msg/detail/point_array_stamped__struct.h
[3.279s] -- Symlinking: /home/gustavo/eufs_sim_teste/install/eufs_msgs/include/eufs_msgs/msg/detail/point_array_stamped__type_support.h
[3.286s] -- Symlinking: /home/gustavo/eufs_sim_teste/install/eufs_msgs/include/eufs_msgs/msg/detail/runstop__functions.h
[3.292s] -- Symlinking: /home/gustavo/eufs_sim_teste/install/eufs_msgs/include/eufs_msgs/msg/detail/runstop__struct.h
[3.299s] -- Symlinking: /home/gustavo/eufs_sim_teste/install/eufs_msgs/include/eufs_msgs/msg/detail/runstop__type_support.h
[3.306s] -- Symlinking: /home/gustavo/eufs_sim_teste/install/eufs_msgs/include/eufs_msgs/msg/detail/slam_err__functions.h
[3.313s] -- Symlinking: /home/gustavo/eufs_sim_teste/install/eufs_msgs/include/eufs_msgs/msg/detail/slam_err__struct.h
[3.320s] -- Symlinking: /home/gustavo/eufs_sim_teste/install/eufs_msgs/include/eufs_msgs/msg/detail/slam_err__type_support.h
[3.327s] -- Symlinking: /home/gustavo/eufs_sim_teste/install/eufs_msgs/include/eufs_msgs/msg/detail/slam_state__functions.h
[3.334s] -- Symlinking: /home/gustavo/eufs_sim_teste/install/eufs_msgs/include/eufs_msgs/msg/detail/slam_state__struct.h
[3.340s] -- Symlinking: /home/gustavo/eufs_sim_teste/install/eufs_msgs/include/eufs_msgs/msg/detail/slam_state__type_support.h
[3.347s] -- Symlinking: /home/gustavo/eufs_sim_teste/install/eufs_msgs/include/eufs_msgs/msg/detail/state_machine_state__functions.h
[3.354s] -- Symlinking: /home/gustavo/eufs_sim_teste/install/eufs_msgs/include/eufs_msgs/msg/detail/state_machine_state__struct.h
[3.360s] -- Symlinking: /home/gustavo/eufs_sim_teste/install/eufs_msgs/include/eufs_msgs/msg/detail/state_machine_state__type_support.h
[3.367s] -- Symlinking: /home/gustavo/eufs_sim_teste/install/eufs_msgs/include/eufs_msgs/msg/detail/system_status__functions.h
[3.373s] -- Symlinking: /home/gustavo/eufs_sim_teste/install/eufs_msgs/include/eufs_msgs/msg/detail/system_status__struct.h
[3.380s] -- Symlinking: /home/gustavo/eufs_sim_teste/install/eufs_msgs/include/eufs_msgs/msg/detail/system_status__type_support.h
[3.387s] -- Symlinking: /home/gustavo/eufs_sim_teste/install/eufs_msgs/include/eufs_msgs/msg/detail/topic_status__functions.h
[3.393s] -- Symlinking: /home/gustavo/eufs_sim_teste/install/eufs_msgs/include/eufs_msgs/msg/detail/topic_status__struct.h
[3.400s] -- Symlinking: /home/gustavo/eufs_sim_teste/install/eufs_msgs/include/eufs_msgs/msg/detail/topic_status__type_support.h
[3.407s] -- Symlinking: /home/gustavo/eufs_sim_teste/install/eufs_msgs/include/eufs_msgs/msg/detail/vehicle_commands__functions.h
[3.413s] -- Symlinking: /home/gustavo/eufs_sim_teste/install/eufs_msgs/include/eufs_msgs/msg/detail/vehicle_commands__struct.h
[3.421s] -- Symlinking: /home/gustavo/eufs_sim_teste/install/eufs_msgs/include/eufs_msgs/msg/detail/vehicle_commands__type_support.h
[3.427s] -- Symlinking: /home/gustavo/eufs_sim_teste/install/eufs_msgs/include/eufs_msgs/msg/detail/vehicle_commands_stamped__functions.h
[3.434s] -- Symlinking: /home/gustavo/eufs_sim_teste/install/eufs_msgs/include/eufs_msgs/msg/detail/vehicle_commands_stamped__struct.h
[3.441s] -- Symlinking: /home/gustavo/eufs_sim_teste/install/eufs_msgs/include/eufs_msgs/msg/detail/vehicle_commands_stamped__type_support.h
[3.447s] -- Symlinking: /home/gustavo/eufs_sim_teste/install/eufs_msgs/include/eufs_msgs/msg/detail/waypoint__functions.h
[3.454s] -- Symlinking: /home/gustavo/eufs_sim_teste/install/eufs_msgs/include/eufs_msgs/msg/detail/waypoint__struct.h
[3.460s] -- Symlinking: /home/gustavo/eufs_sim_teste/install/eufs_msgs/include/eufs_msgs/msg/detail/waypoint__type_support.h
[3.468s] -- Symlinking: /home/gustavo/eufs_sim_teste/install/eufs_msgs/include/eufs_msgs/msg/detail/waypoint_array_stamped__functions.h
[3.474s] -- Symlinking: /home/gustavo/eufs_sim_teste/install/eufs_msgs/include/eufs_msgs/msg/detail/waypoint_array_stamped__struct.h
[3.481s] -- Symlinking: /home/gustavo/eufs_sim_teste/install/eufs_msgs/include/eufs_msgs/msg/detail/waypoint_array_stamped__type_support.h
[3.487s] -- Symlinking: /home/gustavo/eufs_sim_teste/install/eufs_msgs/include/eufs_msgs/msg/detail/wheel_odometry_err__functions.h
[3.494s] -- Symlinking: /home/gustavo/eufs_sim_teste/install/eufs_msgs/include/eufs_msgs/msg/detail/wheel_odometry_err__struct.h
[3.501s] -- Symlinking: /home/gustavo/eufs_sim_teste/install/eufs_msgs/include/eufs_msgs/msg/detail/wheel_odometry_err__type_support.h
[3.508s] -- Symlinking: /home/gustavo/eufs_sim_teste/install/eufs_msgs/include/eufs_msgs/msg/detail/wheel_speeds__functions.h
[3.515s] -- Symlinking: /home/gustavo/eufs_sim_teste/install/eufs_msgs/include/eufs_msgs/msg/detail/wheel_speeds__struct.h
[3.523s] -- Symlinking: /home/gustavo/eufs_sim_teste/install/eufs_msgs/include/eufs_msgs/msg/detail/wheel_speeds__type_support.h
[3.529s] -- Symlinking: /home/gustavo/eufs_sim_teste/install/eufs_msgs/include/eufs_msgs/msg/detail/wheel_speeds_stamped__functions.h
[3.536s] -- Symlinking: /home/gustavo/eufs_sim_teste/install/eufs_msgs/include/eufs_msgs/msg/detail/wheel_speeds_stamped__struct.h
[3.543s] -- Symlinking: /home/gustavo/eufs_sim_teste/install/eufs_msgs/include/eufs_msgs/msg/detail/wheel_speeds_stamped__type_support.h
[3.549s] -- Symlinking: /home/gustavo/eufs_sim_teste/install/eufs_msgs/include/eufs_msgs/msg/ekf_err.h
[3.556s] -- Symlinking: /home/gustavo/eufs_sim_teste/install/eufs_msgs/include/eufs_msgs/msg/ekf_state.h
[3.564s] -- Symlinking: /home/gustavo/eufs_sim_teste/install/eufs_msgs/include/eufs_msgs/msg/full_state.h
[3.573s] -- Symlinking: /home/gustavo/eufs_sim_teste/install/eufs_msgs/include/eufs_msgs/msg/heartbeat.h
[3.583s] -- Symlinking: /home/gustavo/eufs_sim_teste/install/eufs_msgs/include/eufs_msgs/msg/integration_err.h
[3.594s] -- Symlinking: /home/gustavo/eufs_sim_teste/install/eufs_msgs/include/eufs_msgs/msg/lap_stats.h
[3.604s] -- Symlinking: /home/gustavo/eufs_sim_teste/install/eufs_msgs/include/eufs_msgs/msg/node_state.h
[3.612s] -- Symlinking: /home/gustavo/eufs_sim_teste/install/eufs_msgs/include/eufs_msgs/msg/node_state_array.h
[3.621s] -- Symlinking: /home/gustavo/eufs_sim_teste/install/eufs_msgs/include/eufs_msgs/msg/path_integral_params.h
[3.628s] -- Symlinking: /home/gustavo/eufs_sim_teste/install/eufs_msgs/include/eufs_msgs/msg/path_integral_stats.h
[3.636s] -- Symlinking: /home/gustavo/eufs_sim_teste/install/eufs_msgs/include/eufs_msgs/msg/path_integral_status.h
[3.643s] -- Symlinking: /home/gustavo/eufs_sim_teste/install/eufs_msgs/include/eufs_msgs/msg/path_integral_timing.h
[3.650s] -- Symlinking: /home/gustavo/eufs_sim_teste/install/eufs_msgs/include/eufs_msgs/msg/point_array.h
[3.657s] -- Symlinking: /home/gustavo/eufs_sim_teste/install/eufs_msgs/include/eufs_msgs/msg/point_array_stamped.h
[3.665s] -- Symlinking: /home/gustavo/eufs_sim_teste/install/eufs_msgs/include/eufs_msgs/msg/rosidl_generator_c__visibility_control.h
[3.672s] -- Symlinking: /home/gustavo/eufs_sim_teste/install/eufs_msgs/include/eufs_msgs/msg/runstop.h
[3.678s] -- Symlinking: /home/gustavo/eufs_sim_teste/install/eufs_msgs/include/eufs_msgs/msg/slam_err.h
[3.686s] -- Symlinking: /home/gustavo/eufs_sim_teste/install/eufs_msgs/include/eufs_msgs/msg/slam_state.h
[3.692s] -- Symlinking: /home/gustavo/eufs_sim_teste/install/eufs_msgs/include/eufs_msgs/msg/state_machine_state.h
[3.700s] -- Symlinking: /home/gustavo/eufs_sim_teste/install/eufs_msgs/include/eufs_msgs/msg/system_status.h
[3.706s] -- Symlinking: /home/gustavo/eufs_sim_teste/install/eufs_msgs/include/eufs_msgs/msg/topic_status.h
[3.712s] -- Symlinking: /home/gustavo/eufs_sim_teste/install/eufs_msgs/include/eufs_msgs/msg/vehicle_commands.h
[3.720s] -- Symlinking: /home/gustavo/eufs_sim_teste/install/eufs_msgs/include/eufs_msgs/msg/vehicle_commands_stamped.h
[3.727s] -- Symlinking: /home/gustavo/eufs_sim_teste/install/eufs_msgs/include/eufs_msgs/msg/waypoint.h
[3.734s] -- Symlinking: /home/gustavo/eufs_sim_teste/install/eufs_msgs/include/eufs_msgs/msg/waypoint_array_stamped.h
[3.741s] -- Symlinking: /home/gustavo/eufs_sim_teste/install/eufs_msgs/include/eufs_msgs/msg/wheel_odometry_err.h
[3.748s] -- Symlinking: /home/gustavo/eufs_sim_teste/install/eufs_msgs/include/eufs_msgs/msg/wheel_speeds.h
[3.755s] -- Symlinking: /home/gustavo/eufs_sim_teste/install/eufs_msgs/include/eufs_msgs/msg/wheel_speeds_stamped.h
[3.762s] -- Symlinking: /home/gustavo/eufs_sim_teste/install/eufs_msgs/include/eufs_msgs/srv/detail/register__functions.h
[3.769s] -- Symlinking: /home/gustavo/eufs_sim_teste/install/eufs_msgs/include/eufs_msgs/srv/detail/register__struct.h
[3.776s] -- Symlinking: /home/gustavo/eufs_sim_teste/install/eufs_msgs/include/eufs_msgs/srv/detail/register__type_support.h
[3.783s] -- Symlinking: /home/gustavo/eufs_sim_teste/install/eufs_msgs/include/eufs_msgs/srv/detail/set_can_state__functions.h
[3.790s] -- Symlinking: /home/gustavo/eufs_sim_teste/install/eufs_msgs/include/eufs_msgs/srv/detail/set_can_state__struct.h
[3.797s] -- Symlinking: /home/gustavo/eufs_sim_teste/install/eufs_msgs/include/eufs_msgs/srv/detail/set_can_state__type_support.h
[3.804s] -- Symlinking: /home/gustavo/eufs_sim_teste/install/eufs_msgs/include/eufs_msgs/srv/register.h
[3.811s] -- Symlinking: /home/gustavo/eufs_sim_teste/install/eufs_msgs/include/eufs_msgs/srv/set_can_state.h
[3.818s] -- Symlinking: /home/gustavo/eufs_sim_teste/install/eufs_msgs/share/eufs_msgs/environment/library_path.sh
[3.825s] -- Symlinking: /home/gustavo/eufs_sim_teste/install/eufs_msgs/share/eufs_msgs/environment/library_path.dsv
[3.833s] -- Symlinking: /home/gustavo/eufs_sim_teste/install/eufs_msgs/include/eufs_msgs/action/detail/check_for_objects__rosidl_typesupport_fastrtps_c.h
[3.839s] -- Symlinking: /home/gustavo/eufs_sim_teste/install/eufs_msgs/include/eufs_msgs/msg/detail/bounding_box__rosidl_typesupport_fastrtps_c.h
[3.846s] -- Symlinking: /home/gustavo/eufs_sim_teste/install/eufs_msgs/include/eufs_msgs/msg/detail/bounding_boxes__rosidl_typesupport_fastrtps_c.h
[3.853s] -- Symlinking: /home/gustavo/eufs_sim_teste/install/eufs_msgs/include/eufs_msgs/msg/detail/can_state__rosidl_typesupport_fastrtps_c.h
[3.859s] -- Symlinking: /home/gustavo/eufs_sim_teste/install/eufs_msgs/include/eufs_msgs/msg/detail/car_state__rosidl_typesupport_fastrtps_c.h
[3.866s] -- Symlinking: /home/gustavo/eufs_sim_teste/install/eufs_msgs/include/eufs_msgs/msg/detail/chassis_command__rosidl_typesupport_fastrtps_c.h
[3.873s] -- Symlinking: /home/gustavo/eufs_sim_teste/install/eufs_msgs/include/eufs_msgs/msg/detail/chassis_state__rosidl_typesupport_fastrtps_c.h
[3.879s] -- Symlinking: /home/gustavo/eufs_sim_teste/install/eufs_msgs/include/eufs_msgs/msg/detail/cone_array__rosidl_typesupport_fastrtps_c.h
[3.886s] -- Symlinking: /home/gustavo/eufs_sim_teste/install/eufs_msgs/include/eufs_msgs/msg/detail/cone_array_with_covariance__rosidl_typesupport_fastrtps_c.h
[3.893s] -- Symlinking: /home/gustavo/eufs_sim_teste/install/eufs_msgs/include/eufs_msgs/msg/detail/cone_with_covariance__rosidl_typesupport_fastrtps_c.h
[3.900s] -- Symlinking: /home/gustavo/eufs_sim_teste/install/eufs_msgs/include/eufs_msgs/msg/detail/costmap__rosidl_typesupport_fastrtps_c.h
[3.907s] -- Symlinking: /home/gustavo/eufs_sim_teste/install/eufs_msgs/include/eufs_msgs/msg/detail/ekf_err__rosidl_typesupport_fastrtps_c.h
[3.914s] -- Symlinking: /home/gustavo/eufs_sim_teste/install/eufs_msgs/include/eufs_msgs/msg/detail/ekf_state__rosidl_typesupport_fastrtps_c.h
[3.921s] -- Symlinking: /home/gustavo/eufs_sim_teste/install/eufs_msgs/include/eufs_msgs/msg/detail/full_state__rosidl_typesupport_fastrtps_c.h
[3.928s] -- Symlinking: /home/gustavo/eufs_sim_teste/install/eufs_msgs/include/eufs_msgs/msg/detail/heartbeat__rosidl_typesupport_fastrtps_c.h
[3.935s] -- Symlinking: /home/gustavo/eufs_sim_teste/install/eufs_msgs/include/eufs_msgs/msg/detail/integration_err__rosidl_typesupport_fastrtps_c.h
[3.942s] -- Symlinking: /home/gustavo/eufs_sim_teste/install/eufs_msgs/include/eufs_msgs/msg/detail/lap_stats__rosidl_typesupport_fastrtps_c.h
[3.949s] -- Symlinking: /home/gustavo/eufs_sim_teste/install/eufs_msgs/include/eufs_msgs/msg/detail/node_state__rosidl_typesupport_fastrtps_c.h
[3.955s] -- Symlinking: /home/gustavo/eufs_sim_teste/install/eufs_msgs/include/eufs_msgs/msg/detail/node_state_array__rosidl_typesupport_fastrtps_c.h
[3.962s] -- Symlinking: /home/gustavo/eufs_sim_teste/install/eufs_msgs/include/eufs_msgs/msg/detail/path_integral_params__rosidl_typesupport_fastrtps_c.h
[3.969s] -- Symlinking: /home/gustavo/eufs_sim_teste/install/eufs_msgs/include/eufs_msgs/msg/detail/path_integral_stats__rosidl_typesupport_fastrtps_c.h
[3.975s] -- Symlinking: /home/gustavo/eufs_sim_teste/install/eufs_msgs/include/eufs_msgs/msg/detail/path_integral_status__rosidl_typesupport_fastrtps_c.h
[3.982s] -- Symlinking: /home/gustavo/eufs_sim_teste/install/eufs_msgs/include/eufs_msgs/msg/detail/path_integral_timing__rosidl_typesupport_fastrtps_c.h
[3.989s] -- Symlinking: /home/gustavo/eufs_sim_teste/install/eufs_msgs/include/eufs_msgs/msg/detail/point_array__rosidl_typesupport_fastrtps_c.h
[3.996s] -- Symlinking: /home/gustavo/eufs_sim_teste/install/eufs_msgs/include/eufs_msgs/msg/detail/point_array_stamped__rosidl_typesupport_fastrtps_c.h
[4.003s] -- Symlinking: /home/gustavo/eufs_sim_teste/install/eufs_msgs/include/eufs_msgs/msg/detail/runstop__rosidl_typesupport_fastrtps_c.h
[4.010s] -- Symlinking: /home/gustavo/eufs_sim_teste/install/eufs_msgs/include/eufs_msgs/msg/detail/slam_err__rosidl_typesupport_fastrtps_c.h
[4.017s] -- Symlinking: /home/gustavo/eufs_sim_teste/install/eufs_msgs/include/eufs_msgs/msg/detail/slam_state__rosidl_typesupport_fastrtps_c.h
[4.024s] -- Symlinking: /home/gustavo/eufs_sim_teste/install/eufs_msgs/include/eufs_msgs/msg/detail/state_machine_state__rosidl_typesupport_fastrtps_c.h
[4.030s] -- Symlinking: /home/gustavo/eufs_sim_teste/install/eufs_msgs/include/eufs_msgs/msg/detail/system_status__rosidl_typesupport_fastrtps_c.h
[4.037s] -- Symlinking: /home/gustavo/eufs_sim_teste/install/eufs_msgs/include/eufs_msgs/msg/detail/topic_status__rosidl_typesupport_fastrtps_c.h
[4.044s] -- Symlinking: /home/gustavo/eufs_sim_teste/install/eufs_msgs/include/eufs_msgs/msg/detail/vehicle_commands__rosidl_typesupport_fastrtps_c.h
[4.050s] -- Symlinking: /home/gustavo/eufs_sim_teste/install/eufs_msgs/include/eufs_msgs/msg/detail/vehicle_commands_stamped__rosidl_typesupport_fastrtps_c.h
[4.057s] -- Symlinking: /home/gustavo/eufs_sim_teste/install/eufs_msgs/include/eufs_msgs/msg/detail/waypoint__rosidl_typesupport_fastrtps_c.h
[4.064s] -- Symlinking: /home/gustavo/eufs_sim_teste/install/eufs_msgs/include/eufs_msgs/msg/detail/waypoint_array_stamped__rosidl_typesupport_fastrtps_c.h
[4.071s] -- Symlinking: /home/gustavo/eufs_sim_teste/install/eufs_msgs/include/eufs_msgs/msg/detail/wheel_odometry_err__rosidl_typesupport_fastrtps_c.h
[4.077s] -- Symlinking: /home/gustavo/eufs_sim_teste/install/eufs_msgs/include/eufs_msgs/msg/detail/wheel_speeds__rosidl_typesupport_fastrtps_c.h
[4.085s] -- Symlinking: /home/gustavo/eufs_sim_teste/install/eufs_msgs/include/eufs_msgs/msg/detail/wheel_speeds_stamped__rosidl_typesupport_fastrtps_c.h
[4.093s] -- Symlinking: /home/gustavo/eufs_sim_teste/install/eufs_msgs/include/eufs_msgs/msg/rosidl_typesupport_fastrtps_c__visibility_control.h
[4.100s] -- Symlinking: /home/gustavo/eufs_sim_teste/install/eufs_msgs/include/eufs_msgs/srv/detail/register__rosidl_typesupport_fastrtps_c.h
[4.106s] -- Symlinking: /home/gustavo/eufs_sim_teste/install/eufs_msgs/include/eufs_msgs/srv/detail/set_can_state__rosidl_typesupport_fastrtps_c.h
[4.113s] -- Symlinking: /home/gustavo/eufs_sim_teste/install/eufs_msgs/lib/libeufs_msgs__rosidl_typesupport_fastrtps_c.so
[4.121s] -- Symlinking: /home/gustavo/eufs_sim_teste/install/eufs_msgs/include/eufs_msgs/action/detail/check_for_objects__rosidl_typesupport_fastrtps_cpp.hpp
[4.128s] -- Symlinking: /home/gustavo/eufs_sim_teste/install/eufs_msgs/include/eufs_msgs/msg/detail/bounding_box__rosidl_typesupport_fastrtps_cpp.hpp
[4.135s] -- Symlinking: /home/gustavo/eufs_sim_teste/install/eufs_msgs/include/eufs_msgs/msg/detail/bounding_boxes__rosidl_typesupport_fastrtps_cpp.hpp
[4.142s] -- Symlinking: /home/gustavo/eufs_sim_teste/install/eufs_msgs/include/eufs_msgs/msg/detail/can_state__rosidl_typesupport_fastrtps_cpp.hpp
[4.148s] -- Symlinking: /home/gustavo/eufs_sim_teste/install/eufs_msgs/include/eufs_msgs/msg/detail/car_state__rosidl_typesupport_fastrtps_cpp.hpp
[4.155s] -- Symlinking: /home/gustavo/eufs_sim_teste/install/eufs_msgs/include/eufs_msgs/msg/detail/chassis_command__rosidl_typesupport_fastrtps_cpp.hpp
[4.162s] -- Symlinking: /home/gustavo/eufs_sim_teste/install/eufs_msgs/include/eufs_msgs/msg/detail/chassis_state__rosidl_typesupport_fastrtps_cpp.hpp
[4.169s] -- Symlinking: /home/gustavo/eufs_sim_teste/install/eufs_msgs/include/eufs_msgs/msg/detail/cone_array__rosidl_typesupport_fastrtps_cpp.hpp
[4.175s] -- Symlinking: /home/gustavo/eufs_sim_teste/install/eufs_msgs/include/eufs_msgs/msg/detail/cone_array_with_covariance__rosidl_typesupport_fastrtps_cpp.hpp
[4.182s] -- Symlinking: /home/gustavo/eufs_sim_teste/install/eufs_msgs/include/eufs_msgs/msg/detail/cone_with_covariance__rosidl_typesupport_fastrtps_cpp.hpp
[4.189s] -- Symlinking: /home/gustavo/eufs_sim_teste/install/eufs_msgs/include/eufs_msgs/msg/detail/costmap__rosidl_typesupport_fastrtps_cpp.hpp
[4.195s] -- Symlinking: /home/gustavo/eufs_sim_teste/install/eufs_msgs/include/eufs_msgs/msg/detail/ekf_err__rosidl_typesupport_fastrtps_cpp.hpp
[4.202s] -- Symlinking: /home/gustavo/eufs_sim_teste/install/eufs_msgs/include/eufs_msgs/msg/detail/ekf_state__rosidl_typesupport_fastrtps_cpp.hpp
[4.208s] -- Symlinking: /home/gustavo/eufs_sim_teste/install/eufs_msgs/include/eufs_msgs/msg/detail/full_state__rosidl_typesupport_fastrtps_cpp.hpp
[4.215s] -- Symlinking: /home/gustavo/eufs_sim_teste/install/eufs_msgs/include/eufs_msgs/msg/detail/heartbeat__rosidl_typesupport_fastrtps_cpp.hpp
[4.222s] -- Symlinking: /home/gustavo/eufs_sim_teste/install/eufs_msgs/include/eufs_msgs/msg/detail/integration_err__rosidl_typesupport_fastrtps_cpp.hpp
[4.228s] -- Symlinking: /home/gustavo/eufs_sim_teste/install/eufs_msgs/include/eufs_msgs/msg/detail/lap_stats__rosidl_typesupport_fastrtps_cpp.hpp
[4.236s] -- Symlinking: /home/gustavo/eufs_sim_teste/install/eufs_msgs/include/eufs_msgs/msg/detail/node_state__rosidl_typesupport_fastrtps_cpp.hpp
[4.242s] -- Symlinking: /home/gustavo/eufs_sim_teste/install/eufs_msgs/include/eufs_msgs/msg/detail/node_state_array__rosidl_typesupport_fastrtps_cpp.hpp
[4.249s] -- Symlinking: /home/gustavo/eufs_sim_teste/install/eufs_msgs/include/eufs_msgs/msg/detail/path_integral_params__rosidl_typesupport_fastrtps_cpp.hpp
[4.255s] -- Symlinking: /home/gustavo/eufs_sim_teste/install/eufs_msgs/include/eufs_msgs/msg/detail/path_integral_stats__rosidl_typesupport_fastrtps_cpp.hpp
[4.262s] -- Symlinking: /home/gustavo/eufs_sim_teste/install/eufs_msgs/include/eufs_msgs/msg/detail/path_integral_status__rosidl_typesupport_fastrtps_cpp.hpp
[4.269s] -- Symlinking: /home/gustavo/eufs_sim_teste/install/eufs_msgs/include/eufs_msgs/msg/detail/path_integral_timing__rosidl_typesupport_fastrtps_cpp.hpp
[4.276s] -- Symlinking: /home/gustavo/eufs_sim_teste/install/eufs_msgs/include/eufs_msgs/msg/detail/point_array__rosidl_typesupport_fastrtps_cpp.hpp
[4.283s] -- Symlinking: /home/gustavo/eufs_sim_teste/install/eufs_msgs/include/eufs_msgs/msg/detail/point_array_stamped__rosidl_typesupport_fastrtps_cpp.hpp
[4.290s] -- Symlinking: /home/gustavo/eufs_sim_teste/install/eufs_msgs/include/eufs_msgs/msg/detail/runstop__rosidl_typesupport_fastrtps_cpp.hpp
[4.296s] -- Symlinking: /home/gustavo/eufs_sim_teste/install/eufs_msgs/include/eufs_msgs/msg/detail/slam_err__rosidl_typesupport_fastrtps_cpp.hpp
[4.303s] -- Symlinking: /home/gustavo/eufs_sim_teste/install/eufs_msgs/include/eufs_msgs/msg/detail/slam_state__rosidl_typesupport_fastrtps_cpp.hpp
[4.310s] -- Symlinking: /home/gustavo/eufs_sim_teste/install/eufs_msgs/include/eufs_msgs/msg/detail/state_machine_state__rosidl_typesupport_fastrtps_cpp.hpp
[4.318s] -- Symlinking: /home/gustavo/eufs_sim_teste/install/eufs_msgs/include/eufs_msgs/msg/detail/system_status__rosidl_typesupport_fastrtps_cpp.hpp
[4.325s] -- Symlinking: /home/gustavo/eufs_sim_teste/install/eufs_msgs/include/eufs_msgs/msg/detail/topic_status__rosidl_typesupport_fastrtps_cpp.hpp
[4.331s] -- Symlinking: /home/gustavo/eufs_sim_teste/install/eufs_msgs/include/eufs_msgs/msg/detail/vehicle_commands__rosidl_typesupport_fastrtps_cpp.hpp
[4.338s] -- Symlinking: /home/gustavo/eufs_sim_teste/install/eufs_msgs/include/eufs_msgs/msg/detail/vehicle_commands_stamped__rosidl_typesupport_fastrtps_cpp.hpp
[4.345s] -- Symlinking: /home/gustavo/eufs_sim_teste/install/eufs_msgs/include/eufs_msgs/msg/detail/waypoint__rosidl_typesupport_fastrtps_cpp.hpp
[4.352s] -- Symlinking: /home/gustavo/eufs_sim_teste/install/eufs_msgs/include/eufs_msgs/msg/detail/waypoint_array_stamped__rosidl_typesupport_fastrtps_cpp.hpp
[4.360s] -- Symlinking: /home/gustavo/eufs_sim_teste/install/eufs_msgs/include/eufs_msgs/msg/detail/wheel_odometry_err__rosidl_typesupport_fastrtps_cpp.hpp
[4.367s] -- Symlinking: /home/gustavo/eufs_sim_teste/install/eufs_msgs/include/eufs_msgs/msg/detail/wheel_speeds__rosidl_typesupport_fastrtps_cpp.hpp
[4.374s] -- Symlinking: /home/gustavo/eufs_sim_teste/install/eufs_msgs/include/eufs_msgs/msg/detail/wheel_speeds_stamped__rosidl_typesupport_fastrtps_cpp.hpp
[4.381s] -- Symlinking: /home/gustavo/eufs_sim_teste/install/eufs_msgs/include/eufs_msgs/msg/rosidl_typesupport_fastrtps_cpp__visibility_control.h
[4.387s] -- Symlinking: /home/gustavo/eufs_sim_teste/install/eufs_msgs/include/eufs_msgs/srv/detail/register__rosidl_typesupport_fastrtps_cpp.hpp
[4.394s] -- Symlinking: /home/gustavo/eufs_sim_teste/install/eufs_msgs/include/eufs_msgs/srv/detail/set_can_state__rosidl_typesupport_fastrtps_cpp.hpp
[4.401s] -- Symlinking: /home/gustavo/eufs_sim_teste/install/eufs_msgs/lib/libeufs_msgs__rosidl_typesupport_fastrtps_cpp.so
[4.409s] -- Symlinking: /home/gustavo/eufs_sim_teste/install/eufs_msgs/include/eufs_msgs/action/detail/check_for_objects__rosidl_typesupport_introspection_c.h
[4.416s] -- Symlinking: /home/gustavo/eufs_sim_teste/install/eufs_msgs/include/eufs_msgs/msg/detail/bounding_box__rosidl_typesupport_introspection_c.h
[4.422s] -- Symlinking: /home/gustavo/eufs_sim_teste/install/eufs_msgs/include/eufs_msgs/msg/detail/bounding_boxes__rosidl_typesupport_introspection_c.h
[4.429s] -- Symlinking: /home/gustavo/eufs_sim_teste/install/eufs_msgs/include/eufs_msgs/msg/detail/can_state__rosidl_typesupport_introspection_c.h
[4.436s] -- Symlinking: /home/gustavo/eufs_sim_teste/install/eufs_msgs/include/eufs_msgs/msg/detail/car_state__rosidl_typesupport_introspection_c.h
[4.443s] -- Symlinking: /home/gustavo/eufs_sim_teste/install/eufs_msgs/include/eufs_msgs/msg/detail/chassis_command__rosidl_typesupport_introspection_c.h
[4.450s] -- Symlinking: /home/gustavo/eufs_sim_teste/install/eufs_msgs/include/eufs_msgs/msg/detail/chassis_state__rosidl_typesupport_introspection_c.h
[4.456s] -- Symlinking: /home/gustavo/eufs_sim_teste/install/eufs_msgs/include/eufs_msgs/msg/detail/cone_array__rosidl_typesupport_introspection_c.h
[4.463s] -- Symlinking: /home/gustavo/eufs_sim_teste/install/eufs_msgs/include/eufs_msgs/msg/detail/cone_array_with_covariance__rosidl_typesupport_introspection_c.h
[4.470s] -- Symlinking: /home/gustavo/eufs_sim_teste/install/eufs_msgs/include/eufs_msgs/msg/detail/cone_with_covariance__rosidl_typesupport_introspection_c.h
[4.477s] -- Symlinking: /home/gustavo/eufs_sim_teste/install/eufs_msgs/include/eufs_msgs/msg/detail/costmap__rosidl_typesupport_introspection_c.h
[4.484s] -- Symlinking: /home/gustavo/eufs_sim_teste/install/eufs_msgs/include/eufs_msgs/msg/detail/ekf_err__rosidl_typesupport_introspection_c.h
[4.492s] -- Symlinking: /home/gustavo/eufs_sim_teste/install/eufs_msgs/include/eufs_msgs/msg/detail/ekf_state__rosidl_typesupport_introspection_c.h
[4.500s] -- Symlinking: /home/gustavo/eufs_sim_teste/install/eufs_msgs/include/eufs_msgs/msg/detail/full_state__rosidl_typesupport_introspection_c.h
[4.506s] -- Symlinking: /home/gustavo/eufs_sim_teste/install/eufs_msgs/include/eufs_msgs/msg/detail/heartbeat__rosidl_typesupport_introspection_c.h
[4.513s] -- Symlinking: /home/gustavo/eufs_sim_teste/install/eufs_msgs/include/eufs_msgs/msg/detail/integration_err__rosidl_typesupport_introspection_c.h
[4.520s] -- Symlinking: /home/gustavo/eufs_sim_teste/install/eufs_msgs/include/eufs_msgs/msg/detail/lap_stats__rosidl_typesupport_introspection_c.h
[4.527s] -- Symlinking: /home/gustavo/eufs_sim_teste/install/eufs_msgs/include/eufs_msgs/msg/detail/node_state__rosidl_typesupport_introspection_c.h
[4.534s] -- Symlinking: /home/gustavo/eufs_sim_teste/install/eufs_msgs/include/eufs_msgs/msg/detail/node_state_array__rosidl_typesupport_introspection_c.h
[4.540s] -- Symlinking: /home/gustavo/eufs_sim_teste/install/eufs_msgs/include/eufs_msgs/msg/detail/path_integral_params__rosidl_typesupport_introspection_c.h
[4.547s] -- Symlinking: /home/gustavo/eufs_sim_teste/install/eufs_msgs/include/eufs_msgs/msg/detail/path_integral_stats__rosidl_typesupport_introspection_c.h
[4.554s] -- Symlinking: /home/gustavo/eufs_sim_teste/install/eufs_msgs/include/eufs_msgs/msg/detail/path_integral_status__rosidl_typesupport_introspection_c.h
[4.561s] -- Symlinking: /home/gustavo/eufs_sim_teste/install/eufs_msgs/include/eufs_msgs/msg/detail/path_integral_timing__rosidl_typesupport_introspection_c.h
[4.569s] -- Symlinking: /home/gustavo/eufs_sim_teste/install/eufs_msgs/include/eufs_msgs/msg/detail/point_array__rosidl_typesupport_introspection_c.h
[4.576s] -- Symlinking: /home/gustavo/eufs_sim_teste/install/eufs_msgs/include/eufs_msgs/msg/detail/point_array_stamped__rosidl_typesupport_introspection_c.h
[4.582s] -- Symlinking: /home/gustavo/eufs_sim_teste/install/eufs_msgs/include/eufs_msgs/msg/detail/runstop__rosidl_typesupport_introspection_c.h
[4.589s] -- Symlinking: /home/gustavo/eufs_sim_teste/install/eufs_msgs/include/eufs_msgs/msg/detail/slam_err__rosidl_typesupport_introspection_c.h
[4.596s] -- Symlinking: /home/gustavo/eufs_sim_teste/install/eufs_msgs/include/eufs_msgs/msg/detail/slam_state__rosidl_typesupport_introspection_c.h
[4.603s] -- Symlinking: /home/gustavo/eufs_sim_teste/install/eufs_msgs/include/eufs_msgs/msg/detail/state_machine_state__rosidl_typesupport_introspection_c.h
[4.610s] -- Symlinking: /home/gustavo/eufs_sim_teste/install/eufs_msgs/include/eufs_msgs/msg/detail/system_status__rosidl_typesupport_introspection_c.h
[4.617s] -- Symlinking: /home/gustavo/eufs_sim_teste/install/eufs_msgs/include/eufs_msgs/msg/detail/topic_status__rosidl_typesupport_introspection_c.h
[4.624s] -- Symlinking: /home/gustavo/eufs_sim_teste/install/eufs_msgs/include/eufs_msgs/msg/detail/vehicle_commands__rosidl_typesupport_introspection_c.h
[4.631s] -- Symlinking: /home/gustavo/eufs_sim_teste/install/eufs_msgs/include/eufs_msgs/msg/detail/vehicle_commands_stamped__rosidl_typesupport_introspection_c.h
[4.638s] -- Symlinking: /home/gustavo/eufs_sim_teste/install/eufs_msgs/include/eufs_msgs/msg/detail/waypoint__rosidl_typesupport_introspection_c.h
[4.644s] -- Symlinking: /home/gustavo/eufs_sim_teste/install/eufs_msgs/include/eufs_msgs/msg/detail/waypoint_array_stamped__rosidl_typesupport_introspection_c.h
[4.652s] -- Symlinking: /home/gustavo/eufs_sim_teste/install/eufs_msgs/include/eufs_msgs/msg/detail/wheel_odometry_err__rosidl_typesupport_introspection_c.h
[4.658s] -- Symlinking: /home/gustavo/eufs_sim_teste/install/eufs_msgs/include/eufs_msgs/msg/detail/wheel_speeds__rosidl_typesupport_introspection_c.h
[4.665s] -- Symlinking: /home/gustavo/eufs_sim_teste/install/eufs_msgs/include/eufs_msgs/msg/detail/wheel_speeds_stamped__rosidl_typesupport_introspection_c.h
[4.672s] -- Symlinking: /home/gustavo/eufs_sim_teste/install/eufs_msgs/include/eufs_msgs/msg/rosidl_typesupport_introspection_c__visibility_control.h
[4.679s] -- Symlinking: /home/gustavo/eufs_sim_teste/install/eufs_msgs/include/eufs_msgs/srv/detail/register__rosidl_typesupport_introspection_c.h
[4.688s] -- Symlinking: /home/gustavo/eufs_sim_teste/install/eufs_msgs/include/eufs_msgs/srv/detail/set_can_state__rosidl_typesupport_introspection_c.h
[4.695s] -- Symlinking: /home/gustavo/eufs_sim_teste/install/eufs_msgs/include/eufs_msgs/action/check_for_objects.hpp
[4.703s] -- Symlinking: /home/gustavo/eufs_sim_teste/install/eufs_msgs/include/eufs_msgs/action/detail/check_for_objects__builder.hpp
[4.710s] -- Symlinking: /home/gustavo/eufs_sim_teste/install/eufs_msgs/include/eufs_msgs/action/detail/check_for_objects__struct.hpp
[4.717s] -- Symlinking: /home/gustavo/eufs_sim_teste/install/eufs_msgs/include/eufs_msgs/action/detail/check_for_objects__traits.hpp
[4.724s] -- Symlinking: /home/gustavo/eufs_sim_teste/install/eufs_msgs/include/eufs_msgs/msg/bounding_box.hpp
[4.731s] -- Symlinking: /home/gustavo/eufs_sim_teste/install/eufs_msgs/include/eufs_msgs/msg/bounding_boxes.hpp
[4.738s] -- Symlinking: /home/gustavo/eufs_sim_teste/install/eufs_msgs/include/eufs_msgs/msg/can_state.hpp
[4.744s] -- Symlinking: /home/gustavo/eufs_sim_teste/install/eufs_msgs/include/eufs_msgs/msg/car_state.hpp
[4.751s] -- Symlinking: /home/gustavo/eufs_sim_teste/install/eufs_msgs/include/eufs_msgs/msg/chassis_command.hpp
[4.757s] -- Symlinking: /home/gustavo/eufs_sim_teste/install/eufs_msgs/include/eufs_msgs/msg/chassis_state.hpp
[4.764s] -- Symlinking: /home/gustavo/eufs_sim_teste/install/eufs_msgs/include/eufs_msgs/msg/cone_array.hpp
[4.772s] -- Symlinking: /home/gustavo/eufs_sim_teste/install/eufs_msgs/include/eufs_msgs/msg/cone_array_with_covariance.hpp
[4.778s] -- Symlinking: /home/gustavo/eufs_sim_teste/install/eufs_msgs/include/eufs_msgs/msg/cone_with_covariance.hpp
[4.786s] -- Symlinking: /home/gustavo/eufs_sim_teste/install/eufs_msgs/include/eufs_msgs/msg/costmap.hpp
[4.792s] -- Symlinking: /home/gustavo/eufs_sim_teste/install/eufs_msgs/include/eufs_msgs/msg/detail/bounding_box__builder.hpp
[4.799s] -- Symlinking: /home/gustavo/eufs_sim_teste/install/eufs_msgs/include/eufs_msgs/msg/detail/bounding_box__struct.hpp
[4.806s] -- Symlinking: /home/gustavo/eufs_sim_teste/install/eufs_msgs/include/eufs_msgs/msg/detail/bounding_box__traits.hpp
[4.812s] -- Symlinking: /home/gustavo/eufs_sim_teste/install/eufs_msgs/include/eufs_msgs/msg/detail/bounding_boxes__builder.hpp
[4.820s] -- Symlinking: /home/gustavo/eufs_sim_teste/install/eufs_msgs/include/eufs_msgs/msg/detail/bounding_boxes__struct.hpp
[4.827s] -- Symlinking: /home/gustavo/eufs_sim_teste/install/eufs_msgs/include/eufs_msgs/msg/detail/bounding_boxes__traits.hpp
[4.834s] -- Symlinking: /home/gustavo/eufs_sim_teste/install/eufs_msgs/include/eufs_msgs/msg/detail/can_state__builder.hpp
[4.840s] -- Symlinking: /home/gustavo/eufs_sim_teste/install/eufs_msgs/include/eufs_msgs/msg/detail/can_state__struct.hpp
[4.847s] -- Symlinking: /home/gustavo/eufs_sim_teste/install/eufs_msgs/include/eufs_msgs/msg/detail/can_state__traits.hpp
[4.854s] -- Symlinking: /home/gustavo/eufs_sim_teste/install/eufs_msgs/include/eufs_msgs/msg/detail/car_state__builder.hpp
[4.860s] -- Symlinking: /home/gustavo/eufs_sim_teste/install/eufs_msgs/include/eufs_msgs/msg/detail/car_state__struct.hpp
[4.867s] -- Symlinking: /home/gustavo/eufs_sim_teste/install/eufs_msgs/include/eufs_msgs/msg/detail/car_state__traits.hpp
[4.874s] -- Symlinking: /home/gustavo/eufs_sim_teste/install/eufs_msgs/include/eufs_msgs/msg/detail/chassis_command__builder.hpp
[4.881s] -- Symlinking: /home/gustavo/eufs_sim_teste/install/eufs_msgs/include/eufs_msgs/msg/detail/chassis_command__struct.hpp
[4.888s] -- Symlinking: /home/gustavo/eufs_sim_teste/install/eufs_msgs/include/eufs_msgs/msg/detail/chassis_command__traits.hpp
[4.896s] -- Symlinking: /home/gustavo/eufs_sim_teste/install/eufs_msgs/include/eufs_msgs/msg/detail/chassis_state__builder.hpp
[4.904s] -- Symlinking: /home/gustavo/eufs_sim_teste/install/eufs_msgs/include/eufs_msgs/msg/detail/chassis_state__struct.hpp
[4.911s] -- Symlinking: /home/gustavo/eufs_sim_teste/install/eufs_msgs/include/eufs_msgs/msg/detail/chassis_state__traits.hpp
[4.918s] -- Symlinking: /home/gustavo/eufs_sim_teste/install/eufs_msgs/include/eufs_msgs/msg/detail/cone_array__builder.hpp
[4.925s] -- Symlinking: /home/gustavo/eufs_sim_teste/install/eufs_msgs/include/eufs_msgs/msg/detail/cone_array__struct.hpp
[4.932s] -- Symlinking: /home/gustavo/eufs_sim_teste/install/eufs_msgs/include/eufs_msgs/msg/detail/cone_array__traits.hpp
[4.938s] -- Symlinking: /home/gustavo/eufs_sim_teste/install/eufs_msgs/include/eufs_msgs/msg/detail/cone_array_with_covariance__builder.hpp
[4.945s] -- Symlinking: /home/gustavo/eufs_sim_teste/install/eufs_msgs/include/eufs_msgs/msg/detail/cone_array_with_covariance__struct.hpp
[4.952s] -- Symlinking: /home/gustavo/eufs_sim_teste/install/eufs_msgs/include/eufs_msgs/msg/detail/cone_array_with_covariance__traits.hpp
[4.958s] -- Symlinking: /home/gustavo/eufs_sim_teste/install/eufs_msgs/include/eufs_msgs/msg/detail/cone_with_covariance__builder.hpp
[4.965s] -- Symlinking: /home/gustavo/eufs_sim_teste/install/eufs_msgs/include/eufs_msgs/msg/detail/cone_with_covariance__struct.hpp
[4.972s] -- Symlinking: /home/gustavo/eufs_sim_teste/install/eufs_msgs/include/eufs_msgs/msg/detail/cone_with_covariance__traits.hpp
[4.979s] -- Symlinking: /home/gustavo/eufs_sim_teste/install/eufs_msgs/include/eufs_msgs/msg/detail/costmap__builder.hpp
[4.986s] -- Symlinking: /home/gustavo/eufs_sim_teste/install/eufs_msgs/include/eufs_msgs/msg/detail/costmap__struct.hpp
[4.993s] -- Symlinking: /home/gustavo/eufs_sim_teste/install/eufs_msgs/include/eufs_msgs/msg/detail/costmap__traits.hpp
[5.000s] -- Symlinking: /home/gustavo/eufs_sim_teste/install/eufs_msgs/include/eufs_msgs/msg/detail/ekf_err__builder.hpp
[5.007s] -- Symlinking: /home/gustavo/eufs_sim_teste/install/eufs_msgs/include/eufs_msgs/msg/detail/ekf_err__struct.hpp
[5.013s] -- Symlinking: /home/gustavo/eufs_sim_teste/install/eufs_msgs/include/eufs_msgs/msg/detail/ekf_err__traits.hpp
[5.020s] -- Symlinking: /home/gustavo/eufs_sim_teste/install/eufs_msgs/include/eufs_msgs/msg/detail/ekf_state__builder.hpp
[5.028s] -- Symlinking: /home/gustavo/eufs_sim_teste/install/eufs_msgs/include/eufs_msgs/msg/detail/ekf_state__struct.hpp
[5.035s] -- Symlinking: /home/gustavo/eufs_sim_teste/install/eufs_msgs/include/eufs_msgs/msg/detail/ekf_state__traits.hpp
[5.041s] -- Symlinking: /home/gustavo/eufs_sim_teste/install/eufs_msgs/include/eufs_msgs/msg/detail/full_state__builder.hpp
[5.049s] -- Symlinking: /home/gustavo/eufs_sim_teste/install/eufs_msgs/include/eufs_msgs/msg/detail/full_state__struct.hpp
[5.055s] -- Symlinking: /home/gustavo/eufs_sim_teste/install/eufs_msgs/include/eufs_msgs/msg/detail/full_state__traits.hpp
[5.062s] -- Symlinking: /home/gustavo/eufs_sim_teste/install/eufs_msgs/include/eufs_msgs/msg/detail/heartbeat__builder.hpp
[5.069s] -- Symlinking: /home/gustavo/eufs_sim_teste/install/eufs_msgs/include/eufs_msgs/msg/detail/heartbeat__struct.hpp
[5.076s] -- Symlinking: /home/gustavo/eufs_sim_teste/install/eufs_msgs/include/eufs_msgs/msg/detail/heartbeat__traits.hpp
[5.083s] -- Symlinking: /home/gustavo/eufs_sim_teste/install/eufs_msgs/include/eufs_msgs/msg/detail/integration_err__builder.hpp
[5.090s] -- Symlinking: /home/gustavo/eufs_sim_teste/install/eufs_msgs/include/eufs_msgs/msg/detail/integration_err__struct.hpp
[5.096s] -- Symlinking: /home/gustavo/eufs_sim_teste/install/eufs_msgs/include/eufs_msgs/msg/detail/integration_err__traits.hpp
[5.103s] -- Symlinking: /home/gustavo/eufs_sim_teste/install/eufs_msgs/include/eufs_msgs/msg/detail/lap_stats__builder.hpp
[5.110s] -- Symlinking: /home/gustavo/eufs_sim_teste/install/eufs_msgs/include/eufs_msgs/msg/detail/lap_stats__struct.hpp
[5.118s] -- Symlinking: /home/gustavo/eufs_sim_teste/install/eufs_msgs/include/eufs_msgs/msg/detail/lap_stats__traits.hpp
[5.126s] -- Symlinking: /home/gustavo/eufs_sim_teste/install/eufs_msgs/include/eufs_msgs/msg/detail/node_state__builder.hpp
[5.133s] -- Symlinking: /home/gustavo/eufs_sim_teste/install/eufs_msgs/include/eufs_msgs/msg/detail/node_state__struct.hpp
[5.140s] -- Symlinking: /home/gustavo/eufs_sim_teste/install/eufs_msgs/include/eufs_msgs/msg/detail/node_state__traits.hpp
[5.147s] -- Symlinking: /home/gustavo/eufs_sim_teste/install/eufs_msgs/include/eufs_msgs/msg/detail/node_state_array__builder.hpp
[5.154s] -- Symlinking: /home/gustavo/eufs_sim_teste/install/eufs_msgs/include/eufs_msgs/msg/detail/node_state_array__struct.hpp
[5.160s] -- Symlinking: /home/gustavo/eufs_sim_teste/install/eufs_msgs/include/eufs_msgs/msg/detail/node_state_array__traits.hpp
[5.167s] -- Symlinking: /home/gustavo/eufs_sim_teste/install/eufs_msgs/include/eufs_msgs/msg/detail/path_integral_params__builder.hpp
[5.174s] -- Symlinking: /home/gustavo/eufs_sim_teste/install/eufs_msgs/include/eufs_msgs/msg/detail/path_integral_params__struct.hpp
[5.180s] -- Symlinking: /home/gustavo/eufs_sim_teste/install/eufs_msgs/include/eufs_msgs/msg/detail/path_integral_params__traits.hpp
[5.187s] -- Symlinking: /home/gustavo/eufs_sim_teste/install/eufs_msgs/include/eufs_msgs/msg/detail/path_integral_stats__builder.hpp
[5.194s] -- Symlinking: /home/gustavo/eufs_sim_teste/install/eufs_msgs/include/eufs_msgs/msg/detail/path_integral_stats__struct.hpp
[5.201s] -- Symlinking: /home/gustavo/eufs_sim_teste/install/eufs_msgs/include/eufs_msgs/msg/detail/path_integral_stats__traits.hpp
[5.208s] -- Symlinking: /home/gustavo/eufs_sim_teste/install/eufs_msgs/include/eufs_msgs/msg/detail/path_integral_status__builder.hpp
[5.215s] -- Symlinking: /home/gustavo/eufs_sim_teste/install/eufs_msgs/include/eufs_msgs/msg/detail/path_integral_status__struct.hpp
[5.222s] -- Symlinking: /home/gustavo/eufs_sim_teste/install/eufs_msgs/include/eufs_msgs/msg/detail/path_integral_status__traits.hpp
[5.229s] -- Symlinking: /home/gustavo/eufs_sim_teste/install/eufs_msgs/include/eufs_msgs/msg/detail/path_integral_timing__builder.hpp
[5.237s] -- Symlinking: /home/gustavo/eufs_sim_teste/install/eufs_msgs/include/eufs_msgs/msg/detail/path_integral_timing__struct.hpp
[5.243s] -- Symlinking: /home/gustavo/eufs_sim_teste/install/eufs_msgs/include/eufs_msgs/msg/detail/path_integral_timing__traits.hpp
[5.251s] -- Symlinking: /home/gustavo/eufs_sim_teste/install/eufs_msgs/include/eufs_msgs/msg/detail/point_array__builder.hpp
[5.257s] -- Symlinking: /home/gustavo/eufs_sim_teste/install/eufs_msgs/include/eufs_msgs/msg/detail/point_array__struct.hpp
[5.263s] -- Symlinking: /home/gustavo/eufs_sim_teste/install/eufs_msgs/include/eufs_msgs/msg/detail/point_array__traits.hpp
[5.271s] -- Symlinking: /home/gustavo/eufs_sim_teste/install/eufs_msgs/include/eufs_msgs/msg/detail/point_array_stamped__builder.hpp
[5.277s] -- Symlinking: /home/gustavo/eufs_sim_teste/install/eufs_msgs/include/eufs_msgs/msg/detail/point_array_stamped__struct.hpp
[5.284s] -- Symlinking: /home/gustavo/eufs_sim_teste/install/eufs_msgs/include/eufs_msgs/msg/detail/point_array_stamped__traits.hpp
[5.291s] -- Symlinking: /home/gustavo/eufs_sim_teste/install/eufs_msgs/include/eufs_msgs/msg/detail/runstop__builder.hpp
[5.298s] -- Symlinking: /home/gustavo/eufs_sim_teste/install/eufs_msgs/include/eufs_msgs/msg/detail/runstop__struct.hpp
[5.304s] -- Symlinking: /home/gustavo/eufs_sim_teste/install/eufs_msgs/include/eufs_msgs/msg/detail/runstop__traits.hpp
[5.311s] -- Symlinking: /home/gustavo/eufs_sim_teste/install/eufs_msgs/include/eufs_msgs/msg/detail/slam_err__builder.hpp
[5.318s] -- Symlinking: /home/gustavo/eufs_sim_teste/install/eufs_msgs/include/eufs_msgs/msg/detail/slam_err__struct.hpp
[5.325s] -- Symlinking: /home/gustavo/eufs_sim_teste/install/eufs_msgs/include/eufs_msgs/msg/detail/slam_err__traits.hpp
[5.331s] -- Symlinking: /home/gustavo/eufs_sim_teste/install/eufs_msgs/include/eufs_msgs/msg/detail/slam_state__builder.hpp
[5.338s] -- Symlinking: /home/gustavo/eufs_sim_teste/install/eufs_msgs/include/eufs_msgs/msg/detail/slam_state__struct.hpp
[5.345s] -- Symlinking: /home/gustavo/eufs_sim_teste/install/eufs_msgs/include/eufs_msgs/msg/detail/slam_state__traits.hpp
[5.352s] -- Symlinking: /home/gustavo/eufs_sim_teste/install/eufs_msgs/include/eufs_msgs/msg/detail/state_machine_state__builder.hpp
[5.358s] -- Symlinking: /home/gustavo/eufs_sim_teste/install/eufs_msgs/include/eufs_msgs/msg/detail/state_machine_state__struct.hpp
[5.365s] -- Symlinking: /home/gustavo/eufs_sim_teste/install/eufs_msgs/include/eufs_msgs/msg/detail/state_machine_state__traits.hpp
[5.372s] -- Symlinking: /home/gustavo/eufs_sim_teste/install/eufs_msgs/include/eufs_msgs/msg/detail/system_status__builder.hpp
[5.379s] -- Symlinking: /home/gustavo/eufs_sim_teste/install/eufs_msgs/include/eufs_msgs/msg/detail/system_status__struct.hpp
[5.385s] -- Symlinking: /home/gustavo/eufs_sim_teste/install/eufs_msgs/include/eufs_msgs/msg/detail/system_status__traits.hpp
[5.392s] -- Symlinking: /home/gustavo/eufs_sim_teste/install/eufs_msgs/include/eufs_msgs/msg/detail/topic_status__builder.hpp
[5.399s] -- Symlinking: /home/gustavo/eufs_sim_teste/install/eufs_msgs/include/eufs_msgs/msg/detail/topic_status__struct.hpp
[5.406s] -- Symlinking: /home/gustavo/eufs_sim_teste/install/eufs_msgs/include/eufs_msgs/msg/detail/topic_status__traits.hpp
[5.412s] -- Symlinking: /home/gustavo/eufs_sim_teste/install/eufs_msgs/include/eufs_msgs/msg/detail/vehicle_commands__builder.hpp
[5.420s] -- Symlinking: /home/gustavo/eufs_sim_teste/install/eufs_msgs/include/eufs_msgs/msg/detail/vehicle_commands__struct.hpp
[5.427s] -- Symlinking: /home/gustavo/eufs_sim_teste/install/eufs_msgs/include/eufs_msgs/msg/detail/vehicle_commands__traits.hpp
[5.434s] -- Symlinking: /home/gustavo/eufs_sim_teste/install/eufs_msgs/include/eufs_msgs/msg/detail/vehicle_commands_stamped__builder.hpp
[5.440s] -- Symlinking: /home/gustavo/eufs_sim_teste/install/eufs_msgs/include/eufs_msgs/msg/detail/vehicle_commands_stamped__struct.hpp
[5.447s] -- Symlinking: /home/gustavo/eufs_sim_teste/install/eufs_msgs/include/eufs_msgs/msg/detail/vehicle_commands_stamped__traits.hpp
[5.454s] -- Symlinking: /home/gustavo/eufs_sim_teste/install/eufs_msgs/include/eufs_msgs/msg/detail/waypoint__builder.hpp
[5.460s] -- Symlinking: /home/gustavo/eufs_sim_teste/install/eufs_msgs/include/eufs_msgs/msg/detail/waypoint__struct.hpp
[5.467s] -- Symlinking: /home/gustavo/eufs_sim_teste/install/eufs_msgs/include/eufs_msgs/msg/detail/waypoint__traits.hpp
[5.474s] -- Symlinking: /home/gustavo/eufs_sim_teste/install/eufs_msgs/include/eufs_msgs/msg/detail/waypoint_array_stamped__builder.hpp
[5.481s] -- Symlinking: /home/gustavo/eufs_sim_teste/install/eufs_msgs/include/eufs_msgs/msg/detail/waypoint_array_stamped__struct.hpp
[5.488s] -- Symlinking: /home/gustavo/eufs_sim_teste/install/eufs_msgs/include/eufs_msgs/msg/detail/waypoint_array_stamped__traits.hpp
[5.494s] -- Symlinking: /home/gustavo/eufs_sim_teste/install/eufs_msgs/include/eufs_msgs/msg/detail/wheel_odometry_err__builder.hpp
[5.502s] -- Symlinking: /home/gustavo/eufs_sim_teste/install/eufs_msgs/include/eufs_msgs/msg/detail/wheel_odometry_err__struct.hpp
[5.508s] -- Symlinking: /home/gustavo/eufs_sim_teste/install/eufs_msgs/include/eufs_msgs/msg/detail/wheel_odometry_err__traits.hpp
[5.515s] -- Symlinking: /home/gustavo/eufs_sim_teste/install/eufs_msgs/include/eufs_msgs/msg/detail/wheel_speeds__builder.hpp
[5.522s] -- Symlinking: /home/gustavo/eufs_sim_teste/install/eufs_msgs/include/eufs_msgs/msg/detail/wheel_speeds__struct.hpp
[5.528s] -- Symlinking: /home/gustavo/eufs_sim_teste/install/eufs_msgs/include/eufs_msgs/msg/detail/wheel_speeds__traits.hpp
[5.536s] -- Symlinking: /home/gustavo/eufs_sim_teste/install/eufs_msgs/include/eufs_msgs/msg/detail/wheel_speeds_stamped__builder.hpp
[5.542s] -- Symlinking: /home/gustavo/eufs_sim_teste/install/eufs_msgs/include/eufs_msgs/msg/detail/wheel_speeds_stamped__struct.hpp
[5.549s] -- Symlinking: /home/gustavo/eufs_sim_teste/install/eufs_msgs/include/eufs_msgs/msg/detail/wheel_speeds_stamped__traits.hpp
[5.556s] -- Symlinking: /home/gustavo/eufs_sim_teste/install/eufs_msgs/include/eufs_msgs/msg/ekf_err.hpp
[5.563s] -- Symlinking: /home/gustavo/eufs_sim_teste/install/eufs_msgs/include/eufs_msgs/msg/ekf_state.hpp
[5.570s] -- Symlinking: /home/gustavo/eufs_sim_teste/install/eufs_msgs/include/eufs_msgs/msg/full_state.hpp
[5.577s] -- Symlinking: /home/gustavo/eufs_sim_teste/install/eufs_msgs/include/eufs_msgs/msg/heartbeat.hpp
[5.583s] -- Symlinking: /home/gustavo/eufs_sim_teste/install/eufs_msgs/include/eufs_msgs/msg/integration_err.hpp
[5.590s] -- Symlinking: /home/gustavo/eufs_sim_teste/install/eufs_msgs/include/eufs_msgs/msg/lap_stats.hpp
[5.597s] -- Symlinking: /home/gustavo/eufs_sim_teste/install/eufs_msgs/include/eufs_msgs/msg/node_state.hpp
[5.604s] -- Symlinking: /home/gustavo/eufs_sim_teste/install/eufs_msgs/include/eufs_msgs/msg/node_state_array.hpp
[5.610s] -- Symlinking: /home/gustavo/eufs_sim_teste/install/eufs_msgs/include/eufs_msgs/msg/path_integral_params.hpp
[5.618s] -- Symlinking: /home/gustavo/eufs_sim_teste/install/eufs_msgs/include/eufs_msgs/msg/path_integral_stats.hpp
[5.625s] -- Symlinking: /home/gustavo/eufs_sim_teste/install/eufs_msgs/include/eufs_msgs/msg/path_integral_status.hpp
[5.632s] -- Symlinking: /home/gustavo/eufs_sim_teste/install/eufs_msgs/include/eufs_msgs/msg/path_integral_timing.hpp
[5.639s] -- Symlinking: /home/gustavo/eufs_sim_teste/install/eufs_msgs/include/eufs_msgs/msg/point_array.hpp
[5.645s] -- Symlinking: /home/gustavo/eufs_sim_teste/install/eufs_msgs/include/eufs_msgs/msg/point_array_stamped.hpp
[5.652s] -- Symlinking: /home/gustavo/eufs_sim_teste/install/eufs_msgs/include/eufs_msgs/msg/runstop.hpp
[5.658s] -- Symlinking: /home/gustavo/eufs_sim_teste/install/eufs_msgs/include/eufs_msgs/msg/slam_err.hpp
[5.665s] -- Symlinking: /home/gustavo/eufs_sim_teste/install/eufs_msgs/include/eufs_msgs/msg/slam_state.hpp
[5.672s] -- Symlinking: /home/gustavo/eufs_sim_teste/install/eufs_msgs/include/eufs_msgs/msg/state_machine_state.hpp
[5.678s] -- Symlinking: /home/gustavo/eufs_sim_teste/install/eufs_msgs/include/eufs_msgs/msg/system_status.hpp
[5.685s] -- Symlinking: /home/gustavo/eufs_sim_teste/install/eufs_msgs/include/eufs_msgs/msg/topic_status.hpp
[5.692s] -- Symlinking: /home/gustavo/eufs_sim_teste/install/eufs_msgs/include/eufs_msgs/msg/vehicle_commands.hpp
[5.699s] -- Symlinking: /home/gustavo/eufs_sim_teste/install/eufs_msgs/include/eufs_msgs/msg/vehicle_commands_stamped.hpp
[5.706s] -- Symlinking: /home/gustavo/eufs_sim_teste/install/eufs_msgs/include/eufs_msgs/msg/waypoint.hpp
[5.712s] -- Symlinking: /home/gustavo/eufs_sim_teste/install/eufs_msgs/include/eufs_msgs/msg/waypoint_array_stamped.hpp
[5.719s] -- Symlinking: /home/gustavo/eufs_sim_teste/install/eufs_msgs/include/eufs_msgs/msg/wheel_odometry_err.hpp
[5.726s] -- Symlinking: /home/gustavo/eufs_sim_teste/install/eufs_msgs/include/eufs_msgs/msg/wheel_speeds.hpp
[5.733s] -- Symlinking: /home/gustavo/eufs_sim_teste/install/eufs_msgs/include/eufs_msgs/msg/wheel_speeds_stamped.hpp
[5.739s] -- Symlinking: /home/gustavo/eufs_sim_teste/install/eufs_msgs/include/eufs_msgs/srv/detail/register__builder.hpp
[5.746s] -- Symlinking: /home/gustavo/eufs_sim_teste/install/eufs_msgs/include/eufs_msgs/srv/detail/register__struct.hpp
[5.753s] -- Symlinking: /home/gustavo/eufs_sim_teste/install/eufs_msgs/include/eufs_msgs/srv/detail/register__traits.hpp
[5.759s] -- Symlinking: /home/gustavo/eufs_sim_teste/install/eufs_msgs/include/eufs_msgs/srv/detail/set_can_state__builder.hpp
[5.766s] -- Symlinking: /home/gustavo/eufs_sim_teste/install/eufs_msgs/include/eufs_msgs/srv/detail/set_can_state__struct.hpp
[5.773s] -- Symlinking: /home/gustavo/eufs_sim_teste/install/eufs_msgs/include/eufs_msgs/srv/detail/set_can_state__traits.hpp
[5.779s] -- Symlinking: /home/gustavo/eufs_sim_teste/install/eufs_msgs/include/eufs_msgs/srv/register.hpp
[5.787s] -- Symlinking: /home/gustavo/eufs_sim_teste/install/eufs_msgs/include/eufs_msgs/srv/set_can_state.hpp
[5.794s] -- Symlinking: /home/gustavo/eufs_sim_teste/install/eufs_msgs/include/eufs_msgs/action/detail/check_for_objects__rosidl_typesupport_introspection_cpp.hpp
[5.801s] -- Symlinking: /home/gustavo/eufs_sim_teste/install/eufs_msgs/include/eufs_msgs/msg/detail/bounding_box__rosidl_typesupport_introspection_cpp.hpp
[5.807s] -- Symlinking: /home/gustavo/eufs_sim_teste/install/eufs_msgs/include/eufs_msgs/msg/detail/bounding_boxes__rosidl_typesupport_introspection_cpp.hpp
[5.814s] -- Symlinking: /home/gustavo/eufs_sim_teste/install/eufs_msgs/include/eufs_msgs/msg/detail/can_state__rosidl_typesupport_introspection_cpp.hpp
[5.821s] -- Symlinking: /home/gustavo/eufs_sim_teste/install/eufs_msgs/include/eufs_msgs/msg/detail/car_state__rosidl_typesupport_introspection_cpp.hpp
[5.828s] -- Symlinking: /home/gustavo/eufs_sim_teste/install/eufs_msgs/include/eufs_msgs/msg/detail/chassis_command__rosidl_typesupport_introspection_cpp.hpp
[5.835s] -- Symlinking: /home/gustavo/eufs_sim_teste/install/eufs_msgs/include/eufs_msgs/msg/detail/chassis_state__rosidl_typesupport_introspection_cpp.hpp
[5.842s] -- Symlinking: /home/gustavo/eufs_sim_teste/install/eufs_msgs/include/eufs_msgs/msg/detail/cone_array__rosidl_typesupport_introspection_cpp.hpp
[5.848s] -- Symlinking: /home/gustavo/eufs_sim_teste/install/eufs_msgs/include/eufs_msgs/msg/detail/cone_array_with_covariance__rosidl_typesupport_introspection_cpp.hpp
[5.855s] -- Symlinking: /home/gustavo/eufs_sim_teste/install/eufs_msgs/include/eufs_msgs/msg/detail/cone_with_covariance__rosidl_typesupport_introspection_cpp.hpp
[5.861s] -- Symlinking: /home/gustavo/eufs_sim_teste/install/eufs_msgs/include/eufs_msgs/msg/detail/costmap__rosidl_typesupport_introspection_cpp.hpp
[5.868s] -- Symlinking: /home/gustavo/eufs_sim_teste/install/eufs_msgs/include/eufs_msgs/msg/detail/ekf_err__rosidl_typesupport_introspection_cpp.hpp
[5.874s] -- Symlinking: /home/gustavo/eufs_sim_teste/install/eufs_msgs/include/eufs_msgs/msg/detail/ekf_state__rosidl_typesupport_introspection_cpp.hpp
[5.881s] -- Symlinking: /home/gustavo/eufs_sim_teste/install/eufs_msgs/include/eufs_msgs/msg/detail/full_state__rosidl_typesupport_introspection_cpp.hpp
[5.888s] -- Symlinking: /home/gustavo/eufs_sim_teste/install/eufs_msgs/include/eufs_msgs/msg/detail/heartbeat__rosidl_typesupport_introspection_cpp.hpp
[5.895s] -- Symlinking: /home/gustavo/eufs_sim_teste/install/eufs_msgs/include/eufs_msgs/msg/detail/integration_err__rosidl_typesupport_introspection_cpp.hpp
[5.902s] -- Symlinking: /home/gustavo/eufs_sim_teste/install/eufs_msgs/include/eufs_msgs/msg/detail/lap_stats__rosidl_typesupport_introspection_cpp.hpp
[5.908s] -- Symlinking: /home/gustavo/eufs_sim_teste/install/eufs_msgs/include/eufs_msgs/msg/detail/node_state__rosidl_typesupport_introspection_cpp.hpp
[5.915s] -- Symlinking: /home/gustavo/eufs_sim_teste/install/eufs_msgs/include/eufs_msgs/msg/detail/node_state_array__rosidl_typesupport_introspection_cpp.hpp
[5.922s] -- Symlinking: /home/gustavo/eufs_sim_teste/install/eufs_msgs/include/eufs_msgs/msg/detail/path_integral_params__rosidl_typesupport_introspection_cpp.hpp
[5.928s] -- Symlinking: /home/gustavo/eufs_sim_teste/install/eufs_msgs/include/eufs_msgs/msg/detail/path_integral_stats__rosidl_typesupport_introspection_cpp.hpp
[5.935s] -- Symlinking: /home/gustavo/eufs_sim_teste/install/eufs_msgs/include/eufs_msgs/msg/detail/path_integral_status__rosidl_typesupport_introspection_cpp.hpp
[5.942s] -- Symlinking: /home/gustavo/eufs_sim_teste/install/eufs_msgs/include/eufs_msgs/msg/detail/path_integral_timing__rosidl_typesupport_introspection_cpp.hpp
[5.949s] -- Symlinking: /home/gustavo/eufs_sim_teste/install/eufs_msgs/include/eufs_msgs/msg/detail/point_array__rosidl_typesupport_introspection_cpp.hpp
[5.956s] -- Symlinking: /home/gustavo/eufs_sim_teste/install/eufs_msgs/include/eufs_msgs/msg/detail/point_array_stamped__rosidl_typesupport_introspection_cpp.hpp
[5.962s] -- Symlinking: /home/gustavo/eufs_sim_teste/install/eufs_msgs/include/eufs_msgs/msg/detail/runstop__rosidl_typesupport_introspection_cpp.hpp
[5.969s] -- Symlinking: /home/gustavo/eufs_sim_teste/install/eufs_msgs/include/eufs_msgs/msg/detail/slam_err__rosidl_typesupport_introspection_cpp.hpp
[5.976s] -- Symlinking: /home/gustavo/eufs_sim_teste/install/eufs_msgs/include/eufs_msgs/msg/detail/slam_state__rosidl_typesupport_introspection_cpp.hpp
[5.983s] -- Symlinking: /home/gustavo/eufs_sim_teste/install/eufs_msgs/include/eufs_msgs/msg/detail/state_machine_state__rosidl_typesupport_introspection_cpp.hpp
[5.990s] -- Symlinking: /home/gustavo/eufs_sim_teste/install/eufs_msgs/include/eufs_msgs/msg/detail/system_status__rosidl_typesupport_introspection_cpp.hpp
[5.996s] -- Symlinking: /home/gustavo/eufs_sim_teste/install/eufs_msgs/include/eufs_msgs/msg/detail/topic_status__rosidl_typesupport_introspection_cpp.hpp
[6.003s] -- Symlinking: /home/gustavo/eufs_sim_teste/install/eufs_msgs/include/eufs_msgs/msg/detail/vehicle_commands__rosidl_typesupport_introspection_cpp.hpp
[6.010s] -- Symlinking: /home/gustavo/eufs_sim_teste/install/eufs_msgs/include/eufs_msgs/msg/detail/vehicle_commands_stamped__rosidl_typesupport_introspection_cpp.hpp
[6.017s] -- Symlinking: /home/gustavo/eufs_sim_teste/install/eufs_msgs/include/eufs_msgs/msg/detail/waypoint__rosidl_typesupport_introspection_cpp.hpp
[6.024s] -- Symlinking: /home/gustavo/eufs_sim_teste/install/eufs_msgs/include/eufs_msgs/msg/detail/waypoint_array_stamped__rosidl_typesupport_introspection_cpp.hpp
[6.031s] -- Symlinking: /home/gustavo/eufs_sim_teste/install/eufs_msgs/include/eufs_msgs/msg/detail/wheel_odometry_err__rosidl_typesupport_introspection_cpp.hpp
[6.038s] -- Symlinking: /home/gustavo/eufs_sim_teste/install/eufs_msgs/include/eufs_msgs/msg/detail/wheel_speeds__rosidl_typesupport_introspection_cpp.hpp
[6.044s] -- Symlinking: /home/gustavo/eufs_sim_teste/install/eufs_msgs/include/eufs_msgs/msg/detail/wheel_speeds_stamped__rosidl_typesupport_introspection_cpp.hpp
[6.052s] -- Symlinking: /home/gustavo/eufs_sim_teste/install/eufs_msgs/include/eufs_msgs/srv/detail/register__rosidl_typesupport_introspection_cpp.hpp
[6.058s] -- Symlinking: /home/gustavo/eufs_sim_teste/install/eufs_msgs/include/eufs_msgs/srv/detail/set_can_state__rosidl_typesupport_introspection_cpp.hpp
[6.065s] -- Symlinking: /home/gustavo/eufs_sim_teste/install/eufs_msgs/share/eufs_msgs/environment/pythonpath.sh
[6.072s] -- Symlinking: /home/gustavo/eufs_sim_teste/install/eufs_msgs/share/eufs_msgs/environment/pythonpath.dsv
[6.079s] -- Symlinking: /home/gustavo/eufs_sim_teste/install/eufs_msgs/lib/python3.8/site-packages/eufs_msgs/__init__.py
[6.087s] -- Symlinking: /home/gustavo/eufs_sim_teste/install/eufs_msgs/lib/python3.8/site-packages/eufs_msgs/msg/__init__.py
[6.094s] -- Symlinking: /home/gustavo/eufs_sim_teste/install/eufs_msgs/lib/python3.8/site-packages/eufs_msgs/msg/_bounding_box.py
[6.101s] -- Symlinking: /home/gustavo/eufs_sim_teste/install/eufs_msgs/lib/python3.8/site-packages/eufs_msgs/msg/_bounding_boxes.py
[6.108s] -- Symlinking: /home/gustavo/eufs_sim_teste/install/eufs_msgs/lib/python3.8/site-packages/eufs_msgs/msg/_can_state.py
[6.114s] -- Symlinking: /home/gustavo/eufs_sim_teste/install/eufs_msgs/lib/python3.8/site-packages/eufs_msgs/msg/_car_state.py
[6.121s] -- Symlinking: /home/gustavo/eufs_sim_teste/install/eufs_msgs/lib/python3.8/site-packages/eufs_msgs/msg/_chassis_command.py
[6.128s] -- Symlinking: /home/gustavo/eufs_sim_teste/install/eufs_msgs/lib/python3.8/site-packages/eufs_msgs/msg/_chassis_state.py
[6.135s] -- Symlinking: /home/gustavo/eufs_sim_teste/install/eufs_msgs/lib/python3.8/site-packages/eufs_msgs/msg/_cone_array.py
[6.141s] -- Symlinking: /home/gustavo/eufs_sim_teste/install/eufs_msgs/lib/python3.8/site-packages/eufs_msgs/msg/_cone_array_with_covariance.py
[6.149s] -- Symlinking: /home/gustavo/eufs_sim_teste/install/eufs_msgs/lib/python3.8/site-packages/eufs_msgs/msg/_cone_with_covariance.py
[6.155s] -- Symlinking: /home/gustavo/eufs_sim_teste/install/eufs_msgs/lib/python3.8/site-packages/eufs_msgs/msg/_costmap.py
[6.162s] -- Symlinking: /home/gustavo/eufs_sim_teste/install/eufs_msgs/lib/python3.8/site-packages/eufs_msgs/msg/_ekf_err.py
[6.169s] -- Symlinking: /home/gustavo/eufs_sim_teste/install/eufs_msgs/lib/python3.8/site-packages/eufs_msgs/msg/_ekf_state.py
[6.175s] -- Symlinking: /home/gustavo/eufs_sim_teste/install/eufs_msgs/lib/python3.8/site-packages/eufs_msgs/msg/_full_state.py
[6.182s] -- Symlinking: /home/gustavo/eufs_sim_teste/install/eufs_msgs/lib/python3.8/site-packages/eufs_msgs/msg/_heartbeat.py
[6.189s] -- Symlinking: /home/gustavo/eufs_sim_teste/install/eufs_msgs/lib/python3.8/site-packages/eufs_msgs/msg/_integration_err.py
[6.196s] -- Symlinking: /home/gustavo/eufs_sim_teste/install/eufs_msgs/lib/python3.8/site-packages/eufs_msgs/msg/_lap_stats.py
[6.203s] -- Symlinking: /home/gustavo/eufs_sim_teste/install/eufs_msgs/lib/python3.8/site-packages/eufs_msgs/msg/_node_state.py
[6.210s] -- Symlinking: /home/gustavo/eufs_sim_teste/install/eufs_msgs/lib/python3.8/site-packages/eufs_msgs/msg/_node_state_array.py
[6.217s] -- Symlinking: /home/gustavo/eufs_sim_teste/install/eufs_msgs/lib/python3.8/site-packages/eufs_msgs/msg/_path_integral_params.py
[6.224s] -- Symlinking: /home/gustavo/eufs_sim_teste/install/eufs_msgs/lib/python3.8/site-packages/eufs_msgs/msg/_path_integral_stats.py
[6.230s] -- Symlinking: /home/gustavo/eufs_sim_teste/install/eufs_msgs/lib/python3.8/site-packages/eufs_msgs/msg/_path_integral_status.py
[6.237s] -- Symlinking: /home/gustavo/eufs_sim_teste/install/eufs_msgs/lib/python3.8/site-packages/eufs_msgs/msg/_path_integral_timing.py
[6.244s] -- Symlinking: /home/gustavo/eufs_sim_teste/install/eufs_msgs/lib/python3.8/site-packages/eufs_msgs/msg/_point_array.py
[6.251s] -- Symlinking: /home/gustavo/eufs_sim_teste/install/eufs_msgs/lib/python3.8/site-packages/eufs_msgs/msg/_point_array_stamped.py
[6.257s] -- Symlinking: /home/gustavo/eufs_sim_teste/install/eufs_msgs/lib/python3.8/site-packages/eufs_msgs/msg/_runstop.py
[6.264s] -- Symlinking: /home/gustavo/eufs_sim_teste/install/eufs_msgs/lib/python3.8/site-packages/eufs_msgs/msg/_slam_err.py
[6.271s] -- Symlinking: /home/gustavo/eufs_sim_teste/install/eufs_msgs/lib/python3.8/site-packages/eufs_msgs/msg/_slam_state.py
[6.277s] -- Symlinking: /home/gustavo/eufs_sim_teste/install/eufs_msgs/lib/python3.8/site-packages/eufs_msgs/msg/_state_machine_state.py
[6.284s] -- Symlinking: /home/gustavo/eufs_sim_teste/install/eufs_msgs/lib/python3.8/site-packages/eufs_msgs/msg/_system_status.py
[6.291s] -- Symlinking: /home/gustavo/eufs_sim_teste/install/eufs_msgs/lib/python3.8/site-packages/eufs_msgs/msg/_topic_status.py
[6.297s] -- Symlinking: /home/gustavo/eufs_sim_teste/install/eufs_msgs/lib/python3.8/site-packages/eufs_msgs/msg/_vehicle_commands.py
[6.305s] -- Symlinking: /home/gustavo/eufs_sim_teste/install/eufs_msgs/lib/python3.8/site-packages/eufs_msgs/msg/_vehicle_commands_stamped.py
[6.311s] -- Symlinking: /home/gustavo/eufs_sim_teste/install/eufs_msgs/lib/python3.8/site-packages/eufs_msgs/msg/_waypoint.py
[6.318s] -- Symlinking: /home/gustavo/eufs_sim_teste/install/eufs_msgs/lib/python3.8/site-packages/eufs_msgs/msg/_waypoint_array_stamped.py
[6.325s] -- Symlinking: /home/gustavo/eufs_sim_teste/install/eufs_msgs/lib/python3.8/site-packages/eufs_msgs/msg/_wheel_odometry_err.py
[6.332s] -- Symlinking: /home/gustavo/eufs_sim_teste/install/eufs_msgs/lib/python3.8/site-packages/eufs_msgs/msg/_wheel_speeds.py
[6.339s] -- Symlinking: /home/gustavo/eufs_sim_teste/install/eufs_msgs/lib/python3.8/site-packages/eufs_msgs/msg/_wheel_speeds_stamped.py
[6.346s] -- Symlinking: /home/gustavo/eufs_sim_teste/install/eufs_msgs/lib/python3.8/site-packages/eufs_msgs/action/__init__.py
[6.353s] -- Symlinking: /home/gustavo/eufs_sim_teste/install/eufs_msgs/lib/python3.8/site-packages/eufs_msgs/action/_check_for_objects.py
[6.360s] -- Symlinking: /home/gustavo/eufs_sim_teste/install/eufs_msgs/lib/python3.8/site-packages/eufs_msgs/srv/__init__.py
[6.367s] -- Symlinking: /home/gustavo/eufs_sim_teste/install/eufs_msgs/lib/python3.8/site-packages/eufs_msgs/srv/_register.py
[6.374s] -- Symlinking: /home/gustavo/eufs_sim_teste/install/eufs_msgs/lib/python3.8/site-packages/eufs_msgs/srv/_set_can_state.py
[6.381s] -- Symlinking: /home/gustavo/eufs_sim_teste/install/eufs_msgs/lib/python3.8/site-packages/eufs_msgs/eufs_msgs_s__rosidl_typesupport_fastrtps_c.cpython-38-x86_64-linux-gnu.so
[6.388s] -- Symlinking: /home/gustavo/eufs_sim_teste/install/eufs_msgs/lib/python3.8/site-packages/eufs_msgs/eufs_msgs_s__rosidl_typesupport_introspection_c.cpython-38-x86_64-linux-gnu.so
[6.395s] -- Symlinking: /home/gustavo/eufs_sim_teste/install/eufs_msgs/lib/python3.8/site-packages/eufs_msgs/eufs_msgs_s__rosidl_typesupport_c.cpython-38-x86_64-linux-gnu.so
[6.402s] -- Symlinking: /home/gustavo/eufs_sim_teste/install/eufs_msgs/lib/libeufs_msgs__python.so
[6.409s] -- Symlinking: /home/gustavo/eufs_sim_teste/install/eufs_msgs/share/eufs_msgs/msg/BoundingBox.idl
[6.416s] -- Symlinking: /home/gustavo/eufs_sim_teste/install/eufs_msgs/share/eufs_msgs/msg/BoundingBoxes.idl
[6.423s] -- Symlinking: /home/gustavo/eufs_sim_teste/install/eufs_msgs/share/eufs_msgs/msg/CanState.idl
[6.429s] -- Symlinking: /home/gustavo/eufs_sim_teste/install/eufs_msgs/share/eufs_msgs/msg/CarState.idl
[6.437s] -- Symlinking: /home/gustavo/eufs_sim_teste/install/eufs_msgs/share/eufs_msgs/msg/ChassisCommand.idl
[6.443s] -- Symlinking: /home/gustavo/eufs_sim_teste/install/eufs_msgs/share/eufs_msgs/msg/ChassisState.idl
[6.450s] -- Symlinking: /home/gustavo/eufs_sim_teste/install/eufs_msgs/share/eufs_msgs/msg/ConeArray.idl
[6.457s] -- Symlinking: /home/gustavo/eufs_sim_teste/install/eufs_msgs/share/eufs_msgs/msg/ConeArrayWithCovariance.idl
[6.463s] -- Symlinking: /home/gustavo/eufs_sim_teste/install/eufs_msgs/share/eufs_msgs/msg/ConeWithCovariance.idl
[6.470s] -- Symlinking: /home/gustavo/eufs_sim_teste/install/eufs_msgs/share/eufs_msgs/msg/Costmap.idl
[6.477s] -- Symlinking: /home/gustavo/eufs_sim_teste/install/eufs_msgs/share/eufs_msgs/msg/EKFErr.idl
[6.484s] -- Symlinking: /home/gustavo/eufs_sim_teste/install/eufs_msgs/share/eufs_msgs/msg/EKFState.idl
[6.491s] -- Symlinking: /home/gustavo/eufs_sim_teste/install/eufs_msgs/share/eufs_msgs/msg/FullState.idl
[6.499s] -- Symlinking: /home/gustavo/eufs_sim_teste/install/eufs_msgs/share/eufs_msgs/msg/Heartbeat.idl
[6.506s] -- Symlinking: /home/gustavo/eufs_sim_teste/install/eufs_msgs/share/eufs_msgs/msg/IntegrationErr.idl
[6.513s] -- Symlinking: /home/gustavo/eufs_sim_teste/install/eufs_msgs/share/eufs_msgs/msg/LapStats.idl
[6.520s] -- Symlinking: /home/gustavo/eufs_sim_teste/install/eufs_msgs/share/eufs_msgs/msg/NodeState.idl
[6.526s] -- Symlinking: /home/gustavo/eufs_sim_teste/install/eufs_msgs/share/eufs_msgs/msg/NodeStateArray.idl
[6.534s] -- Symlinking: /home/gustavo/eufs_sim_teste/install/eufs_msgs/share/eufs_msgs/msg/PathIntegralParams.idl
[6.542s] -- Symlinking: /home/gustavo/eufs_sim_teste/install/eufs_msgs/share/eufs_msgs/msg/PathIntegralStats.idl
[6.550s] -- Symlinking: /home/gustavo/eufs_sim_teste/install/eufs_msgs/share/eufs_msgs/msg/PathIntegralStatus.idl
[6.557s] -- Symlinking: /home/gustavo/eufs_sim_teste/install/eufs_msgs/share/eufs_msgs/msg/PathIntegralTiming.idl
[6.565s] -- Symlinking: /home/gustavo/eufs_sim_teste/install/eufs_msgs/share/eufs_msgs/msg/PointArray.idl
[6.574s] -- Symlinking: /home/gustavo/eufs_sim_teste/install/eufs_msgs/share/eufs_msgs/msg/PointArrayStamped.idl
[6.581s] -- Symlinking: /home/gustavo/eufs_sim_teste/install/eufs_msgs/share/eufs_msgs/msg/Runstop.idl
[6.588s] -- Symlinking: /home/gustavo/eufs_sim_teste/install/eufs_msgs/share/eufs_msgs/msg/SLAMErr.idl
[6.594s] -- Symlinking: /home/gustavo/eufs_sim_teste/install/eufs_msgs/share/eufs_msgs/msg/SLAMState.idl
[6.601s] -- Symlinking: /home/gustavo/eufs_sim_teste/install/eufs_msgs/share/eufs_msgs/msg/StateMachineState.idl
[6.608s] -- Symlinking: /home/gustavo/eufs_sim_teste/install/eufs_msgs/share/eufs_msgs/msg/SystemStatus.idl
[6.614s] -- Symlinking: /home/gustavo/eufs_sim_teste/install/eufs_msgs/share/eufs_msgs/msg/TopicStatus.idl
[6.622s] -- Symlinking: /home/gustavo/eufs_sim_teste/install/eufs_msgs/share/eufs_msgs/msg/VehicleCommands.idl
[6.628s] -- Symlinking: /home/gustavo/eufs_sim_teste/install/eufs_msgs/share/eufs_msgs/msg/VehicleCommandsStamped.idl
[6.636s] -- Symlinking: /home/gustavo/eufs_sim_teste/install/eufs_msgs/share/eufs_msgs/msg/Waypoint.idl
[6.642s] -- Symlinking: /home/gustavo/eufs_sim_teste/install/eufs_msgs/share/eufs_msgs/msg/WaypointArrayStamped.idl
[6.650s] -- Symlinking: /home/gustavo/eufs_sim_teste/install/eufs_msgs/share/eufs_msgs/msg/WheelOdometryErr.idl
[6.657s] -- Symlinking: /home/gustavo/eufs_sim_teste/install/eufs_msgs/share/eufs_msgs/msg/WheelSpeeds.idl
[6.663s] -- Symlinking: /home/gustavo/eufs_sim_teste/install/eufs_msgs/share/eufs_msgs/msg/WheelSpeedsStamped.idl
[6.670s] -- Symlinking: /home/gustavo/eufs_sim_teste/install/eufs_msgs/share/eufs_msgs/action/CheckForObjects.idl
[6.677s] -- Symlinking: /home/gustavo/eufs_sim_teste/install/eufs_msgs/share/eufs_msgs/srv/Register.idl
[6.684s] -- Symlinking: /home/gustavo/eufs_sim_teste/install/eufs_msgs/share/eufs_msgs/srv/SetCanState.idl
[6.691s] -- Symlinking: /home/gustavo/eufs_sim_teste/install/eufs_msgs/share/eufs_msgs/msg/BoundingBox.msg
[6.697s] -- Symlinking: /home/gustavo/eufs_sim_teste/install/eufs_msgs/share/eufs_msgs/msg/BoundingBoxes.msg
[6.705s] -- Symlinking: /home/gustavo/eufs_sim_teste/install/eufs_msgs/share/eufs_msgs/msg/CanState.msg
[6.711s] -- Symlinking: /home/gustavo/eufs_sim_teste/install/eufs_msgs/share/eufs_msgs/msg/CarState.msg
[6.718s] -- Symlinking: /home/gustavo/eufs_sim_teste/install/eufs_msgs/share/eufs_msgs/msg/ChassisCommand.msg
[6.725s] -- Symlinking: /home/gustavo/eufs_sim_teste/install/eufs_msgs/share/eufs_msgs/msg/ChassisState.msg
[6.733s] -- Symlinking: /home/gustavo/eufs_sim_teste/install/eufs_msgs/share/eufs_msgs/msg/ConeArray.msg
[6.739s] -- Symlinking: /home/gustavo/eufs_sim_teste/install/eufs_msgs/share/eufs_msgs/msg/ConeArrayWithCovariance.msg
[6.746s] -- Symlinking: /home/gustavo/eufs_sim_teste/install/eufs_msgs/share/eufs_msgs/msg/ConeWithCovariance.msg
[6.753s] -- Symlinking: /home/gustavo/eufs_sim_teste/install/eufs_msgs/share/eufs_msgs/msg/Costmap.msg
[6.760s] -- Symlinking: /home/gustavo/eufs_sim_teste/install/eufs_msgs/share/eufs_msgs/msg/EKFErr.msg
[6.767s] -- Symlinking: /home/gustavo/eufs_sim_teste/install/eufs_msgs/share/eufs_msgs/msg/EKFState.msg
[6.773s] -- Symlinking: /home/gustavo/eufs_sim_teste/install/eufs_msgs/share/eufs_msgs/msg/FullState.msg
[6.780s] -- Symlinking: /home/gustavo/eufs_sim_teste/install/eufs_msgs/share/eufs_msgs/msg/Heartbeat.msg
[6.787s] -- Symlinking: /home/gustavo/eufs_sim_teste/install/eufs_msgs/share/eufs_msgs/msg/IntegrationErr.msg
[6.793s] -- Symlinking: /home/gustavo/eufs_sim_teste/install/eufs_msgs/share/eufs_msgs/msg/LapStats.msg
[6.801s] -- Symlinking: /home/gustavo/eufs_sim_teste/install/eufs_msgs/share/eufs_msgs/msg/NodeState.msg
[6.807s] -- Symlinking: /home/gustavo/eufs_sim_teste/install/eufs_msgs/share/eufs_msgs/msg/NodeStateArray.msg
[6.814s] -- Symlinking: /home/gustavo/eufs_sim_teste/install/eufs_msgs/share/eufs_msgs/msg/PathIntegralParams.msg
[6.822s] -- Symlinking: /home/gustavo/eufs_sim_teste/install/eufs_msgs/share/eufs_msgs/msg/PathIntegralStats.msg
[6.829s] -- Symlinking: /home/gustavo/eufs_sim_teste/install/eufs_msgs/share/eufs_msgs/msg/PathIntegralStatus.msg
[6.839s] -- Symlinking: /home/gustavo/eufs_sim_teste/install/eufs_msgs/share/eufs_msgs/msg/PathIntegralTiming.msg
[6.845s] -- Symlinking: /home/gustavo/eufs_sim_teste/install/eufs_msgs/share/eufs_msgs/msg/PointArray.msg
[6.853s] -- Symlinking: /home/gustavo/eufs_sim_teste/install/eufs_msgs/share/eufs_msgs/msg/PointArrayStamped.msg
[6.859s] -- Symlinking: /home/gustavo/eufs_sim_teste/install/eufs_msgs/share/eufs_msgs/msg/Runstop.msg
[6.866s] -- Symlinking: /home/gustavo/eufs_sim_teste/install/eufs_msgs/share/eufs_msgs/msg/SLAMErr.msg
[6.873s] -- Symlinking: /home/gustavo/eufs_sim_teste/install/eufs_msgs/share/eufs_msgs/msg/SLAMState.msg
[6.880s] -- Symlinking: /home/gustavo/eufs_sim_teste/install/eufs_msgs/share/eufs_msgs/msg/StateMachineState.msg
[6.887s] -- Symlinking: /home/gustavo/eufs_sim_teste/install/eufs_msgs/share/eufs_msgs/msg/SystemStatus.msg
[6.894s] -- Symlinking: /home/gustavo/eufs_sim_teste/install/eufs_msgs/share/eufs_msgs/msg/TopicStatus.msg
[6.901s] -- Symlinking: /home/gustavo/eufs_sim_teste/install/eufs_msgs/share/eufs_msgs/msg/VehicleCommands.msg
[6.908s] -- Symlinking: /home/gustavo/eufs_sim_teste/install/eufs_msgs/share/eufs_msgs/msg/VehicleCommandsStamped.msg
[6.914s] -- Symlinking: /home/gustavo/eufs_sim_teste/install/eufs_msgs/share/eufs_msgs/msg/Waypoint.msg
[6.921s] -- Symlinking: /home/gustavo/eufs_sim_teste/install/eufs_msgs/share/eufs_msgs/msg/WaypointArrayStamped.msg
[6.928s] -- Symlinking: /home/gustavo/eufs_sim_teste/install/eufs_msgs/share/eufs_msgs/msg/WheelOdometryErr.msg
[6.935s] -- Symlinking: /home/gustavo/eufs_sim_teste/install/eufs_msgs/share/eufs_msgs/msg/WheelSpeeds.msg
[6.942s] -- Symlinking: /home/gustavo/eufs_sim_teste/install/eufs_msgs/share/eufs_msgs/msg/WheelSpeedsStamped.msg
[6.949s] -- Symlinking: /home/gustavo/eufs_sim_teste/install/eufs_msgs/share/eufs_msgs/action/CheckForObjects.action
[6.956s] -- Symlinking: /home/gustavo/eufs_sim_teste/install/eufs_msgs/share/eufs_msgs/srv/Register.srv
[6.962s] -- Symlinking: /home/gustavo/eufs_sim_teste/install/eufs_msgs/share/eufs_msgs/srv/Register_Request.msg
[6.970s] -- Symlinking: /home/gustavo/eufs_sim_teste/install/eufs_msgs/share/eufs_msgs/srv/Register_Response.msg
[6.976s] -- Symlinking: /home/gustavo/eufs_sim_teste/install/eufs_msgs/share/eufs_msgs/srv/SetCanState.srv
[6.984s] -- Symlinking: /home/gustavo/eufs_sim_teste/install/eufs_msgs/share/eufs_msgs/srv/SetCanState_Request.msg
[6.990s] -- Symlinking: /home/gustavo/eufs_sim_teste/install/eufs_msgs/share/eufs_msgs/srv/SetCanState_Response.msg
[6.997s] -- Symlinking: /home/gustavo/eufs_sim_teste/install/eufs_msgs/share/ament_index/resource_index/package_run_dependencies/eufs_msgs
[7.004s] -- Symlinking: /home/gustavo/eufs_sim_teste/install/eufs_msgs/share/ament_index/resource_index/parent_prefix_path/eufs_msgs
[7.011s] -- Symlinking: /home/gustavo/eufs_sim_teste/install/eufs_msgs/share/eufs_msgs/environment/ament_prefix_path.sh
[7.018s] -- Symlinking: /home/gustavo/eufs_sim_teste/install/eufs_msgs/share/eufs_msgs/environment/ament_prefix_path.dsv
[7.025s] -- Symlinking: /home/gustavo/eufs_sim_teste/install/eufs_msgs/share/eufs_msgs/environment/path.sh
[7.032s] -- Symlinking: /home/gustavo/eufs_sim_teste/install/eufs_msgs/share/eufs_msgs/environment/path.dsv
[7.039s] -- Symlinking: /home/gustavo/eufs_sim_teste/install/eufs_msgs/share/eufs_msgs/local_setup.bash
[7.045s] -- Symlinking: /home/gustavo/eufs_sim_teste/install/eufs_msgs/share/eufs_msgs/local_setup.sh
[7.053s] -- Symlinking: /home/gustavo/eufs_sim_teste/install/eufs_msgs/share/eufs_msgs/local_setup.zsh
[7.060s] -- Symlinking: /home/gustavo/eufs_sim_teste/install/eufs_msgs/share/eufs_msgs/local_setup.dsv
[7.066s] -- Symlinking: /home/gustavo/eufs_sim_teste/install/eufs_msgs/share/eufs_msgs/package.dsv
[7.075s] -- Symlinking: /home/gustavo/eufs_sim_teste/install/eufs_msgs/share/ament_index/resource_index/packages/eufs_msgs
[7.081s] -- Symlinking: /home/gustavo/eufs_sim_teste/install/eufs_msgs/share/eufs_msgs/cmake/rosidl_cmake-extras.cmake
[7.089s] -- Symlinking: /home/gustavo/eufs_sim_teste/install/eufs_msgs/share/eufs_msgs/cmake/ament_cmake_export_dependencies-extras.cmake
[7.095s] -- Symlinking: /home/gustavo/eufs_sim_teste/install/eufs_msgs/share/eufs_msgs/cmake/ament_cmake_export_libraries-extras.cmake
[7.102s] -- Symlinking: /home/gustavo/eufs_sim_teste/install/eufs_msgs/share/eufs_msgs/cmake/ament_cmake_export_targets-extras.cmake
[7.109s] -- Symlinking: /home/gustavo/eufs_sim_teste/install/eufs_msgs/share/eufs_msgs/cmake/ament_cmake_export_include_directories-extras.cmake
[7.116s] -- Symlinking: /home/gustavo/eufs_sim_teste/install/eufs_msgs/share/eufs_msgs/cmake/rosidl_cmake_export_typesupport_libraries-extras.cmake
[7.123s] -- Symlinking: /home/gustavo/eufs_sim_teste/install/eufs_msgs/share/eufs_msgs/cmake/rosidl_cmake_export_typesupport_targets-extras.cmake
[7.130s] -- Symlinking: /home/gustavo/eufs_sim_teste/install/eufs_msgs/share/eufs_msgs/cmake/eufs_msgsConfig.cmake
[7.137s] -- Symlinking: /home/gustavo/eufs_sim_teste/install/eufs_msgs/share/eufs_msgs/cmake/eufs_msgsConfig-version.cmake
[7.144s] -- Symlinking: /home/gustavo/eufs_sim_teste/install/eufs_msgs/share/eufs_msgs/package.xml
[7.151s] -- Up-to-date: /home/gustavo/eufs_sim_teste/install/eufs_msgs/lib/libeufs_msgs__rosidl_generator_c.so
[7.152s] -- Up-to-date: /home/gustavo/eufs_sim_teste/install/eufs_msgs/lib/libeufs_msgs__rosidl_typesupport_introspection_c.so
[7.152s] -- Up-to-date: /home/gustavo/eufs_sim_teste/install/eufs_msgs/lib/libeufs_msgs__rosidl_typesupport_c.so
[7.152s] -- Up-to-date: /home/gustavo/eufs_sim_teste/install/eufs_msgs/lib/libeufs_msgs__rosidl_typesupport_introspection_cpp.so
[7.152s] -- Up-to-date: /home/gustavo/eufs_sim_teste/install/eufs_msgs/lib/libeufs_msgs__rosidl_typesupport_cpp.so
[7.176s] Compiling '/home/gustavo/eufs_sim_teste/install/eufs_msgs/lib/python3.8/site-packages/eufs_msgs/__init__.py'...
[7.178s] -- Up-to-date: /home/gustavo/eufs_sim_teste/install/eufs_msgs/share/eufs_msgs/cmake/eufs_msgs__rosidl_generator_cExport.cmake
[7.178s] -- Installing: /home/gustavo/eufs_sim_teste/install/eufs_msgs/share/eufs_msgs/cmake/eufs_msgs__rosidl_generator_cExport-noconfig.cmake
[7.178s] -- Up-to-date: /home/gustavo/eufs_sim_teste/install/eufs_msgs/share/eufs_msgs/cmake/eufs_msgs__rosidl_typesupport_introspection_cExport.cmake
[7.179s] -- Installing: /home/gustavo/eufs_sim_teste/install/eufs_msgs/share/eufs_msgs/cmake/eufs_msgs__rosidl_typesupport_introspection_cExport-noconfig.cmake
[7.179s] -- Up-to-date: /home/gustavo/eufs_sim_teste/install/eufs_msgs/share/eufs_msgs/cmake/eufs_msgs__rosidl_typesupport_cExport.cmake
[7.179s] -- Installing: /home/gustavo/eufs_sim_teste/install/eufs_msgs/share/eufs_msgs/cmake/eufs_msgs__rosidl_typesupport_cExport-noconfig.cmake
[7.179s] -- Up-to-date: /home/gustavo/eufs_sim_teste/install/eufs_msgs/share/eufs_msgs/cmake/eufs_msgs__rosidl_generator_cppExport.cmake
[7.179s] -- Up-to-date: /home/gustavo/eufs_sim_teste/install/eufs_msgs/share/eufs_msgs/cmake/eufs_msgs__rosidl_typesupport_introspection_cppExport.cmake
[7.179s] -- Installing: /home/gustavo/eufs_sim_teste/install/eufs_msgs/share/eufs_msgs/cmake/eufs_msgs__rosidl_typesupport_introspection_cppExport-noconfig.cmake
[7.179s] -- Up-to-date: /home/gustavo/eufs_sim_teste/install/eufs_msgs/share/eufs_msgs/cmake/eufs_msgs__rosidl_typesupport_cppExport.cmake
[7.179s] -- Installing: /home/gustavo/eufs_sim_teste/install/eufs_msgs/share/eufs_msgs/cmake/eufs_msgs__rosidl_typesupport_cppExport-noconfig.cmake
[7.185s] Invoked command in '/home/gustavo/eufs_sim_teste/build/eufs_msgs' returned '0': CMAKE_PREFIX_PATH=${CMAKE_PREFIX_PATH}:/home/gustavo/eufs_sim_teste/install/eufs_launcher:/home/gustavo/eufs_sim_teste/install/eufs_tracks:/home/gustavo/eufs_sim_teste/install/eufs_rqt:/home/gustavo/eufs_sim_teste/install/eufs_racecar:/opt/ros/galactic /usr/bin/cmake --install /home/gustavo/eufs_sim_teste/build/eufs_msgs
