[ 22%] Built target gazebo_camera_cones
[ 44%] Built target gazebo_ground_truth_cones
[ 66%] Built target gazebo_simulate_bounding_boxes
[100%] Built target gazebo_race_car_model
-- Install configuration: ""
-- Execute custom install script
-- Up-to-date symlink: /home/gustavo/eufs_sim_teste/install/eufs_plugins/share/eufs_plugins/urdf/eufs_plugins.gazebo.xacro
-- Up-to-date symlink: /home/gustavo/eufs_sim_teste/install/eufs_plugins/share/eufs_plugins/environment/library_path.sh
-- Up-to-date symlink: /home/gustavo/eufs_sim_teste/install/eufs_plugins/share/eufs_plugins/environment/library_path.dsv
-- Up-to-date symlink: /home/gustavo/eufs_sim_teste/install/eufs_plugins/lib/libgazebo_ground_truth_cones.so
-- Up-to-date symlink: /home/gustavo/eufs_sim_teste/install/eufs_plugins/lib/libgazebo_camera_cones.so
-- Up-to-date symlink: /home/gustavo/eufs_sim_teste/install/eufs_plugins/share/eufs_plugins/environment/library_path.sh
-- Up-to-date symlink: /home/gustavo/eufs_sim_teste/install/eufs_plugins/share/eufs_plugins/environment/library_path.dsv
-- Up-to-date symlink: /home/gustavo/eufs_sim_teste/install/eufs_plugins/lib/libgazebo_race_car_model.so
-- Up-to-date symlink: /home/gustavo/eufs_sim_teste/install/eufs_plugins/share/eufs_plugins/environment/library_path.sh
-- Up-to-date symlink: /home/gustavo/eufs_sim_teste/install/eufs_plugins/share/eufs_plugins/environment/library_path.dsv
-- Up-to-date symlink: /home/gustavo/eufs_sim_teste/install/eufs_plugins/lib/libgazebo_simulate_bounding_boxes.so
-- Up-to-date symlink: /home/gustavo/eufs_sim_teste/install/eufs_plugins/share/eufs_plugins/environment/library_path.sh
-- Up-to-date symlink: /home/gustavo/eufs_sim_teste/install/eufs_plugins/share/eufs_plugins/environment/library_path.dsv
-- Up-to-date symlink: /home/gustavo/eufs_sim_teste/install/eufs_plugins/share/ament_index/resource_index/package_run_dependencies/eufs_plugins
-- Up-to-date symlink: /home/gustavo/eufs_sim_teste/install/eufs_plugins/share/ament_index/resource_index/parent_prefix_path/eufs_plugins
-- Up-to-date symlink: /home/gustavo/eufs_sim_teste/install/eufs_plugins/share/eufs_plugins/environment/ament_prefix_path.sh
-- Up-to-date symlink: /home/gustavo/eufs_sim_teste/install/eufs_plugins/share/eufs_plugins/environment/ament_prefix_path.dsv
-- Up-to-date symlink: /home/gustavo/eufs_sim_teste/install/eufs_plugins/share/eufs_plugins/environment/path.sh
-- Up-to-date symlink: /home/gustavo/eufs_sim_teste/install/eufs_plugins/share/eufs_plugins/environment/path.dsv
-- Up-to-date symlink: /home/gustavo/eufs_sim_teste/install/eufs_plugins/share/eufs_plugins/local_setup.bash
-- Up-to-date symlink: /home/gustavo/eufs_sim_teste/install/eufs_plugins/share/eufs_plugins/local_setup.sh
-- Up-to-date symlink: /home/gustavo/eufs_sim_teste/install/eufs_plugins/share/eufs_plugins/local_setup.zsh
-- Up-to-date symlink: /home/gustavo/eufs_sim_teste/install/eufs_plugins/share/eufs_plugins/local_setup.dsv
-- Symlinking: /home/gustavo/eufs_sim_teste/install/eufs_plugins/share/eufs_plugins/package.dsv
-- Up-to-date symlink: /home/gustavo/eufs_sim_teste/install/eufs_plugins/share/ament_index/resource_index/packages/eufs_plugins
-- Up-to-date symlink: /home/gustavo/eufs_sim_teste/install/eufs_plugins/share/eufs_plugins/cmake/ament_cmake_export_libraries-extras.cmake
-- Up-to-date symlink: /home/gustavo/eufs_sim_teste/install/eufs_plugins/share/eufs_plugins/cmake/ament_cmake_export_include_directories-extras.cmake
-- Up-to-date symlink: /home/gustavo/eufs_sim_teste/install/eufs_plugins/share/eufs_plugins/cmake/ament_cmake_export_dependencies-extras.cmake
-- Up-to-date symlink: /home/gustavo/eufs_sim_teste/install/eufs_plugins/share/eufs_plugins/cmake/eufs_pluginsConfig.cmake
-- Up-to-date symlink: /home/gustavo/eufs_sim_teste/install/eufs_plugins/share/eufs_plugins/cmake/eufs_pluginsConfig-version.cmake
-- Up-to-date symlink: /home/gustavo/eufs_sim_teste/install/eufs_plugins/share/eufs_plugins/package.xml
-- Up-to-date: /home/gustavo/eufs_sim_teste/install/eufs_plugins/share/eufs_plugins/config
-- Up-to-date: /home/gustavo/eufs_sim_teste/install/eufs_plugins/share/eufs_plugins/config/cone_recolor.yaml
-- Up-to-date: /home/gustavo/eufs_sim_teste/install/eufs_plugins/share/eufs_plugins/config
-- Up-to-date: /home/gustavo/eufs_sim_teste/install/eufs_plugins/share/eufs_plugins/config/boundingBoxes.yaml
