[0.436s] Invoking command in '/home/gustavo/eufs_sim_teste/build/eufs_sensors': CMAKE_PREFIX_PATH=/opt/ros/galactic /usr/bin/cmake /home/gustavo/eufs_sim_teste/eufs_sim/eufs_sensors -DAMENT_CMAKE_SYMLINK_INSTALL=1 -DCMAKE_INSTALL_PREFIX=/home/gustavo/eufs_sim_teste/install/eufs_sensors
[0.447s] -- Found ament_cmake: 1.1.6 (/opt/ros/galactic/share/ament_cmake/cmake)
[0.466s] -- Using PYTHON_EXECUTABLE: /usr/bin/python3
[0.528s] -- Override CMake install command with custom implementation using symlinks instead of copying resources
[0.537s] -- Found ament_lint_auto: 0.10.7 (/opt/ros/galactic/share/ament_lint_auto/cmake)
[0.587s] -- Added test 'copyright' to check source files copyright and LICENSE
[0.589s] -- Added test 'lint_cmake' to check CMake code style
[0.589s] -- Added test 'xmllint' to check XML markup files
[0.591s] -- Configuring done
[0.592s] -- Generating done
[0.593s] -- Build files have been written to: /home/gustavo/eufs_sim_teste/build/eufs_sensors
[0.595s] Invoked command in '/home/gustavo/eufs_sim_teste/build/eufs_sensors' returned '0': CMAKE_PREFIX_PATH=/opt/ros/galactic /usr/bin/cmake /home/gustavo/eufs_sim_teste/eufs_sim/eufs_sensors -DAMENT_CMAKE_SYMLINK_INSTALL=1 -DCMAKE_INSTALL_PREFIX=/home/gustavo/eufs_sim_teste/install/eufs_sensors
[0.598s] Invoking command in '/home/gustavo/eufs_sim_teste/build/eufs_sensors': CMAKE_PREFIX_PATH=/opt/ros/galactic /usr/bin/cmake --build /home/gustavo/eufs_sim_teste/build/eufs_sensors -- -j8 -l8
[0.632s] Invoked command in '/home/gustavo/eufs_sim_teste/build/eufs_sensors' returned '0': CMAKE_PREFIX_PATH=/opt/ros/galactic /usr/bin/cmake --build /home/gustavo/eufs_sim_teste/build/eufs_sensors -- -j8 -l8
[0.659s] Invoking command in '/home/gustavo/eufs_sim_teste/build/eufs_sensors': CMAKE_PREFIX_PATH=/opt/ros/galactic /usr/bin/cmake --install /home/gustavo/eufs_sim_teste/build/eufs_sensors
[0.666s] -- Install configuration: ""
[0.667s] -- Execute custom install script
[0.668s] -- Up-to-date symlink: /home/gustavo/eufs_sim_teste/install/eufs_sensors/share/eufs_sensors/meshes/VLP16_base_1.dae
[0.668s] -- Up-to-date symlink: /home/gustavo/eufs_sim_teste/install/eufs_sensors/share/eufs_sensors/meshes/VLP16_base_2.dae
[0.668s] -- Up-to-date symlink: /home/gustavo/eufs_sim_teste/install/eufs_sensors/share/eufs_sensors/meshes/VLP16_scan.dae
[0.668s] -- Up-to-date symlink: /home/gustavo/eufs_sim_teste/install/eufs_sensors/share/eufs_sensors/meshes/antenna_3GO16.dae
[0.668s] -- Up-to-date symlink: /home/gustavo/eufs_sim_teste/install/eufs_sensors/share/eufs_sensors/meshes/antenna_3GO16.stl
[0.668s] -- Up-to-date symlink: /home/gustavo/eufs_sim_teste/install/eufs_sensors/share/eufs_sensors/meshes/zed.dae
[0.668s] -- Up-to-date symlink: /home/gustavo/eufs_sim_teste/install/eufs_sensors/share/eufs_sensors/urdf/VLP-16R.urdf.xacro
[0.668s] -- Up-to-date symlink: /home/gustavo/eufs_sim_teste/install/eufs_sensors/share/eufs_sensors/urdf/all_sensors.urdf.xacro
[0.669s] -- Up-to-date symlink: /home/gustavo/eufs_sim_teste/install/eufs_sensors/share/eufs_sensors/urdf/gps.urdf.xacro
[0.669s] -- Up-to-date symlink: /home/gustavo/eufs_sim_teste/install/eufs_sensors/share/eufs_sensors/urdf/imu.urdf.xacro
[0.669s] -- Up-to-date symlink: /home/gustavo/eufs_sim_teste/install/eufs_sensors/share/eufs_sensors/urdf/magnetometer.urdf.xacro
[0.669s] -- Up-to-date symlink: /home/gustavo/eufs_sim_teste/install/eufs_sensors/share/eufs_sensors/urdf/zed.urdf.xacro
[0.669s] -- Up-to-date symlink: /home/gustavo/eufs_sim_teste/install/eufs_sensors/share/ament_index/resource_index/package_run_dependencies/eufs_sensors
[0.669s] -- Up-to-date symlink: /home/gustavo/eufs_sim_teste/install/eufs_sensors/share/ament_index/resource_index/parent_prefix_path/eufs_sensors
[0.670s] -- Up-to-date symlink: /home/gustavo/eufs_sim_teste/install/eufs_sensors/share/eufs_sensors/environment/ament_prefix_path.sh
[0.670s] -- Up-to-date symlink: /home/gustavo/eufs_sim_teste/install/eufs_sensors/share/eufs_sensors/environment/ament_prefix_path.dsv
[0.670s] -- Up-to-date symlink: /home/gustavo/eufs_sim_teste/install/eufs_sensors/share/eufs_sensors/environment/path.sh
[0.670s] -- Up-to-date symlink: /home/gustavo/eufs_sim_teste/install/eufs_sensors/share/eufs_sensors/environment/path.dsv
[0.671s] -- Up-to-date symlink: /home/gustavo/eufs_sim_teste/install/eufs_sensors/share/eufs_sensors/local_setup.bash
[0.671s] -- Up-to-date symlink: /home/gustavo/eufs_sim_teste/install/eufs_sensors/share/eufs_sensors/local_setup.sh
[0.671s] -- Up-to-date symlink: /home/gustavo/eufs_sim_teste/install/eufs_sensors/share/eufs_sensors/local_setup.zsh
[0.671s] -- Up-to-date symlink: /home/gustavo/eufs_sim_teste/install/eufs_sensors/share/eufs_sensors/local_setup.dsv
[0.672s] -- Symlinking: /home/gustavo/eufs_sim_teste/install/eufs_sensors/share/eufs_sensors/package.dsv
[0.682s] -- Up-to-date symlink: /home/gustavo/eufs_sim_teste/install/eufs_sensors/share/ament_index/resource_index/packages/eufs_sensors
[0.682s] -- Up-to-date symlink: /home/gustavo/eufs_sim_teste/install/eufs_sensors/share/eufs_sensors/cmake/ament_cmake_export_dependencies-extras.cmake
[0.682s] -- Up-to-date symlink: /home/gustavo/eufs_sim_teste/install/eufs_sensors/share/eufs_sensors/cmake/eufs_sensorsConfig.cmake
[0.683s] -- Up-to-date symlink: /home/gustavo/eufs_sim_teste/install/eufs_sensors/share/eufs_sensors/cmake/eufs_sensorsConfig-version.cmake
[0.683s] -- Up-to-date symlink: /home/gustavo/eufs_sim_teste/install/eufs_sensors/share/eufs_sensors/package.xml
[0.686s] Invoked command in '/home/gustavo/eufs_sim_teste/build/eufs_sensors' returned '0': CMAKE_PREFIX_PATH=/opt/ros/galactic /usr/bin/cmake --install /home/gustavo/eufs_sim_teste/build/eufs_sensors
