[0.433s] DEBUG:colcon:Command line arguments: ['/usr/bin/colcon', 'build']
[0.433s] DEBUG:colcon:Parsed command line arguments: Namespace(allow_overriding=[], ament_cmake_args=None, base_paths=['.'], build_base='build', catkin_cmake_args=None, catkin_skip_building_tests=False, cmake_args=None, cmake_clean_cache=False, cmake_clean_first=False, cmake_force_configure=False, cmake_target=None, cmake_target_skip_unavailable=False, continue_on_error=False, event_handlers=None, executor='parallel', ignore_user_meta=False, install_base='install', log_base=None, log_level=None, main=<bound method BuildVerb.main of <colcon_core.verb.build.BuildVerb object at 0x7f8651478580>>, merge_install=False, metas=['./colcon.meta'], packages_above=None, packages_above_and_dependencies=None, packages_above_depth=None, packages_end=None, packages_ignore=None, packages_ignore_regex=None, packages_select=None, packages_select_build_failed=False, packages_select_by_dep=None, packages_select_regex=None, packages_select_test_failures=False, packages_skip=None, packages_skip_build_finished=False, packages_skip_by_dep=None, packages_skip_regex=None, packages_skip_test_passed=False, packages_skip_up_to=None, packages_start=None, packages_up_to=None, packages_up_to_regex=None, parallel_workers=8, paths=None, symlink_install=False, test_result_base=None, verb_extension=<colcon_core.verb.build.BuildVerb object at 0x7f8651478580>, verb_name='build', verb_parser=<colcon_defaults.argument_parser.defaults.DefaultArgumentsDecorator object at 0x7f8651478ac0>)
[0.471s] Level 1:colcon.colcon_core.package_discovery:discover_packages(colcon_meta) check parameters
[0.471s] Level 1:colcon.colcon_core.package_discovery:discover_packages(recursive) check parameters
[0.471s] Level 1:colcon.colcon_core.package_discovery:discover_packages(ignore) check parameters
[0.471s] Level 1:colcon.colcon_core.package_discovery:discover_packages(path) check parameters
[0.471s] Level 1:colcon.colcon_core.package_discovery:discover_packages(colcon_meta) discover
[0.471s] Level 1:colcon.colcon_core.package_discovery:discover_packages(recursive) discover
[0.471s] INFO:colcon.colcon_core.package_discovery:Crawling recursively for packages in '/home/gustavo/eufs_sim_teste'
[0.471s] Level 1:colcon.colcon_core.package_identification:_identify(.) by extensions ['ignore', 'ignore_ament_install']
[0.471s] Level 1:colcon.colcon_core.package_identification:_identify(.) by extension 'ignore'
[0.471s] Level 1:colcon.colcon_core.package_identification:_identify(.) by extension 'ignore_ament_install'
[0.471s] Level 1:colcon.colcon_core.package_identification:_identify(.) by extensions ['colcon_pkg']
[0.471s] Level 1:colcon.colcon_core.package_identification:_identify(.) by extension 'colcon_pkg'
[0.471s] Level 1:colcon.colcon_core.package_identification:_identify(.) by extensions ['colcon_meta']
[0.471s] Level 1:colcon.colcon_core.package_identification:_identify(.) by extension 'colcon_meta'
[0.471s] Level 1:colcon.colcon_core.package_identification:_identify(.) by extensions ['ros']
[0.471s] Level 1:colcon.colcon_core.package_identification:_identify(.) by extension 'ros'
[0.480s] Level 1:colcon.colcon_core.package_identification:_identify(.) by extensions ['cmake', 'python']
[0.480s] Level 1:colcon.colcon_core.package_identification:_identify(.) by extension 'cmake'
[0.480s] Level 1:colcon.colcon_core.package_identification:_identify(.) by extension 'python'
[0.480s] Level 1:colcon.colcon_core.package_identification:_identify(.) by extensions ['python_setup_py']
[0.480s] Level 1:colcon.colcon_core.package_identification:_identify(.) by extension 'python_setup_py'
[0.481s] Level 1:colcon.colcon_core.package_identification:_identify(build) by extensions ['ignore', 'ignore_ament_install']
[0.481s] Level 1:colcon.colcon_core.package_identification:_identify(build) by extension 'ignore'
[0.481s] Level 1:colcon.colcon_core.package_identification:_identify(build) ignored
[0.481s] Level 1:colcon.colcon_core.package_identification:_identify(eufs_msgs) by extensions ['ignore', 'ignore_ament_install']
[0.481s] Level 1:colcon.colcon_core.package_identification:_identify(eufs_msgs) by extension 'ignore'
[0.481s] Level 1:colcon.colcon_core.package_identification:_identify(eufs_msgs) by extension 'ignore_ament_install'
[0.481s] Level 1:colcon.colcon_core.package_identification:_identify(eufs_msgs) by extensions ['colcon_pkg']
[0.481s] Level 1:colcon.colcon_core.package_identification:_identify(eufs_msgs) by extension 'colcon_pkg'
[0.481s] Level 1:colcon.colcon_core.package_identification:_identify(eufs_msgs) by extensions ['colcon_meta']
[0.481s] Level 1:colcon.colcon_core.package_identification:_identify(eufs_msgs) by extension 'colcon_meta'
[0.481s] Level 1:colcon.colcon_core.package_identification:_identify(eufs_msgs) by extensions ['ros']
[0.481s] Level 1:colcon.colcon_core.package_identification:_identify(eufs_msgs) by extension 'ros'
[0.484s] DEBUG:colcon.colcon_core.package_identification:Package 'eufs_msgs' with type 'ros.ament_cmake' and name 'eufs_msgs'
[0.484s] Level 1:colcon.colcon_core.package_identification:_identify(eufs_sim) by extensions ['ignore', 'ignore_ament_install']
[0.484s] Level 1:colcon.colcon_core.package_identification:_identify(eufs_sim) by extension 'ignore'
[0.484s] Level 1:colcon.colcon_core.package_identification:_identify(eufs_sim) by extension 'ignore_ament_install'
[0.484s] Level 1:colcon.colcon_core.package_identification:_identify(eufs_sim) by extensions ['colcon_pkg']
[0.484s] Level 1:colcon.colcon_core.package_identification:_identify(eufs_sim) by extension 'colcon_pkg'
[0.484s] Level 1:colcon.colcon_core.package_identification:_identify(eufs_sim) by extensions ['colcon_meta']
[0.484s] Level 1:colcon.colcon_core.package_identification:_identify(eufs_sim) by extension 'colcon_meta'
[0.484s] Level 1:colcon.colcon_core.package_identification:_identify(eufs_sim) by extensions ['ros']
[0.484s] Level 1:colcon.colcon_core.package_identification:_identify(eufs_sim) by extension 'ros'
[0.484s] Level 1:colcon.colcon_core.package_identification:_identify(eufs_sim) by extensions ['cmake', 'python']
[0.484s] Level 1:colcon.colcon_core.package_identification:_identify(eufs_sim) by extension 'cmake'
[0.484s] Level 1:colcon.colcon_core.package_identification:_identify(eufs_sim) by extension 'python'
[0.484s] Level 1:colcon.colcon_core.package_identification:_identify(eufs_sim) by extensions ['python_setup_py']
[0.484s] Level 1:colcon.colcon_core.package_identification:_identify(eufs_sim) by extension 'python_setup_py'
[0.484s] Level 1:colcon.colcon_core.package_identification:_identify(eufs_sim/eufs_launcher) by extensions ['ignore', 'ignore_ament_install']
[0.484s] Level 1:colcon.colcon_core.package_identification:_identify(eufs_sim/eufs_launcher) by extension 'ignore'
[0.485s] Level 1:colcon.colcon_core.package_identification:_identify(eufs_sim/eufs_launcher) by extension 'ignore_ament_install'
[0.485s] Level 1:colcon.colcon_core.package_identification:_identify(eufs_sim/eufs_launcher) by extensions ['colcon_pkg']
[0.485s] Level 1:colcon.colcon_core.package_identification:_identify(eufs_sim/eufs_launcher) by extension 'colcon_pkg'
[0.485s] Level 1:colcon.colcon_core.package_identification:_identify(eufs_sim/eufs_launcher) by extensions ['colcon_meta']
[0.485s] Level 1:colcon.colcon_core.package_identification:_identify(eufs_sim/eufs_launcher) by extension 'colcon_meta'
[0.485s] Level 1:colcon.colcon_core.package_identification:_identify(eufs_sim/eufs_launcher) by extensions ['ros']
[0.485s] Level 1:colcon.colcon_core.package_identification:_identify(eufs_sim/eufs_launcher) by extension 'ros'
[0.486s] DEBUG:colcon.colcon_core.package_identification:Package 'eufs_sim/eufs_launcher' with type 'ros.ament_python' and name 'eufs_launcher'
[0.486s] Level 1:colcon.colcon_core.package_identification:_identify(eufs_sim/eufs_models) by extensions ['ignore', 'ignore_ament_install']
[0.486s] Level 1:colcon.colcon_core.package_identification:_identify(eufs_sim/eufs_models) by extension 'ignore'
[0.486s] Level 1:colcon.colcon_core.package_identification:_identify(eufs_sim/eufs_models) by extension 'ignore_ament_install'
[0.486s] Level 1:colcon.colcon_core.package_identification:_identify(eufs_sim/eufs_models) by extensions ['colcon_pkg']
[0.486s] Level 1:colcon.colcon_core.package_identification:_identify(eufs_sim/eufs_models) by extension 'colcon_pkg'
[0.486s] Level 1:colcon.colcon_core.package_identification:_identify(eufs_sim/eufs_models) by extensions ['colcon_meta']
[0.486s] Level 1:colcon.colcon_core.package_identification:_identify(eufs_sim/eufs_models) by extension 'colcon_meta'
[0.486s] Level 1:colcon.colcon_core.package_identification:_identify(eufs_sim/eufs_models) by extensions ['ros']
[0.486s] Level 1:colcon.colcon_core.package_identification:_identify(eufs_sim/eufs_models) by extension 'ros'
[0.487s] DEBUG:colcon.colcon_core.package_identification:Package 'eufs_sim/eufs_models' with type 'ros.ament_cmake' and name 'eufs_models'
[0.487s] Level 1:colcon.colcon_core.package_identification:_identify(eufs_sim/eufs_plugins) by extensions ['ignore', 'ignore_ament_install']
[0.487s] Level 1:colcon.colcon_core.package_identification:_identify(eufs_sim/eufs_plugins) by extension 'ignore'
[0.487s] Level 1:colcon.colcon_core.package_identification:_identify(eufs_sim/eufs_plugins) by extension 'ignore_ament_install'
[0.487s] Level 1:colcon.colcon_core.package_identification:_identify(eufs_sim/eufs_plugins) by extensions ['colcon_pkg']
[0.487s] Level 1:colcon.colcon_core.package_identification:_identify(eufs_sim/eufs_plugins) by extension 'colcon_pkg'
[0.487s] Level 1:colcon.colcon_core.package_identification:_identify(eufs_sim/eufs_plugins) by extensions ['colcon_meta']
[0.487s] Level 1:colcon.colcon_core.package_identification:_identify(eufs_sim/eufs_plugins) by extension 'colcon_meta'
[0.487s] Level 1:colcon.colcon_core.package_identification:_identify(eufs_sim/eufs_plugins) by extensions ['ros']
[0.487s] Level 1:colcon.colcon_core.package_identification:_identify(eufs_sim/eufs_plugins) by extension 'ros'
[0.488s] DEBUG:colcon.colcon_core.package_identification:Package 'eufs_sim/eufs_plugins' with type 'ros.ament_cmake' and name 'eufs_plugins'
[0.488s] Level 1:colcon.colcon_core.package_identification:_identify(eufs_sim/eufs_racecar) by extensions ['ignore', 'ignore_ament_install']
[0.489s] Level 1:colcon.colcon_core.package_identification:_identify(eufs_sim/eufs_racecar) by extension 'ignore'
[0.489s] Level 1:colcon.colcon_core.package_identification:_identify(eufs_sim/eufs_racecar) by extension 'ignore_ament_install'
[0.489s] Level 1:colcon.colcon_core.package_identification:_identify(eufs_sim/eufs_racecar) by extensions ['colcon_pkg']
[0.489s] Level 1:colcon.colcon_core.package_identification:_identify(eufs_sim/eufs_racecar) by extension 'colcon_pkg'
[0.489s] Level 1:colcon.colcon_core.package_identification:_identify(eufs_sim/eufs_racecar) by extensions ['colcon_meta']
[0.489s] Level 1:colcon.colcon_core.package_identification:_identify(eufs_sim/eufs_racecar) by extension 'colcon_meta'
[0.489s] Level 1:colcon.colcon_core.package_identification:_identify(eufs_sim/eufs_racecar) by extensions ['ros']
[0.489s] Level 1:colcon.colcon_core.package_identification:_identify(eufs_sim/eufs_racecar) by extension 'ros'
[0.490s] DEBUG:colcon.colcon_core.package_identification:Package 'eufs_sim/eufs_racecar' with type 'ros.ament_python' and name 'eufs_racecar'
[0.490s] Level 1:colcon.colcon_core.package_identification:_identify(eufs_sim/eufs_rqt) by extensions ['ignore', 'ignore_ament_install']
[0.490s] Level 1:colcon.colcon_core.package_identification:_identify(eufs_sim/eufs_rqt) by extension 'ignore'
[0.490s] Level 1:colcon.colcon_core.package_identification:_identify(eufs_sim/eufs_rqt) by extension 'ignore_ament_install'
[0.490s] Level 1:colcon.colcon_core.package_identification:_identify(eufs_sim/eufs_rqt) by extensions ['colcon_pkg']
[0.490s] Level 1:colcon.colcon_core.package_identification:_identify(eufs_sim/eufs_rqt) by extension 'colcon_pkg'
[0.490s] Level 1:colcon.colcon_core.package_identification:_identify(eufs_sim/eufs_rqt) by extensions ['colcon_meta']
[0.490s] Level 1:colcon.colcon_core.package_identification:_identify(eufs_sim/eufs_rqt) by extension 'colcon_meta'
[0.490s] Level 1:colcon.colcon_core.package_identification:_identify(eufs_sim/eufs_rqt) by extensions ['ros']
[0.490s] Level 1:colcon.colcon_core.package_identification:_identify(eufs_sim/eufs_rqt) by extension 'ros'
[0.490s] DEBUG:colcon.colcon_core.package_identification:Package 'eufs_sim/eufs_rqt' with type 'ros.ament_python' and name 'eufs_rqt'
[0.491s] Level 1:colcon.colcon_core.package_identification:_identify(eufs_sim/eufs_sensors) by extensions ['ignore', 'ignore_ament_install']
[0.491s] Level 1:colcon.colcon_core.package_identification:_identify(eufs_sim/eufs_sensors) by extension 'ignore'
[0.491s] Level 1:colcon.colcon_core.package_identification:_identify(eufs_sim/eufs_sensors) by extension 'ignore_ament_install'
[0.491s] Level 1:colcon.colcon_core.package_identification:_identify(eufs_sim/eufs_sensors) by extensions ['colcon_pkg']
[0.491s] Level 1:colcon.colcon_core.package_identification:_identify(eufs_sim/eufs_sensors) by extension 'colcon_pkg'
[0.491s] Level 1:colcon.colcon_core.package_identification:_identify(eufs_sim/eufs_sensors) by extensions ['colcon_meta']
[0.491s] Level 1:colcon.colcon_core.package_identification:_identify(eufs_sim/eufs_sensors) by extension 'colcon_meta'
[0.491s] Level 1:colcon.colcon_core.package_identification:_identify(eufs_sim/eufs_sensors) by extensions ['ros']
[0.491s] Level 1:colcon.colcon_core.package_identification:_identify(eufs_sim/eufs_sensors) by extension 'ros'
[0.491s] DEBUG:colcon.colcon_core.package_identification:Package 'eufs_sim/eufs_sensors' with type 'ros.ament_cmake' and name 'eufs_sensors'
[0.491s] Level 1:colcon.colcon_core.package_identification:_identify(eufs_sim/eufs_tracks) by extensions ['ignore', 'ignore_ament_install']
[0.491s] Level 1:colcon.colcon_core.package_identification:_identify(eufs_sim/eufs_tracks) by extension 'ignore'
[0.491s] Level 1:colcon.colcon_core.package_identification:_identify(eufs_sim/eufs_tracks) by extension 'ignore_ament_install'
[0.491s] Level 1:colcon.colcon_core.package_identification:_identify(eufs_sim/eufs_tracks) by extensions ['colcon_pkg']
[0.492s] Level 1:colcon.colcon_core.package_identification:_identify(eufs_sim/eufs_tracks) by extension 'colcon_pkg'
[0.492s] Level 1:colcon.colcon_core.package_identification:_identify(eufs_sim/eufs_tracks) by extensions ['colcon_meta']
[0.492s] Level 1:colcon.colcon_core.package_identification:_identify(eufs_sim/eufs_tracks) by extension 'colcon_meta'
[0.492s] Level 1:colcon.colcon_core.package_identification:_identify(eufs_sim/eufs_tracks) by extensions ['ros']
[0.492s] Level 1:colcon.colcon_core.package_identification:_identify(eufs_sim/eufs_tracks) by extension 'ros'
[0.492s] DEBUG:colcon.colcon_core.package_identification:Package 'eufs_sim/eufs_tracks' with type 'ros.ament_python' and name 'eufs_tracks'
[0.492s] Level 1:colcon.colcon_core.package_identification:_identify(install) by extensions ['ignore', 'ignore_ament_install']
[0.493s] Level 1:colcon.colcon_core.package_identification:_identify(install) by extension 'ignore'
[0.493s] Level 1:colcon.colcon_core.package_identification:_identify(install) ignored
[0.493s] Level 1:colcon.colcon_core.package_identification:_identify(log) by extensions ['ignore', 'ignore_ament_install']
[0.493s] Level 1:colcon.colcon_core.package_identification:_identify(log) by extension 'ignore'
[0.493s] Level 1:colcon.colcon_core.package_identification:_identify(log) ignored
[0.493s] Level 1:colcon.colcon_core.package_discovery:discover_packages(recursive) using defaults
[0.493s] Level 1:colcon.colcon_core.package_discovery:discover_packages(ignore) discover
[0.493s] Level 1:colcon.colcon_core.package_discovery:discover_packages(ignore) using defaults
[0.493s] Level 1:colcon.colcon_core.package_discovery:discover_packages(path) discover
[0.493s] Level 1:colcon.colcon_core.package_discovery:discover_packages(path) using defaults
[0.519s] Level 1:colcon.colcon_core.package_discovery:discover_packages(prefix_path) check parameters
[0.519s] Level 1:colcon.colcon_core.package_discovery:discover_packages(prefix_path) discover
[0.521s] Level 1:colcon.colcon_core.package_discovery:discover_packages(prefix_path) using defaults
[0.523s] Level 5:colcon.colcon_core.verb:set package 'eufs_msgs' build argument 'cmake_args' from command line to 'None'
[0.523s] Level 5:colcon.colcon_core.verb:set package 'eufs_msgs' build argument 'cmake_target' from command line to 'None'
[0.523s] Level 5:colcon.colcon_core.verb:set package 'eufs_msgs' build argument 'cmake_target_skip_unavailable' from command line to 'False'
[0.523s] Level 5:colcon.colcon_core.verb:set package 'eufs_msgs' build argument 'cmake_clean_cache' from command line to 'False'
[0.523s] Level 5:colcon.colcon_core.verb:set package 'eufs_msgs' build argument 'cmake_clean_first' from command line to 'False'
[0.523s] Level 5:colcon.colcon_core.verb:set package 'eufs_msgs' build argument 'cmake_force_configure' from command line to 'False'
[0.523s] Level 5:colcon.colcon_core.verb:set package 'eufs_msgs' build argument 'ament_cmake_args' from command line to 'None'
[0.523s] Level 5:colcon.colcon_core.verb:set package 'eufs_msgs' build argument 'catkin_cmake_args' from command line to 'None'
[0.523s] Level 5:colcon.colcon_core.verb:set package 'eufs_msgs' build argument 'catkin_skip_building_tests' from command line to 'False'
[0.523s] DEBUG:colcon.colcon_core.verb:Building package 'eufs_msgs' with the following arguments: {'ament_cmake_args': None, 'build_base': '/home/gustavo/eufs_sim_teste/build/eufs_msgs', 'catkin_cmake_args': None, 'catkin_skip_building_tests': False, 'cmake_args': None, 'cmake_clean_cache': False, 'cmake_clean_first': False, 'cmake_force_configure': False, 'cmake_target': None, 'cmake_target_skip_unavailable': False, 'install_base': '/home/gustavo/eufs_sim_teste/install/eufs_msgs', 'merge_install': False, 'path': '/home/gustavo/eufs_sim_teste/eufs_msgs', 'symlink_install': False, 'test_result_base': None}
[0.524s] Level 5:colcon.colcon_core.verb:set package 'eufs_racecar' build argument 'cmake_args' from command line to 'None'
[0.524s] Level 5:colcon.colcon_core.verb:set package 'eufs_racecar' build argument 'cmake_target' from command line to 'None'
[0.524s] Level 5:colcon.colcon_core.verb:set package 'eufs_racecar' build argument 'cmake_target_skip_unavailable' from command line to 'False'
[0.524s] Level 5:colcon.colcon_core.verb:set package 'eufs_racecar' build argument 'cmake_clean_cache' from command line to 'False'
[0.524s] Level 5:colcon.colcon_core.verb:set package 'eufs_racecar' build argument 'cmake_clean_first' from command line to 'False'
[0.524s] Level 5:colcon.colcon_core.verb:set package 'eufs_racecar' build argument 'cmake_force_configure' from command line to 'False'
[0.524s] Level 5:colcon.colcon_core.verb:set package 'eufs_racecar' build argument 'ament_cmake_args' from command line to 'None'
[0.524s] Level 5:colcon.colcon_core.verb:set package 'eufs_racecar' build argument 'catkin_cmake_args' from command line to 'None'
[0.524s] Level 5:colcon.colcon_core.verb:set package 'eufs_racecar' build argument 'catkin_skip_building_tests' from command line to 'False'
[0.525s] DEBUG:colcon.colcon_core.verb:Building package 'eufs_racecar' with the following arguments: {'ament_cmake_args': None, 'build_base': '/home/gustavo/eufs_sim_teste/build/eufs_racecar', 'catkin_cmake_args': None, 'catkin_skip_building_tests': False, 'cmake_args': None, 'cmake_clean_cache': False, 'cmake_clean_first': False, 'cmake_force_configure': False, 'cmake_target': None, 'cmake_target_skip_unavailable': False, 'install_base': '/home/gustavo/eufs_sim_teste/install/eufs_racecar', 'merge_install': False, 'path': '/home/gustavo/eufs_sim_teste/eufs_sim/eufs_racecar', 'symlink_install': False, 'test_result_base': None}
[0.526s] Level 5:colcon.colcon_core.verb:set package 'eufs_sensors' build argument 'cmake_args' from command line to 'None'
[0.526s] Level 5:colcon.colcon_core.verb:set package 'eufs_sensors' build argument 'cmake_target' from command line to 'None'
[0.526s] Level 5:colcon.colcon_core.verb:set package 'eufs_sensors' build argument 'cmake_target_skip_unavailable' from command line to 'False'
[0.526s] Level 5:colcon.colcon_core.verb:set package 'eufs_sensors' build argument 'cmake_clean_cache' from command line to 'False'
[0.526s] Level 5:colcon.colcon_core.verb:set package 'eufs_sensors' build argument 'cmake_clean_first' from command line to 'False'
[0.526s] Level 5:colcon.colcon_core.verb:set package 'eufs_sensors' build argument 'cmake_force_configure' from command line to 'False'
[0.526s] Level 5:colcon.colcon_core.verb:set package 'eufs_sensors' build argument 'ament_cmake_args' from command line to 'None'
[0.526s] Level 5:colcon.colcon_core.verb:set package 'eufs_sensors' build argument 'catkin_cmake_args' from command line to 'None'
[0.526s] Level 5:colcon.colcon_core.verb:set package 'eufs_sensors' build argument 'catkin_skip_building_tests' from command line to 'False'
[0.526s] DEBUG:colcon.colcon_core.verb:Building package 'eufs_sensors' with the following arguments: {'ament_cmake_args': None, 'build_base': '/home/gustavo/eufs_sim_teste/build/eufs_sensors', 'catkin_cmake_args': None, 'catkin_skip_building_tests': False, 'cmake_args': None, 'cmake_clean_cache': False, 'cmake_clean_first': False, 'cmake_force_configure': False, 'cmake_target': None, 'cmake_target_skip_unavailable': False, 'install_base': '/home/gustavo/eufs_sim_teste/install/eufs_sensors', 'merge_install': False, 'path': '/home/gustavo/eufs_sim_teste/eufs_sim/eufs_sensors', 'symlink_install': False, 'test_result_base': None}
[0.527s] Level 5:colcon.colcon_core.verb:set package 'eufs_tracks' build argument 'cmake_args' from command line to 'None'
[0.527s] Level 5:colcon.colcon_core.verb:set package 'eufs_tracks' build argument 'cmake_target' from command line to 'None'
[0.527s] Level 5:colcon.colcon_core.verb:set package 'eufs_tracks' build argument 'cmake_target_skip_unavailable' from command line to 'False'
[0.527s] Level 5:colcon.colcon_core.verb:set package 'eufs_tracks' build argument 'cmake_clean_cache' from command line to 'False'
[0.527s] Level 5:colcon.colcon_core.verb:set package 'eufs_tracks' build argument 'cmake_clean_first' from command line to 'False'
[0.527s] Level 5:colcon.colcon_core.verb:set package 'eufs_tracks' build argument 'cmake_force_configure' from command line to 'False'
[0.527s] Level 5:colcon.colcon_core.verb:set package 'eufs_tracks' build argument 'ament_cmake_args' from command line to 'None'
[0.527s] Level 5:colcon.colcon_core.verb:set package 'eufs_tracks' build argument 'catkin_cmake_args' from command line to 'None'
[0.527s] Level 5:colcon.colcon_core.verb:set package 'eufs_tracks' build argument 'catkin_skip_building_tests' from command line to 'False'
[0.527s] DEBUG:colcon.colcon_core.verb:Building package 'eufs_tracks' with the following arguments: {'ament_cmake_args': None, 'build_base': '/home/gustavo/eufs_sim_teste/build/eufs_tracks', 'catkin_cmake_args': None, 'catkin_skip_building_tests': False, 'cmake_args': None, 'cmake_clean_cache': False, 'cmake_clean_first': False, 'cmake_force_configure': False, 'cmake_target': None, 'cmake_target_skip_unavailable': False, 'install_base': '/home/gustavo/eufs_sim_teste/install/eufs_tracks', 'merge_install': False, 'path': '/home/gustavo/eufs_sim_teste/eufs_sim/eufs_tracks', 'symlink_install': False, 'test_result_base': None}
[0.528s] Level 5:colcon.colcon_core.verb:set package 'eufs_launcher' build argument 'cmake_args' from command line to 'None'
[0.528s] Level 5:colcon.colcon_core.verb:set package 'eufs_launcher' build argument 'cmake_target' from command line to 'None'
[0.528s] Level 5:colcon.colcon_core.verb:set package 'eufs_launcher' build argument 'cmake_target_skip_unavailable' from command line to 'False'
[0.528s] Level 5:colcon.colcon_core.verb:set package 'eufs_launcher' build argument 'cmake_clean_cache' from command line to 'False'
[0.528s] Level 5:colcon.colcon_core.verb:set package 'eufs_launcher' build argument 'cmake_clean_first' from command line to 'False'
[0.528s] Level 5:colcon.colcon_core.verb:set package 'eufs_launcher' build argument 'cmake_force_configure' from command line to 'False'
[0.528s] Level 5:colcon.colcon_core.verb:set package 'eufs_launcher' build argument 'ament_cmake_args' from command line to 'None'
[0.528s] Level 5:colcon.colcon_core.verb:set package 'eufs_launcher' build argument 'catkin_cmake_args' from command line to 'None'
[0.528s] Level 5:colcon.colcon_core.verb:set package 'eufs_launcher' build argument 'catkin_skip_building_tests' from command line to 'False'
[0.528s] DEBUG:colcon.colcon_core.verb:Building package 'eufs_launcher' with the following arguments: {'ament_cmake_args': None, 'build_base': '/home/gustavo/eufs_sim_teste/build/eufs_launcher', 'catkin_cmake_args': None, 'catkin_skip_building_tests': False, 'cmake_args': None, 'cmake_clean_cache': False, 'cmake_clean_first': False, 'cmake_force_configure': False, 'cmake_target': None, 'cmake_target_skip_unavailable': False, 'install_base': '/home/gustavo/eufs_sim_teste/install/eufs_launcher', 'merge_install': False, 'path': '/home/gustavo/eufs_sim_teste/eufs_sim/eufs_launcher', 'symlink_install': False, 'test_result_base': None}
[0.530s] Level 5:colcon.colcon_core.verb:set package 'eufs_models' build argument 'cmake_args' from command line to 'None'
[0.530s] Level 5:colcon.colcon_core.verb:set package 'eufs_models' build argument 'cmake_target' from command line to 'None'
[0.530s] Level 5:colcon.colcon_core.verb:set package 'eufs_models' build argument 'cmake_target_skip_unavailable' from command line to 'False'
[0.530s] Level 5:colcon.colcon_core.verb:set package 'eufs_models' build argument 'cmake_clean_cache' from command line to 'False'
[0.530s] Level 5:colcon.colcon_core.verb:set package 'eufs_models' build argument 'cmake_clean_first' from command line to 'False'
[0.530s] Level 5:colcon.colcon_core.verb:set package 'eufs_models' build argument 'cmake_force_configure' from command line to 'False'
[0.530s] Level 5:colcon.colcon_core.verb:set package 'eufs_models' build argument 'ament_cmake_args' from command line to 'None'
[0.530s] Level 5:colcon.colcon_core.verb:set package 'eufs_models' build argument 'catkin_cmake_args' from command line to 'None'
[0.530s] Level 5:colcon.colcon_core.verb:set package 'eufs_models' build argument 'catkin_skip_building_tests' from command line to 'False'
[0.530s] DEBUG:colcon.colcon_core.verb:Building package 'eufs_models' with the following arguments: {'ament_cmake_args': None, 'build_base': '/home/gustavo/eufs_sim_teste/build/eufs_models', 'catkin_cmake_args': None, 'catkin_skip_building_tests': False, 'cmake_args': None, 'cmake_clean_cache': False, 'cmake_clean_first': False, 'cmake_force_configure': False, 'cmake_target': None, 'cmake_target_skip_unavailable': False, 'install_base': '/home/gustavo/eufs_sim_teste/install/eufs_models', 'merge_install': False, 'path': '/home/gustavo/eufs_sim_teste/eufs_sim/eufs_models', 'symlink_install': False, 'test_result_base': None}
[0.531s] Level 5:colcon.colcon_core.verb:set package 'eufs_rqt' build argument 'cmake_args' from command line to 'None'
[0.531s] Level 5:colcon.colcon_core.verb:set package 'eufs_rqt' build argument 'cmake_target' from command line to 'None'
[0.531s] Level 5:colcon.colcon_core.verb:set package 'eufs_rqt' build argument 'cmake_target_skip_unavailable' from command line to 'False'
[0.531s] Level 5:colcon.colcon_core.verb:set package 'eufs_rqt' build argument 'cmake_clean_cache' from command line to 'False'
[0.531s] Level 5:colcon.colcon_core.verb:set package 'eufs_rqt' build argument 'cmake_clean_first' from command line to 'False'
[0.531s] Level 5:colcon.colcon_core.verb:set package 'eufs_rqt' build argument 'cmake_force_configure' from command line to 'False'
[0.531s] Level 5:colcon.colcon_core.verb:set package 'eufs_rqt' build argument 'ament_cmake_args' from command line to 'None'
[0.531s] Level 5:colcon.colcon_core.verb:set package 'eufs_rqt' build argument 'catkin_cmake_args' from command line to 'None'
[0.531s] Level 5:colcon.colcon_core.verb:set package 'eufs_rqt' build argument 'catkin_skip_building_tests' from command line to 'False'
[0.531s] DEBUG:colcon.colcon_core.verb:Building package 'eufs_rqt' with the following arguments: {'ament_cmake_args': None, 'build_base': '/home/gustavo/eufs_sim_teste/build/eufs_rqt', 'catkin_cmake_args': None, 'catkin_skip_building_tests': False, 'cmake_args': None, 'cmake_clean_cache': False, 'cmake_clean_first': False, 'cmake_force_configure': False, 'cmake_target': None, 'cmake_target_skip_unavailable': False, 'install_base': '/home/gustavo/eufs_sim_teste/install/eufs_rqt', 'merge_install': False, 'path': '/home/gustavo/eufs_sim_teste/eufs_sim/eufs_rqt', 'symlink_install': False, 'test_result_base': None}
[0.532s] Level 5:colcon.colcon_core.verb:set package 'eufs_plugins' build argument 'cmake_args' from command line to 'None'
[0.532s] Level 5:colcon.colcon_core.verb:set package 'eufs_plugins' build argument 'cmake_target' from command line to 'None'
[0.532s] Level 5:colcon.colcon_core.verb:set package 'eufs_plugins' build argument 'cmake_target_skip_unavailable' from command line to 'False'
[0.532s] Level 5:colcon.colcon_core.verb:set package 'eufs_plugins' build argument 'cmake_clean_cache' from command line to 'False'
[0.532s] Level 5:colcon.colcon_core.verb:set package 'eufs_plugins' build argument 'cmake_clean_first' from command line to 'False'
[0.532s] Level 5:colcon.colcon_core.verb:set package 'eufs_plugins' build argument 'cmake_force_configure' from command line to 'False'
[0.532s] Level 5:colcon.colcon_core.verb:set package 'eufs_plugins' build argument 'ament_cmake_args' from command line to 'None'
[0.532s] Level 5:colcon.colcon_core.verb:set package 'eufs_plugins' build argument 'catkin_cmake_args' from command line to 'None'
[0.532s] Level 5:colcon.colcon_core.verb:set package 'eufs_plugins' build argument 'catkin_skip_building_tests' from command line to 'False'
[0.532s] DEBUG:colcon.colcon_core.verb:Building package 'eufs_plugins' with the following arguments: {'ament_cmake_args': None, 'build_base': '/home/gustavo/eufs_sim_teste/build/eufs_plugins', 'catkin_cmake_args': None, 'catkin_skip_building_tests': False, 'cmake_args': None, 'cmake_clean_cache': False, 'cmake_clean_first': False, 'cmake_force_configure': False, 'cmake_target': None, 'cmake_target_skip_unavailable': False, 'install_base': '/home/gustavo/eufs_sim_teste/install/eufs_plugins', 'merge_install': False, 'path': '/home/gustavo/eufs_sim_teste/eufs_sim/eufs_plugins', 'symlink_install': False, 'test_result_base': None}
[0.533s] INFO:colcon.colcon_core.executor:Executing jobs using 'parallel' executor
[0.538s] DEBUG:colcon.colcon_parallel_executor.executor.parallel:run_until_complete
[0.538s] INFO:colcon.colcon_ros.task.ament_cmake.build:Building ROS package in '/home/gustavo/eufs_sim_teste/eufs_msgs' with build type 'ament_cmake'
[0.538s] INFO:colcon.colcon_cmake.task.cmake.build:Building CMake package in '/home/gustavo/eufs_sim_teste/eufs_msgs'
[0.545s] INFO:colcon.colcon_core.plugin_system:Skipping extension 'colcon_core.shell.bat': Not used on non-Windows systems
[0.545s] INFO:colcon.colcon_core.shell:Skip shell extension 'powershell' for command environment: Not usable outside of PowerShell
[0.545s] DEBUG:colcon.colcon_core.shell:Skip shell extension 'dsv' for command environment
[0.549s] INFO:colcon.colcon_ros.task.ament_python.build:Building ROS package in '/home/gustavo/eufs_sim_teste/eufs_sim/eufs_tracks' with build type 'ament_python'
[0.549s] Level 1:colcon.colcon_core.shell:create_environment_hook('eufs_tracks', 'ament_prefix_path')
[0.551s] INFO:colcon.colcon_core.shell:Creating environment hook '/home/gustavo/eufs_sim_teste/install/eufs_tracks/share/eufs_tracks/hook/ament_prefix_path.ps1'
[0.553s] INFO:colcon.colcon_core.shell:Creating environment descriptor '/home/gustavo/eufs_sim_teste/install/eufs_tracks/share/eufs_tracks/hook/ament_prefix_path.dsv'
[0.553s] INFO:colcon.colcon_core.shell:Creating environment hook '/home/gustavo/eufs_sim_teste/install/eufs_tracks/share/eufs_tracks/hook/ament_prefix_path.sh'
[0.556s] INFO:colcon.colcon_core.shell:Skip shell extension 'powershell' for command environment: Not usable outside of PowerShell
[0.556s] DEBUG:colcon.colcon_core.shell:Skip shell extension 'dsv' for command environment
[0.558s] INFO:colcon.colcon_ros.task.ament_python.build:Building ROS package in '/home/gustavo/eufs_sim_teste/eufs_sim/eufs_racecar' with build type 'ament_python'
[0.559s] Level 1:colcon.colcon_core.shell:create_environment_hook('eufs_racecar', 'ament_prefix_path')
[0.561s] INFO:colcon.colcon_core.shell:Creating environment hook '/home/gustavo/eufs_sim_teste/install/eufs_racecar/share/eufs_racecar/hook/ament_prefix_path.ps1'
[0.563s] INFO:colcon.colcon_core.shell:Creating environment descriptor '/home/gustavo/eufs_sim_teste/install/eufs_racecar/share/eufs_racecar/hook/ament_prefix_path.dsv'
[0.563s] INFO:colcon.colcon_core.shell:Creating environment hook '/home/gustavo/eufs_sim_teste/install/eufs_racecar/share/eufs_racecar/hook/ament_prefix_path.sh'
[0.565s] INFO:colcon.colcon_core.shell:Skip shell extension 'powershell' for command environment: Not usable outside of PowerShell
[0.565s] DEBUG:colcon.colcon_core.shell:Skip shell extension 'dsv' for command environment
[0.568s] INFO:colcon.colcon_ros.task.ament_cmake.build:Building ROS package in '/home/gustavo/eufs_sim_teste/eufs_sim/eufs_sensors' with build type 'ament_cmake'
[0.568s] INFO:colcon.colcon_cmake.task.cmake.build:Building CMake package in '/home/gustavo/eufs_sim_teste/eufs_sim/eufs_sensors'
[0.570s] INFO:colcon.colcon_core.shell:Skip shell extension 'powershell' for command environment: Not usable outside of PowerShell
[0.570s] DEBUG:colcon.colcon_core.shell:Skip shell extension 'dsv' for command environment
[0.579s] DEBUG:colcon.colcon_core.event_handler.log_command:Invoking command in '/home/gustavo/eufs_sim_teste/build/eufs_msgs': /usr/bin/cmake --build /home/gustavo/eufs_sim_teste/build/eufs_msgs -- -j8 -l8
[0.754s] INFO:colcon.colcon_core.task.python.build:Building Python package in '/home/gustavo/eufs_sim_teste/eufs_sim/eufs_tracks'
[0.757s] INFO:colcon.colcon_core.shell:Skip shell extension 'powershell' for command environment: Not usable outside of PowerShell
[0.757s] DEBUG:colcon.colcon_core.shell:Skip shell extension 'dsv' for command environment
[0.915s] INFO:colcon.colcon_core.task.python.build:Building Python package in '/home/gustavo/eufs_sim_teste/eufs_sim/eufs_racecar'
[0.917s] INFO:colcon.colcon_core.shell:Skip shell extension 'powershell' for command environment: Not usable outside of PowerShell
[0.917s] DEBUG:colcon.colcon_core.shell:Skip shell extension 'dsv' for command environment
[0.926s] DEBUG:colcon.colcon_core.event_handler.log_command:Invoking command in '/home/gustavo/eufs_sim_teste/build/eufs_sensors': /usr/bin/cmake --build /home/gustavo/eufs_sim_teste/build/eufs_sensors -- -j8 -l8
[0.927s] DEBUG:colcon.colcon_core.event_handler.log_command:Invoked command in '/home/gustavo/eufs_sim_teste/build/eufs_msgs' returned '0': /usr/bin/cmake --build /home/gustavo/eufs_sim_teste/build/eufs_msgs -- -j8 -l8
[0.970s] DEBUG:colcon.colcon_core.event_handler.log_command:Invoked command in '/home/gustavo/eufs_sim_teste/build/eufs_sensors' returned '0': /usr/bin/cmake --build /home/gustavo/eufs_sim_teste/build/eufs_sensors -- -j8 -l8
[0.994s] DEBUG:colcon.colcon_core.event_handler.log_command:Invoking command in '/home/gustavo/eufs_sim_teste/build/eufs_sensors': /usr/bin/cmake --install /home/gustavo/eufs_sim_teste/build/eufs_sensors
[1.004s] Level 1:colcon.colcon_core.environment:create_environment_scripts_only(eufs_sensors)
[1.004s] DEBUG:colcon.colcon_core.event_handler.log_command:Invoked command in '/home/gustavo/eufs_sim_teste/build/eufs_sensors' returned '0': /usr/bin/cmake --install /home/gustavo/eufs_sim_teste/build/eufs_sensors
[1.016s] Level 1:colcon.colcon_core.environment:checking '/home/gustavo/eufs_sim_teste/install/eufs_sensors' for CMake module files
[1.017s] Level 1:colcon.colcon_core.environment:checking '/home/gustavo/eufs_sim_teste/install/eufs_sensors' for CMake config files
[1.017s] Level 1:colcon.colcon_core.shell:create_environment_hook('eufs_sensors', 'cmake_prefix_path')
[1.021s] INFO:colcon.colcon_core.shell:Creating environment hook '/home/gustavo/eufs_sim_teste/install/eufs_sensors/share/eufs_sensors/hook/cmake_prefix_path.ps1'
[1.022s] INFO:colcon.colcon_core.shell:Creating environment descriptor '/home/gustavo/eufs_sim_teste/install/eufs_sensors/share/eufs_sensors/hook/cmake_prefix_path.dsv'
[1.022s] INFO:colcon.colcon_core.shell:Creating environment hook '/home/gustavo/eufs_sim_teste/install/eufs_sensors/share/eufs_sensors/hook/cmake_prefix_path.sh'
[1.023s] Level 1:colcon.colcon_core.environment:checking '/home/gustavo/eufs_sim_teste/install/eufs_sensors/bin'
[1.023s] Level 1:colcon.colcon_core.environment:checking '/home/gustavo/eufs_sim_teste/install/eufs_sensors/lib/pkgconfig/eufs_sensors.pc'
[1.023s] Level 1:colcon.colcon_core.environment:checking '/home/gustavo/eufs_sim_teste/install/eufs_sensors/lib/python3.8/site-packages'
[1.023s] Level 1:colcon.colcon_core.environment:checking '/home/gustavo/eufs_sim_teste/install/eufs_sensors/bin'
[1.028s] INFO:colcon.colcon_core.shell:Creating package script '/home/gustavo/eufs_sim_teste/install/eufs_sensors/share/eufs_sensors/package.ps1'
[1.029s] INFO:colcon.colcon_core.shell:Creating package descriptor '/home/gustavo/eufs_sim_teste/install/eufs_sensors/share/eufs_sensors/package.dsv'
[1.029s] INFO:colcon.colcon_core.shell:Creating package script '/home/gustavo/eufs_sim_teste/install/eufs_sensors/share/eufs_sensors/package.sh'
[1.030s] INFO:colcon.colcon_core.shell:Creating package script '/home/gustavo/eufs_sim_teste/install/eufs_sensors/share/eufs_sensors/package.bash'
[1.031s] INFO:colcon.colcon_core.shell:Creating package script '/home/gustavo/eufs_sim_teste/install/eufs_sensors/share/eufs_sensors/package.zsh'
[1.032s] Level 1:colcon.colcon_core.environment:create_file_with_runtime_dependencies(/home/gustavo/eufs_sim_teste/install/eufs_sensors/share/colcon-core/packages/eufs_sensors)
[1.049s] Level 1:colcon.colcon_core.environment:create_environment_scripts_only(eufs_sensors)
[1.052s] Level 1:colcon.colcon_core.environment:checking '/home/gustavo/eufs_sim_teste/install/eufs_sensors' for CMake module files
[1.052s] Level 1:colcon.colcon_core.environment:checking '/home/gustavo/eufs_sim_teste/install/eufs_sensors' for CMake config files
[1.052s] Level 1:colcon.colcon_core.shell:create_environment_hook('eufs_sensors', 'cmake_prefix_path')
[1.055s] INFO:colcon.colcon_core.shell:Creating environment hook '/home/gustavo/eufs_sim_teste/install/eufs_sensors/share/eufs_sensors/hook/cmake_prefix_path.ps1'
[1.055s] INFO:colcon.colcon_core.shell:Creating environment descriptor '/home/gustavo/eufs_sim_teste/install/eufs_sensors/share/eufs_sensors/hook/cmake_prefix_path.dsv'
[1.055s] INFO:colcon.colcon_core.shell:Creating environment hook '/home/gustavo/eufs_sim_teste/install/eufs_sensors/share/eufs_sensors/hook/cmake_prefix_path.sh'
[1.056s] Level 1:colcon.colcon_core.environment:checking '/home/gustavo/eufs_sim_teste/install/eufs_sensors/bin'
[1.056s] Level 1:colcon.colcon_core.environment:checking '/home/gustavo/eufs_sim_teste/install/eufs_sensors/lib/pkgconfig/eufs_sensors.pc'
[1.056s] Level 1:colcon.colcon_core.environment:checking '/home/gustavo/eufs_sim_teste/install/eufs_sensors/lib/python3.8/site-packages'
[1.056s] Level 1:colcon.colcon_core.environment:checking '/home/gustavo/eufs_sim_teste/install/eufs_sensors/bin'
[1.059s] INFO:colcon.colcon_core.shell:Creating package script '/home/gustavo/eufs_sim_teste/install/eufs_sensors/share/eufs_sensors/package.ps1'
[1.059s] INFO:colcon.colcon_core.shell:Creating package descriptor '/home/gustavo/eufs_sim_teste/install/eufs_sensors/share/eufs_sensors/package.dsv'
[1.059s] INFO:colcon.colcon_core.shell:Creating package script '/home/gustavo/eufs_sim_teste/install/eufs_sensors/share/eufs_sensors/package.sh'
[1.060s] INFO:colcon.colcon_core.shell:Creating package script '/home/gustavo/eufs_sim_teste/install/eufs_sensors/share/eufs_sensors/package.bash'
[1.060s] INFO:colcon.colcon_core.shell:Creating package script '/home/gustavo/eufs_sim_teste/install/eufs_sensors/share/eufs_sensors/package.zsh'
[1.060s] Level 1:colcon.colcon_core.environment:create_file_with_runtime_dependencies(/home/gustavo/eufs_sim_teste/install/eufs_sensors/share/colcon-core/packages/eufs_sensors)
[1.218s] DEBUG:colcon.colcon_core.event_handler.log_command:Invoking command in '/home/gustavo/eufs_sim_teste/build/eufs_msgs': /usr/bin/cmake --install /home/gustavo/eufs_sim_teste/build/eufs_msgs
[1.290s] DEBUG:colcon.colcon_core.event_handler.log_command:Invoking command in '/home/gustavo/eufs_sim_teste/eufs_sim/eufs_tracks': PYTHONPATH=/home/gustavo/eufs_sim_teste/build/eufs_tracks/prefix_override:/home/gustavo/eufs_sim_teste/install/eufs_tracks/lib/python3.8/site-packages: /usr/bin/python3 setup.py egg_info --egg-base ../../build/eufs_tracks build --build-base /home/gustavo/eufs_sim_teste/build/eufs_tracks/build install --record /home/gustavo/eufs_sim_teste/build/eufs_tracks/install.log --single-version-externally-managed
[1.293s] DEBUG:colcon.colcon_core.event_handler.log_command:Invoking command in '/home/gustavo/eufs_sim_teste/eufs_sim/eufs_racecar': PYTHONPATH=/home/gustavo/eufs_sim_teste/build/eufs_racecar/prefix_override:/home/gustavo/eufs_sim_teste/install/eufs_racecar/lib/python3.8/site-packages: /usr/bin/python3 setup.py egg_info --egg-base ../../build/eufs_racecar build --build-base /home/gustavo/eufs_sim_teste/build/eufs_racecar/build install --record /home/gustavo/eufs_sim_teste/build/eufs_racecar/install.log --single-version-externally-managed
[1.296s] Level 1:colcon.colcon_core.environment:create_environment_scripts_only(eufs_msgs)
[1.299s] Level 1:colcon.colcon_core.environment:checking '/home/gustavo/eufs_sim_teste/install/eufs_msgs' for CMake module files
[1.300s] DEBUG:colcon.colcon_core.event_handler.log_command:Invoked command in '/home/gustavo/eufs_sim_teste/build/eufs_msgs' returned '0': /usr/bin/cmake --install /home/gustavo/eufs_sim_teste/build/eufs_msgs
[1.300s] Level 1:colcon.colcon_core.environment:checking '/home/gustavo/eufs_sim_teste/install/eufs_msgs' for CMake config files
[1.300s] Level 1:colcon.colcon_core.shell:create_environment_hook('eufs_msgs', 'cmake_prefix_path')
[1.303s] INFO:colcon.colcon_core.shell:Creating environment hook '/home/gustavo/eufs_sim_teste/install/eufs_msgs/share/eufs_msgs/hook/cmake_prefix_path.ps1'
[1.303s] INFO:colcon.colcon_core.shell:Creating environment descriptor '/home/gustavo/eufs_sim_teste/install/eufs_msgs/share/eufs_msgs/hook/cmake_prefix_path.dsv'
[1.303s] INFO:colcon.colcon_core.shell:Creating environment hook '/home/gustavo/eufs_sim_teste/install/eufs_msgs/share/eufs_msgs/hook/cmake_prefix_path.sh'
[1.304s] Level 1:colcon.colcon_core.environment:checking '/home/gustavo/eufs_sim_teste/install/eufs_msgs/lib'
[1.304s] Level 1:colcon.colcon_core.shell:create_environment_hook('eufs_msgs', 'ld_library_path_lib')
[1.306s] INFO:colcon.colcon_core.shell:Creating environment hook '/home/gustavo/eufs_sim_teste/install/eufs_msgs/share/eufs_msgs/hook/ld_library_path_lib.ps1'
[1.306s] INFO:colcon.colcon_core.shell:Creating environment descriptor '/home/gustavo/eufs_sim_teste/install/eufs_msgs/share/eufs_msgs/hook/ld_library_path_lib.dsv'
[1.307s] INFO:colcon.colcon_core.shell:Creating environment hook '/home/gustavo/eufs_sim_teste/install/eufs_msgs/share/eufs_msgs/hook/ld_library_path_lib.sh'
[1.307s] Level 1:colcon.colcon_core.environment:checking '/home/gustavo/eufs_sim_teste/install/eufs_msgs/bin'
[1.307s] Level 1:colcon.colcon_core.environment:checking '/home/gustavo/eufs_sim_teste/install/eufs_msgs/lib/pkgconfig/eufs_msgs.pc'
[1.307s] Level 1:colcon.colcon_core.environment:checking '/home/gustavo/eufs_sim_teste/install/eufs_msgs/lib/python3.8/site-packages'
[1.307s] Level 1:colcon.colcon_core.shell:create_environment_hook('eufs_msgs', 'pythonpath')
[1.309s] INFO:colcon.colcon_core.shell:Creating environment hook '/home/gustavo/eufs_sim_teste/install/eufs_msgs/share/eufs_msgs/hook/pythonpath.ps1'
[1.310s] INFO:colcon.colcon_core.shell:Creating environment descriptor '/home/gustavo/eufs_sim_teste/install/eufs_msgs/share/eufs_msgs/hook/pythonpath.dsv'
[1.310s] INFO:colcon.colcon_core.shell:Creating environment hook '/home/gustavo/eufs_sim_teste/install/eufs_msgs/share/eufs_msgs/hook/pythonpath.sh'
[1.310s] Level 1:colcon.colcon_core.environment:checking '/home/gustavo/eufs_sim_teste/install/eufs_msgs/bin'
[1.313s] INFO:colcon.colcon_core.shell:Creating package script '/home/gustavo/eufs_sim_teste/install/eufs_msgs/share/eufs_msgs/package.ps1'
[1.313s] INFO:colcon.colcon_core.shell:Creating package descriptor '/home/gustavo/eufs_sim_teste/install/eufs_msgs/share/eufs_msgs/package.dsv'
[1.314s] INFO:colcon.colcon_core.shell:Creating package script '/home/gustavo/eufs_sim_teste/install/eufs_msgs/share/eufs_msgs/package.sh'
[1.314s] INFO:colcon.colcon_core.shell:Creating package script '/home/gustavo/eufs_sim_teste/install/eufs_msgs/share/eufs_msgs/package.bash'
[1.314s] INFO:colcon.colcon_core.shell:Creating package script '/home/gustavo/eufs_sim_teste/install/eufs_msgs/share/eufs_msgs/package.zsh'
[1.314s] Level 1:colcon.colcon_core.environment:create_file_with_runtime_dependencies(/home/gustavo/eufs_sim_teste/install/eufs_msgs/share/colcon-core/packages/eufs_msgs)
[1.506s] Level 1:colcon.colcon_core.environment:checking '/home/gustavo/eufs_sim_teste/install/eufs_tracks' for CMake module files
[1.507s] DEBUG:colcon.colcon_core.event_handler.log_command:Invoked command in '/home/gustavo/eufs_sim_teste/eufs_sim/eufs_tracks' returned '0': PYTHONPATH=/home/gustavo/eufs_sim_teste/build/eufs_tracks/prefix_override:/home/gustavo/eufs_sim_teste/install/eufs_tracks/lib/python3.8/site-packages: /usr/bin/python3 setup.py egg_info --egg-base ../../build/eufs_tracks build --build-base /home/gustavo/eufs_sim_teste/build/eufs_tracks/build install --record /home/gustavo/eufs_sim_teste/build/eufs_tracks/install.log --single-version-externally-managed
[1.507s] Level 1:colcon.colcon_core.environment:checking '/home/gustavo/eufs_sim_teste/install/eufs_tracks' for CMake config files
[1.508s] Level 1:colcon.colcon_core.environment:checking '/home/gustavo/eufs_sim_teste/install/eufs_tracks/lib'
[1.508s] Level 1:colcon.colcon_core.environment:checking '/home/gustavo/eufs_sim_teste/install/eufs_tracks/bin'
[1.508s] Level 1:colcon.colcon_core.environment:checking '/home/gustavo/eufs_sim_teste/install/eufs_tracks/lib/pkgconfig/eufs_tracks.pc'
[1.508s] Level 1:colcon.colcon_core.environment:checking '/home/gustavo/eufs_sim_teste/install/eufs_tracks/lib/python3.8/site-packages'
[1.508s] Level 1:colcon.colcon_core.shell:create_environment_hook('eufs_tracks', 'pythonpath')
[1.511s] INFO:colcon.colcon_core.shell:Creating environment hook '/home/gustavo/eufs_sim_teste/install/eufs_tracks/share/eufs_tracks/hook/pythonpath.ps1'
[1.511s] INFO:colcon.colcon_core.shell:Creating environment descriptor '/home/gustavo/eufs_sim_teste/install/eufs_tracks/share/eufs_tracks/hook/pythonpath.dsv'
[1.512s] INFO:colcon.colcon_core.shell:Creating environment hook '/home/gustavo/eufs_sim_teste/install/eufs_tracks/share/eufs_tracks/hook/pythonpath.sh'
[1.512s] Level 1:colcon.colcon_core.environment:checking '/home/gustavo/eufs_sim_teste/install/eufs_tracks/bin'
[1.512s] Level 1:colcon.colcon_core.environment:create_environment_scripts_only(eufs_tracks)
[1.515s] INFO:colcon.colcon_core.shell:Creating package script '/home/gustavo/eufs_sim_teste/install/eufs_tracks/share/eufs_tracks/package.ps1'
[1.515s] INFO:colcon.colcon_core.shell:Creating package descriptor '/home/gustavo/eufs_sim_teste/install/eufs_tracks/share/eufs_tracks/package.dsv'
[1.515s] INFO:colcon.colcon_core.shell:Creating package script '/home/gustavo/eufs_sim_teste/install/eufs_tracks/share/eufs_tracks/package.sh'
[1.516s] INFO:colcon.colcon_core.shell:Creating package script '/home/gustavo/eufs_sim_teste/install/eufs_tracks/share/eufs_tracks/package.bash'
[1.516s] INFO:colcon.colcon_core.shell:Creating package script '/home/gustavo/eufs_sim_teste/install/eufs_tracks/share/eufs_tracks/package.zsh'
[1.516s] Level 1:colcon.colcon_core.environment:create_file_with_runtime_dependencies(/home/gustavo/eufs_sim_teste/install/eufs_tracks/share/colcon-core/packages/eufs_tracks)
[1.516s] INFO:colcon.colcon_ros.task.ament_python.build:Building ROS package in '/home/gustavo/eufs_sim_teste/eufs_sim/eufs_launcher' with build type 'ament_python'
[1.517s] Level 1:colcon.colcon_core.shell:create_environment_hook('eufs_launcher', 'ament_prefix_path')
[1.519s] INFO:colcon.colcon_core.shell:Creating environment hook '/home/gustavo/eufs_sim_teste/install/eufs_launcher/share/eufs_launcher/hook/ament_prefix_path.ps1'
[1.520s] INFO:colcon.colcon_core.shell:Creating environment descriptor '/home/gustavo/eufs_sim_teste/install/eufs_launcher/share/eufs_launcher/hook/ament_prefix_path.dsv'
[1.520s] INFO:colcon.colcon_core.shell:Creating environment hook '/home/gustavo/eufs_sim_teste/install/eufs_launcher/share/eufs_launcher/hook/ament_prefix_path.sh'
[1.523s] INFO:colcon.colcon_core.shell:Skip shell extension 'powershell' for command environment: Not usable outside of PowerShell
[1.523s] DEBUG:colcon.colcon_core.shell:Skip shell extension 'dsv' for command environment
[1.531s] Level 1:colcon.colcon_core.environment:checking '/home/gustavo/eufs_sim_teste/install/eufs_racecar' for CMake module files
[1.532s] DEBUG:colcon.colcon_core.event_handler.log_command:Invoked command in '/home/gustavo/eufs_sim_teste/eufs_sim/eufs_racecar' returned '0': PYTHONPATH=/home/gustavo/eufs_sim_teste/build/eufs_racecar/prefix_override:/home/gustavo/eufs_sim_teste/install/eufs_racecar/lib/python3.8/site-packages: /usr/bin/python3 setup.py egg_info --egg-base ../../build/eufs_racecar build --build-base /home/gustavo/eufs_sim_teste/build/eufs_racecar/build install --record /home/gustavo/eufs_sim_teste/build/eufs_racecar/install.log --single-version-externally-managed
[1.532s] Level 1:colcon.colcon_core.environment:checking '/home/gustavo/eufs_sim_teste/install/eufs_racecar' for CMake config files
[1.533s] Level 1:colcon.colcon_core.environment:checking '/home/gustavo/eufs_sim_teste/install/eufs_racecar/lib'
[1.533s] Level 1:colcon.colcon_core.environment:checking '/home/gustavo/eufs_sim_teste/install/eufs_racecar/bin'
[1.533s] Level 1:colcon.colcon_core.environment:checking '/home/gustavo/eufs_sim_teste/install/eufs_racecar/lib/pkgconfig/eufs_racecar.pc'
[1.533s] Level 1:colcon.colcon_core.environment:checking '/home/gustavo/eufs_sim_teste/install/eufs_racecar/lib/python3.8/site-packages'
[1.533s] Level 1:colcon.colcon_core.shell:create_environment_hook('eufs_racecar', 'pythonpath')
[1.535s] INFO:colcon.colcon_core.shell:Creating environment hook '/home/gustavo/eufs_sim_teste/install/eufs_racecar/share/eufs_racecar/hook/pythonpath.ps1'
[1.536s] INFO:colcon.colcon_core.shell:Creating environment descriptor '/home/gustavo/eufs_sim_teste/install/eufs_racecar/share/eufs_racecar/hook/pythonpath.dsv'
[1.536s] INFO:colcon.colcon_core.shell:Creating environment hook '/home/gustavo/eufs_sim_teste/install/eufs_racecar/share/eufs_racecar/hook/pythonpath.sh'
[1.536s] Level 1:colcon.colcon_core.environment:checking '/home/gustavo/eufs_sim_teste/install/eufs_racecar/bin'
[1.536s] Level 1:colcon.colcon_core.environment:create_environment_scripts_only(eufs_racecar)
[1.539s] INFO:colcon.colcon_core.shell:Creating package script '/home/gustavo/eufs_sim_teste/install/eufs_racecar/share/eufs_racecar/package.ps1'
[1.539s] INFO:colcon.colcon_core.shell:Creating package descriptor '/home/gustavo/eufs_sim_teste/install/eufs_racecar/share/eufs_racecar/package.dsv'
[1.539s] INFO:colcon.colcon_core.shell:Creating package script '/home/gustavo/eufs_sim_teste/install/eufs_racecar/share/eufs_racecar/package.sh'
[1.540s] INFO:colcon.colcon_core.shell:Creating package script '/home/gustavo/eufs_sim_teste/install/eufs_racecar/share/eufs_racecar/package.bash'
[1.540s] INFO:colcon.colcon_core.shell:Creating package script '/home/gustavo/eufs_sim_teste/install/eufs_racecar/share/eufs_racecar/package.zsh'
[1.540s] Level 1:colcon.colcon_core.environment:create_file_with_runtime_dependencies(/home/gustavo/eufs_sim_teste/install/eufs_racecar/share/colcon-core/packages/eufs_racecar)
[1.703s] INFO:colcon.colcon_core.task.python.build:Building Python package in '/home/gustavo/eufs_sim_teste/eufs_sim/eufs_launcher'
[1.706s] INFO:colcon.colcon_core.shell:Skip shell extension 'powershell' for command environment: Not usable outside of PowerShell
[1.706s] DEBUG:colcon.colcon_core.shell:Skip shell extension 'dsv' for command environment
[1.712s] Level 1:colcon.colcon_core.environment:create_environment_scripts_only(eufs_msgs)
[1.715s] Level 1:colcon.colcon_core.environment:checking '/home/gustavo/eufs_sim_teste/install/eufs_msgs' for CMake module files
[1.716s] Level 1:colcon.colcon_core.environment:checking '/home/gustavo/eufs_sim_teste/install/eufs_msgs' for CMake config files
[1.716s] Level 1:colcon.colcon_core.shell:create_environment_hook('eufs_msgs', 'cmake_prefix_path')
[1.718s] INFO:colcon.colcon_core.shell:Creating environment hook '/home/gustavo/eufs_sim_teste/install/eufs_msgs/share/eufs_msgs/hook/cmake_prefix_path.ps1'
[1.718s] INFO:colcon.colcon_core.shell:Creating environment descriptor '/home/gustavo/eufs_sim_teste/install/eufs_msgs/share/eufs_msgs/hook/cmake_prefix_path.dsv'
[1.718s] INFO:colcon.colcon_core.shell:Creating environment hook '/home/gustavo/eufs_sim_teste/install/eufs_msgs/share/eufs_msgs/hook/cmake_prefix_path.sh'
[1.719s] Level 1:colcon.colcon_core.environment:checking '/home/gustavo/eufs_sim_teste/install/eufs_msgs/lib'
[1.719s] Level 1:colcon.colcon_core.shell:create_environment_hook('eufs_msgs', 'ld_library_path_lib')
[1.721s] INFO:colcon.colcon_core.shell:Creating environment hook '/home/gustavo/eufs_sim_teste/install/eufs_msgs/share/eufs_msgs/hook/ld_library_path_lib.ps1'
[1.721s] INFO:colcon.colcon_core.shell:Creating environment descriptor '/home/gustavo/eufs_sim_teste/install/eufs_msgs/share/eufs_msgs/hook/ld_library_path_lib.dsv'
[1.721s] INFO:colcon.colcon_core.shell:Creating environment hook '/home/gustavo/eufs_sim_teste/install/eufs_msgs/share/eufs_msgs/hook/ld_library_path_lib.sh'
[1.721s] Level 1:colcon.colcon_core.environment:checking '/home/gustavo/eufs_sim_teste/install/eufs_msgs/bin'
[1.721s] Level 1:colcon.colcon_core.environment:checking '/home/gustavo/eufs_sim_teste/install/eufs_msgs/lib/pkgconfig/eufs_msgs.pc'
[1.721s] Level 1:colcon.colcon_core.environment:checking '/home/gustavo/eufs_sim_teste/install/eufs_msgs/lib/python3.8/site-packages'
[1.722s] Level 1:colcon.colcon_core.shell:create_environment_hook('eufs_msgs', 'pythonpath')
[1.723s] INFO:colcon.colcon_core.shell:Creating environment hook '/home/gustavo/eufs_sim_teste/install/eufs_msgs/share/eufs_msgs/hook/pythonpath.ps1'
[1.724s] INFO:colcon.colcon_core.shell:Creating environment descriptor '/home/gustavo/eufs_sim_teste/install/eufs_msgs/share/eufs_msgs/hook/pythonpath.dsv'
[1.724s] INFO:colcon.colcon_core.shell:Creating environment hook '/home/gustavo/eufs_sim_teste/install/eufs_msgs/share/eufs_msgs/hook/pythonpath.sh'
[1.724s] Level 1:colcon.colcon_core.environment:checking '/home/gustavo/eufs_sim_teste/install/eufs_msgs/bin'
[1.726s] INFO:colcon.colcon_core.shell:Creating package script '/home/gustavo/eufs_sim_teste/install/eufs_msgs/share/eufs_msgs/package.ps1'
[1.726s] INFO:colcon.colcon_core.shell:Creating package descriptor '/home/gustavo/eufs_sim_teste/install/eufs_msgs/share/eufs_msgs/package.dsv'
[1.727s] INFO:colcon.colcon_core.shell:Creating package script '/home/gustavo/eufs_sim_teste/install/eufs_msgs/share/eufs_msgs/package.sh'
[1.727s] INFO:colcon.colcon_core.shell:Creating package script '/home/gustavo/eufs_sim_teste/install/eufs_msgs/share/eufs_msgs/package.bash'
[1.727s] INFO:colcon.colcon_core.shell:Creating package script '/home/gustavo/eufs_sim_teste/install/eufs_msgs/share/eufs_msgs/package.zsh'
[1.728s] Level 1:colcon.colcon_core.environment:create_file_with_runtime_dependencies(/home/gustavo/eufs_sim_teste/install/eufs_msgs/share/colcon-core/packages/eufs_msgs)
[1.728s] INFO:colcon.colcon_ros.task.ament_cmake.build:Building ROS package in '/home/gustavo/eufs_sim_teste/eufs_sim/eufs_models' with build type 'ament_cmake'
[1.728s] INFO:colcon.colcon_cmake.task.cmake.build:Building CMake package in '/home/gustavo/eufs_sim_teste/eufs_sim/eufs_models'
[1.730s] INFO:colcon.colcon_core.shell:Skip shell extension 'powershell' for command environment: Not usable outside of PowerShell
[1.730s] DEBUG:colcon.colcon_core.shell:Skip shell extension 'dsv' for command environment
[1.733s] INFO:colcon.colcon_ros.task.ament_python.build:Building ROS package in '/home/gustavo/eufs_sim_teste/eufs_sim/eufs_rqt' with build type 'ament_python'
[1.734s] Level 1:colcon.colcon_core.shell:create_environment_hook('eufs_rqt', 'ament_prefix_path')
[1.736s] INFO:colcon.colcon_core.shell:Creating environment hook '/home/gustavo/eufs_sim_teste/install/eufs_rqt/share/eufs_rqt/hook/ament_prefix_path.ps1'
[1.737s] INFO:colcon.colcon_core.shell:Creating environment descriptor '/home/gustavo/eufs_sim_teste/install/eufs_rqt/share/eufs_rqt/hook/ament_prefix_path.dsv'
[1.737s] INFO:colcon.colcon_core.shell:Creating environment hook '/home/gustavo/eufs_sim_teste/install/eufs_rqt/share/eufs_rqt/hook/ament_prefix_path.sh'
[1.739s] INFO:colcon.colcon_core.shell:Skip shell extension 'powershell' for command environment: Not usable outside of PowerShell
[1.739s] DEBUG:colcon.colcon_core.shell:Skip shell extension 'dsv' for command environment
[1.751s] DEBUG:colcon.colcon_core.event_handler.log_command:Invoking command in '/home/gustavo/eufs_sim_teste/build/eufs_models': AMENT_PREFIX_PATH=/home/gustavo/eufs_sim_teste/install/eufs_msgs CMAKE_PREFIX_PATH=/home/gustavo/eufs_sim_teste/install/eufs_msgs LD_LIBRARY_PATH=/home/gustavo/eufs_sim_teste/install/eufs_msgs/lib PYTHONPATH=/home/gustavo/eufs_sim_teste/install/eufs_msgs/lib/python3.8/site-packages /usr/bin/cmake --build /home/gustavo/eufs_sim_teste/build/eufs_models -- -j8 -l8
[1.910s] INFO:colcon.colcon_core.task.python.build:Building Python package in '/home/gustavo/eufs_sim_teste/eufs_sim/eufs_rqt'
[1.912s] INFO:colcon.colcon_core.shell:Skip shell extension 'powershell' for command environment: Not usable outside of PowerShell
[1.912s] DEBUG:colcon.colcon_core.shell:Skip shell extension 'dsv' for command environment
[1.917s] DEBUG:colcon.colcon_core.event_handler.log_command:Invoked command in '/home/gustavo/eufs_sim_teste/build/eufs_models' returned '0': AMENT_PREFIX_PATH=/home/gustavo/eufs_sim_teste/install/eufs_msgs CMAKE_PREFIX_PATH=/home/gustavo/eufs_sim_teste/install/eufs_msgs LD_LIBRARY_PATH=/home/gustavo/eufs_sim_teste/install/eufs_msgs/lib PYTHONPATH=/home/gustavo/eufs_sim_teste/install/eufs_msgs/lib/python3.8/site-packages /usr/bin/cmake --build /home/gustavo/eufs_sim_teste/build/eufs_models -- -j8 -l8
[1.934s] DEBUG:colcon.colcon_core.event_handler.log_command:Invoking command in '/home/gustavo/eufs_sim_teste/build/eufs_models': AMENT_PREFIX_PATH=/home/gustavo/eufs_sim_teste/install/eufs_msgs CMAKE_PREFIX_PATH=/home/gustavo/eufs_sim_teste/install/eufs_msgs LD_LIBRARY_PATH=/home/gustavo/eufs_sim_teste/install/eufs_msgs/lib PYTHONPATH=/home/gustavo/eufs_sim_teste/install/eufs_msgs/lib/python3.8/site-packages /usr/bin/cmake --install /home/gustavo/eufs_sim_teste/build/eufs_models
[1.945s] Level 1:colcon.colcon_core.environment:create_environment_scripts_only(eufs_models)
[1.948s] Level 1:colcon.colcon_core.environment:checking '/home/gustavo/eufs_sim_teste/install/eufs_models' for CMake module files
[1.949s] DEBUG:colcon.colcon_core.event_handler.log_command:Invoked command in '/home/gustavo/eufs_sim_teste/build/eufs_models' returned '0': AMENT_PREFIX_PATH=/home/gustavo/eufs_sim_teste/install/eufs_msgs CMAKE_PREFIX_PATH=/home/gustavo/eufs_sim_teste/install/eufs_msgs LD_LIBRARY_PATH=/home/gustavo/eufs_sim_teste/install/eufs_msgs/lib PYTHONPATH=/home/gustavo/eufs_sim_teste/install/eufs_msgs/lib/python3.8/site-packages /usr/bin/cmake --install /home/gustavo/eufs_sim_teste/build/eufs_models
[1.949s] Level 1:colcon.colcon_core.environment:checking '/home/gustavo/eufs_sim_teste/install/eufs_models' for CMake config files
[1.949s] Level 1:colcon.colcon_core.shell:create_environment_hook('eufs_models', 'cmake_prefix_path')
[1.951s] INFO:colcon.colcon_core.shell:Creating environment hook '/home/gustavo/eufs_sim_teste/install/eufs_models/share/eufs_models/hook/cmake_prefix_path.ps1'
[1.952s] INFO:colcon.colcon_core.shell:Creating environment descriptor '/home/gustavo/eufs_sim_teste/install/eufs_models/share/eufs_models/hook/cmake_prefix_path.dsv'
[1.952s] INFO:colcon.colcon_core.shell:Creating environment hook '/home/gustavo/eufs_sim_teste/install/eufs_models/share/eufs_models/hook/cmake_prefix_path.sh'
[1.953s] Level 1:colcon.colcon_core.environment:checking '/home/gustavo/eufs_sim_teste/install/eufs_models/lib'
[1.953s] Level 1:colcon.colcon_core.environment:checking '/home/gustavo/eufs_sim_teste/install/eufs_models/bin'
[1.953s] Level 1:colcon.colcon_core.environment:checking '/home/gustavo/eufs_sim_teste/install/eufs_models/lib/pkgconfig/eufs_models.pc'
[1.953s] Level 1:colcon.colcon_core.environment:checking '/home/gustavo/eufs_sim_teste/install/eufs_models/lib/python3.8/site-packages'
[1.953s] Level 1:colcon.colcon_core.environment:checking '/home/gustavo/eufs_sim_teste/install/eufs_models/bin'
[1.955s] INFO:colcon.colcon_core.shell:Creating package script '/home/gustavo/eufs_sim_teste/install/eufs_models/share/eufs_models/package.ps1'
[1.956s] INFO:colcon.colcon_core.shell:Creating package descriptor '/home/gustavo/eufs_sim_teste/install/eufs_models/share/eufs_models/package.dsv'
[1.956s] INFO:colcon.colcon_core.shell:Creating package script '/home/gustavo/eufs_sim_teste/install/eufs_models/share/eufs_models/package.sh'
[1.956s] INFO:colcon.colcon_core.shell:Creating package script '/home/gustavo/eufs_sim_teste/install/eufs_models/share/eufs_models/package.bash'
[1.956s] INFO:colcon.colcon_core.shell:Creating package script '/home/gustavo/eufs_sim_teste/install/eufs_models/share/eufs_models/package.zsh'
[1.956s] Level 1:colcon.colcon_core.environment:create_file_with_runtime_dependencies(/home/gustavo/eufs_sim_teste/install/eufs_models/share/colcon-core/packages/eufs_models)
[1.975s] Level 1:colcon.colcon_core.environment:create_environment_scripts_only(eufs_models)
[1.978s] Level 1:colcon.colcon_core.environment:checking '/home/gustavo/eufs_sim_teste/install/eufs_models' for CMake module files
[1.979s] Level 1:colcon.colcon_core.environment:checking '/home/gustavo/eufs_sim_teste/install/eufs_models' for CMake config files
[1.979s] Level 1:colcon.colcon_core.shell:create_environment_hook('eufs_models', 'cmake_prefix_path')
[1.981s] INFO:colcon.colcon_core.shell:Creating environment hook '/home/gustavo/eufs_sim_teste/install/eufs_models/share/eufs_models/hook/cmake_prefix_path.ps1'
[1.982s] INFO:colcon.colcon_core.shell:Creating environment descriptor '/home/gustavo/eufs_sim_teste/install/eufs_models/share/eufs_models/hook/cmake_prefix_path.dsv'
[1.982s] INFO:colcon.colcon_core.shell:Creating environment hook '/home/gustavo/eufs_sim_teste/install/eufs_models/share/eufs_models/hook/cmake_prefix_path.sh'
[1.982s] Level 1:colcon.colcon_core.environment:checking '/home/gustavo/eufs_sim_teste/install/eufs_models/lib'
[1.982s] Level 1:colcon.colcon_core.environment:checking '/home/gustavo/eufs_sim_teste/install/eufs_models/bin'
[1.982s] Level 1:colcon.colcon_core.environment:checking '/home/gustavo/eufs_sim_teste/install/eufs_models/lib/pkgconfig/eufs_models.pc'
[1.982s] Level 1:colcon.colcon_core.environment:checking '/home/gustavo/eufs_sim_teste/install/eufs_models/lib/python3.8/site-packages'
[1.983s] Level 1:colcon.colcon_core.environment:checking '/home/gustavo/eufs_sim_teste/install/eufs_models/bin'
[1.985s] INFO:colcon.colcon_core.shell:Creating package script '/home/gustavo/eufs_sim_teste/install/eufs_models/share/eufs_models/package.ps1'
[1.986s] INFO:colcon.colcon_core.shell:Creating package descriptor '/home/gustavo/eufs_sim_teste/install/eufs_models/share/eufs_models/package.dsv'
[1.986s] INFO:colcon.colcon_core.shell:Creating package script '/home/gustavo/eufs_sim_teste/install/eufs_models/share/eufs_models/package.sh'
[1.986s] INFO:colcon.colcon_core.shell:Creating package script '/home/gustavo/eufs_sim_teste/install/eufs_models/share/eufs_models/package.bash'
[1.987s] INFO:colcon.colcon_core.shell:Creating package script '/home/gustavo/eufs_sim_teste/install/eufs_models/share/eufs_models/package.zsh'
[1.987s] Level 1:colcon.colcon_core.environment:create_file_with_runtime_dependencies(/home/gustavo/eufs_sim_teste/install/eufs_models/share/colcon-core/packages/eufs_models)
[1.988s] INFO:colcon.colcon_ros.task.ament_cmake.build:Building ROS package in '/home/gustavo/eufs_sim_teste/eufs_sim/eufs_plugins' with build type 'ament_cmake'
[1.988s] INFO:colcon.colcon_cmake.task.cmake.build:Building CMake package in '/home/gustavo/eufs_sim_teste/eufs_sim/eufs_plugins'
[1.991s] INFO:colcon.colcon_core.shell:Skip shell extension 'powershell' for command environment: Not usable outside of PowerShell
[1.991s] DEBUG:colcon.colcon_core.shell:Skip shell extension 'dsv' for command environment
[2.003s] DEBUG:colcon.colcon_core.event_handler.log_command:Invoking command in '/home/gustavo/eufs_sim_teste/build/eufs_plugins': AMENT_PREFIX_PATH=/home/gustavo/eufs_sim_teste/install/eufs_models:/home/gustavo/eufs_sim_teste/install/eufs_msgs CMAKE_PREFIX_PATH=/home/gustavo/eufs_sim_teste/install/eufs_models:/home/gustavo/eufs_sim_teste/install/eufs_msgs LD_LIBRARY_PATH=/home/gustavo/eufs_sim_teste/install/eufs_models/lib:/home/gustavo/eufs_sim_teste/install/eufs_msgs/lib PYTHONPATH=/home/gustavo/eufs_sim_teste/install/eufs_msgs/lib/python3.8/site-packages /usr/bin/cmake --build /home/gustavo/eufs_sim_teste/build/eufs_plugins -- -j8 -l8
[2.014s] DEBUG:colcon.colcon_core.event_handler.log_command:Invoking command in '/home/gustavo/eufs_sim_teste/eufs_sim/eufs_launcher': AMENT_PREFIX_PATH=/home/gustavo/eufs_sim_teste/install/eufs_tracks PYTHONPATH=/home/gustavo/eufs_sim_teste/build/eufs_launcher/prefix_override:/home/gustavo/eufs_sim_teste/install/eufs_launcher/lib/python3.8/site-packages:/home/gustavo/eufs_sim_teste/install/eufs_tracks/lib/python3.8/site-packages /usr/bin/python3 setup.py egg_info --egg-base ../../build/eufs_launcher build --build-base /home/gustavo/eufs_sim_teste/build/eufs_launcher/build install --record /home/gustavo/eufs_sim_teste/build/eufs_launcher/install.log --single-version-externally-managed
[2.142s] DEBUG:colcon.colcon_core.event_handler.log_command:Invoked command in '/home/gustavo/eufs_sim_teste/build/eufs_plugins' returned '0': AMENT_PREFIX_PATH=/home/gustavo/eufs_sim_teste/install/eufs_models:/home/gustavo/eufs_sim_teste/install/eufs_msgs CMAKE_PREFIX_PATH=/home/gustavo/eufs_sim_teste/install/eufs_models:/home/gustavo/eufs_sim_teste/install/eufs_msgs LD_LIBRARY_PATH=/home/gustavo/eufs_sim_teste/install/eufs_models/lib:/home/gustavo/eufs_sim_teste/install/eufs_msgs/lib PYTHONPATH=/home/gustavo/eufs_sim_teste/install/eufs_msgs/lib/python3.8/site-packages /usr/bin/cmake --build /home/gustavo/eufs_sim_teste/build/eufs_plugins -- -j8 -l8
[2.160s] DEBUG:colcon.colcon_core.event_handler.log_command:Invoking command in '/home/gustavo/eufs_sim_teste/build/eufs_plugins': AMENT_PREFIX_PATH=/home/gustavo/eufs_sim_teste/install/eufs_models:/home/gustavo/eufs_sim_teste/install/eufs_msgs CMAKE_PREFIX_PATH=/home/gustavo/eufs_sim_teste/install/eufs_models:/home/gustavo/eufs_sim_teste/install/eufs_msgs LD_LIBRARY_PATH=/home/gustavo/eufs_sim_teste/install/eufs_models/lib:/home/gustavo/eufs_sim_teste/install/eufs_msgs/lib PYTHONPATH=/home/gustavo/eufs_sim_teste/install/eufs_msgs/lib/python3.8/site-packages /usr/bin/cmake --install /home/gustavo/eufs_sim_teste/build/eufs_plugins
[2.175s] Level 1:colcon.colcon_core.environment:create_environment_scripts_only(eufs_plugins)
[2.179s] Level 1:colcon.colcon_core.environment:checking '/home/gustavo/eufs_sim_teste/install/eufs_plugins' for CMake module files
[2.180s] DEBUG:colcon.colcon_core.event_handler.log_command:Invoked command in '/home/gustavo/eufs_sim_teste/build/eufs_plugins' returned '0': AMENT_PREFIX_PATH=/home/gustavo/eufs_sim_teste/install/eufs_models:/home/gustavo/eufs_sim_teste/install/eufs_msgs CMAKE_PREFIX_PATH=/home/gustavo/eufs_sim_teste/install/eufs_models:/home/gustavo/eufs_sim_teste/install/eufs_msgs LD_LIBRARY_PATH=/home/gustavo/eufs_sim_teste/install/eufs_models/lib:/home/gustavo/eufs_sim_teste/install/eufs_msgs/lib PYTHONPATH=/home/gustavo/eufs_sim_teste/install/eufs_msgs/lib/python3.8/site-packages /usr/bin/cmake --install /home/gustavo/eufs_sim_teste/build/eufs_plugins
[2.180s] Level 1:colcon.colcon_core.environment:checking '/home/gustavo/eufs_sim_teste/install/eufs_plugins' for CMake config files
[2.180s] Level 1:colcon.colcon_core.shell:create_environment_hook('eufs_plugins', 'cmake_prefix_path')
[2.183s] INFO:colcon.colcon_core.shell:Creating environment hook '/home/gustavo/eufs_sim_teste/install/eufs_plugins/share/eufs_plugins/hook/cmake_prefix_path.ps1'
[2.183s] INFO:colcon.colcon_core.shell:Creating environment descriptor '/home/gustavo/eufs_sim_teste/install/eufs_plugins/share/eufs_plugins/hook/cmake_prefix_path.dsv'
[2.183s] INFO:colcon.colcon_core.shell:Creating environment hook '/home/gustavo/eufs_sim_teste/install/eufs_plugins/share/eufs_plugins/hook/cmake_prefix_path.sh'
[2.184s] Level 1:colcon.colcon_core.environment:checking '/home/gustavo/eufs_sim_teste/install/eufs_plugins/lib'
[2.184s] Level 1:colcon.colcon_core.shell:create_environment_hook('eufs_plugins', 'ld_library_path_lib')
[2.186s] INFO:colcon.colcon_core.shell:Creating environment hook '/home/gustavo/eufs_sim_teste/install/eufs_plugins/share/eufs_plugins/hook/ld_library_path_lib.ps1'
[2.187s] INFO:colcon.colcon_core.shell:Creating environment descriptor '/home/gustavo/eufs_sim_teste/install/eufs_plugins/share/eufs_plugins/hook/ld_library_path_lib.dsv'
[2.188s] INFO:colcon.colcon_core.shell:Creating environment hook '/home/gustavo/eufs_sim_teste/install/eufs_plugins/share/eufs_plugins/hook/ld_library_path_lib.sh'
[2.188s] Level 1:colcon.colcon_core.environment:checking '/home/gustavo/eufs_sim_teste/install/eufs_plugins/bin'
[2.188s] Level 1:colcon.colcon_core.environment:checking '/home/gustavo/eufs_sim_teste/install/eufs_plugins/lib/pkgconfig/eufs_plugins.pc'
[2.189s] Level 1:colcon.colcon_core.environment:checking '/home/gustavo/eufs_sim_teste/install/eufs_plugins/lib/python3.8/site-packages'
[2.189s] Level 1:colcon.colcon_core.environment:checking '/home/gustavo/eufs_sim_teste/install/eufs_plugins/bin'
[2.193s] INFO:colcon.colcon_core.shell:Creating package script '/home/gustavo/eufs_sim_teste/install/eufs_plugins/share/eufs_plugins/package.ps1'
[2.194s] INFO:colcon.colcon_core.shell:Creating package descriptor '/home/gustavo/eufs_sim_teste/install/eufs_plugins/share/eufs_plugins/package.dsv'
[2.195s] INFO:colcon.colcon_core.shell:Creating package script '/home/gustavo/eufs_sim_teste/install/eufs_plugins/share/eufs_plugins/package.sh'
[2.196s] INFO:colcon.colcon_core.shell:Creating package script '/home/gustavo/eufs_sim_teste/install/eufs_plugins/share/eufs_plugins/package.bash'
[2.197s] INFO:colcon.colcon_core.shell:Creating package script '/home/gustavo/eufs_sim_teste/install/eufs_plugins/share/eufs_plugins/package.zsh'
[2.197s] Level 1:colcon.colcon_core.environment:create_file_with_runtime_dependencies(/home/gustavo/eufs_sim_teste/install/eufs_plugins/share/colcon-core/packages/eufs_plugins)
[2.213s] DEBUG:colcon.colcon_core.event_handler.log_command:Invoking command in '/home/gustavo/eufs_sim_teste/eufs_sim/eufs_rqt': AMENT_PREFIX_PATH=/home/gustavo/eufs_sim_teste/install/eufs_msgs CMAKE_PREFIX_PATH=/home/gustavo/eufs_sim_teste/install/eufs_msgs LD_LIBRARY_PATH=/home/gustavo/eufs_sim_teste/install/eufs_msgs/lib PYTHONPATH=/home/gustavo/eufs_sim_teste/build/eufs_rqt/prefix_override:/home/gustavo/eufs_sim_teste/install/eufs_rqt/lib/python3.8/site-packages:/home/gustavo/eufs_sim_teste/install/eufs_msgs/lib/python3.8/site-packages /usr/bin/python3 setup.py egg_info --egg-base ../../build/eufs_rqt build --build-base /home/gustavo/eufs_sim_teste/build/eufs_rqt/build install --record /home/gustavo/eufs_sim_teste/build/eufs_rqt/install.log --single-version-externally-managed
[2.218s] Level 1:colcon.colcon_core.environment:create_environment_scripts_only(eufs_plugins)
[2.223s] Level 1:colcon.colcon_core.environment:checking '/home/gustavo/eufs_sim_teste/install/eufs_plugins' for CMake module files
[2.224s] Level 1:colcon.colcon_core.environment:checking '/home/gustavo/eufs_sim_teste/install/eufs_plugins' for CMake config files
[2.224s] Level 1:colcon.colcon_core.shell:create_environment_hook('eufs_plugins', 'cmake_prefix_path')
[2.228s] INFO:colcon.colcon_core.shell:Creating environment hook '/home/gustavo/eufs_sim_teste/install/eufs_plugins/share/eufs_plugins/hook/cmake_prefix_path.ps1'
[2.228s] INFO:colcon.colcon_core.shell:Creating environment descriptor '/home/gustavo/eufs_sim_teste/install/eufs_plugins/share/eufs_plugins/hook/cmake_prefix_path.dsv'
[2.229s] INFO:colcon.colcon_core.shell:Creating environment hook '/home/gustavo/eufs_sim_teste/install/eufs_plugins/share/eufs_plugins/hook/cmake_prefix_path.sh'
[2.229s] Level 1:colcon.colcon_core.environment:checking '/home/gustavo/eufs_sim_teste/install/eufs_plugins/lib'
[2.229s] Level 1:colcon.colcon_core.shell:create_environment_hook('eufs_plugins', 'ld_library_path_lib')
[2.233s] INFO:colcon.colcon_core.shell:Creating environment hook '/home/gustavo/eufs_sim_teste/install/eufs_plugins/share/eufs_plugins/hook/ld_library_path_lib.ps1'
[2.234s] INFO:colcon.colcon_core.shell:Creating environment descriptor '/home/gustavo/eufs_sim_teste/install/eufs_plugins/share/eufs_plugins/hook/ld_library_path_lib.dsv'
[2.234s] INFO:colcon.colcon_core.shell:Creating environment hook '/home/gustavo/eufs_sim_teste/install/eufs_plugins/share/eufs_plugins/hook/ld_library_path_lib.sh'
[2.234s] Level 1:colcon.colcon_core.environment:checking '/home/gustavo/eufs_sim_teste/install/eufs_plugins/bin'
[2.234s] Level 1:colcon.colcon_core.environment:checking '/home/gustavo/eufs_sim_teste/install/eufs_plugins/lib/pkgconfig/eufs_plugins.pc'
[2.234s] Level 1:colcon.colcon_core.environment:checking '/home/gustavo/eufs_sim_teste/install/eufs_plugins/lib/python3.8/site-packages'
[2.235s] Level 1:colcon.colcon_core.environment:checking '/home/gustavo/eufs_sim_teste/install/eufs_plugins/bin'
[2.237s] INFO:colcon.colcon_core.shell:Creating package script '/home/gustavo/eufs_sim_teste/install/eufs_plugins/share/eufs_plugins/package.ps1'
[2.238s] INFO:colcon.colcon_core.shell:Creating package descriptor '/home/gustavo/eufs_sim_teste/install/eufs_plugins/share/eufs_plugins/package.dsv'
[2.238s] INFO:colcon.colcon_core.shell:Creating package script '/home/gustavo/eufs_sim_teste/install/eufs_plugins/share/eufs_plugins/package.sh'
[2.238s] INFO:colcon.colcon_core.shell:Creating package script '/home/gustavo/eufs_sim_teste/install/eufs_plugins/share/eufs_plugins/package.bash'
[2.239s] INFO:colcon.colcon_core.shell:Creating package script '/home/gustavo/eufs_sim_teste/install/eufs_plugins/share/eufs_plugins/package.zsh'
[2.239s] Level 1:colcon.colcon_core.environment:create_file_with_runtime_dependencies(/home/gustavo/eufs_sim_teste/install/eufs_plugins/share/colcon-core/packages/eufs_plugins)
[2.243s] Level 1:colcon.colcon_core.environment:checking '/home/gustavo/eufs_sim_teste/install/eufs_launcher' for CMake module files
[2.244s] DEBUG:colcon.colcon_core.event_handler.log_command:Invoked command in '/home/gustavo/eufs_sim_teste/eufs_sim/eufs_launcher' returned '0': AMENT_PREFIX_PATH=/home/gustavo/eufs_sim_teste/install/eufs_tracks PYTHONPATH=/home/gustavo/eufs_sim_teste/build/eufs_launcher/prefix_override:/home/gustavo/eufs_sim_teste/install/eufs_launcher/lib/python3.8/site-packages:/home/gustavo/eufs_sim_teste/install/eufs_tracks/lib/python3.8/site-packages /usr/bin/python3 setup.py egg_info --egg-base ../../build/eufs_launcher build --build-base /home/gustavo/eufs_sim_teste/build/eufs_launcher/build install --record /home/gustavo/eufs_sim_teste/build/eufs_launcher/install.log --single-version-externally-managed
[2.244s] Level 1:colcon.colcon_core.environment:checking '/home/gustavo/eufs_sim_teste/install/eufs_launcher' for CMake config files
[2.244s] Level 1:colcon.colcon_core.environment:checking '/home/gustavo/eufs_sim_teste/install/eufs_launcher/lib'
[2.244s] Level 1:colcon.colcon_core.environment:checking '/home/gustavo/eufs_sim_teste/install/eufs_launcher/bin'
[2.245s] Level 1:colcon.colcon_core.environment:checking '/home/gustavo/eufs_sim_teste/install/eufs_launcher/lib/pkgconfig/eufs_launcher.pc'
[2.245s] Level 1:colcon.colcon_core.environment:checking '/home/gustavo/eufs_sim_teste/install/eufs_launcher/lib/python3.8/site-packages'
[2.245s] Level 1:colcon.colcon_core.shell:create_environment_hook('eufs_launcher', 'pythonpath')
[2.247s] INFO:colcon.colcon_core.shell:Creating environment hook '/home/gustavo/eufs_sim_teste/install/eufs_launcher/share/eufs_launcher/hook/pythonpath.ps1'
[2.247s] INFO:colcon.colcon_core.shell:Creating environment descriptor '/home/gustavo/eufs_sim_teste/install/eufs_launcher/share/eufs_launcher/hook/pythonpath.dsv'
[2.248s] INFO:colcon.colcon_core.shell:Creating environment hook '/home/gustavo/eufs_sim_teste/install/eufs_launcher/share/eufs_launcher/hook/pythonpath.sh'
[2.248s] Level 1:colcon.colcon_core.environment:checking '/home/gustavo/eufs_sim_teste/install/eufs_launcher/bin'
[2.248s] Level 1:colcon.colcon_core.environment:create_environment_scripts_only(eufs_launcher)
[2.250s] INFO:colcon.colcon_core.shell:Creating package script '/home/gustavo/eufs_sim_teste/install/eufs_launcher/share/eufs_launcher/package.ps1'
[2.250s] INFO:colcon.colcon_core.shell:Creating package descriptor '/home/gustavo/eufs_sim_teste/install/eufs_launcher/share/eufs_launcher/package.dsv'
[2.251s] INFO:colcon.colcon_core.shell:Creating package script '/home/gustavo/eufs_sim_teste/install/eufs_launcher/share/eufs_launcher/package.sh'
[2.251s] INFO:colcon.colcon_core.shell:Creating package script '/home/gustavo/eufs_sim_teste/install/eufs_launcher/share/eufs_launcher/package.bash'
[2.251s] INFO:colcon.colcon_core.shell:Creating package script '/home/gustavo/eufs_sim_teste/install/eufs_launcher/share/eufs_launcher/package.zsh'
[2.251s] Level 1:colcon.colcon_core.environment:create_file_with_runtime_dependencies(/home/gustavo/eufs_sim_teste/install/eufs_launcher/share/colcon-core/packages/eufs_launcher)
[2.395s] Level 1:colcon.colcon_core.environment:checking '/home/gustavo/eufs_sim_teste/install/eufs_rqt' for CMake module files
[2.396s] DEBUG:colcon.colcon_core.event_handler.log_command:Invoked command in '/home/gustavo/eufs_sim_teste/eufs_sim/eufs_rqt' returned '0': AMENT_PREFIX_PATH=/home/gustavo/eufs_sim_teste/install/eufs_msgs CMAKE_PREFIX_PATH=/home/gustavo/eufs_sim_teste/install/eufs_msgs LD_LIBRARY_PATH=/home/gustavo/eufs_sim_teste/install/eufs_msgs/lib PYTHONPATH=/home/gustavo/eufs_sim_teste/build/eufs_rqt/prefix_override:/home/gustavo/eufs_sim_teste/install/eufs_rqt/lib/python3.8/site-packages:/home/gustavo/eufs_sim_teste/install/eufs_msgs/lib/python3.8/site-packages /usr/bin/python3 setup.py egg_info --egg-base ../../build/eufs_rqt build --build-base /home/gustavo/eufs_sim_teste/build/eufs_rqt/build install --record /home/gustavo/eufs_sim_teste/build/eufs_rqt/install.log --single-version-externally-managed
[2.396s] Level 1:colcon.colcon_core.environment:checking '/home/gustavo/eufs_sim_teste/install/eufs_rqt' for CMake config files
[2.396s] Level 1:colcon.colcon_core.environment:checking '/home/gustavo/eufs_sim_teste/install/eufs_rqt/lib'
[2.397s] Level 1:colcon.colcon_core.environment:checking '/home/gustavo/eufs_sim_teste/install/eufs_rqt/bin'
[2.397s] Level 1:colcon.colcon_core.environment:checking '/home/gustavo/eufs_sim_teste/install/eufs_rqt/lib/pkgconfig/eufs_rqt.pc'
[2.397s] Level 1:colcon.colcon_core.environment:checking '/home/gustavo/eufs_sim_teste/install/eufs_rqt/lib/python3.8/site-packages'
[2.397s] Level 1:colcon.colcon_core.shell:create_environment_hook('eufs_rqt', 'pythonpath')
[2.399s] INFO:colcon.colcon_core.shell:Creating environment hook '/home/gustavo/eufs_sim_teste/install/eufs_rqt/share/eufs_rqt/hook/pythonpath.ps1'
[2.399s] INFO:colcon.colcon_core.shell:Creating environment descriptor '/home/gustavo/eufs_sim_teste/install/eufs_rqt/share/eufs_rqt/hook/pythonpath.dsv'
[2.399s] INFO:colcon.colcon_core.shell:Creating environment hook '/home/gustavo/eufs_sim_teste/install/eufs_rqt/share/eufs_rqt/hook/pythonpath.sh'
[2.400s] Level 1:colcon.colcon_core.environment:checking '/home/gustavo/eufs_sim_teste/install/eufs_rqt/bin'
[2.400s] Level 1:colcon.colcon_core.environment:create_environment_scripts_only(eufs_rqt)
[2.402s] INFO:colcon.colcon_core.shell:Creating package script '/home/gustavo/eufs_sim_teste/install/eufs_rqt/share/eufs_rqt/package.ps1'
[2.402s] INFO:colcon.colcon_core.shell:Creating package descriptor '/home/gustavo/eufs_sim_teste/install/eufs_rqt/share/eufs_rqt/package.dsv'
[2.402s] INFO:colcon.colcon_core.shell:Creating package script '/home/gustavo/eufs_sim_teste/install/eufs_rqt/share/eufs_rqt/package.sh'
[2.402s] INFO:colcon.colcon_core.shell:Creating package script '/home/gustavo/eufs_sim_teste/install/eufs_rqt/share/eufs_rqt/package.bash'
[2.403s] INFO:colcon.colcon_core.shell:Creating package script '/home/gustavo/eufs_sim_teste/install/eufs_rqt/share/eufs_rqt/package.zsh'
[2.403s] Level 1:colcon.colcon_core.environment:create_file_with_runtime_dependencies(/home/gustavo/eufs_sim_teste/install/eufs_rqt/share/colcon-core/packages/eufs_rqt)
[2.403s] DEBUG:colcon.colcon_parallel_executor.executor.parallel:closing loop
[2.403s] DEBUG:colcon.colcon_parallel_executor.executor.parallel:loop closed
[2.403s] DEBUG:colcon.colcon_parallel_executor.executor.parallel:run_until_complete finished with '0'
[2.403s] DEBUG:colcon.colcon_core.event_reactor:joining thread
[2.409s] INFO:colcon.colcon_core.plugin_system:Skipping extension 'colcon_notification.desktop_notification.terminal_notifier': Not used on non-Darwin systems
[2.409s] INFO:colcon.colcon_core.plugin_system:Skipping extension 'colcon_notification.desktop_notification.win32': Not used on non-Windows systems
[2.409s] INFO:colcon.colcon_notification.desktop_notification:Sending desktop notification using 'notify2'
[2.422s] DEBUG:colcon.colcon_core.event_reactor:joined thread
[2.424s] INFO:colcon.colcon_core.shell:Creating prefix script '/home/gustavo/eufs_sim_teste/install/local_setup.ps1'
[2.425s] INFO:colcon.colcon_core.shell:Creating prefix util module '/home/gustavo/eufs_sim_teste/install/_local_setup_util_ps1.py'
[2.426s] INFO:colcon.colcon_core.shell:Creating prefix chain script '/home/gustavo/eufs_sim_teste/install/setup.ps1'
[2.428s] INFO:colcon.colcon_core.shell:Creating prefix script '/home/gustavo/eufs_sim_teste/install/local_setup.sh'
[2.428s] INFO:colcon.colcon_core.shell:Creating prefix util module '/home/gustavo/eufs_sim_teste/install/_local_setup_util_sh.py'
[2.428s] INFO:colcon.colcon_core.shell:Creating prefix chain script '/home/gustavo/eufs_sim_teste/install/setup.sh'
[2.430s] INFO:colcon.colcon_core.shell:Creating prefix script '/home/gustavo/eufs_sim_teste/install/local_setup.bash'
[2.430s] INFO:colcon.colcon_core.shell:Creating prefix chain script '/home/gustavo/eufs_sim_teste/install/setup.bash'
[2.432s] INFO:colcon.colcon_core.shell:Creating prefix script '/home/gustavo/eufs_sim_teste/install/local_setup.zsh'
[2.432s] INFO:colcon.colcon_core.shell:Creating prefix chain script '/home/gustavo/eufs_sim_teste/install/setup.zsh'
