running develop
Removing /home/gustavo/eufs_sim_teste/install/eufs_rqt/lib/python3.8/site-packages/eufs-rqt.egg-link (link to src)
Note: you must uninstall or replace scripts manually!
running egg_info
writing ../../build/eufs_rqt/eufs_rqt.egg-info/PKG-INFO
writing dependency_links to ../../build/eufs_rqt/eufs_rqt.egg-info/dependency_links.txt
writing requirements to ../../build/eufs_rqt/eufs_rqt.egg-info/requires.txt
writing top-level names to ../../build/eufs_rqt/eufs_rqt.egg-info/top_level.txt
reading manifest file '../../build/eufs_rqt/eufs_rqt.egg-info/SOURCES.txt'
adding license file 'LICENSE'
writing manifest file '../../build/eufs_rqt/eufs_rqt.egg-info/SOURCES.txt'
running build
running build_py
running build_scripts
running install
running install_lib
creating /home/gustavo/eufs_sim_teste/install/eufs_rqt/lib/python3.8/site-packages/eufs_rqt
copying /home/gustavo/eufs_sim_teste/build/eufs_rqt/build/lib/eufs_rqt/EUFSRobotSteeringGUI.py -> /home/gustavo/eufs_sim_teste/install/eufs_rqt/lib/python3.8/site-packages/eufs_rqt
copying /home/gustavo/eufs_sim_teste/build/eufs_rqt/build/lib/eufs_rqt/MissionControlGUI.py -> /home/gustavo/eufs_sim_teste/install/eufs_rqt/lib/python3.8/site-packages/eufs_rqt
copying /home/gustavo/eufs_sim_teste/build/eufs_rqt/build/lib/eufs_rqt/__init__.py -> /home/gustavo/eufs_sim_teste/install/eufs_rqt/lib/python3.8/site-packages/eufs_rqt
byte-compiling /home/gustavo/eufs_sim_teste/install/eufs_rqt/lib/python3.8/site-packages/eufs_rqt/EUFSRobotSteeringGUI.py to EUFSRobotSteeringGUI.cpython-38.pyc
byte-compiling /home/gustavo/eufs_sim_teste/install/eufs_rqt/lib/python3.8/site-packages/eufs_rqt/MissionControlGUI.py to MissionControlGUI.cpython-38.pyc
byte-compiling /home/gustavo/eufs_sim_teste/install/eufs_rqt/lib/python3.8/site-packages/eufs_rqt/__init__.py to __init__.cpython-38.pyc
running install_data
running install_egg_info
Copying ../../build/eufs_rqt/eufs_rqt.egg-info to /home/gustavo/eufs_sim_teste/install/eufs_rqt/lib/python3.8/site-packages/eufs_rqt-2.0.0-py3.8.egg-info
running install_scripts
changing mode of /home/gustavo/eufs_sim_teste/install/eufs_rqt/lib/eufs_rqt/eufs_robot_steering_gui to 775
changing mode of /home/gustavo/eufs_sim_teste/install/eufs_rqt/lib/eufs_rqt/mission_control_gui to 775
writing list of installed files to '/home/gustavo/eufs_sim_teste/build/eufs_rqt/install.log'
