-- The C compiler identification is GNU 9.4.0
-- The CXX compiler identification is GNU 9.4.0
-- Check for working C compiler: /usr/bin/cc
-- Check for working C compiler: /usr/bin/cc -- works
-- Detecting C compiler ABI info
-- Detecting C compiler ABI info - done
-- Detecting C compile features
-- Detecting C compile features - done
-- Check for working CXX compiler: /usr/bin/c++
-- Check for working CXX compiler: /usr/bin/c++ -- works
-- Detecting CXX compiler ABI info
-- Detecting CXX compiler ABI info - done
-- Detecting CXX compile features
-- Detecting CXX compile features - done
-- Found ament_cmake: 1.1.6 (/opt/ros/galactic/share/ament_cmake/cmake)
-- Found PythonInterp: /usr/bin/python3 (found suitable version "3.8.10", minimum required is "3") 
-- Using PYTHON_EXECUTABLE: /usr/bin/python3
-- Found eufs_msgs: 0.0.0 (/home/gustavo/eufs_sim_teste/install/eufs_msgs/share/eufs_msgs/cmake)
-- Using all available rosidl_typesupport_c: rosidl_typesupport_fastrtps_c;rosidl_typesupport_introspection_c
-- Found rosidl_adapter: 2.2.3 (/opt/ros/galactic/share/rosidl_adapter/cmake)
-- Found OpenSSL: /usr/lib/x86_64-linux-gnu/libcrypto.so (found version "1.1.1f")  
-- Found FastRTPS: /opt/ros/galactic/include  
-- Using all available rosidl_typesupport_cpp: rosidl_typesupport_fastrtps_cpp;rosidl_typesupport_introspection_cpp
-- Configuring done
-- Generating done
-- Build files have been written to: /home/gustavo/eufs_sim_teste/build/eufs_models
[35m[1mScanning dependencies of target eufs_models[0m
[ 25%] [32mBuilding CXX object CMakeFiles/eufs_models.dir/src/dynamic_bicycle.cpp.o[0m
[ 50%] [32mBuilding CXX object CMakeFiles/eufs_models.dir/src/point_mass.cpp.o[0m
[ 75%] [32mBuilding CXX object CMakeFiles/eufs_models.dir/src/vehicle_model.cpp.o[0m
[100%] [32m[1mLinking CXX static library libeufs_models.a[0m
[100%] Built target eufs_models
-- Install configuration: ""
-- Installing: /home/gustavo/eufs_sim_teste/install/eufs_models/share/eufs_models/environment/library_path.sh
-- Installing: /home/gustavo/eufs_sim_teste/install/eufs_models/share/eufs_models/environment/library_path.dsv
-- Installing: /home/gustavo/eufs_sim_teste/install/eufs_models/include
-- Installing: /home/gustavo/eufs_sim_teste/install/eufs_models/include/eufs_models
-- Installing: /home/gustavo/eufs_sim_teste/install/eufs_models/include/eufs_models/dynamic_bicycle.hpp
-- Installing: /home/gustavo/eufs_sim_teste/install/eufs_models/include/eufs_models/eufs_models.hpp
-- Installing: /home/gustavo/eufs_sim_teste/install/eufs_models/include/eufs_models/noise.hpp
-- Installing: /home/gustavo/eufs_sim_teste/install/eufs_models/include/eufs_models/point_mass.hpp
-- Installing: /home/gustavo/eufs_sim_teste/install/eufs_models/include/eufs_models/vehicle_input.hpp
-- Installing: /home/gustavo/eufs_sim_teste/install/eufs_models/include/eufs_models/vehicle_model.hpp
-- Installing: /home/gustavo/eufs_sim_teste/install/eufs_models/include/eufs_models/vehicle_param.hpp
-- Installing: /home/gustavo/eufs_sim_teste/install/eufs_models/include/eufs_models/vehicle_state.hpp
-- Installing: /home/gustavo/eufs_sim_teste/install/eufs_models/lib/libeufs_models.a
-- Installing: /home/gustavo/eufs_sim_teste/install/eufs_models/share/ament_index/resource_index/package_run_dependencies/eufs_models
-- Installing: /home/gustavo/eufs_sim_teste/install/eufs_models/share/ament_index/resource_index/parent_prefix_path/eufs_models
-- Installing: /home/gustavo/eufs_sim_teste/install/eufs_models/share/eufs_models/environment/ament_prefix_path.sh
-- Installing: /home/gustavo/eufs_sim_teste/install/eufs_models/share/eufs_models/environment/ament_prefix_path.dsv
-- Installing: /home/gustavo/eufs_sim_teste/install/eufs_models/share/eufs_models/environment/path.sh
-- Installing: /home/gustavo/eufs_sim_teste/install/eufs_models/share/eufs_models/environment/path.dsv
-- Installing: /home/gustavo/eufs_sim_teste/install/eufs_models/share/eufs_models/local_setup.bash
-- Installing: /home/gustavo/eufs_sim_teste/install/eufs_models/share/eufs_models/local_setup.sh
-- Installing: /home/gustavo/eufs_sim_teste/install/eufs_models/share/eufs_models/local_setup.zsh
-- Installing: /home/gustavo/eufs_sim_teste/install/eufs_models/share/eufs_models/local_setup.dsv
-- Installing: /home/gustavo/eufs_sim_teste/install/eufs_models/share/eufs_models/package.dsv
-- Installing: /home/gustavo/eufs_sim_teste/install/eufs_models/share/ament_index/resource_index/packages/eufs_models
-- Installing: /home/gustavo/eufs_sim_teste/install/eufs_models/share/eufs_models/cmake/export_eufs_modelsExport.cmake
-- Installing: /home/gustavo/eufs_sim_teste/install/eufs_models/share/eufs_models/cmake/export_eufs_modelsExport-noconfig.cmake
-- Installing: /home/gustavo/eufs_sim_teste/install/eufs_models/share/eufs_models/cmake/ament_cmake_export_include_directories-extras.cmake
-- Installing: /home/gustavo/eufs_sim_teste/install/eufs_models/share/eufs_models/cmake/ament_cmake_export_libraries-extras.cmake
-- Installing: /home/gustavo/eufs_sim_teste/install/eufs_models/share/eufs_models/cmake/ament_cmake_export_targets-extras.cmake
-- Installing: /home/gustavo/eufs_sim_teste/install/eufs_models/share/eufs_models/cmake/ament_cmake_export_dependencies-extras.cmake
-- Installing: /home/gustavo/eufs_sim_teste/install/eufs_models/share/eufs_models/cmake/eufs_modelsConfig.cmake
-- Installing: /home/gustavo/eufs_sim_teste/install/eufs_models/share/eufs_models/cmake/eufs_modelsConfig-version.cmake
-- Installing: /home/gustavo/eufs_sim_teste/install/eufs_models/share/eufs_models/package.xml
-- Installing: /home/gustavo/eufs_sim_teste/install/eufs_models/share/eufs_models/models/models.txt
-- Installing: /home/gustavo/eufs_sim_teste/install/eufs_models/share/eufs_models/config/noise.yaml
