[0.066s] Invoking command in '/home/gustavo/eufs_sim_teste/build/eufs_models': AMENT_PREFIX_PATH=/home/gustavo/eufs_sim_teste/install/eufs_msgs:${AMENT_PREFIX_PATH} CMAKE_PREFIX_PATH=/home/gustavo/eufs_sim_teste/install/eufs_msgs:/home/gustavo/install/eufs_sensors:/home/gustavo/install/autocar_gazebo:/home/gustavo/install/autocar_description:/home/gustavo/install/eufs_tracks:/home/gustavo/install/eufs_racecar:/opt/ros/galactic LD_LIBRARY_PATH=/home/gustavo/eufs_sim_teste/install/eufs_msgs/lib:${LD_LIBRARY_PATH} PYTHONPATH=/home/gustavo/eufs_sim_teste/install/eufs_msgs/lib/python3.8/site-packages:${PYTHONPATH} /usr/bin/cmake /home/gustavo/eufs_sim_teste/eufs_sim/eufs_models -DCMAKE_INSTALL_PREFIX=/home/gustavo/eufs_sim_teste/install/eufs_models
[0.166s] -- The C compiler identification is GNU 9.4.0
[0.270s] -- The CXX compiler identification is GNU 9.4.0
[0.279s] -- Check for working C compiler: /usr/bin/cc
[0.405s] -- Check for working C compiler: /usr/bin/cc -- works
[0.407s] -- Detecting C compiler ABI info
[0.532s] -- Detecting C compiler ABI info - done
[0.555s] -- Detecting C compile features
[0.556s] -- Detecting C compile features - done
[0.561s] -- Check for working CXX compiler: /usr/bin/c++
[0.710s] -- Check for working CXX compiler: /usr/bin/c++ -- works
[0.712s] -- Detecting CXX compiler ABI info
[0.863s] -- Detecting CXX compiler ABI info - done
[0.887s] -- Detecting CXX compile features
[0.888s] -- Detecting CXX compile features - done
[0.892s] -- Found ament_cmake: 1.1.6 (/opt/ros/galactic/share/ament_cmake/cmake)
[0.940s] -- Found PythonInterp: /usr/bin/python3 (found suitable version "3.8.10", minimum required is "3") 
[0.940s] -- Using PYTHON_EXECUTABLE: /usr/bin/python3
[1.094s] -- Found eufs_msgs: 0.0.0 (/home/gustavo/eufs_sim_teste/install/eufs_msgs/share/eufs_msgs/cmake)
[1.146s] -- Using all available rosidl_typesupport_c: rosidl_typesupport_fastrtps_c;rosidl_typesupport_introspection_c
[1.157s] -- Found rosidl_adapter: 2.2.3 (/opt/ros/galactic/share/rosidl_adapter/cmake)
[1.291s] -- Found OpenSSL: /usr/lib/x86_64-linux-gnu/libcrypto.so (found version "1.1.1f")  
[1.338s] -- Found FastRTPS: /opt/ros/galactic/include  
[1.475s] -- Using all available rosidl_typesupport_cpp: rosidl_typesupport_fastrtps_cpp;rosidl_typesupport_introspection_cpp
[2.462s] -- Configuring done
[2.475s] -- Generating done
[2.477s] -- Build files have been written to: /home/gustavo/eufs_sim_teste/build/eufs_models
[2.490s] Invoked command in '/home/gustavo/eufs_sim_teste/build/eufs_models' returned '0': AMENT_PREFIX_PATH=/home/gustavo/eufs_sim_teste/install/eufs_msgs:${AMENT_PREFIX_PATH} CMAKE_PREFIX_PATH=/home/gustavo/eufs_sim_teste/install/eufs_msgs:/home/gustavo/install/eufs_sensors:/home/gustavo/install/autocar_gazebo:/home/gustavo/install/autocar_description:/home/gustavo/install/eufs_tracks:/home/gustavo/install/eufs_racecar:/opt/ros/galactic LD_LIBRARY_PATH=/home/gustavo/eufs_sim_teste/install/eufs_msgs/lib:${LD_LIBRARY_PATH} PYTHONPATH=/home/gustavo/eufs_sim_teste/install/eufs_msgs/lib/python3.8/site-packages:${PYTHONPATH} /usr/bin/cmake /home/gustavo/eufs_sim_teste/eufs_sim/eufs_models -DCMAKE_INSTALL_PREFIX=/home/gustavo/eufs_sim_teste/install/eufs_models
[2.495s] Invoking command in '/home/gustavo/eufs_sim_teste/build/eufs_models': AMENT_PREFIX_PATH=/home/gustavo/eufs_sim_teste/install/eufs_msgs:${AMENT_PREFIX_PATH} CMAKE_PREFIX_PATH=/home/gustavo/eufs_sim_teste/install/eufs_msgs:/home/gustavo/install/eufs_sensors:/home/gustavo/install/autocar_gazebo:/home/gustavo/install/autocar_description:/home/gustavo/install/eufs_tracks:/home/gustavo/install/eufs_racecar:/opt/ros/galactic LD_LIBRARY_PATH=/home/gustavo/eufs_sim_teste/install/eufs_msgs/lib:${LD_LIBRARY_PATH} PYTHONPATH=/home/gustavo/eufs_sim_teste/install/eufs_msgs/lib/python3.8/site-packages:${PYTHONPATH} /usr/bin/cmake --build /home/gustavo/eufs_sim_teste/build/eufs_models -- -j8 -l8
[2.567s] [35m[1mScanning dependencies of target eufs_models[0m
[2.590s] [ 25%] [32mBuilding CXX object CMakeFiles/eufs_models.dir/src/dynamic_bicycle.cpp.o[0m
[2.590s] [ 50%] [32mBuilding CXX object CMakeFiles/eufs_models.dir/src/point_mass.cpp.o[0m
[2.591s] [ 75%] [32mBuilding CXX object CMakeFiles/eufs_models.dir/src/vehicle_model.cpp.o[0m
[4.387s] [100%] [32m[1mLinking CXX static library libeufs_models.a[0m
[4.456s] [100%] Built target eufs_models
[4.477s] Invoked command in '/home/gustavo/eufs_sim_teste/build/eufs_models' returned '0': AMENT_PREFIX_PATH=/home/gustavo/eufs_sim_teste/install/eufs_msgs:${AMENT_PREFIX_PATH} CMAKE_PREFIX_PATH=/home/gustavo/eufs_sim_teste/install/eufs_msgs:/home/gustavo/install/eufs_sensors:/home/gustavo/install/autocar_gazebo:/home/gustavo/install/autocar_description:/home/gustavo/install/eufs_tracks:/home/gustavo/install/eufs_racecar:/opt/ros/galactic LD_LIBRARY_PATH=/home/gustavo/eufs_sim_teste/install/eufs_msgs/lib:${LD_LIBRARY_PATH} PYTHONPATH=/home/gustavo/eufs_sim_teste/install/eufs_msgs/lib/python3.8/site-packages:${PYTHONPATH} /usr/bin/cmake --build /home/gustavo/eufs_sim_teste/build/eufs_models -- -j8 -l8
[4.531s] Invoking command in '/home/gustavo/eufs_sim_teste/build/eufs_models': AMENT_PREFIX_PATH=/home/gustavo/eufs_sim_teste/install/eufs_msgs:${AMENT_PREFIX_PATH} CMAKE_PREFIX_PATH=/home/gustavo/eufs_sim_teste/install/eufs_msgs:/home/gustavo/install/eufs_sensors:/home/gustavo/install/autocar_gazebo:/home/gustavo/install/autocar_description:/home/gustavo/install/eufs_tracks:/home/gustavo/install/eufs_racecar:/opt/ros/galactic LD_LIBRARY_PATH=/home/gustavo/eufs_sim_teste/install/eufs_msgs/lib:${LD_LIBRARY_PATH} PYTHONPATH=/home/gustavo/eufs_sim_teste/install/eufs_msgs/lib/python3.8/site-packages:${PYTHONPATH} /usr/bin/cmake --install /home/gustavo/eufs_sim_teste/build/eufs_models
[4.546s] -- Install configuration: ""
[4.546s] -- Installing: /home/gustavo/eufs_sim_teste/install/eufs_models/share/eufs_models/environment/library_path.sh
[4.547s] -- Installing: /home/gustavo/eufs_sim_teste/install/eufs_models/share/eufs_models/environment/library_path.dsv
[4.547s] -- Installing: /home/gustavo/eufs_sim_teste/install/eufs_models/include
[4.547s] -- Installing: /home/gustavo/eufs_sim_teste/install/eufs_models/include/eufs_models
[4.547s] -- Installing: /home/gustavo/eufs_sim_teste/install/eufs_models/include/eufs_models/dynamic_bicycle.hpp
[4.548s] -- Installing: /home/gustavo/eufs_sim_teste/install/eufs_models/include/eufs_models/eufs_models.hpp
[4.548s] -- Installing: /home/gustavo/eufs_sim_teste/install/eufs_models/include/eufs_models/noise.hpp
[4.548s] -- Installing: /home/gustavo/eufs_sim_teste/install/eufs_models/include/eufs_models/point_mass.hpp
[4.548s] -- Installing: /home/gustavo/eufs_sim_teste/install/eufs_models/include/eufs_models/vehicle_input.hpp
[4.548s] -- Installing: /home/gustavo/eufs_sim_teste/install/eufs_models/include/eufs_models/vehicle_model.hpp
[4.548s] -- Installing: /home/gustavo/eufs_sim_teste/install/eufs_models/include/eufs_models/vehicle_param.hpp
[4.548s] -- Installing: /home/gustavo/eufs_sim_teste/install/eufs_models/include/eufs_models/vehicle_state.hpp
[4.548s] -- Installing: /home/gustavo/eufs_sim_teste/install/eufs_models/lib/libeufs_models.a
[4.549s] -- Installing: /home/gustavo/eufs_sim_teste/install/eufs_models/share/ament_index/resource_index/package_run_dependencies/eufs_models
[4.549s] -- Installing: /home/gustavo/eufs_sim_teste/install/eufs_models/share/ament_index/resource_index/parent_prefix_path/eufs_models
[4.549s] -- Installing: /home/gustavo/eufs_sim_teste/install/eufs_models/share/eufs_models/environment/ament_prefix_path.sh
[4.549s] -- Installing: /home/gustavo/eufs_sim_teste/install/eufs_models/share/eufs_models/environment/ament_prefix_path.dsv
[4.549s] -- Installing: /home/gustavo/eufs_sim_teste/install/eufs_models/share/eufs_models/environment/path.sh
[4.549s] -- Installing: /home/gustavo/eufs_sim_teste/install/eufs_models/share/eufs_models/environment/path.dsv
[4.550s] -- Installing: /home/gustavo/eufs_sim_teste/install/eufs_models/share/eufs_models/local_setup.bash
[4.550s] -- Installing: /home/gustavo/eufs_sim_teste/install/eufs_models/share/eufs_models/local_setup.sh
[4.550s] -- Installing: /home/gustavo/eufs_sim_teste/install/eufs_models/share/eufs_models/local_setup.zsh
[4.550s] -- Installing: /home/gustavo/eufs_sim_teste/install/eufs_models/share/eufs_models/local_setup.dsv
[4.550s] -- Installing: /home/gustavo/eufs_sim_teste/install/eufs_models/share/eufs_models/package.dsv
[4.551s] -- Installing: /home/gustavo/eufs_sim_teste/install/eufs_models/share/ament_index/resource_index/packages/eufs_models
[4.551s] -- Installing: /home/gustavo/eufs_sim_teste/install/eufs_models/share/eufs_models/cmake/export_eufs_modelsExport.cmake
[4.551s] -- Installing: /home/gustavo/eufs_sim_teste/install/eufs_models/share/eufs_models/cmake/export_eufs_modelsExport-noconfig.cmake
[4.551s] -- Installing: /home/gustavo/eufs_sim_teste/install/eufs_models/share/eufs_models/cmake/ament_cmake_export_include_directories-extras.cmake
[4.551s] -- Installing: /home/gustavo/eufs_sim_teste/install/eufs_models/share/eufs_models/cmake/ament_cmake_export_libraries-extras.cmake
[4.552s] -- Installing: /home/gustavo/eufs_sim_teste/install/eufs_models/share/eufs_models/cmake/ament_cmake_export_targets-extras.cmake
[4.552s] -- Installing: /home/gustavo/eufs_sim_teste/install/eufs_models/share/eufs_models/cmake/ament_cmake_export_dependencies-extras.cmake
[4.552s] -- Installing: /home/gustavo/eufs_sim_teste/install/eufs_models/share/eufs_models/cmake/eufs_modelsConfig.cmake
[4.552s] -- Installing: /home/gustavo/eufs_sim_teste/install/eufs_models/share/eufs_models/cmake/eufs_modelsConfig-version.cmake
[4.552s] -- Installing: /home/gustavo/eufs_sim_teste/install/eufs_models/share/eufs_models/package.xml
[4.552s] -- Installing: /home/gustavo/eufs_sim_teste/install/eufs_models/share/eufs_models/models/models.txt
[4.553s] -- Installing: /home/gustavo/eufs_sim_teste/install/eufs_models/share/eufs_models/config/noise.yaml
[4.561s] Invoked command in '/home/gustavo/eufs_sim_teste/build/eufs_models' returned '0': AMENT_PREFIX_PATH=/home/gustavo/eufs_sim_teste/install/eufs_msgs:${AMENT_PREFIX_PATH} CMAKE_PREFIX_PATH=/home/gustavo/eufs_sim_teste/install/eufs_msgs:/home/gustavo/install/eufs_sensors:/home/gustavo/install/autocar_gazebo:/home/gustavo/install/autocar_description:/home/gustavo/install/eufs_tracks:/home/gustavo/install/eufs_racecar:/opt/ros/galactic LD_LIBRARY_PATH=/home/gustavo/eufs_sim_teste/install/eufs_msgs/lib:${LD_LIBRARY_PATH} PYTHONPATH=/home/gustavo/eufs_sim_teste/install/eufs_msgs/lib/python3.8/site-packages:${PYTHONPATH} /usr/bin/cmake --install /home/gustavo/eufs_sim_teste/build/eufs_models
