[2.159s] Invoking command in '/home/gustavo/eufs_sim_teste/eufs_sim/eufs_tracks': PYTHONPATH=/home/gustavo/eufs_sim_teste/build/eufs_tracks/prefix_override:/home/gustavo/eufs_sim_teste/install/eufs_tracks/lib/python3.8/site-packages:${PYTHONPATH} /usr/bin/python3 setup.py egg_info --egg-base ../../build/eufs_tracks build --build-base /home/gustavo/eufs_sim_teste/build/eufs_tracks/build install --record /home/gustavo/eufs_sim_teste/build/eufs_tracks/install.log --single-version-externally-managed
[2.705s] running egg_info
[2.705s] creating ../../build/eufs_tracks/eufs_tracks.egg-info
[2.706s] writing ../../build/eufs_tracks/eufs_tracks.egg-info/PKG-INFO
[2.706s] writing dependency_links to ../../build/eufs_tracks/eufs_tracks.egg-info/dependency_links.txt
[2.706s] writing entry points to ../../build/eufs_tracks/eufs_tracks.egg-info/entry_points.txt
[2.707s] writing requirements to ../../build/eufs_tracks/eufs_tracks.egg-info/requires.txt
[2.707s] writing top-level names to ../../build/eufs_tracks/eufs_tracks.egg-info/top_level.txt
[2.717s] writing manifest file '../../build/eufs_tracks/eufs_tracks.egg-info/SOURCES.txt'
[2.726s] reading manifest file '../../build/eufs_tracks/eufs_tracks.egg-info/SOURCES.txt'
[2.733s] writing manifest file '../../build/eufs_tracks/eufs_tracks.egg-info/SOURCES.txt'
[2.733s] running build
[2.733s] running build_py
[2.733s] creating /home/gustavo/eufs_sim_teste/build/eufs_tracks/build
[2.733s] creating /home/gustavo/eufs_sim_teste/build/eufs_tracks/build/lib
[2.733s] creating /home/gustavo/eufs_sim_teste/build/eufs_tracks/build/lib/eufs_tracks
[2.733s] copying eufs_tracks/__init__.py -> /home/gustavo/eufs_sim_teste/build/eufs_tracks/build/lib/eufs_tracks
[2.734s] creating /home/gustavo/eufs_sim_teste/build/eufs_tracks/build/lib/eufs_tracks/cli
[2.734s] copying eufs_tracks/cli/__init__.py -> /home/gustavo/eufs_sim_teste/build/eufs_tracks/build/lib/eufs_tracks/cli
[2.734s] copying eufs_tracks/cli/convert.py -> /home/gustavo/eufs_sim_teste/build/eufs_tracks/build/lib/eufs_tracks/cli
[2.734s] copying eufs_tracks/cli/create.py -> /home/gustavo/eufs_sim_teste/build/eufs_tracks/build/lib/eufs_tracks/cli
[2.734s] copying eufs_tracks/cli/main.py -> /home/gustavo/eufs_sim_teste/build/eufs_tracks/build/lib/eufs_tracks/cli
[2.734s] creating /home/gustavo/eufs_sim_teste/build/eufs_tracks/build/lib/eufs_tracks/converter_tool
[2.735s] copying eufs_tracks/converter_tool/__init__.py -> /home/gustavo/eufs_sim_teste/build/eufs_tracks/build/lib/eufs_tracks/converter_tool
[2.735s] copying eufs_tracks/converter_tool/converter.py -> /home/gustavo/eufs_sim_teste/build/eufs_tracks/build/lib/eufs_tracks/converter_tool
[2.736s] copying eufs_tracks/converter_tool/converter_gui.py -> /home/gustavo/eufs_sim_teste/build/eufs_tracks/build/lib/eufs_tracks/converter_tool
[2.736s] creating /home/gustavo/eufs_sim_teste/build/eufs_tracks/build/lib/eufs_tracks/track_generator
[2.736s] copying eufs_tracks/track_generator/__init__.py -> /home/gustavo/eufs_sim_teste/build/eufs_tracks/build/lib/eufs_tracks/track_generator
[2.736s] copying eufs_tracks/track_generator/track_generator.py -> /home/gustavo/eufs_sim_teste/build/eufs_tracks/build/lib/eufs_tracks/track_generator
[2.736s] copying eufs_tracks/track_generator/track_generator_gui.py -> /home/gustavo/eufs_sim_teste/build/eufs_tracks/build/lib/eufs_tracks/track_generator
[2.737s] running build_scripts
[2.737s] creating /home/gustavo/eufs_sim_teste/build/eufs_tracks/build/scripts-3.8
[2.737s] copying and adjusting scripts/eufs_tracks_converter -> /home/gustavo/eufs_sim_teste/build/eufs_tracks/build/scripts-3.8
[2.737s] copying and adjusting scripts/eufs_tracks_generator -> /home/gustavo/eufs_sim_teste/build/eufs_tracks/build/scripts-3.8
[2.737s] changing mode of /home/gustavo/eufs_sim_teste/build/eufs_tracks/build/scripts-3.8/eufs_tracks_converter from 664 to 775
[2.738s] changing mode of /home/gustavo/eufs_sim_teste/build/eufs_tracks/build/scripts-3.8/eufs_tracks_generator from 664 to 775
[2.738s] running install
[2.738s] running install_lib
[2.740s] creating /home/gustavo/eufs_sim_teste/install/eufs_tracks/lib/python3.8/site-packages/eufs_tracks
[2.740s] copying /home/gustavo/eufs_sim_teste/build/eufs_tracks/build/lib/eufs_tracks/__init__.py -> /home/gustavo/eufs_sim_teste/install/eufs_tracks/lib/python3.8/site-packages/eufs_tracks
[2.740s] creating /home/gustavo/eufs_sim_teste/install/eufs_tracks/lib/python3.8/site-packages/eufs_tracks/cli
[2.740s] copying /home/gustavo/eufs_sim_teste/build/eufs_tracks/build/lib/eufs_tracks/cli/__init__.py -> /home/gustavo/eufs_sim_teste/install/eufs_tracks/lib/python3.8/site-packages/eufs_tracks/cli
[2.740s] copying /home/gustavo/eufs_sim_teste/build/eufs_tracks/build/lib/eufs_tracks/cli/convert.py -> /home/gustavo/eufs_sim_teste/install/eufs_tracks/lib/python3.8/site-packages/eufs_tracks/cli
[2.741s] copying /home/gustavo/eufs_sim_teste/build/eufs_tracks/build/lib/eufs_tracks/cli/create.py -> /home/gustavo/eufs_sim_teste/install/eufs_tracks/lib/python3.8/site-packages/eufs_tracks/cli
[2.741s] copying /home/gustavo/eufs_sim_teste/build/eufs_tracks/build/lib/eufs_tracks/cli/main.py -> /home/gustavo/eufs_sim_teste/install/eufs_tracks/lib/python3.8/site-packages/eufs_tracks/cli
[2.741s] creating /home/gustavo/eufs_sim_teste/install/eufs_tracks/lib/python3.8/site-packages/eufs_tracks/converter_tool
[2.741s] copying /home/gustavo/eufs_sim_teste/build/eufs_tracks/build/lib/eufs_tracks/converter_tool/__init__.py -> /home/gustavo/eufs_sim_teste/install/eufs_tracks/lib/python3.8/site-packages/eufs_tracks/converter_tool
[2.741s] copying /home/gustavo/eufs_sim_teste/build/eufs_tracks/build/lib/eufs_tracks/converter_tool/converter.py -> /home/gustavo/eufs_sim_teste/install/eufs_tracks/lib/python3.8/site-packages/eufs_tracks/converter_tool
[2.742s] copying /home/gustavo/eufs_sim_teste/build/eufs_tracks/build/lib/eufs_tracks/converter_tool/converter_gui.py -> /home/gustavo/eufs_sim_teste/install/eufs_tracks/lib/python3.8/site-packages/eufs_tracks/converter_tool
[2.742s] creating /home/gustavo/eufs_sim_teste/install/eufs_tracks/lib/python3.8/site-packages/eufs_tracks/track_generator
[2.742s] copying /home/gustavo/eufs_sim_teste/build/eufs_tracks/build/lib/eufs_tracks/track_generator/__init__.py -> /home/gustavo/eufs_sim_teste/install/eufs_tracks/lib/python3.8/site-packages/eufs_tracks/track_generator
[2.742s] copying /home/gustavo/eufs_sim_teste/build/eufs_tracks/build/lib/eufs_tracks/track_generator/track_generator.py -> /home/gustavo/eufs_sim_teste/install/eufs_tracks/lib/python3.8/site-packages/eufs_tracks/track_generator
[2.742s] copying /home/gustavo/eufs_sim_teste/build/eufs_tracks/build/lib/eufs_tracks/track_generator/track_generator_gui.py -> /home/gustavo/eufs_sim_teste/install/eufs_tracks/lib/python3.8/site-packages/eufs_tracks/track_generator
[2.742s] byte-compiling /home/gustavo/eufs_sim_teste/install/eufs_tracks/lib/python3.8/site-packages/eufs_tracks/__init__.py to __init__.cpython-38.pyc
[2.743s] byte-compiling /home/gustavo/eufs_sim_teste/install/eufs_tracks/lib/python3.8/site-packages/eufs_tracks/cli/__init__.py to __init__.cpython-38.pyc
[2.743s] byte-compiling /home/gustavo/eufs_sim_teste/install/eufs_tracks/lib/python3.8/site-packages/eufs_tracks/cli/convert.py to convert.cpython-38.pyc
[2.743s] byte-compiling /home/gustavo/eufs_sim_teste/install/eufs_tracks/lib/python3.8/site-packages/eufs_tracks/cli/create.py to create.cpython-38.pyc
[2.743s] byte-compiling /home/gustavo/eufs_sim_teste/install/eufs_tracks/lib/python3.8/site-packages/eufs_tracks/cli/main.py to main.cpython-38.pyc
[2.743s] byte-compiling /home/gustavo/eufs_sim_teste/install/eufs_tracks/lib/python3.8/site-packages/eufs_tracks/converter_tool/__init__.py to __init__.cpython-38.pyc
[2.744s] byte-compiling /home/gustavo/eufs_sim_teste/install/eufs_tracks/lib/python3.8/site-packages/eufs_tracks/converter_tool/converter.py to converter.cpython-38.pyc
[2.750s] byte-compiling /home/gustavo/eufs_sim_teste/install/eufs_tracks/lib/python3.8/site-packages/eufs_tracks/converter_tool/converter_gui.py to converter_gui.cpython-38.pyc
[2.753s] byte-compiling /home/gustavo/eufs_sim_teste/install/eufs_tracks/lib/python3.8/site-packages/eufs_tracks/track_generator/__init__.py to __init__.cpython-38.pyc
[2.756s] byte-compiling /home/gustavo/eufs_sim_teste/install/eufs_tracks/lib/python3.8/site-packages/eufs_tracks/track_generator/track_generator.py to track_generator.cpython-38.pyc
[2.757s] byte-compiling /home/gustavo/eufs_sim_teste/install/eufs_tracks/lib/python3.8/site-packages/eufs_tracks/track_generator/track_generator_gui.py to track_generator_gui.cpython-38.pyc
[2.761s] running install_data
[2.762s] copying package.xml -> /home/gustavo/eufs_sim_teste/install/eufs_tracks/share/eufs_tracks
[2.762s] copying plugin.xml -> /home/gustavo/eufs_sim_teste/install/eufs_tracks/share/eufs_tracks
[2.762s] creating /home/gustavo/eufs_sim_teste/install/eufs_tracks/share/ament_index
[2.763s] creating /home/gustavo/eufs_sim_teste/install/eufs_tracks/share/ament_index/resource_index
[2.763s] creating /home/gustavo/eufs_sim_teste/install/eufs_tracks/share/ament_index/resource_index/packages
[2.763s] copying resource/eufs_tracks -> /home/gustavo/eufs_sim_teste/install/eufs_tracks/share/ament_index/resource_index/packages
[2.763s] creating /home/gustavo/eufs_sim_teste/install/eufs_tracks/share/eufs_tracks/csv
[2.763s] copying csv/acceleration.csv -> /home/gustavo/eufs_sim_teste/install/eufs_tracks/share/eufs_tracks/csv
[2.764s] copying csv/boa_constrictor.csv -> /home/gustavo/eufs_sim_teste/install/eufs_tracks/share/eufs_tracks/csv
[2.764s] copying csv/bone.csv -> /home/gustavo/eufs_sim_teste/install/eufs_tracks/share/eufs_tracks/csv
[2.764s] copying csv/comp_2021.csv -> /home/gustavo/eufs_sim_teste/install/eufs_tracks/share/eufs_tracks/csv
[2.764s] copying csv/garden_light.csv -> /home/gustavo/eufs_sim_teste/install/eufs_tracks/share/eufs_tracks/csv
[2.764s] copying csv/hairpins_increasing_difficulty.csv -> /home/gustavo/eufs_sim_teste/install/eufs_tracks/share/eufs_tracks/csv
[2.764s] copying csv/its_a_mess.csv -> /home/gustavo/eufs_sim_teste/install/eufs_tracks/share/eufs_tracks/csv
[2.765s] copying csv/peanut.csv -> /home/gustavo/eufs_sim_teste/install/eufs_tracks/share/eufs_tracks/csv
[2.765s] copying csv/rand.csv -> /home/gustavo/eufs_sim_teste/install/eufs_tracks/share/eufs_tracks/csv
[2.765s] copying csv/rectangle.csv -> /home/gustavo/eufs_sim_teste/install/eufs_tracks/share/eufs_tracks/csv
[2.765s] copying csv/skidpad.csv -> /home/gustavo/eufs_sim_teste/install/eufs_tracks/share/eufs_tracks/csv
[2.765s] copying csv/small_track.csv -> /home/gustavo/eufs_sim_teste/install/eufs_tracks/share/eufs_tracks/csv
[2.766s] creating /home/gustavo/eufs_sim_teste/install/eufs_tracks/share/eufs_tracks/image
[2.766s] copying image/comp_2021.png -> /home/gustavo/eufs_sim_teste/install/eufs_tracks/share/eufs_tracks/image
[2.766s] copying image/skidpad.png -> /home/gustavo/eufs_sim_teste/install/eufs_tracks/share/eufs_tracks/image
[2.766s] creating /home/gustavo/eufs_sim_teste/install/eufs_tracks/share/eufs_tracks/launch
[2.766s] copying launch/acceleration.launch -> /home/gustavo/eufs_sim_teste/install/eufs_tracks/share/eufs_tracks/launch
[2.766s] copying launch/boa_constrictor.launch -> /home/gustavo/eufs_sim_teste/install/eufs_tracks/share/eufs_tracks/launch
[2.767s] copying launch/comp_2021.launch -> /home/gustavo/eufs_sim_teste/install/eufs_tracks/share/eufs_tracks/launch
[2.767s] copying launch/empty.launch -> /home/gustavo/eufs_sim_teste/install/eufs_tracks/share/eufs_tracks/launch
[2.767s] copying launch/eufs_track_generator.launch.py -> /home/gustavo/eufs_sim_teste/install/eufs_tracks/share/eufs_tracks/launch
[2.767s] copying launch/garden_light.launch -> /home/gustavo/eufs_sim_teste/install/eufs_tracks/share/eufs_tracks/launch
[2.767s] copying launch/hairpins_increasing_difficulty.launch -> /home/gustavo/eufs_sim_teste/install/eufs_tracks/share/eufs_tracks/launch
[2.768s] copying launch/its_a_mess.launch -> /home/gustavo/eufs_sim_teste/install/eufs_tracks/share/eufs_tracks/launch
[2.768s] copying launch/peanut.launch -> /home/gustavo/eufs_sim_teste/install/eufs_tracks/share/eufs_tracks/launch
[2.768s] copying launch/rand.launch -> /home/gustavo/eufs_sim_teste/install/eufs_tracks/share/eufs_tracks/launch
[2.768s] copying launch/rectangle.launch -> /home/gustavo/eufs_sim_teste/install/eufs_tracks/share/eufs_tracks/launch
[2.768s] copying launch/skidpad.launch -> /home/gustavo/eufs_sim_teste/install/eufs_tracks/share/eufs_tracks/launch
[2.769s] copying launch/small_track.launch -> /home/gustavo/eufs_sim_teste/install/eufs_tracks/share/eufs_tracks/launch
[2.769s] copying launch/blacklist.txt -> /home/gustavo/eufs_sim_teste/install/eufs_tracks/share/eufs_tracks/launch
[2.769s] creating /home/gustavo/eufs_sim_teste/install/eufs_tracks/share/eufs_tracks/materials
[2.769s] copying materials/asphalt.jpg -> /home/gustavo/eufs_sim_teste/install/eufs_tracks/share/eufs_tracks/materials
[2.792s] creating /home/gustavo/eufs_sim_teste/install/eufs_tracks/share/eufs_tracks/meshes
[2.793s] copying meshes/MonkeyNoise.dae -> /home/gustavo/eufs_sim_teste/install/eufs_tracks/share/eufs_tracks/meshes
[2.793s] copying meshes/NoiseCube.dae -> /home/gustavo/eufs_sim_teste/install/eufs_tracks/share/eufs_tracks/meshes
[2.794s] copying meshes/cone.dae -> /home/gustavo/eufs_sim_teste/install/eufs_tracks/share/eufs_tracks/meshes
[2.794s] copying meshes/cone_big.dae -> /home/gustavo/eufs_sim_teste/install/eufs_tracks/share/eufs_tracks/meshes
[2.794s] copying meshes/cone_blue.dae -> /home/gustavo/eufs_sim_teste/install/eufs_tracks/share/eufs_tracks/meshes
[2.795s] copying meshes/cone_yellow.dae -> /home/gustavo/eufs_sim_teste/install/eufs_tracks/share/eufs_tracks/meshes
[2.795s] creating /home/gustavo/eufs_sim_teste/install/eufs_tracks/share/eufs_tracks/worlds
[2.795s] copying worlds/acceleration.world -> /home/gustavo/eufs_sim_teste/install/eufs_tracks/share/eufs_tracks/worlds
[2.795s] copying worlds/boa_constrictor.world -> /home/gustavo/eufs_sim_teste/install/eufs_tracks/share/eufs_tracks/worlds
[2.796s] copying worlds/comp_2021.world -> /home/gustavo/eufs_sim_teste/install/eufs_tracks/share/eufs_tracks/worlds
[2.796s] copying worlds/garden_light.world -> /home/gustavo/eufs_sim_teste/install/eufs_tracks/share/eufs_tracks/worlds
[2.796s] copying worlds/hairpins_increasing_difficulty.world -> /home/gustavo/eufs_sim_teste/install/eufs_tracks/share/eufs_tracks/worlds
[2.796s] copying worlds/its_a_mess.world -> /home/gustavo/eufs_sim_teste/install/eufs_tracks/share/eufs_tracks/worlds
[2.796s] copying worlds/peanut.world -> /home/gustavo/eufs_sim_teste/install/eufs_tracks/share/eufs_tracks/worlds
[2.796s] copying worlds/rand.world -> /home/gustavo/eufs_sim_teste/install/eufs_tracks/share/eufs_tracks/worlds
[2.796s] copying worlds/rectangle.world -> /home/gustavo/eufs_sim_teste/install/eufs_tracks/share/eufs_tracks/worlds
[2.796s] copying worlds/skidpad.world -> /home/gustavo/eufs_sim_teste/install/eufs_tracks/share/eufs_tracks/worlds
[2.797s] copying worlds/small_track.world -> /home/gustavo/eufs_sim_teste/install/eufs_tracks/share/eufs_tracks/worlds
[2.797s] creating /home/gustavo/eufs_sim_teste/install/eufs_tracks/share/eufs_tracks/resource
[2.797s] creating /home/gustavo/eufs_sim_teste/install/eufs_tracks/share/eufs_tracks/resource/randgen_model_template
[2.797s] copying resource/randgen_model_template/model.config -> /home/gustavo/eufs_sim_teste/install/eufs_tracks/share/eufs_tracks/resource/randgen_model_template
[2.797s] copying resource/randgen_model_template/model.sdf -> /home/gustavo/eufs_sim_teste/install/eufs_tracks/share/eufs_tracks/resource/randgen_model_template
[2.797s] copying resource/noiseFiles.txt -> /home/gustavo/eufs_sim_teste/install/eufs_tracks/share/eufs_tracks/resource
[2.798s] copying resource/randgen_launch_template -> /home/gustavo/eufs_sim_teste/install/eufs_tracks/share/eufs_tracks/resource
[2.798s] copying resource/randgen_world_template -> /home/gustavo/eufs_sim_teste/install/eufs_tracks/share/eufs_tracks/resource
[2.798s] copying resource/conversion_tool.ui -> /home/gustavo/eufs_sim_teste/install/eufs_tracks/share/eufs_tracks/resource
[2.798s] creating /home/gustavo/eufs_sim_teste/install/eufs_tracks/share/eufs_tracks/models
[2.798s] creating /home/gustavo/eufs_sim_teste/install/eufs_tracks/share/eufs_tracks/models/acceleration
[2.799s] copying models/acceleration/model.config -> /home/gustavo/eufs_sim_teste/install/eufs_tracks/share/eufs_tracks/models/acceleration
[2.799s] copying models/acceleration/model.sdf -> /home/gustavo/eufs_sim_teste/install/eufs_tracks/share/eufs_tracks/models/acceleration
[2.799s] creating /home/gustavo/eufs_sim_teste/install/eufs_tracks/share/eufs_tracks/models/big_cone
[2.800s] copying models/big_cone/model.config -> /home/gustavo/eufs_sim_teste/install/eufs_tracks/share/eufs_tracks/models/big_cone
[2.800s] copying models/big_cone/model.sdf -> /home/gustavo/eufs_sim_teste/install/eufs_tracks/share/eufs_tracks/models/big_cone
[2.803s] creating /home/gustavo/eufs_sim_teste/install/eufs_tracks/share/eufs_tracks/models/blue_cone
[2.805s] copying models/blue_cone/model.config -> /home/gustavo/eufs_sim_teste/install/eufs_tracks/share/eufs_tracks/models/blue_cone
[2.805s] copying models/blue_cone/model.sdf -> /home/gustavo/eufs_sim_teste/install/eufs_tracks/share/eufs_tracks/models/blue_cone
[2.805s] creating /home/gustavo/eufs_sim_teste/install/eufs_tracks/share/eufs_tracks/models/boa_constrictor
[2.805s] copying models/boa_constrictor/model.config -> /home/gustavo/eufs_sim_teste/install/eufs_tracks/share/eufs_tracks/models/boa_constrictor
[2.805s] copying models/boa_constrictor/model.sdf -> /home/gustavo/eufs_sim_teste/install/eufs_tracks/share/eufs_tracks/models/boa_constrictor
[2.806s] creating /home/gustavo/eufs_sim_teste/install/eufs_tracks/share/eufs_tracks/models/comp_2021
[2.806s] copying models/comp_2021/model.config -> /home/gustavo/eufs_sim_teste/install/eufs_tracks/share/eufs_tracks/models/comp_2021
[2.806s] copying models/comp_2021/model.sdf -> /home/gustavo/eufs_sim_teste/install/eufs_tracks/share/eufs_tracks/models/comp_2021
[2.806s] creating /home/gustavo/eufs_sim_teste/install/eufs_tracks/share/eufs_tracks/models/garden_light
[2.807s] copying models/garden_light/model.config -> /home/gustavo/eufs_sim_teste/install/eufs_tracks/share/eufs_tracks/models/garden_light
[2.807s] copying models/garden_light/model.sdf -> /home/gustavo/eufs_sim_teste/install/eufs_tracks/share/eufs_tracks/models/garden_light
[2.807s] creating /home/gustavo/eufs_sim_teste/install/eufs_tracks/share/eufs_tracks/models/ground_plane
[2.810s] copying models/ground_plane/model.config -> /home/gustavo/eufs_sim_teste/install/eufs_tracks/share/eufs_tracks/models/ground_plane
[2.810s] copying models/ground_plane/model.sdf -> /home/gustavo/eufs_sim_teste/install/eufs_tracks/share/eufs_tracks/models/ground_plane
[2.810s] creating /home/gustavo/eufs_sim_teste/install/eufs_tracks/share/eufs_tracks/models/hairpins_increasing_difficulty
[2.811s] copying models/hairpins_increasing_difficulty/model.config -> /home/gustavo/eufs_sim_teste/install/eufs_tracks/share/eufs_tracks/models/hairpins_increasing_difficulty
[2.811s] copying models/hairpins_increasing_difficulty/model.sdf -> /home/gustavo/eufs_sim_teste/install/eufs_tracks/share/eufs_tracks/models/hairpins_increasing_difficulty
[2.811s] creating /home/gustavo/eufs_sim_teste/install/eufs_tracks/share/eufs_tracks/models/its_a_mess
[2.812s] copying models/its_a_mess/model.config -> /home/gustavo/eufs_sim_teste/install/eufs_tracks/share/eufs_tracks/models/its_a_mess
[2.812s] copying models/its_a_mess/model.sdf -> /home/gustavo/eufs_sim_teste/install/eufs_tracks/share/eufs_tracks/models/its_a_mess
[2.812s] creating /home/gustavo/eufs_sim_teste/install/eufs_tracks/share/eufs_tracks/models/orange_cone
[2.813s] copying models/orange_cone/model.config -> /home/gustavo/eufs_sim_teste/install/eufs_tracks/share/eufs_tracks/models/orange_cone
[2.814s] copying models/orange_cone/model.sdf -> /home/gustavo/eufs_sim_teste/install/eufs_tracks/share/eufs_tracks/models/orange_cone
[2.814s] creating /home/gustavo/eufs_sim_teste/install/eufs_tracks/share/eufs_tracks/models/peanut
[2.815s] copying models/peanut/model.config -> /home/gustavo/eufs_sim_teste/install/eufs_tracks/share/eufs_tracks/models/peanut
[2.818s] copying models/peanut/model.sdf -> /home/gustavo/eufs_sim_teste/install/eufs_tracks/share/eufs_tracks/models/peanut
[2.819s] creating /home/gustavo/eufs_sim_teste/install/eufs_tracks/share/eufs_tracks/models/rand
[2.819s] copying models/rand/model.config -> /home/gustavo/eufs_sim_teste/install/eufs_tracks/share/eufs_tracks/models/rand
[2.819s] copying models/rand/model.sdf -> /home/gustavo/eufs_sim_teste/install/eufs_tracks/share/eufs_tracks/models/rand
[2.819s] creating /home/gustavo/eufs_sim_teste/install/eufs_tracks/share/eufs_tracks/models/rectangle
[2.820s] copying models/rectangle/model.config -> /home/gustavo/eufs_sim_teste/install/eufs_tracks/share/eufs_tracks/models/rectangle
[2.822s] copying models/rectangle/model.sdf -> /home/gustavo/eufs_sim_teste/install/eufs_tracks/share/eufs_tracks/models/rectangle
[2.822s] creating /home/gustavo/eufs_sim_teste/install/eufs_tracks/share/eufs_tracks/models/skidpad
[2.823s] copying models/skidpad/model.config -> /home/gustavo/eufs_sim_teste/install/eufs_tracks/share/eufs_tracks/models/skidpad
[2.823s] copying models/skidpad/model.sdf -> /home/gustavo/eufs_sim_teste/install/eufs_tracks/share/eufs_tracks/models/skidpad
[2.823s] creating /home/gustavo/eufs_sim_teste/install/eufs_tracks/share/eufs_tracks/models/small_track
[2.823s] copying models/small_track/model.config -> /home/gustavo/eufs_sim_teste/install/eufs_tracks/share/eufs_tracks/models/small_track
[2.823s] copying models/small_track/model.sdf -> /home/gustavo/eufs_sim_teste/install/eufs_tracks/share/eufs_tracks/models/small_track
[2.824s] creating /home/gustavo/eufs_sim_teste/install/eufs_tracks/share/eufs_tracks/models/yellow_cone
[2.824s] copying models/yellow_cone/model.config -> /home/gustavo/eufs_sim_teste/install/eufs_tracks/share/eufs_tracks/models/yellow_cone
[2.824s] copying models/yellow_cone/model.sdf -> /home/gustavo/eufs_sim_teste/install/eufs_tracks/share/eufs_tracks/models/yellow_cone
[2.824s] running install_egg_info
[2.824s] Copying ../../build/eufs_tracks/eufs_tracks.egg-info to /home/gustavo/eufs_sim_teste/install/eufs_tracks/lib/python3.8/site-packages/eufs_tracks-2.0.0-py3.8.egg-info
[2.825s] running install_scripts
[2.838s] creating /home/gustavo/eufs_sim_teste/install/eufs_tracks/lib/eufs_tracks
[2.839s] copying /home/gustavo/eufs_sim_teste/build/eufs_tracks/build/scripts-3.8/eufs_tracks_converter -> /home/gustavo/eufs_sim_teste/install/eufs_tracks/lib/eufs_tracks
[2.839s] copying /home/gustavo/eufs_sim_teste/build/eufs_tracks/build/scripts-3.8/eufs_tracks_generator -> /home/gustavo/eufs_sim_teste/install/eufs_tracks/lib/eufs_tracks
[2.839s] changing mode of /home/gustavo/eufs_sim_teste/install/eufs_tracks/lib/eufs_tracks/eufs_tracks_converter to 775
[2.840s] changing mode of /home/gustavo/eufs_sim_teste/install/eufs_tracks/lib/eufs_tracks/eufs_tracks_generator to 775
[2.843s] writing list of installed files to '/home/gustavo/eufs_sim_teste/build/eufs_tracks/install.log'
[2.946s] Invoked command in '/home/gustavo/eufs_sim_teste/eufs_sim/eufs_tracks' returned '0': PYTHONPATH=/home/gustavo/eufs_sim_teste/build/eufs_tracks/prefix_override:/home/gustavo/eufs_sim_teste/install/eufs_tracks/lib/python3.8/site-packages:${PYTHONPATH} /usr/bin/python3 setup.py egg_info --egg-base ../../build/eufs_tracks build --build-base /home/gustavo/eufs_sim_teste/build/eufs_tracks/build install --record /home/gustavo/eufs_sim_teste/build/eufs_tracks/install.log --single-version-externally-managed
