running egg_info
creating ../../build/eufs_launcher/eufs_launcher.egg-info
writing ../../build/eufs_launcher/eufs_launcher.egg-info/PKG-INFO
writing dependency_links to ../../build/eufs_launcher/eufs_launcher.egg-info/dependency_links.txt
writing requirements to ../../build/eufs_launcher/eufs_launcher.egg-info/requires.txt
writing top-level names to ../../build/eufs_launcher/eufs_launcher.egg-info/top_level.txt
writing manifest file '../../build/eufs_launcher/eufs_launcher.egg-info/SOURCES.txt'
reading manifest file '../../build/eufs_launcher/eufs_launcher.egg-info/SOURCES.txt'
writing manifest file '../../build/eufs_launcher/eufs_launcher.egg-info/SOURCES.txt'
running build
running build_py
creating /home/gustavo/eufs_sim_teste/build/eufs_launcher/build
creating /home/gustavo/eufs_sim_teste/build/eufs_launcher/build/lib
creating /home/gustavo/eufs_sim_teste/build/eufs_launcher/build/lib/eufs_launcher
copying src/eufs_launcher/LauncherModule.py -> /home/gustavo/eufs_sim_teste/build/eufs_launcher/build/lib/eufs_launcher
copying src/eufs_launcher/__init__.py -> /home/gustavo/eufs_sim_teste/build/eufs_launcher/build/lib/eufs_launcher
running build_scripts
creating /home/gustavo/eufs_sim_teste/build/eufs_launcher/build/scripts-3.8
copying and adjusting scripts/eufs_launcher -> /home/gustavo/eufs_sim_teste/build/eufs_launcher/build/scripts-3.8
changing mode of /home/gustavo/eufs_sim_teste/build/eufs_launcher/build/scripts-3.8/eufs_launcher from 664 to 775
running install
running install_lib
creating /home/gustavo/eufs_sim_teste/install/eufs_launcher/lib/python3.8/site-packages/eufs_launcher
copying /home/gustavo/eufs_sim_teste/build/eufs_launcher/build/lib/eufs_launcher/LauncherModule.py -> /home/gustavo/eufs_sim_teste/install/eufs_launcher/lib/python3.8/site-packages/eufs_launcher
copying /home/gustavo/eufs_sim_teste/build/eufs_launcher/build/lib/eufs_launcher/__init__.py -> /home/gustavo/eufs_sim_teste/install/eufs_launcher/lib/python3.8/site-packages/eufs_launcher
byte-compiling /home/gustavo/eufs_sim_teste/install/eufs_launcher/lib/python3.8/site-packages/eufs_launcher/LauncherModule.py to LauncherModule.cpython-38.pyc
byte-compiling /home/gustavo/eufs_sim_teste/install/eufs_launcher/lib/python3.8/site-packages/eufs_launcher/__init__.py to __init__.cpython-38.pyc
running install_data
copying launch/eufs_launcher.launch.py -> /home/gustavo/eufs_sim_teste/install/eufs_launcher/share/eufs_launcher
copying launch/simulation.launch.py -> /home/gustavo/eufs_sim_teste/install/eufs_launcher/share/eufs_launcher
creating /home/gustavo/eufs_sim_teste/install/eufs_launcher/share/eufs_launcher/config
copying config/default.rviz -> /home/gustavo/eufs_sim_teste/install/eufs_launcher/share/eufs_launcher/config
copying config/eufs_launcher.yaml -> /home/gustavo/eufs_sim_teste/install/eufs_launcher/share/eufs_launcher/config
creating /home/gustavo/eufs_sim_teste/install/eufs_launcher/share/eufs_launcher/resource
copying resource/launcher.ui -> /home/gustavo/eufs_sim_teste/install/eufs_launcher/share/eufs_launcher/resource
copying plugin.xml -> /home/gustavo/eufs_sim_teste/install/eufs_launcher/share/eufs_launcher
copying package.xml -> /home/gustavo/eufs_sim_teste/install/eufs_launcher/share/eufs_launcher
creating /home/gustavo/eufs_sim_teste/install/eufs_launcher/share/ament_index
creating /home/gustavo/eufs_sim_teste/install/eufs_launcher/share/ament_index/resource_index
creating /home/gustavo/eufs_sim_teste/install/eufs_launcher/share/ament_index/resource_index/packages
copying resource/eufs_launcher -> /home/gustavo/eufs_sim_teste/install/eufs_launcher/share/ament_index/resource_index/packages
running install_egg_info
Copying ../../build/eufs_launcher/eufs_launcher.egg-info to /home/gustavo/eufs_sim_teste/install/eufs_launcher/lib/python3.8/site-packages/eufs_launcher-2.0.0-py3.8.egg-info
running install_scripts
creating /home/gustavo/eufs_sim_teste/install/eufs_launcher/lib/eufs_launcher
copying /home/gustavo/eufs_sim_teste/build/eufs_launcher/build/scripts-3.8/eufs_launcher -> /home/gustavo/eufs_sim_teste/install/eufs_launcher/lib/eufs_launcher
changing mode of /home/gustavo/eufs_sim_teste/install/eufs_launcher/lib/eufs_launcher/eufs_launcher to 775
writing list of installed files to '/home/gustavo/eufs_sim_teste/build/eufs_launcher/install.log'
