[1.377s] Invoking command in '/home/gustavo/eufs_sim_teste/eufs_sim/eufs_launcher': AMENT_PREFIX_PATH=/home/gustavo/eufs_sim_teste/install/eufs_tracks:${AMENT_PREFIX_PATH} PYTHONPATH=/home/gustavo/eufs_sim_teste/build/eufs_launcher/prefix_override:/home/gustavo/eufs_sim_teste/install/eufs_launcher/lib/python3.8/site-packages:/home/gustavo/eufs_sim_teste/install/eufs_tracks/lib/python3.8/site-packages:${PYTHONPATH} /usr/bin/python3 setup.py egg_info --egg-base ../../build/eufs_launcher build --build-base /home/gustavo/eufs_sim_teste/build/eufs_launcher/build install --record /home/gustavo/eufs_sim_teste/build/eufs_launcher/install.log --single-version-externally-managed
[1.883s] running egg_info
[1.883s] creating ../../build/eufs_launcher/eufs_launcher.egg-info
[1.884s] writing ../../build/eufs_launcher/eufs_launcher.egg-info/PKG-INFO
[1.884s] writing dependency_links to ../../build/eufs_launcher/eufs_launcher.egg-info/dependency_links.txt
[1.884s] writing requirements to ../../build/eufs_launcher/eufs_launcher.egg-info/requires.txt
[1.885s] writing top-level names to ../../build/eufs_launcher/eufs_launcher.egg-info/top_level.txt
[1.887s] writing manifest file '../../build/eufs_launcher/eufs_launcher.egg-info/SOURCES.txt'
[1.891s] reading manifest file '../../build/eufs_launcher/eufs_launcher.egg-info/SOURCES.txt'
[1.892s] writing manifest file '../../build/eufs_launcher/eufs_launcher.egg-info/SOURCES.txt'
[1.892s] running build
[1.893s] running build_py
[1.893s] creating /home/gustavo/eufs_sim_teste/build/eufs_launcher/build
[1.893s] creating /home/gustavo/eufs_sim_teste/build/eufs_launcher/build/lib
[1.893s] creating /home/gustavo/eufs_sim_teste/build/eufs_launcher/build/lib/eufs_launcher
[1.893s] copying src/eufs_launcher/LauncherModule.py -> /home/gustavo/eufs_sim_teste/build/eufs_launcher/build/lib/eufs_launcher
[1.894s] copying src/eufs_launcher/__init__.py -> /home/gustavo/eufs_sim_teste/build/eufs_launcher/build/lib/eufs_launcher
[1.894s] running build_scripts
[1.894s] creating /home/gustavo/eufs_sim_teste/build/eufs_launcher/build/scripts-3.8
[1.894s] copying and adjusting scripts/eufs_launcher -> /home/gustavo/eufs_sim_teste/build/eufs_launcher/build/scripts-3.8
[1.894s] changing mode of /home/gustavo/eufs_sim_teste/build/eufs_launcher/build/scripts-3.8/eufs_launcher from 664 to 775
[1.894s] running install
[1.895s] running install_lib
[1.897s] creating /home/gustavo/eufs_sim_teste/install/eufs_launcher/lib/python3.8/site-packages/eufs_launcher
[1.897s] copying /home/gustavo/eufs_sim_teste/build/eufs_launcher/build/lib/eufs_launcher/LauncherModule.py -> /home/gustavo/eufs_sim_teste/install/eufs_launcher/lib/python3.8/site-packages/eufs_launcher
[1.897s] copying /home/gustavo/eufs_sim_teste/build/eufs_launcher/build/lib/eufs_launcher/__init__.py -> /home/gustavo/eufs_sim_teste/install/eufs_launcher/lib/python3.8/site-packages/eufs_launcher
[1.898s] byte-compiling /home/gustavo/eufs_sim_teste/install/eufs_launcher/lib/python3.8/site-packages/eufs_launcher/LauncherModule.py to LauncherModule.cpython-38.pyc
[1.902s] byte-compiling /home/gustavo/eufs_sim_teste/install/eufs_launcher/lib/python3.8/site-packages/eufs_launcher/__init__.py to __init__.cpython-38.pyc
[1.902s] running install_data
[1.903s] copying launch/eufs_launcher.launch.py -> /home/gustavo/eufs_sim_teste/install/eufs_launcher/share/eufs_launcher
[1.903s] copying launch/simulation.launch.py -> /home/gustavo/eufs_sim_teste/install/eufs_launcher/share/eufs_launcher
[1.904s] creating /home/gustavo/eufs_sim_teste/install/eufs_launcher/share/eufs_launcher/config
[1.904s] copying config/default.rviz -> /home/gustavo/eufs_sim_teste/install/eufs_launcher/share/eufs_launcher/config
[1.904s] copying config/eufs_launcher.yaml -> /home/gustavo/eufs_sim_teste/install/eufs_launcher/share/eufs_launcher/config
[1.904s] creating /home/gustavo/eufs_sim_teste/install/eufs_launcher/share/eufs_launcher/resource
[1.904s] copying resource/launcher.ui -> /home/gustavo/eufs_sim_teste/install/eufs_launcher/share/eufs_launcher/resource
[1.904s] copying plugin.xml -> /home/gustavo/eufs_sim_teste/install/eufs_launcher/share/eufs_launcher
[1.905s] copying package.xml -> /home/gustavo/eufs_sim_teste/install/eufs_launcher/share/eufs_launcher
[1.905s] creating /home/gustavo/eufs_sim_teste/install/eufs_launcher/share/ament_index
[1.905s] creating /home/gustavo/eufs_sim_teste/install/eufs_launcher/share/ament_index/resource_index
[1.905s] creating /home/gustavo/eufs_sim_teste/install/eufs_launcher/share/ament_index/resource_index/packages
[1.905s] copying resource/eufs_launcher -> /home/gustavo/eufs_sim_teste/install/eufs_launcher/share/ament_index/resource_index/packages
[1.905s] running install_egg_info
[1.907s] Copying ../../build/eufs_launcher/eufs_launcher.egg-info to /home/gustavo/eufs_sim_teste/install/eufs_launcher/lib/python3.8/site-packages/eufs_launcher-2.0.0-py3.8.egg-info
[1.908s] running install_scripts
[1.941s] creating /home/gustavo/eufs_sim_teste/install/eufs_launcher/lib/eufs_launcher
[1.942s] copying /home/gustavo/eufs_sim_teste/build/eufs_launcher/build/scripts-3.8/eufs_launcher -> /home/gustavo/eufs_sim_teste/install/eufs_launcher/lib/eufs_launcher
[1.942s] changing mode of /home/gustavo/eufs_sim_teste/install/eufs_launcher/lib/eufs_launcher/eufs_launcher to 775
[1.944s] writing list of installed files to '/home/gustavo/eufs_sim_teste/build/eufs_launcher/install.log'
[1.988s] Invoked command in '/home/gustavo/eufs_sim_teste/eufs_sim/eufs_launcher' returned '0': AMENT_PREFIX_PATH=/home/gustavo/eufs_sim_teste/install/eufs_tracks:${AMENT_PREFIX_PATH} PYTHONPATH=/home/gustavo/eufs_sim_teste/build/eufs_launcher/prefix_override:/home/gustavo/eufs_sim_teste/install/eufs_launcher/lib/python3.8/site-packages:/home/gustavo/eufs_sim_teste/install/eufs_tracks/lib/python3.8/site-packages:${PYTHONPATH} /usr/bin/python3 setup.py egg_info --egg-base ../../build/eufs_launcher build --build-base /home/gustavo/eufs_sim_teste/build/eufs_launcher/build install --record /home/gustavo/eufs_sim_teste/build/eufs_launcher/install.log --single-version-externally-managed
