running egg_info
creating ../../build/eufs_racecar/eufs_racecar.egg-info
writing ../../build/eufs_racecar/eufs_racecar.egg-info/PKG-INFO
writing dependency_links to ../../build/eufs_racecar/eufs_racecar.egg-info/dependency_links.txt
writing requirements to ../../build/eufs_racecar/eufs_racecar.egg-info/requires.txt
writing top-level names to ../../build/eufs_racecar/eufs_racecar.egg-info/top_level.txt
writing manifest file '../../build/eufs_racecar/eufs_racecar.egg-info/SOURCES.txt'
reading manifest file '../../build/eufs_racecar/eufs_racecar.egg-info/SOURCES.txt'
writing manifest file '../../build/eufs_racecar/eufs_racecar.egg-info/SOURCES.txt'
running build
running install
running install_data
creating /home/gustavo/eufs_sim_teste/install/eufs_racecar/share/ament_index
creating /home/gustavo/eufs_sim_teste/install/eufs_racecar/share/ament_index/resource_index
creating /home/gustavo/eufs_sim_teste/install/eufs_racecar/share/ament_index/resource_index/packages
copying resource/eufs_racecar -> /home/gustavo/eufs_sim_teste/install/eufs_racecar/share/ament_index/resource_index/packages
copying package.xml -> /home/gustavo/eufs_sim_teste/install/eufs_racecar/share/eufs_racecar
creating /home/gustavo/eufs_sim_teste/install/eufs_racecar/share/eufs_racecar/meshes
copying meshes/ads_dv_chassis.dae -> /home/gustavo/eufs_sim_teste/install/eufs_racecar/share/eufs_racecar/meshes
copying meshes/ads_wheel_left.dae -> /home/gustavo/eufs_sim_teste/install/eufs_racecar/share/eufs_racecar/meshes
copying meshes/ads_wheel_right.dae -> /home/gustavo/eufs_sim_teste/install/eufs_racecar/share/eufs_racecar/meshes
copying meshes/sisu-20d.dae -> /home/gustavo/eufs_sim_teste/install/eufs_racecar/share/eufs_racecar/meshes
copying meshes/wheel_left.dae -> /home/gustavo/eufs_sim_teste/install/eufs_racecar/share/eufs_racecar/meshes
copying meshes/wheel_right.dae -> /home/gustavo/eufs_sim_teste/install/eufs_racecar/share/eufs_racecar/meshes
creating /home/gustavo/eufs_sim_teste/install/eufs_racecar/share/eufs_racecar/urdf
copying urdf/eufs_base.urdf.xacro -> /home/gustavo/eufs_sim_teste/install/eufs_racecar/share/eufs_racecar/urdf
copying urdf/wheels.urdf.xacro -> /home/gustavo/eufs_sim_teste/install/eufs_racecar/share/eufs_racecar/urdf
creating /home/gustavo/eufs_sim_teste/install/eufs_racecar/share/eufs_racecar/launch
copying launch/load_car.launch.py -> /home/gustavo/eufs_sim_teste/install/eufs_racecar/share/eufs_racecar/launch
creating /home/gustavo/eufs_sim_teste/install/eufs_racecar/share/eufs_racecar/robots
creating /home/gustavo/eufs_sim_teste/install/eufs_racecar/share/eufs_racecar/robots/ads-dv
copying robots/ads-dv/ADS-DV Sensor Position.pdf -> /home/gustavo/eufs_sim_teste/install/eufs_racecar/share/eufs_racecar/robots/ads-dv
copying robots/ads-dv/configDry.yaml -> /home/gustavo/eufs_sim_teste/install/eufs_racecar/share/eufs_racecar/robots/ads-dv
copying robots/ads-dv/configWet.yaml -> /home/gustavo/eufs_sim_teste/install/eufs_racecar/share/eufs_racecar/robots/ads-dv
copying robots/ads-dv/robot.urdf.xacro -> /home/gustavo/eufs_sim_teste/install/eufs_racecar/share/eufs_racecar/robots/ads-dv
creating /home/gustavo/eufs_sim_teste/install/eufs_racecar/share/eufs_racecar/robots/eufs
copying robots/eufs/configDry.yaml -> /home/gustavo/eufs_sim_teste/install/eufs_racecar/share/eufs_racecar/robots/eufs
copying robots/eufs/configWet.yaml -> /home/gustavo/eufs_sim_teste/install/eufs_racecar/share/eufs_racecar/robots/eufs
copying robots/eufs/robot.urdf.xacro -> /home/gustavo/eufs_sim_teste/install/eufs_racecar/share/eufs_racecar/robots/eufs
running install_egg_info
Copying ../../build/eufs_racecar/eufs_racecar.egg-info to /home/gustavo/eufs_sim_teste/install/eufs_racecar/lib/python3.8/site-packages/eufs_racecar-2.0.0-py3.8.egg-info
running install_scripts
writing list of installed files to '/home/gustavo/eufs_sim_teste/build/eufs_racecar/install.log'
