[2.119s] Invoking command in '/home/gustavo/eufs_sim_teste/eufs_sim/eufs_racecar': PYTHONPATH=/home/gustavo/eufs_sim_teste/build/eufs_racecar/prefix_override:/home/gustavo/eufs_sim_teste/install/eufs_racecar/lib/python3.8/site-packages:${PYTHONPATH} /usr/bin/python3 setup.py egg_info --egg-base ../../build/eufs_racecar build --build-base /home/gustavo/eufs_sim_teste/build/eufs_racecar/build install --record /home/gustavo/eufs_sim_teste/build/eufs_racecar/install.log --single-version-externally-managed
[2.685s] running egg_info
[2.686s] creating ../../build/eufs_racecar/eufs_racecar.egg-info
[2.687s] writing ../../build/eufs_racecar/eufs_racecar.egg-info/PKG-INFO
[2.687s] writing dependency_links to ../../build/eufs_racecar/eufs_racecar.egg-info/dependency_links.txt
[2.688s] writing requirements to ../../build/eufs_racecar/eufs_racecar.egg-info/requires.txt
[2.688s] writing top-level names to ../../build/eufs_racecar/eufs_racecar.egg-info/top_level.txt
[2.690s] writing manifest file '../../build/eufs_racecar/eufs_racecar.egg-info/SOURCES.txt'
[2.694s] reading manifest file '../../build/eufs_racecar/eufs_racecar.egg-info/SOURCES.txt'
[2.694s] writing manifest file '../../build/eufs_racecar/eufs_racecar.egg-info/SOURCES.txt'
[2.694s] running build
[2.694s] running install
[2.700s] running install_data
[2.703s] creating /home/gustavo/eufs_sim_teste/install/eufs_racecar/share/ament_index
[2.704s] creating /home/gustavo/eufs_sim_teste/install/eufs_racecar/share/ament_index/resource_index
[2.704s] creating /home/gustavo/eufs_sim_teste/install/eufs_racecar/share/ament_index/resource_index/packages
[2.704s] copying resource/eufs_racecar -> /home/gustavo/eufs_sim_teste/install/eufs_racecar/share/ament_index/resource_index/packages
[2.704s] copying package.xml -> /home/gustavo/eufs_sim_teste/install/eufs_racecar/share/eufs_racecar
[2.704s] creating /home/gustavo/eufs_sim_teste/install/eufs_racecar/share/eufs_racecar/meshes
[2.704s] copying meshes/ads_dv_chassis.dae -> /home/gustavo/eufs_sim_teste/install/eufs_racecar/share/eufs_racecar/meshes
[2.706s] copying meshes/ads_wheel_left.dae -> /home/gustavo/eufs_sim_teste/install/eufs_racecar/share/eufs_racecar/meshes
[2.711s] copying meshes/ads_wheel_right.dae -> /home/gustavo/eufs_sim_teste/install/eufs_racecar/share/eufs_racecar/meshes
[2.721s] copying meshes/sisu-20d.dae -> /home/gustavo/eufs_sim_teste/install/eufs_racecar/share/eufs_racecar/meshes
[2.753s] copying meshes/wheel_left.dae -> /home/gustavo/eufs_sim_teste/install/eufs_racecar/share/eufs_racecar/meshes
[2.753s] copying meshes/wheel_right.dae -> /home/gustavo/eufs_sim_teste/install/eufs_racecar/share/eufs_racecar/meshes
[2.753s] creating /home/gustavo/eufs_sim_teste/install/eufs_racecar/share/eufs_racecar/urdf
[2.754s] copying urdf/eufs_base.urdf.xacro -> /home/gustavo/eufs_sim_teste/install/eufs_racecar/share/eufs_racecar/urdf
[2.755s] copying urdf/wheels.urdf.xacro -> /home/gustavo/eufs_sim_teste/install/eufs_racecar/share/eufs_racecar/urdf
[2.755s] creating /home/gustavo/eufs_sim_teste/install/eufs_racecar/share/eufs_racecar/launch
[2.755s] copying launch/load_car.launch.py -> /home/gustavo/eufs_sim_teste/install/eufs_racecar/share/eufs_racecar/launch
[2.756s] creating /home/gustavo/eufs_sim_teste/install/eufs_racecar/share/eufs_racecar/robots
[2.756s] creating /home/gustavo/eufs_sim_teste/install/eufs_racecar/share/eufs_racecar/robots/ads-dv
[2.756s] copying robots/ads-dv/ADS-DV Sensor Position.pdf -> /home/gustavo/eufs_sim_teste/install/eufs_racecar/share/eufs_racecar/robots/ads-dv
[2.756s] copying robots/ads-dv/configDry.yaml -> /home/gustavo/eufs_sim_teste/install/eufs_racecar/share/eufs_racecar/robots/ads-dv
[2.757s] copying robots/ads-dv/configWet.yaml -> /home/gustavo/eufs_sim_teste/install/eufs_racecar/share/eufs_racecar/robots/ads-dv
[2.757s] copying robots/ads-dv/robot.urdf.xacro -> /home/gustavo/eufs_sim_teste/install/eufs_racecar/share/eufs_racecar/robots/ads-dv
[2.757s] creating /home/gustavo/eufs_sim_teste/install/eufs_racecar/share/eufs_racecar/robots/eufs
[2.758s] copying robots/eufs/configDry.yaml -> /home/gustavo/eufs_sim_teste/install/eufs_racecar/share/eufs_racecar/robots/eufs
[2.758s] copying robots/eufs/configWet.yaml -> /home/gustavo/eufs_sim_teste/install/eufs_racecar/share/eufs_racecar/robots/eufs
[2.766s] copying robots/eufs/robot.urdf.xacro -> /home/gustavo/eufs_sim_teste/install/eufs_racecar/share/eufs_racecar/robots/eufs
[2.768s] running install_egg_info
[2.769s] Copying ../../build/eufs_racecar/eufs_racecar.egg-info to /home/gustavo/eufs_sim_teste/install/eufs_racecar/lib/python3.8/site-packages/eufs_racecar-2.0.0-py3.8.egg-info
[2.774s] running install_scripts
[2.802s] writing list of installed files to '/home/gustavo/eufs_sim_teste/build/eufs_racecar/install.log'
[2.878s] Invoked command in '/home/gustavo/eufs_sim_teste/eufs_sim/eufs_racecar' returned '0': PYTHONPATH=/home/gustavo/eufs_sim_teste/build/eufs_racecar/prefix_override:/home/gustavo/eufs_sim_teste/install/eufs_racecar/lib/python3.8/site-packages:${PYTHONPATH} /usr/bin/python3 setup.py egg_info --egg-base ../../build/eufs_racecar build --build-base /home/gustavo/eufs_sim_teste/build/eufs_racecar/build install --record /home/gustavo/eufs_sim_teste/build/eufs_racecar/install.log --single-version-externally-managed
