[0.034s] Invoking command in '/home/gustavo/eufs_sim_teste/build/eufs_plugins': AMENT_PREFIX_PATH=/home/gustavo/eufs_sim_teste/install/eufs_models:/home/gustavo/eufs_sim_teste/install/eufs_msgs:${AMENT_PREFIX_PATH} CMAKE_PREFIX_PATH=/home/gustavo/eufs_sim_teste/install/eufs_models:/home/gustavo/eufs_sim_teste/install/eufs_msgs:/home/gustavo/install/eufs_sensors:/home/gustavo/install/autocar_gazebo:/home/gustavo/install/autocar_description:/home/gustavo/install/eufs_tracks:/home/gustavo/install/eufs_racecar:/opt/ros/galactic LD_LIBRARY_PATH=/home/gustavo/eufs_sim_teste/install/eufs_models/lib:/home/gustavo/eufs_sim_teste/install/eufs_msgs/lib:${LD_LIBRARY_PATH} PYTHONPATH=/home/gustavo/eufs_sim_teste/install/eufs_msgs/lib/python3.8/site-packages:${PYTHONPATH} /usr/bin/cmake /home/gustavo/eufs_sim_teste/eufs_sim/eufs_plugins -DCMAKE_INSTALL_PREFIX=/home/gustavo/eufs_sim_teste/install/eufs_plugins
[0.136s] -- The C compiler identification is GNU 9.4.0
[0.242s] -- The CXX compiler identification is GNU 9.4.0
[0.252s] -- Check for working C compiler: /usr/bin/cc
[0.380s] -- Check for working C compiler: /usr/bin/cc -- works
[0.381s] -- Detecting C compiler ABI info
[0.509s] -- Detecting C compiler ABI info - done
[0.532s] -- Detecting C compile features
[0.533s] -- Detecting C compile features - done
[0.538s] -- Check for working CXX compiler: /usr/bin/c++
[0.688s] -- Check for working CXX compiler: /usr/bin/c++ -- works
[0.690s] -- Detecting CXX compiler ABI info
[0.840s] -- Detecting CXX compiler ABI info - done
[0.864s] -- Detecting CXX compile features
[0.865s] -- Detecting CXX compile features - done
[0.868s] -- Found ament_cmake: 1.1.6 (/opt/ros/galactic/share/ament_cmake/cmake)
[0.917s] -- Found PythonInterp: /usr/bin/python3 (found suitable version "3.8.10", minimum required is "3") 
[0.917s] -- Using PYTHON_EXECUTABLE: /usr/bin/python3
[1.072s] -- Found gazebo_dev: 3.5.2 (/opt/ros/galactic/share/gazebo_dev/cmake)
[1.083s] -- Found PkgConfig: /usr/bin/pkg-config (found version "0.29.1") 
[1.091s] -- Checking for module 'bullet>=2.82'
[1.117s] --   Found bullet, version 2.88
[1.319s] -- Found ccd: /usr/include (found suitable version "2.0", minimum required is "2.0") 
[1.420s] -- Found fcl: /usr/include (found suitable version "0.5.0", minimum required is "0.3.2") 
[1.524s] -- Found assimp: /usr/include (found version "5.0.0") 
[1.575s] -- Found DART: /usr/include (Required is at least version "6.6") found components: dart 
[2.152s] -- Found Boost: /usr/lib/x86_64-linux-gnu/cmake/Boost-1.71.0/BoostConfig.cmake (found suitable version "1.71.0", minimum required is "1.40.0") found components: thread system filesystem program_options regex iostreams date_time 
[2.199s] -- Found Protobuf: /usr/lib/x86_64-linux-gnu/libprotobuf.so;-lpthread (found version "3.6.1") 
[2.209s] -- Looking for ignition-math6 -- found version 6.13.0
[2.225s] -- Searching for dependencies of ignition-math6
[2.230s] -- Looking for OGRE...
[2.231s] -- OGRE_PREFIX_WATCH changed.
[2.241s] -- Checking for module 'OGRE'
[2.267s] --   Found OGRE, version 1.9.0
[2.342s] -- Found Ogre Ghadamon (1.9.0)
[2.360s] -- Found OGRE: optimized;/usr/lib/x86_64-linux-gnu/libOgreMain.so;debug;/usr/lib/x86_64-linux-gnu/libOgreMain.so
[2.383s] -- Looking for OGRE_Paging...
[2.396s] -- Found OGRE_Paging: optimized;/usr/lib/x86_64-linux-gnu/libOgrePaging.so;debug;/usr/lib/x86_64-linux-gnu/libOgrePaging.so
[2.396s] -- Looking for OGRE_Terrain...
[2.409s] -- Found OGRE_Terrain: optimized;/usr/lib/x86_64-linux-gnu/libOgreTerrain.so;debug;/usr/lib/x86_64-linux-gnu/libOgreTerrain.so
[2.409s] -- Looking for OGRE_Property...
[2.423s] -- Found OGRE_Property: optimized;/usr/lib/x86_64-linux-gnu/libOgreProperty.so;debug;/usr/lib/x86_64-linux-gnu/libOgreProperty.so
[2.423s] -- Looking for OGRE_RTShaderSystem...
[2.435s] -- Found OGRE_RTShaderSystem: optimized;/usr/lib/x86_64-linux-gnu/libOgreRTShaderSystem.so;debug;/usr/lib/x86_64-linux-gnu/libOgreRTShaderSystem.so
[2.436s] -- Looking for OGRE_Volume...
[2.448s] -- Found OGRE_Volume: optimized;/usr/lib/x86_64-linux-gnu/libOgreVolume.so;debug;/usr/lib/x86_64-linux-gnu/libOgreVolume.so
[2.448s] -- Looking for OGRE_Overlay...
[2.461s] -- Found OGRE_Overlay: optimized;/usr/lib/x86_64-linux-gnu/libOgreOverlay.so;debug;/usr/lib/x86_64-linux-gnu/libOgreOverlay.so
[2.751s] -- Looking for ignition-math6 -- found version 6.13.0
[2.755s] -- Looking for ignition-transport8 -- found version 8.3.0
[2.756s] -- Searching for dependencies of ignition-transport8
[2.782s] -- Found Protobuf: /usr/lib/x86_64-linux-gnu/libprotobuf.so;-lpthread (found suitable version "3.6.1", minimum required is "3") 
[2.795s] -- Config-file not installed for ZeroMQ -- checking for pkg-config
[2.804s] -- Checking for module 'libzmq >= 4'
[2.833s] --   Found libzmq , version 4.3.2
[2.906s] -- Found ZeroMQ: TRUE (Required is at least version "4") 
[2.918s] -- Checking for module 'uuid'
[2.946s] --   Found uuid, version 2.34.0
[3.015s] -- Found UUID: TRUE  
[3.019s] -- Looking for ignition-msgs5 -- found version 5.10.0
[3.020s] -- Searching for dependencies of ignition-msgs5
[3.048s] -- Looking for ignition-math6 -- found version 6.13.0
[3.058s] -- Checking for module 'tinyxml2'
[3.086s] --   Found tinyxml2, version 6.2.0
[3.160s] -- Looking for ignition-msgs5 -- found version 5.10.0
[3.163s] -- Looking for ignition-common3 -- found version 3.14.2
[3.164s] -- Searching for dependencies of ignition-common3
[3.165s] -- Looking for dlfcn.h - found
[3.166s] -- Looking for libdl - found
[3.169s] -- Found DL: TRUE  
[3.188s] -- Searching for <ignition-common3> component [graphics]
[3.191s] -- Looking for ignition-common3-graphics -- found version 3.14.2
[3.192s] -- Searching for dependencies of ignition-common3-graphics
[3.192s] -- Looking for ignition-math6 -- found version 6.13.0
[3.198s] -- Looking for ignition-fuel_tools4 -- found version 4.6.0
[3.199s] -- Searching for dependencies of ignition-fuel_tools4
[3.338s] -- Found CURL: /usr/lib/x86_64-linux-gnu/libcurl.so (found version "7.68.0")  
[3.354s] -- Checking for module 'jsoncpp'
[3.382s] --   Found jsoncpp, version 1.7.4
[3.452s] -- Found JSONCPP: TRUE  
[3.466s] -- Checking for module 'libzip'
[3.493s] --   Found libzip, version 1.5.1
[3.564s] -- Found ZIP: TRUE  
[3.565s] -- Looking for ignition-common3 -- found version 3.14.2
[3.565s] -- Looking for ignition-math6 -- found version 6.13.0
[3.566s] -- Looking for ignition-msgs5 -- found version 5.10.0
[3.569s] -- Gazebo version: 11.11
[3.571s] -- Found gazebo_ros: 3.5.2 (/opt/ros/galactic/share/gazebo_ros/cmake)
[3.666s] -- Using all available rosidl_typesupport_c: rosidl_typesupport_fastrtps_c;rosidl_typesupport_introspection_c
[3.678s] -- Found rosidl_adapter: 2.2.3 (/opt/ros/galactic/share/rosidl_adapter/cmake)
[3.816s] -- Found OpenSSL: /usr/lib/x86_64-linux-gnu/libcrypto.so (found version "1.1.1f")  
[3.859s] -- Found FastRTPS: /opt/ros/galactic/include  
[4.001s] -- Using all available rosidl_typesupport_cpp: rosidl_typesupport_fastrtps_cpp;rosidl_typesupport_introspection_cpp
[4.134s] -- Found rmw_implementation_cmake: 3.3.1 (/opt/ros/galactic/share/rmw_implementation_cmake/cmake)
[4.141s] -- Found rmw_cyclonedds_cpp: 0.22.6 (/opt/ros/galactic/share/rmw_cyclonedds_cpp/cmake)
[4.186s] -- Using RMW implementation 'rmw_cyclonedds_cpp' as default
[4.189s] -- Found Threads: TRUE  
[4.539s] -- Found geometry_msgs: 2.2.4 (/opt/ros/galactic/share/geometry_msgs/cmake)
[4.616s] -- Found nav_msgs: 2.2.4 (/opt/ros/galactic/share/nav_msgs/cmake)
[4.776s] -- Found std_srvs: 2.2.4 (/opt/ros/galactic/share/std_srvs/cmake)
[4.799s] -- Found tf2: 0.17.5 (/opt/ros/galactic/share/tf2/cmake)
[4.824s] -- Found tf2_ros: 0.17.5 (/opt/ros/galactic/share/tf2_ros/cmake)
[5.562s] -- Found eufs_msgs: 0.0.0 (/home/gustavo/eufs_sim_teste/install/eufs_msgs/share/eufs_msgs/cmake)
[6.172s] -- Found eufs_models: 2.0.0 (/home/gustavo/eufs_sim_teste/install/eufs_models/share/eufs_models/cmake)
[6.226s] -- Found ackermann_msgs: 2.0.2 (/opt/ros/galactic/share/ackermann_msgs/cmake)
[6.303s] -- Found image_geometry: 3.1.3 (/opt/ros/galactic/share/image_geometry/cmake)
[6.343s] -- Found yaml_cpp_vendor: 7.1.1 (/opt/ros/galactic/share/yaml_cpp_vendor/cmake)
[6.726s] -- Configuring done
[6.989s] -- Generating done
[6.995s] -- Build files have been written to: /home/gustavo/eufs_sim_teste/build/eufs_plugins
[7.020s] Invoked command in '/home/gustavo/eufs_sim_teste/build/eufs_plugins' returned '0': AMENT_PREFIX_PATH=/home/gustavo/eufs_sim_teste/install/eufs_models:/home/gustavo/eufs_sim_teste/install/eufs_msgs:${AMENT_PREFIX_PATH} CMAKE_PREFIX_PATH=/home/gustavo/eufs_sim_teste/install/eufs_models:/home/gustavo/eufs_sim_teste/install/eufs_msgs:/home/gustavo/install/eufs_sensors:/home/gustavo/install/autocar_gazebo:/home/gustavo/install/autocar_description:/home/gustavo/install/eufs_tracks:/home/gustavo/install/eufs_racecar:/opt/ros/galactic LD_LIBRARY_PATH=/home/gustavo/eufs_sim_teste/install/eufs_models/lib:/home/gustavo/eufs_sim_teste/install/eufs_msgs/lib:${LD_LIBRARY_PATH} PYTHONPATH=/home/gustavo/eufs_sim_teste/install/eufs_msgs/lib/python3.8/site-packages:${PYTHONPATH} /usr/bin/cmake /home/gustavo/eufs_sim_teste/eufs_sim/eufs_plugins -DCMAKE_INSTALL_PREFIX=/home/gustavo/eufs_sim_teste/install/eufs_plugins
[7.026s] Invoking command in '/home/gustavo/eufs_sim_teste/build/eufs_plugins': AMENT_PREFIX_PATH=/home/gustavo/eufs_sim_teste/install/eufs_models:/home/gustavo/eufs_sim_teste/install/eufs_msgs:${AMENT_PREFIX_PATH} CMAKE_PREFIX_PATH=/home/gustavo/eufs_sim_teste/install/eufs_models:/home/gustavo/eufs_sim_teste/install/eufs_msgs:/home/gustavo/install/eufs_sensors:/home/gustavo/install/autocar_gazebo:/home/gustavo/install/autocar_description:/home/gustavo/install/eufs_tracks:/home/gustavo/install/eufs_racecar:/opt/ros/galactic LD_LIBRARY_PATH=/home/gustavo/eufs_sim_teste/install/eufs_models/lib:/home/gustavo/eufs_sim_teste/install/eufs_msgs/lib:${LD_LIBRARY_PATH} PYTHONPATH=/home/gustavo/eufs_sim_teste/install/eufs_msgs/lib/python3.8/site-packages:${PYTHONPATH} /usr/bin/cmake --build /home/gustavo/eufs_sim_teste/build/eufs_plugins -- -j8 -l8
[7.109s] [35m[1mScanning dependencies of target gazebo_camera_cones[0m
[7.110s] [35m[1mScanning dependencies of target gazebo_ground_truth_cones[0m
[7.110s] [35m[1mScanning dependencies of target gazebo_race_car_model[0m
[7.110s] [35m[1mScanning dependencies of target gazebo_simulate_bounding_boxes[0m
[7.480s] [ 11%] [32mBuilding CXX object gazebo_cone_plugins/CMakeFiles/gazebo_ground_truth_cones.dir/src/gazebo_ground_truth_cones.cpp.o[0m
[7.531s] [ 22%] [32mBuilding CXX object gazebo_cone_plugins/CMakeFiles/gazebo_camera_cones.dir/src/gazebo_camera_cones.cpp.o[0m
[7.531s] [ 33%] [32mBuilding CXX object gazebo_simulate_bounding_boxes/CMakeFiles/gazebo_simulate_bounding_boxes.dir/src/gazebo_simulate_bounding_boxes.cpp.o[0m
[7.556s] [ 44%] [32mBuilding CXX object gazebo_race_car_model/CMakeFiles/gazebo_race_car_model.dir/src/gazebo_ros_race_car_model.cpp.o[0m
[7.556s] [ 55%] [32mBuilding CXX object gazebo_race_car_model/CMakeFiles/gazebo_race_car_model.dir/src/state_machine.cpp.o[0m
[48.188s] [ 66%] [32m[1mLinking CXX shared library libgazebo_camera_cones.so[0m
[49.604s] [ 66%] Built target gazebo_camera_cones
[51.957s] [ 77%] [32m[1mLinking CXX shared library libgazebo_ground_truth_cones.so[0m
[53.601s] [ 77%] Built target gazebo_ground_truth_cones
[57.152s] [ 88%] [32m[1mLinking CXX shared library libgazebo_simulate_bounding_boxes.so[0m
[59.146s] [ 88%] Built target gazebo_simulate_bounding_boxes
[59.513s] [100%] [32m[1mLinking CXX shared library libgazebo_race_car_model.so[0m
[62.098s] [100%] Built target gazebo_race_car_model
[62.119s] Invoked command in '/home/gustavo/eufs_sim_teste/build/eufs_plugins' returned '0': AMENT_PREFIX_PATH=/home/gustavo/eufs_sim_teste/install/eufs_models:/home/gustavo/eufs_sim_teste/install/eufs_msgs:${AMENT_PREFIX_PATH} CMAKE_PREFIX_PATH=/home/gustavo/eufs_sim_teste/install/eufs_models:/home/gustavo/eufs_sim_teste/install/eufs_msgs:/home/gustavo/install/eufs_sensors:/home/gustavo/install/autocar_gazebo:/home/gustavo/install/autocar_description:/home/gustavo/install/eufs_tracks:/home/gustavo/install/eufs_racecar:/opt/ros/galactic LD_LIBRARY_PATH=/home/gustavo/eufs_sim_teste/install/eufs_models/lib:/home/gustavo/eufs_sim_teste/install/eufs_msgs/lib:${LD_LIBRARY_PATH} PYTHONPATH=/home/gustavo/eufs_sim_teste/install/eufs_msgs/lib/python3.8/site-packages:${PYTHONPATH} /usr/bin/cmake --build /home/gustavo/eufs_sim_teste/build/eufs_plugins -- -j8 -l8
[62.172s] Invoking command in '/home/gustavo/eufs_sim_teste/build/eufs_plugins': AMENT_PREFIX_PATH=/home/gustavo/eufs_sim_teste/install/eufs_models:/home/gustavo/eufs_sim_teste/install/eufs_msgs:${AMENT_PREFIX_PATH} CMAKE_PREFIX_PATH=/home/gustavo/eufs_sim_teste/install/eufs_models:/home/gustavo/eufs_sim_teste/install/eufs_msgs:/home/gustavo/install/eufs_sensors:/home/gustavo/install/autocar_gazebo:/home/gustavo/install/autocar_description:/home/gustavo/install/eufs_tracks:/home/gustavo/install/eufs_racecar:/opt/ros/galactic LD_LIBRARY_PATH=/home/gustavo/eufs_sim_teste/install/eufs_models/lib:/home/gustavo/eufs_sim_teste/install/eufs_msgs/lib:${LD_LIBRARY_PATH} PYTHONPATH=/home/gustavo/eufs_sim_teste/install/eufs_msgs/lib/python3.8/site-packages:${PYTHONPATH} /usr/bin/cmake --install /home/gustavo/eufs_sim_teste/build/eufs_plugins
[62.187s] -- Install configuration: ""
[62.187s] -- Installing: /home/gustavo/eufs_sim_teste/install/eufs_plugins/share/eufs_plugins/urdf
[62.188s] -- Installing: /home/gustavo/eufs_sim_teste/install/eufs_plugins/share/eufs_plugins/urdf/eufs_plugins.gazebo.xacro
[62.188s] -- Installing: /home/gustavo/eufs_sim_teste/install/eufs_plugins/share/eufs_plugins/environment/library_path.sh
[62.188s] -- Installing: /home/gustavo/eufs_sim_teste/install/eufs_plugins/share/eufs_plugins/environment/library_path.dsv
[62.188s] -- Installing: /home/gustavo/eufs_sim_teste/install/eufs_plugins/share/ament_index/resource_index/package_run_dependencies/eufs_plugins
[62.188s] -- Installing: /home/gustavo/eufs_sim_teste/install/eufs_plugins/share/ament_index/resource_index/parent_prefix_path/eufs_plugins
[62.188s] -- Installing: /home/gustavo/eufs_sim_teste/install/eufs_plugins/share/eufs_plugins/environment/ament_prefix_path.sh
[62.188s] -- Installing: /home/gustavo/eufs_sim_teste/install/eufs_plugins/share/eufs_plugins/environment/ament_prefix_path.dsv
[62.189s] -- Installing: /home/gustavo/eufs_sim_teste/install/eufs_plugins/share/eufs_plugins/environment/path.sh
[62.189s] -- Installing: /home/gustavo/eufs_sim_teste/install/eufs_plugins/share/eufs_plugins/environment/path.dsv
[62.189s] -- Installing: /home/gustavo/eufs_sim_teste/install/eufs_plugins/share/eufs_plugins/local_setup.bash
[62.189s] -- Installing: /home/gustavo/eufs_sim_teste/install/eufs_plugins/share/eufs_plugins/local_setup.sh
[62.190s] -- Installing: /home/gustavo/eufs_sim_teste/install/eufs_plugins/share/eufs_plugins/local_setup.zsh
[62.190s] -- Installing: /home/gustavo/eufs_sim_teste/install/eufs_plugins/share/eufs_plugins/local_setup.dsv
[62.190s] -- Installing: /home/gustavo/eufs_sim_teste/install/eufs_plugins/share/eufs_plugins/package.dsv
[62.190s] -- Installing: /home/gustavo/eufs_sim_teste/install/eufs_plugins/share/ament_index/resource_index/packages/eufs_plugins
[62.190s] -- Installing: /home/gustavo/eufs_sim_teste/install/eufs_plugins/share/eufs_plugins/cmake/ament_cmake_export_libraries-extras.cmake
[62.191s] -- Installing: /home/gustavo/eufs_sim_teste/install/eufs_plugins/share/eufs_plugins/cmake/ament_cmake_export_include_directories-extras.cmake
[62.191s] -- Installing: /home/gustavo/eufs_sim_teste/install/eufs_plugins/share/eufs_plugins/cmake/ament_cmake_export_dependencies-extras.cmake
[62.191s] -- Installing: /home/gustavo/eufs_sim_teste/install/eufs_plugins/share/eufs_plugins/cmake/eufs_pluginsConfig.cmake
[62.191s] -- Installing: /home/gustavo/eufs_sim_teste/install/eufs_plugins/share/eufs_plugins/cmake/eufs_pluginsConfig-version.cmake
[62.191s] -- Installing: /home/gustavo/eufs_sim_teste/install/eufs_plugins/share/eufs_plugins/package.xml
[62.192s] -- Installing: /home/gustavo/eufs_sim_teste/install/eufs_plugins/share/eufs_plugins/config
[62.192s] -- Installing: /home/gustavo/eufs_sim_teste/install/eufs_plugins/share/eufs_plugins/config/cone_recolor.yaml
[62.192s] -- Up-to-date: /home/gustavo/eufs_sim_teste/install/eufs_plugins/share/eufs_plugins/environment/library_path.sh
[62.192s] -- Up-to-date: /home/gustavo/eufs_sim_teste/install/eufs_plugins/share/eufs_plugins/environment/library_path.dsv
[62.193s] -- Installing: /home/gustavo/eufs_sim_teste/install/eufs_plugins/lib/libgazebo_ground_truth_cones.so
[62.200s] -- Set runtime path of "/home/gustavo/eufs_sim_teste/install/eufs_plugins/lib/libgazebo_ground_truth_cones.so" to ""
[62.200s] -- Installing: /home/gustavo/eufs_sim_teste/install/eufs_plugins/lib/libgazebo_camera_cones.so
[62.205s] -- Set runtime path of "/home/gustavo/eufs_sim_teste/install/eufs_plugins/lib/libgazebo_camera_cones.so" to ""
[62.206s] -- Up-to-date: /home/gustavo/eufs_sim_teste/install/eufs_plugins/share/eufs_plugins/environment/library_path.sh
[62.206s] -- Up-to-date: /home/gustavo/eufs_sim_teste/install/eufs_plugins/share/eufs_plugins/environment/library_path.dsv
[62.206s] -- Installing: /home/gustavo/eufs_sim_teste/install/eufs_plugins/lib/libgazebo_race_car_model.so
[62.226s] -- Set runtime path of "/home/gustavo/eufs_sim_teste/install/eufs_plugins/lib/libgazebo_race_car_model.so" to ""
[62.226s] -- Up-to-date: /home/gustavo/eufs_sim_teste/install/eufs_plugins/share/eufs_plugins/environment/library_path.sh
[62.226s] -- Up-to-date: /home/gustavo/eufs_sim_teste/install/eufs_plugins/share/eufs_plugins/environment/library_path.dsv
[62.227s] -- Up-to-date: /home/gustavo/eufs_sim_teste/install/eufs_plugins/share/eufs_plugins/config
[62.227s] -- Installing: /home/gustavo/eufs_sim_teste/install/eufs_plugins/share/eufs_plugins/config/boundingBoxes.yaml
[62.227s] -- Installing: /home/gustavo/eufs_sim_teste/install/eufs_plugins/lib/libgazebo_simulate_bounding_boxes.so
[62.238s] -- Set runtime path of "/home/gustavo/eufs_sim_teste/install/eufs_plugins/lib/libgazebo_simulate_bounding_boxes.so" to ""
[62.247s] Invoked command in '/home/gustavo/eufs_sim_teste/build/eufs_plugins' returned '0': AMENT_PREFIX_PATH=/home/gustavo/eufs_sim_teste/install/eufs_models:/home/gustavo/eufs_sim_teste/install/eufs_msgs:${AMENT_PREFIX_PATH} CMAKE_PREFIX_PATH=/home/gustavo/eufs_sim_teste/install/eufs_models:/home/gustavo/eufs_sim_teste/install/eufs_msgs:/home/gustavo/install/eufs_sensors:/home/gustavo/install/autocar_gazebo:/home/gustavo/install/autocar_description:/home/gustavo/install/eufs_tracks:/home/gustavo/install/eufs_racecar:/opt/ros/galactic LD_LIBRARY_PATH=/home/gustavo/eufs_sim_teste/install/eufs_models/lib:/home/gustavo/eufs_sim_teste/install/eufs_msgs/lib:${LD_LIBRARY_PATH} PYTHONPATH=/home/gustavo/eufs_sim_teste/install/eufs_msgs/lib/python3.8/site-packages:${PYTHONPATH} /usr/bin/cmake --install /home/gustavo/eufs_sim_teste/build/eufs_plugins
