[0.024s] Invoking command in '/home/gustavo/eufs_sim_teste/build/eufs_models': CMAKE_PREFIX_PATH=/home/gustavo/eufs_sim_teste/install/eufs_msgs:/home/gustavo/eufs_sim_teste/install/eufs_sensors:/home/gustavo/eufs_sim_teste/install/eufs_plugins:/home/gustavo/eufs_sim_teste/install/eufs_models:/home/gustavo/eufs_sim_teste/install/eufs_launcher:/home/gustavo/eufs_sim_teste/install/eufs_tracks:/home/gustavo/eufs_sim_teste/install/eufs_rqt:/home/gustavo/eufs_sim_teste/install/eufs_racecar:/opt/ros/galactic LD_LIBRARY_PATH=/home/gustavo/eufs_sim_teste/install/eufs_msgs/lib:/home/gustavo/eufs_sim_teste/install/eufs_plugins/lib:/home/gustavo/eufs_sim_teste/install/eufs_models/lib:/usr/lib/x86_64-linux-gnu/gazebo-11/plugins:/opt/ros/galactic/opt/yaml_cpp_vendor/lib:/opt/ros/galactic/opt/rviz_ogre_vendor/lib:/opt/ros/galactic/lib/x86_64-linux-gnu:/opt/ros/galactic/lib PYTHONPATH=/home/gustavo/eufs_sim_teste/install/eufs_msgs/lib/python3.8/site-packages:/home/gustavo/eufs_sim_teste/build/eufs_launcher/src:/home/gustavo/eufs_sim_teste/build/eufs_tracks:/home/gustavo/eufs_sim_teste/build/eufs_rqt/src:/home/gustavo/eufs_sim_teste/build/eufs_racecar:/home/gustavo/eufs_sim_teste/install/eufs_launcher/lib/python3.8/site-packages:/home/gustavo/eufs_sim_teste/install/eufs_tracks/lib/python3.8/site-packages:/home/gustavo/eufs_sim_teste/install/eufs_rqt/lib/python3.8/site-packages:/home/gustavo/eufs_sim_teste/install/eufs_racecar/lib/python3.8/site-packages:/opt/ros/galactic/lib/python3.8/site-packages /usr/bin/cmake /home/gustavo/eufs_sim_teste/eufs_sim/eufs_models -DCMAKE_INSTALL_PREFIX=/home/gustavo/eufs_sim_teste/install/eufs_models
[0.034s] -- Found ament_cmake: 1.1.6 (/opt/ros/galactic/share/ament_cmake/cmake)
[0.051s] -- Using PYTHON_EXECUTABLE: /usr/bin/python3
[0.096s] -- Override CMake install command with custom implementation using symlinks instead of copying resources
[0.101s] -- Found eufs_msgs: 0.0.0 (/home/gustavo/eufs_sim_teste/install/eufs_msgs/share/eufs_msgs/cmake)
[0.115s] -- Using all available rosidl_typesupport_c: rosidl_typesupport_fastrtps_c;rosidl_typesupport_introspection_c
[0.117s] -- Found rosidl_adapter: 2.2.3 (/opt/ros/galactic/share/rosidl_adapter/cmake)
[0.202s] -- Using all available rosidl_typesupport_cpp: rosidl_typesupport_fastrtps_cpp;rosidl_typesupport_introspection_cpp
[0.568s] -- Configuring done
[0.574s] -- Generating done
[0.575s] -- Build files have been written to: /home/gustavo/eufs_sim_teste/build/eufs_models
[0.579s] Invoked command in '/home/gustavo/eufs_sim_teste/build/eufs_models' returned '0': CMAKE_PREFIX_PATH=/home/gustavo/eufs_sim_teste/install/eufs_msgs:/home/gustavo/eufs_sim_teste/install/eufs_sensors:/home/gustavo/eufs_sim_teste/install/eufs_plugins:/home/gustavo/eufs_sim_teste/install/eufs_models:/home/gustavo/eufs_sim_teste/install/eufs_launcher:/home/gustavo/eufs_sim_teste/install/eufs_tracks:/home/gustavo/eufs_sim_teste/install/eufs_rqt:/home/gustavo/eufs_sim_teste/install/eufs_racecar:/opt/ros/galactic LD_LIBRARY_PATH=/home/gustavo/eufs_sim_teste/install/eufs_msgs/lib:/home/gustavo/eufs_sim_teste/install/eufs_plugins/lib:/home/gustavo/eufs_sim_teste/install/eufs_models/lib:/usr/lib/x86_64-linux-gnu/gazebo-11/plugins:/opt/ros/galactic/opt/yaml_cpp_vendor/lib:/opt/ros/galactic/opt/rviz_ogre_vendor/lib:/opt/ros/galactic/lib/x86_64-linux-gnu:/opt/ros/galactic/lib PYTHONPATH=/home/gustavo/eufs_sim_teste/install/eufs_msgs/lib/python3.8/site-packages:/home/gustavo/eufs_sim_teste/build/eufs_launcher/src:/home/gustavo/eufs_sim_teste/build/eufs_tracks:/home/gustavo/eufs_sim_teste/build/eufs_rqt/src:/home/gustavo/eufs_sim_teste/build/eufs_racecar:/home/gustavo/eufs_sim_teste/install/eufs_launcher/lib/python3.8/site-packages:/home/gustavo/eufs_sim_teste/install/eufs_tracks/lib/python3.8/site-packages:/home/gustavo/eufs_sim_teste/install/eufs_rqt/lib/python3.8/site-packages:/home/gustavo/eufs_sim_teste/install/eufs_racecar/lib/python3.8/site-packages:/opt/ros/galactic/lib/python3.8/site-packages /usr/bin/cmake /home/gustavo/eufs_sim_teste/eufs_sim/eufs_models -DCMAKE_INSTALL_PREFIX=/home/gustavo/eufs_sim_teste/install/eufs_models
[0.581s] Invoking command in '/home/gustavo/eufs_sim_teste/build/eufs_models': CMAKE_PREFIX_PATH=/home/gustavo/eufs_sim_teste/install/eufs_msgs:/home/gustavo/eufs_sim_teste/install/eufs_sensors:/home/gustavo/eufs_sim_teste/install/eufs_plugins:/home/gustavo/eufs_sim_teste/install/eufs_models:/home/gustavo/eufs_sim_teste/install/eufs_launcher:/home/gustavo/eufs_sim_teste/install/eufs_tracks:/home/gustavo/eufs_sim_teste/install/eufs_rqt:/home/gustavo/eufs_sim_teste/install/eufs_racecar:/opt/ros/galactic LD_LIBRARY_PATH=/home/gustavo/eufs_sim_teste/install/eufs_msgs/lib:/home/gustavo/eufs_sim_teste/install/eufs_plugins/lib:/home/gustavo/eufs_sim_teste/install/eufs_models/lib:/usr/lib/x86_64-linux-gnu/gazebo-11/plugins:/opt/ros/galactic/opt/yaml_cpp_vendor/lib:/opt/ros/galactic/opt/rviz_ogre_vendor/lib:/opt/ros/galactic/lib/x86_64-linux-gnu:/opt/ros/galactic/lib PYTHONPATH=/home/gustavo/eufs_sim_teste/install/eufs_msgs/lib/python3.8/site-packages:/home/gustavo/eufs_sim_teste/build/eufs_launcher/src:/home/gustavo/eufs_sim_teste/build/eufs_tracks:/home/gustavo/eufs_sim_teste/build/eufs_rqt/src:/home/gustavo/eufs_sim_teste/build/eufs_racecar:/home/gustavo/eufs_sim_teste/install/eufs_launcher/lib/python3.8/site-packages:/home/gustavo/eufs_sim_teste/install/eufs_tracks/lib/python3.8/site-packages:/home/gustavo/eufs_sim_teste/install/eufs_rqt/lib/python3.8/site-packages:/home/gustavo/eufs_sim_teste/install/eufs_racecar/lib/python3.8/site-packages:/opt/ros/galactic/lib/python3.8/site-packages /usr/bin/cmake --build /home/gustavo/eufs_sim_teste/build/eufs_models -- -j8 -l8
[0.620s] [100%] Built target eufs_models
[0.629s] Invoked command in '/home/gustavo/eufs_sim_teste/build/eufs_models' returned '0': CMAKE_PREFIX_PATH=/home/gustavo/eufs_sim_teste/install/eufs_msgs:/home/gustavo/eufs_sim_teste/install/eufs_sensors:/home/gustavo/eufs_sim_teste/install/eufs_plugins:/home/gustavo/eufs_sim_teste/install/eufs_models:/home/gustavo/eufs_sim_teste/install/eufs_launcher:/home/gustavo/eufs_sim_teste/install/eufs_tracks:/home/gustavo/eufs_sim_teste/install/eufs_rqt:/home/gustavo/eufs_sim_teste/install/eufs_racecar:/opt/ros/galactic LD_LIBRARY_PATH=/home/gustavo/eufs_sim_teste/install/eufs_msgs/lib:/home/gustavo/eufs_sim_teste/install/eufs_plugins/lib:/home/gustavo/eufs_sim_teste/install/eufs_models/lib:/usr/lib/x86_64-linux-gnu/gazebo-11/plugins:/opt/ros/galactic/opt/yaml_cpp_vendor/lib:/opt/ros/galactic/opt/rviz_ogre_vendor/lib:/opt/ros/galactic/lib/x86_64-linux-gnu:/opt/ros/galactic/lib PYTHONPATH=/home/gustavo/eufs_sim_teste/install/eufs_msgs/lib/python3.8/site-packages:/home/gustavo/eufs_sim_teste/build/eufs_launcher/src:/home/gustavo/eufs_sim_teste/build/eufs_tracks:/home/gustavo/eufs_sim_teste/build/eufs_rqt/src:/home/gustavo/eufs_sim_teste/build/eufs_racecar:/home/gustavo/eufs_sim_teste/install/eufs_launcher/lib/python3.8/site-packages:/home/gustavo/eufs_sim_teste/install/eufs_tracks/lib/python3.8/site-packages:/home/gustavo/eufs_sim_teste/install/eufs_rqt/lib/python3.8/site-packages:/home/gustavo/eufs_sim_teste/install/eufs_racecar/lib/python3.8/site-packages:/opt/ros/galactic/lib/python3.8/site-packages /usr/bin/cmake --build /home/gustavo/eufs_sim_teste/build/eufs_models -- -j8 -l8
[0.652s] Invoking command in '/home/gustavo/eufs_sim_teste/build/eufs_models': CMAKE_PREFIX_PATH=/home/gustavo/eufs_sim_teste/install/eufs_msgs:/home/gustavo/eufs_sim_teste/install/eufs_sensors:/home/gustavo/eufs_sim_teste/install/eufs_plugins:/home/gustavo/eufs_sim_teste/install/eufs_models:/home/gustavo/eufs_sim_teste/install/eufs_launcher:/home/gustavo/eufs_sim_teste/install/eufs_tracks:/home/gustavo/eufs_sim_teste/install/eufs_rqt:/home/gustavo/eufs_sim_teste/install/eufs_racecar:/opt/ros/galactic LD_LIBRARY_PATH=/home/gustavo/eufs_sim_teste/install/eufs_msgs/lib:/home/gustavo/eufs_sim_teste/install/eufs_plugins/lib:/home/gustavo/eufs_sim_teste/install/eufs_models/lib:/usr/lib/x86_64-linux-gnu/gazebo-11/plugins:/opt/ros/galactic/opt/yaml_cpp_vendor/lib:/opt/ros/galactic/opt/rviz_ogre_vendor/lib:/opt/ros/galactic/lib/x86_64-linux-gnu:/opt/ros/galactic/lib PYTHONPATH=/home/gustavo/eufs_sim_teste/install/eufs_msgs/lib/python3.8/site-packages:/home/gustavo/eufs_sim_teste/build/eufs_launcher/src:/home/gustavo/eufs_sim_teste/build/eufs_tracks:/home/gustavo/eufs_sim_teste/build/eufs_rqt/src:/home/gustavo/eufs_sim_teste/build/eufs_racecar:/home/gustavo/eufs_sim_teste/install/eufs_launcher/lib/python3.8/site-packages:/home/gustavo/eufs_sim_teste/install/eufs_tracks/lib/python3.8/site-packages:/home/gustavo/eufs_sim_teste/install/eufs_rqt/lib/python3.8/site-packages:/home/gustavo/eufs_sim_teste/install/eufs_racecar/lib/python3.8/site-packages:/opt/ros/galactic/lib/python3.8/site-packages /usr/bin/cmake --install /home/gustavo/eufs_sim_teste/build/eufs_models
[0.659s] -- Install configuration: ""
[0.660s] -- Execute custom install script
[0.660s] -- Up-to-date symlink: /home/gustavo/eufs_sim_teste/install/eufs_models/share/eufs_models/environment/library_path.sh
[0.660s] -- Up-to-date symlink: /home/gustavo/eufs_sim_teste/install/eufs_models/share/eufs_models/environment/library_path.dsv
[0.661s] -- Up-to-date symlink: /home/gustavo/eufs_sim_teste/install/eufs_models/include/eufs_models/dynamic_bicycle.hpp
[0.661s] -- Up-to-date symlink: /home/gustavo/eufs_sim_teste/install/eufs_models/include/eufs_models/eufs_models.hpp
[0.661s] -- Up-to-date symlink: /home/gustavo/eufs_sim_teste/install/eufs_models/include/eufs_models/noise.hpp
[0.661s] -- Up-to-date symlink: /home/gustavo/eufs_sim_teste/install/eufs_models/include/eufs_models/point_mass.hpp
[0.661s] -- Up-to-date symlink: /home/gustavo/eufs_sim_teste/install/eufs_models/include/eufs_models/vehicle_input.hpp
[0.662s] -- Up-to-date symlink: /home/gustavo/eufs_sim_teste/install/eufs_models/include/eufs_models/vehicle_model.hpp
[0.662s] -- Up-to-date symlink: /home/gustavo/eufs_sim_teste/install/eufs_models/include/eufs_models/vehicle_param.hpp
[0.662s] -- Up-to-date symlink: /home/gustavo/eufs_sim_teste/install/eufs_models/include/eufs_models/vehicle_state.hpp
[0.662s] -- Up-to-date symlink: /home/gustavo/eufs_sim_teste/install/eufs_models/share/ament_index/resource_index/package_run_dependencies/eufs_models
[0.662s] -- Up-to-date symlink: /home/gustavo/eufs_sim_teste/install/eufs_models/share/ament_index/resource_index/parent_prefix_path/eufs_models
[0.662s] -- Up-to-date symlink: /home/gustavo/eufs_sim_teste/install/eufs_models/share/eufs_models/environment/ament_prefix_path.sh
[0.663s] -- Up-to-date symlink: /home/gustavo/eufs_sim_teste/install/eufs_models/share/eufs_models/environment/ament_prefix_path.dsv
[0.663s] -- Up-to-date symlink: /home/gustavo/eufs_sim_teste/install/eufs_models/share/eufs_models/environment/path.sh
[0.663s] -- Up-to-date symlink: /home/gustavo/eufs_sim_teste/install/eufs_models/share/eufs_models/environment/path.dsv
[0.663s] -- Up-to-date symlink: /home/gustavo/eufs_sim_teste/install/eufs_models/share/eufs_models/local_setup.bash
[0.664s] -- Up-to-date symlink: /home/gustavo/eufs_sim_teste/install/eufs_models/share/eufs_models/local_setup.sh
[0.664s] -- Up-to-date symlink: /home/gustavo/eufs_sim_teste/install/eufs_models/share/eufs_models/local_setup.zsh
[0.664s] -- Up-to-date symlink: /home/gustavo/eufs_sim_teste/install/eufs_models/share/eufs_models/local_setup.dsv
[0.664s] -- Symlinking: /home/gustavo/eufs_sim_teste/install/eufs_models/share/eufs_models/package.dsv
[0.672s] -- Up-to-date symlink: /home/gustavo/eufs_sim_teste/install/eufs_models/share/ament_index/resource_index/packages/eufs_models
[0.672s] -- Up-to-date symlink: /home/gustavo/eufs_sim_teste/install/eufs_models/share/eufs_models/cmake/ament_cmake_export_include_directories-extras.cmake
[0.672s] -- Up-to-date symlink: /home/gustavo/eufs_sim_teste/install/eufs_models/share/eufs_models/cmake/ament_cmake_export_libraries-extras.cmake
[0.672s] -- Up-to-date symlink: /home/gustavo/eufs_sim_teste/install/eufs_models/share/eufs_models/cmake/ament_cmake_export_targets-extras.cmake
[0.672s] -- Up-to-date symlink: /home/gustavo/eufs_sim_teste/install/eufs_models/share/eufs_models/cmake/ament_cmake_export_dependencies-extras.cmake
[0.672s] -- Up-to-date symlink: /home/gustavo/eufs_sim_teste/install/eufs_models/share/eufs_models/cmake/eufs_modelsConfig.cmake
[0.672s] -- Up-to-date symlink: /home/gustavo/eufs_sim_teste/install/eufs_models/share/eufs_models/cmake/eufs_modelsConfig-version.cmake
[0.673s] -- Up-to-date symlink: /home/gustavo/eufs_sim_teste/install/eufs_models/share/eufs_models/package.xml
[0.673s] -- Up-to-date symlink: /home/gustavo/eufs_sim_teste/install/eufs_models/share/eufs_models/models/models.txt
[0.673s] -- Up-to-date symlink: /home/gustavo/eufs_sim_teste/install/eufs_models/share/eufs_models/config/noise.yaml
[0.673s] -- Up-to-date: /home/gustavo/eufs_sim_teste/install/eufs_models/lib/libeufs_models.a
[0.673s] -- Up-to-date: /home/gustavo/eufs_sim_teste/install/eufs_models/share/eufs_models/cmake/export_eufs_modelsExport.cmake
[0.673s] -- Installing: /home/gustavo/eufs_sim_teste/install/eufs_models/share/eufs_models/cmake/export_eufs_modelsExport-noconfig.cmake
[0.679s] Invoked command in '/home/gustavo/eufs_sim_teste/build/eufs_models' returned '0': CMAKE_PREFIX_PATH=/home/gustavo/eufs_sim_teste/install/eufs_msgs:/home/gustavo/eufs_sim_teste/install/eufs_sensors:/home/gustavo/eufs_sim_teste/install/eufs_plugins:/home/gustavo/eufs_sim_teste/install/eufs_models:/home/gustavo/eufs_sim_teste/install/eufs_launcher:/home/gustavo/eufs_sim_teste/install/eufs_tracks:/home/gustavo/eufs_sim_teste/install/eufs_rqt:/home/gustavo/eufs_sim_teste/install/eufs_racecar:/opt/ros/galactic LD_LIBRARY_PATH=/home/gustavo/eufs_sim_teste/install/eufs_msgs/lib:/home/gustavo/eufs_sim_teste/install/eufs_plugins/lib:/home/gustavo/eufs_sim_teste/install/eufs_models/lib:/usr/lib/x86_64-linux-gnu/gazebo-11/plugins:/opt/ros/galactic/opt/yaml_cpp_vendor/lib:/opt/ros/galactic/opt/rviz_ogre_vendor/lib:/opt/ros/galactic/lib/x86_64-linux-gnu:/opt/ros/galactic/lib PYTHONPATH=/home/gustavo/eufs_sim_teste/install/eufs_msgs/lib/python3.8/site-packages:/home/gustavo/eufs_sim_teste/build/eufs_launcher/src:/home/gustavo/eufs_sim_teste/build/eufs_tracks:/home/gustavo/eufs_sim_teste/build/eufs_rqt/src:/home/gustavo/eufs_sim_teste/build/eufs_racecar:/home/gustavo/eufs_sim_teste/install/eufs_launcher/lib/python3.8/site-packages:/home/gustavo/eufs_sim_teste/install/eufs_tracks/lib/python3.8/site-packages:/home/gustavo/eufs_sim_teste/install/eufs_rqt/lib/python3.8/site-packages:/home/gustavo/eufs_sim_teste/install/eufs_racecar/lib/python3.8/site-packages:/opt/ros/galactic/lib/python3.8/site-packages /usr/bin/cmake --install /home/gustavo/eufs_sim_teste/build/eufs_models
