[0.052s] Invoking command in '/home/gustavo/eufs_sim_teste/build/eufs_msgs': CMAKE_PREFIX_PATH=${CMAKE_PREFIX_PATH}:/home/gustavo/eufs_sim_teste/install/eufs_launcher:/home/gustavo/eufs_sim_teste/install/eufs_tracks:/home/gustavo/eufs_sim_teste/install/eufs_rqt:/home/gustavo/eufs_sim_teste/install/eufs_racecar:/opt/ros/galactic /usr/bin/cmake /home/gustavo/eufs_sim_teste/eufs_msgs -DCMAKE_INSTALL_PREFIX=/home/gustavo/eufs_sim_teste/install/eufs_msgs
[0.485s] -- Found ament_cmake: 1.1.6 (/opt/ros/galactic/share/ament_cmake/cmake)
[0.485s] -- Found PythonInterp: /usr/bin/python3 (found suitable version "3.8.10", minimum required is "3") 
[0.485s] -- Using PYTHON_EXECUTABLE: /usr/bin/python3
[0.485s] -- Override CMake install command with custom implementation using symlinks instead of copying resources
[0.485s] -- Found rosidl_default_generators: 1.1.1 (/opt/ros/galactic/share/rosidl_default_generators/cmake)
[0.485s] -- Using all available rosidl_typesupport_c: rosidl_typesupport_fastrtps_c;rosidl_typesupport_introspection_c
[0.485s] -- Found rosidl_adapter: 2.2.3 (/opt/ros/galactic/share/rosidl_adapter/cmake)
[0.485s] -- Using all available rosidl_typesupport_cpp: rosidl_typesupport_fastrtps_cpp;rosidl_typesupport_introspection_cpp
[0.485s] -- Found std_msgs: 2.2.4 (/opt/ros/galactic/share/std_msgs/cmake)
[0.485s] -- Found geometry_msgs: 2.2.4 (/opt/ros/galactic/share/geometry_msgs/cmake)
[0.485s] -- Found sensor_msgs: 2.2.4 (/opt/ros/galactic/share/sensor_msgs/cmake)
[0.485s] -- Found PythonInterp: /usr/bin/python3 (found version "3.8.10") 
[0.761s] -- Found ament_cmake_ros: 0.9.2 (/opt/ros/galactic/share/ament_cmake_ros/cmake)
[1.007s] -- Using all available rosidl_typesupport_c: rosidl_typesupport_fastrtps_c;rosidl_typesupport_introspection_c
[1.138s] -- Using all available rosidl_typesupport_cpp: rosidl_typesupport_fastrtps_cpp;rosidl_typesupport_introspection_cpp
[1.164s] -- Found PythonInterp: /usr/bin/python3 (found suitable version "3.8.10", minimum required is "3.5") 
[1.164s] -- Found python_cmake_module: 0.8.1 (/opt/ros/galactic/share/python_cmake_module/cmake)
[1.184s] -- Using PYTHON_EXECUTABLE: /usr/bin/python3
[1.184s] -- Using PYTHON_INCLUDE_DIRS: /usr/include/python3.8
[1.184s] -- Using PYTHON_LIBRARIES: /usr/lib/x86_64-linux-gnu/libpython3.8.so
[1.267s] -- Configuring done
[1.387s] -- Generating done
[1.390s] -- Build files have been written to: /home/gustavo/eufs_sim_teste/build/eufs_msgs
[1.398s] Invoked command in '/home/gustavo/eufs_sim_teste/build/eufs_msgs' returned '0': CMAKE_PREFIX_PATH=${CMAKE_PREFIX_PATH}:/home/gustavo/eufs_sim_teste/install/eufs_launcher:/home/gustavo/eufs_sim_teste/install/eufs_tracks:/home/gustavo/eufs_sim_teste/install/eufs_rqt:/home/gustavo/eufs_sim_teste/install/eufs_racecar:/opt/ros/galactic /usr/bin/cmake /home/gustavo/eufs_sim_teste/eufs_msgs -DCMAKE_INSTALL_PREFIX=/home/gustavo/eufs_sim_teste/install/eufs_msgs
[1.401s] Invoking command in '/home/gustavo/eufs_sim_teste/build/eufs_msgs': CMAKE_PREFIX_PATH=${CMAKE_PREFIX_PATH}:/home/gustavo/eufs_sim_teste/install/eufs_launcher:/home/gustavo/eufs_sim_teste/install/eufs_tracks:/home/gustavo/eufs_sim_teste/install/eufs_rqt:/home/gustavo/eufs_sim_teste/install/eufs_racecar:/opt/ros/galactic /usr/bin/cmake --build /home/gustavo/eufs_sim_teste/build/eufs_msgs -- -j8 -l8
[1.467s] [  0%] Built target eufs_msgs__cpp
[1.474s] [ 12%] Built target eufs_msgs__rosidl_generator_c
[1.500s] [ 25%] Built target eufs_msgs__rosidl_typesupport_introspection_cpp
[1.510s] [ 37%] Built target eufs_msgs__rosidl_typesupport_cpp
[1.511s] [ 49%] Built target eufs_msgs__rosidl_typesupport_fastrtps_cpp
[1.511s] [ 62%] Built target eufs_msgs__rosidl_typesupport_c
[1.516s] [ 75%] Built target eufs_msgs__rosidl_typesupport_introspection_c
[1.551s] [ 88%] Built target eufs_msgs__rosidl_typesupport_fastrtps_c
[1.570s] [ 88%] Built target eufs_msgs
[1.589s] [ 88%] Built target eufs_msgs__py
[1.629s] [100%] Built target eufs_msgs__python
[1.651s] [100%] Built target eufs_msgs__rosidl_typesupport_introspection_c__pyext
[1.651s] [100%] Built target eufs_msgs__rosidl_typesupport_fastrtps_c__pyext
[1.652s] [100%] Built target eufs_msgs__rosidl_typesupport_c__pyext
[1.759s] Invoked command in '/home/gustavo/eufs_sim_teste/build/eufs_msgs' returned '0': CMAKE_PREFIX_PATH=${CMAKE_PREFIX_PATH}:/home/gustavo/eufs_sim_teste/install/eufs_launcher:/home/gustavo/eufs_sim_teste/install/eufs_tracks:/home/gustavo/eufs_sim_teste/install/eufs_rqt:/home/gustavo/eufs_sim_teste/install/eufs_racecar:/opt/ros/galactic /usr/bin/cmake --build /home/gustavo/eufs_sim_teste/build/eufs_msgs -- -j8 -l8
[2.233s] Invoking command in '/home/gustavo/eufs_sim_teste/build/eufs_msgs': CMAKE_PREFIX_PATH=${CMAKE_PREFIX_PATH}:/home/gustavo/eufs_sim_teste/install/eufs_launcher:/home/gustavo/eufs_sim_teste/install/eufs_tracks:/home/gustavo/eufs_sim_teste/install/eufs_rqt:/home/gustavo/eufs_sim_teste/install/eufs_racecar:/opt/ros/galactic /usr/bin/cmake --install /home/gustavo/eufs_sim_teste/build/eufs_msgs
[2.240s] -- Install configuration: ""
[2.240s] -- Execute custom install script
[2.241s] -- Up-to-date symlink: /home/gustavo/eufs_sim_teste/install/eufs_msgs/share/ament_index/resource_index/rosidl_interfaces/eufs_msgs
[2.242s] -- Up-to-date symlink: /home/gustavo/eufs_sim_teste/install/eufs_msgs/include/eufs_msgs/action/check_for_objects.h
[2.242s] -- Up-to-date symlink: /home/gustavo/eufs_sim_teste/install/eufs_msgs/include/eufs_msgs/action/detail/check_for_objects__functions.h
[2.242s] -- Up-to-date symlink: /home/gustavo/eufs_sim_teste/install/eufs_msgs/include/eufs_msgs/action/detail/check_for_objects__struct.h
[2.242s] -- Up-to-date symlink: /home/gustavo/eufs_sim_teste/install/eufs_msgs/include/eufs_msgs/action/detail/check_for_objects__type_support.h
[2.242s] -- Up-to-date symlink: /home/gustavo/eufs_sim_teste/install/eufs_msgs/include/eufs_msgs/msg/bounding_box.h
[2.243s] -- Up-to-date symlink: /home/gustavo/eufs_sim_teste/install/eufs_msgs/include/eufs_msgs/msg/bounding_boxes.h
[2.243s] -- Up-to-date symlink: /home/gustavo/eufs_sim_teste/install/eufs_msgs/include/eufs_msgs/msg/can_state.h
[2.243s] -- Up-to-date symlink: /home/gustavo/eufs_sim_teste/install/eufs_msgs/include/eufs_msgs/msg/car_state.h
[2.243s] -- Up-to-date symlink: /home/gustavo/eufs_sim_teste/install/eufs_msgs/include/eufs_msgs/msg/chassis_command.h
[2.243s] -- Up-to-date symlink: /home/gustavo/eufs_sim_teste/install/eufs_msgs/include/eufs_msgs/msg/chassis_state.h
[2.243s] -- Up-to-date symlink: /home/gustavo/eufs_sim_teste/install/eufs_msgs/include/eufs_msgs/msg/cone_array.h
[2.243s] -- Up-to-date symlink: /home/gustavo/eufs_sim_teste/install/eufs_msgs/include/eufs_msgs/msg/cone_array_with_covariance.h
[2.243s] -- Up-to-date symlink: /home/gustavo/eufs_sim_teste/install/eufs_msgs/include/eufs_msgs/msg/cone_with_covariance.h
[2.244s] -- Up-to-date symlink: /home/gustavo/eufs_sim_teste/install/eufs_msgs/include/eufs_msgs/msg/costmap.h
[2.244s] -- Up-to-date symlink: /home/gustavo/eufs_sim_teste/install/eufs_msgs/include/eufs_msgs/msg/detail/bounding_box__functions.h
[2.244s] -- Up-to-date symlink: /home/gustavo/eufs_sim_teste/install/eufs_msgs/include/eufs_msgs/msg/detail/bounding_box__struct.h
[2.244s] -- Up-to-date symlink: /home/gustavo/eufs_sim_teste/install/eufs_msgs/include/eufs_msgs/msg/detail/bounding_box__type_support.h
[2.244s] -- Up-to-date symlink: /home/gustavo/eufs_sim_teste/install/eufs_msgs/include/eufs_msgs/msg/detail/bounding_boxes__functions.h
[2.244s] -- Up-to-date symlink: /home/gustavo/eufs_sim_teste/install/eufs_msgs/include/eufs_msgs/msg/detail/bounding_boxes__struct.h
[2.244s] -- Up-to-date symlink: /home/gustavo/eufs_sim_teste/install/eufs_msgs/include/eufs_msgs/msg/detail/bounding_boxes__type_support.h
[2.245s] -- Up-to-date symlink: /home/gustavo/eufs_sim_teste/install/eufs_msgs/include/eufs_msgs/msg/detail/can_state__functions.h
[2.245s] -- Up-to-date symlink: /home/gustavo/eufs_sim_teste/install/eufs_msgs/include/eufs_msgs/msg/detail/can_state__struct.h
[2.245s] -- Up-to-date symlink: /home/gustavo/eufs_sim_teste/install/eufs_msgs/include/eufs_msgs/msg/detail/can_state__type_support.h
[2.245s] -- Up-to-date symlink: /home/gustavo/eufs_sim_teste/install/eufs_msgs/include/eufs_msgs/msg/detail/car_state__functions.h
[2.245s] -- Up-to-date symlink: /home/gustavo/eufs_sim_teste/install/eufs_msgs/include/eufs_msgs/msg/detail/car_state__struct.h
[2.245s] -- Up-to-date symlink: /home/gustavo/eufs_sim_teste/install/eufs_msgs/include/eufs_msgs/msg/detail/car_state__type_support.h
[2.245s] -- Up-to-date symlink: /home/gustavo/eufs_sim_teste/install/eufs_msgs/include/eufs_msgs/msg/detail/chassis_command__functions.h
[2.245s] -- Up-to-date symlink: /home/gustavo/eufs_sim_teste/install/eufs_msgs/include/eufs_msgs/msg/detail/chassis_command__struct.h
[2.245s] -- Up-to-date symlink: /home/gustavo/eufs_sim_teste/install/eufs_msgs/include/eufs_msgs/msg/detail/chassis_command__type_support.h
[2.245s] -- Up-to-date symlink: /home/gustavo/eufs_sim_teste/install/eufs_msgs/include/eufs_msgs/msg/detail/chassis_state__functions.h
[2.245s] -- Up-to-date symlink: /home/gustavo/eufs_sim_teste/install/eufs_msgs/include/eufs_msgs/msg/detail/chassis_state__struct.h
[2.246s] -- Up-to-date symlink: /home/gustavo/eufs_sim_teste/install/eufs_msgs/include/eufs_msgs/msg/detail/chassis_state__type_support.h
[2.246s] -- Up-to-date symlink: /home/gustavo/eufs_sim_teste/install/eufs_msgs/include/eufs_msgs/msg/detail/cone_array__functions.h
[2.246s] -- Up-to-date symlink: /home/gustavo/eufs_sim_teste/install/eufs_msgs/include/eufs_msgs/msg/detail/cone_array__struct.h
[2.246s] -- Up-to-date symlink: /home/gustavo/eufs_sim_teste/install/eufs_msgs/include/eufs_msgs/msg/detail/cone_array__type_support.h
[2.246s] -- Up-to-date symlink: /home/gustavo/eufs_sim_teste/install/eufs_msgs/include/eufs_msgs/msg/detail/cone_array_with_covariance__functions.h
[2.246s] -- Up-to-date symlink: /home/gustavo/eufs_sim_teste/install/eufs_msgs/include/eufs_msgs/msg/detail/cone_array_with_covariance__struct.h
[2.246s] -- Up-to-date symlink: /home/gustavo/eufs_sim_teste/install/eufs_msgs/include/eufs_msgs/msg/detail/cone_array_with_covariance__type_support.h
[2.246s] -- Up-to-date symlink: /home/gustavo/eufs_sim_teste/install/eufs_msgs/include/eufs_msgs/msg/detail/cone_with_covariance__functions.h
[2.246s] -- Up-to-date symlink: /home/gustavo/eufs_sim_teste/install/eufs_msgs/include/eufs_msgs/msg/detail/cone_with_covariance__struct.h
[2.246s] -- Up-to-date symlink: /home/gustavo/eufs_sim_teste/install/eufs_msgs/include/eufs_msgs/msg/detail/cone_with_covariance__type_support.h
[2.246s] -- Up-to-date symlink: /home/gustavo/eufs_sim_teste/install/eufs_msgs/include/eufs_msgs/msg/detail/costmap__functions.h
[2.247s] -- Up-to-date symlink: /home/gustavo/eufs_sim_teste/install/eufs_msgs/include/eufs_msgs/msg/detail/costmap__struct.h
[2.247s] -- Up-to-date symlink: /home/gustavo/eufs_sim_teste/install/eufs_msgs/include/eufs_msgs/msg/detail/costmap__type_support.h
[2.247s] -- Up-to-date symlink: /home/gustavo/eufs_sim_teste/install/eufs_msgs/include/eufs_msgs/msg/detail/ekf_err__functions.h
[2.247s] -- Up-to-date symlink: /home/gustavo/eufs_sim_teste/install/eufs_msgs/include/eufs_msgs/msg/detail/ekf_err__struct.h
[2.247s] -- Up-to-date symlink: /home/gustavo/eufs_sim_teste/install/eufs_msgs/include/eufs_msgs/msg/detail/ekf_err__type_support.h
[2.247s] -- Up-to-date symlink: /home/gustavo/eufs_sim_teste/install/eufs_msgs/include/eufs_msgs/msg/detail/ekf_state__functions.h
[2.247s] -- Up-to-date symlink: /home/gustavo/eufs_sim_teste/install/eufs_msgs/include/eufs_msgs/msg/detail/ekf_state__struct.h
[2.247s] -- Up-to-date symlink: /home/gustavo/eufs_sim_teste/install/eufs_msgs/include/eufs_msgs/msg/detail/ekf_state__type_support.h
[2.247s] -- Up-to-date symlink: /home/gustavo/eufs_sim_teste/install/eufs_msgs/include/eufs_msgs/msg/detail/full_state__functions.h
[2.247s] -- Up-to-date symlink: /home/gustavo/eufs_sim_teste/install/eufs_msgs/include/eufs_msgs/msg/detail/full_state__struct.h
[2.247s] -- Up-to-date symlink: /home/gustavo/eufs_sim_teste/install/eufs_msgs/include/eufs_msgs/msg/detail/full_state__type_support.h
[2.248s] -- Up-to-date symlink: /home/gustavo/eufs_sim_teste/install/eufs_msgs/include/eufs_msgs/msg/detail/heartbeat__functions.h
[2.248s] -- Up-to-date symlink: /home/gustavo/eufs_sim_teste/install/eufs_msgs/include/eufs_msgs/msg/detail/heartbeat__struct.h
[2.248s] -- Up-to-date symlink: /home/gustavo/eufs_sim_teste/install/eufs_msgs/include/eufs_msgs/msg/detail/heartbeat__type_support.h
[2.248s] -- Up-to-date symlink: /home/gustavo/eufs_sim_teste/install/eufs_msgs/include/eufs_msgs/msg/detail/integration_err__functions.h
[2.248s] -- Up-to-date symlink: /home/gustavo/eufs_sim_teste/install/eufs_msgs/include/eufs_msgs/msg/detail/integration_err__struct.h
[2.248s] -- Up-to-date symlink: /home/gustavo/eufs_sim_teste/install/eufs_msgs/include/eufs_msgs/msg/detail/integration_err__type_support.h
[2.248s] -- Up-to-date symlink: /home/gustavo/eufs_sim_teste/install/eufs_msgs/include/eufs_msgs/msg/detail/lap_stats__functions.h
[2.248s] -- Up-to-date symlink: /home/gustavo/eufs_sim_teste/install/eufs_msgs/include/eufs_msgs/msg/detail/lap_stats__struct.h
[2.248s] -- Up-to-date symlink: /home/gustavo/eufs_sim_teste/install/eufs_msgs/include/eufs_msgs/msg/detail/lap_stats__type_support.h
[2.248s] -- Up-to-date symlink: /home/gustavo/eufs_sim_teste/install/eufs_msgs/include/eufs_msgs/msg/detail/node_state__functions.h
[2.248s] -- Up-to-date symlink: /home/gustavo/eufs_sim_teste/install/eufs_msgs/include/eufs_msgs/msg/detail/node_state__struct.h
[2.249s] -- Up-to-date symlink: /home/gustavo/eufs_sim_teste/install/eufs_msgs/include/eufs_msgs/msg/detail/node_state__type_support.h
[2.249s] -- Up-to-date symlink: /home/gustavo/eufs_sim_teste/install/eufs_msgs/include/eufs_msgs/msg/detail/node_state_array__functions.h
[2.249s] -- Up-to-date symlink: /home/gustavo/eufs_sim_teste/install/eufs_msgs/include/eufs_msgs/msg/detail/node_state_array__struct.h
[2.249s] -- Up-to-date symlink: /home/gustavo/eufs_sim_teste/install/eufs_msgs/include/eufs_msgs/msg/detail/node_state_array__type_support.h
[2.249s] -- Up-to-date symlink: /home/gustavo/eufs_sim_teste/install/eufs_msgs/include/eufs_msgs/msg/detail/path_integral_params__functions.h
[2.249s] -- Up-to-date symlink: /home/gustavo/eufs_sim_teste/install/eufs_msgs/include/eufs_msgs/msg/detail/path_integral_params__struct.h
[2.249s] -- Up-to-date symlink: /home/gustavo/eufs_sim_teste/install/eufs_msgs/include/eufs_msgs/msg/detail/path_integral_params__type_support.h
[2.249s] -- Up-to-date symlink: /home/gustavo/eufs_sim_teste/install/eufs_msgs/include/eufs_msgs/msg/detail/path_integral_stats__functions.h
[2.249s] -- Up-to-date symlink: /home/gustavo/eufs_sim_teste/install/eufs_msgs/include/eufs_msgs/msg/detail/path_integral_stats__struct.h
[2.249s] -- Up-to-date symlink: /home/gustavo/eufs_sim_teste/install/eufs_msgs/include/eufs_msgs/msg/detail/path_integral_stats__type_support.h
[2.249s] -- Up-to-date symlink: /home/gustavo/eufs_sim_teste/install/eufs_msgs/include/eufs_msgs/msg/detail/path_integral_status__functions.h
[2.250s] -- Up-to-date symlink: /home/gustavo/eufs_sim_teste/install/eufs_msgs/include/eufs_msgs/msg/detail/path_integral_status__struct.h
[2.250s] -- Up-to-date symlink: /home/gustavo/eufs_sim_teste/install/eufs_msgs/include/eufs_msgs/msg/detail/path_integral_status__type_support.h
[2.250s] -- Up-to-date symlink: /home/gustavo/eufs_sim_teste/install/eufs_msgs/include/eufs_msgs/msg/detail/path_integral_timing__functions.h
[2.250s] -- Up-to-date symlink: /home/gustavo/eufs_sim_teste/install/eufs_msgs/include/eufs_msgs/msg/detail/path_integral_timing__struct.h
[2.250s] -- Up-to-date symlink: /home/gustavo/eufs_sim_teste/install/eufs_msgs/include/eufs_msgs/msg/detail/path_integral_timing__type_support.h
[2.250s] -- Up-to-date symlink: /home/gustavo/eufs_sim_teste/install/eufs_msgs/include/eufs_msgs/msg/detail/point_array__functions.h
[2.250s] -- Up-to-date symlink: /home/gustavo/eufs_sim_teste/install/eufs_msgs/include/eufs_msgs/msg/detail/point_array__struct.h
[2.250s] -- Up-to-date symlink: /home/gustavo/eufs_sim_teste/install/eufs_msgs/include/eufs_msgs/msg/detail/point_array__type_support.h
[2.250s] -- Up-to-date symlink: /home/gustavo/eufs_sim_teste/install/eufs_msgs/include/eufs_msgs/msg/detail/point_array_stamped__functions.h
[2.250s] -- Up-to-date symlink: /home/gustavo/eufs_sim_teste/install/eufs_msgs/include/eufs_msgs/msg/detail/point_array_stamped__struct.h
[2.250s] -- Up-to-date symlink: /home/gustavo/eufs_sim_teste/install/eufs_msgs/include/eufs_msgs/msg/detail/point_array_stamped__type_support.h
[2.250s] -- Up-to-date symlink: /home/gustavo/eufs_sim_teste/install/eufs_msgs/include/eufs_msgs/msg/detail/runstop__functions.h
[2.251s] -- Up-to-date symlink: /home/gustavo/eufs_sim_teste/install/eufs_msgs/include/eufs_msgs/msg/detail/runstop__struct.h
[2.251s] -- Up-to-date symlink: /home/gustavo/eufs_sim_teste/install/eufs_msgs/include/eufs_msgs/msg/detail/runstop__type_support.h
[2.251s] -- Up-to-date symlink: /home/gustavo/eufs_sim_teste/install/eufs_msgs/include/eufs_msgs/msg/detail/slam_err__functions.h
[2.251s] -- Up-to-date symlink: /home/gustavo/eufs_sim_teste/install/eufs_msgs/include/eufs_msgs/msg/detail/slam_err__struct.h
[2.251s] -- Up-to-date symlink: /home/gustavo/eufs_sim_teste/install/eufs_msgs/include/eufs_msgs/msg/detail/slam_err__type_support.h
[2.251s] -- Up-to-date symlink: /home/gustavo/eufs_sim_teste/install/eufs_msgs/include/eufs_msgs/msg/detail/slam_state__functions.h
[2.251s] -- Up-to-date symlink: /home/gustavo/eufs_sim_teste/install/eufs_msgs/include/eufs_msgs/msg/detail/slam_state__struct.h
[2.251s] -- Up-to-date symlink: /home/gustavo/eufs_sim_teste/install/eufs_msgs/include/eufs_msgs/msg/detail/slam_state__type_support.h
[2.251s] -- Up-to-date symlink: /home/gustavo/eufs_sim_teste/install/eufs_msgs/include/eufs_msgs/msg/detail/state_machine_state__functions.h
[2.251s] -- Up-to-date symlink: /home/gustavo/eufs_sim_teste/install/eufs_msgs/include/eufs_msgs/msg/detail/state_machine_state__struct.h
[2.251s] -- Up-to-date symlink: /home/gustavo/eufs_sim_teste/install/eufs_msgs/include/eufs_msgs/msg/detail/state_machine_state__type_support.h
[2.252s] -- Up-to-date symlink: /home/gustavo/eufs_sim_teste/install/eufs_msgs/include/eufs_msgs/msg/detail/system_status__functions.h
[2.252s] -- Up-to-date symlink: /home/gustavo/eufs_sim_teste/install/eufs_msgs/include/eufs_msgs/msg/detail/system_status__struct.h
[2.252s] -- Up-to-date symlink: /home/gustavo/eufs_sim_teste/install/eufs_msgs/include/eufs_msgs/msg/detail/system_status__type_support.h
[2.252s] -- Up-to-date symlink: /home/gustavo/eufs_sim_teste/install/eufs_msgs/include/eufs_msgs/msg/detail/topic_status__functions.h
[2.252s] -- Up-to-date symlink: /home/gustavo/eufs_sim_teste/install/eufs_msgs/include/eufs_msgs/msg/detail/topic_status__struct.h
[2.252s] -- Up-to-date symlink: /home/gustavo/eufs_sim_teste/install/eufs_msgs/include/eufs_msgs/msg/detail/topic_status__type_support.h
[2.252s] -- Up-to-date symlink: /home/gustavo/eufs_sim_teste/install/eufs_msgs/include/eufs_msgs/msg/detail/vehicle_commands__functions.h
[2.252s] -- Up-to-date symlink: /home/gustavo/eufs_sim_teste/install/eufs_msgs/include/eufs_msgs/msg/detail/vehicle_commands__struct.h
[2.252s] -- Up-to-date symlink: /home/gustavo/eufs_sim_teste/install/eufs_msgs/include/eufs_msgs/msg/detail/vehicle_commands__type_support.h
[2.252s] -- Up-to-date symlink: /home/gustavo/eufs_sim_teste/install/eufs_msgs/include/eufs_msgs/msg/detail/vehicle_commands_stamped__functions.h
[2.252s] -- Up-to-date symlink: /home/gustavo/eufs_sim_teste/install/eufs_msgs/include/eufs_msgs/msg/detail/vehicle_commands_stamped__struct.h
[2.253s] -- Up-to-date symlink: /home/gustavo/eufs_sim_teste/install/eufs_msgs/include/eufs_msgs/msg/detail/vehicle_commands_stamped__type_support.h
[2.253s] -- Up-to-date symlink: /home/gustavo/eufs_sim_teste/install/eufs_msgs/include/eufs_msgs/msg/detail/waypoint__functions.h
[2.253s] -- Up-to-date symlink: /home/gustavo/eufs_sim_teste/install/eufs_msgs/include/eufs_msgs/msg/detail/waypoint__struct.h
[2.253s] -- Up-to-date symlink: /home/gustavo/eufs_sim_teste/install/eufs_msgs/include/eufs_msgs/msg/detail/waypoint__type_support.h
[2.253s] -- Up-to-date symlink: /home/gustavo/eufs_sim_teste/install/eufs_msgs/include/eufs_msgs/msg/detail/waypoint_array_stamped__functions.h
[2.253s] -- Up-to-date symlink: /home/gustavo/eufs_sim_teste/install/eufs_msgs/include/eufs_msgs/msg/detail/waypoint_array_stamped__struct.h
[2.253s] -- Up-to-date symlink: /home/gustavo/eufs_sim_teste/install/eufs_msgs/include/eufs_msgs/msg/detail/waypoint_array_stamped__type_support.h
[2.253s] -- Up-to-date symlink: /home/gustavo/eufs_sim_teste/install/eufs_msgs/include/eufs_msgs/msg/detail/wheel_odometry_err__functions.h
[2.253s] -- Up-to-date symlink: /home/gustavo/eufs_sim_teste/install/eufs_msgs/include/eufs_msgs/msg/detail/wheel_odometry_err__struct.h
[2.253s] -- Up-to-date symlink: /home/gustavo/eufs_sim_teste/install/eufs_msgs/include/eufs_msgs/msg/detail/wheel_odometry_err__type_support.h
[2.253s] -- Up-to-date symlink: /home/gustavo/eufs_sim_teste/install/eufs_msgs/include/eufs_msgs/msg/detail/wheel_speeds__functions.h
[2.254s] -- Up-to-date symlink: /home/gustavo/eufs_sim_teste/install/eufs_msgs/include/eufs_msgs/msg/detail/wheel_speeds__struct.h
[2.254s] -- Up-to-date symlink: /home/gustavo/eufs_sim_teste/install/eufs_msgs/include/eufs_msgs/msg/detail/wheel_speeds__type_support.h
[2.254s] -- Up-to-date symlink: /home/gustavo/eufs_sim_teste/install/eufs_msgs/include/eufs_msgs/msg/detail/wheel_speeds_stamped__functions.h
[2.254s] -- Up-to-date symlink: /home/gustavo/eufs_sim_teste/install/eufs_msgs/include/eufs_msgs/msg/detail/wheel_speeds_stamped__struct.h
[2.254s] -- Up-to-date symlink: /home/gustavo/eufs_sim_teste/install/eufs_msgs/include/eufs_msgs/msg/detail/wheel_speeds_stamped__type_support.h
[2.254s] -- Up-to-date symlink: /home/gustavo/eufs_sim_teste/install/eufs_msgs/include/eufs_msgs/msg/ekf_err.h
[2.254s] -- Up-to-date symlink: /home/gustavo/eufs_sim_teste/install/eufs_msgs/include/eufs_msgs/msg/ekf_state.h
[2.254s] -- Up-to-date symlink: /home/gustavo/eufs_sim_teste/install/eufs_msgs/include/eufs_msgs/msg/full_state.h
[2.254s] -- Up-to-date symlink: /home/gustavo/eufs_sim_teste/install/eufs_msgs/include/eufs_msgs/msg/heartbeat.h
[2.255s] -- Up-to-date symlink: /home/gustavo/eufs_sim_teste/install/eufs_msgs/include/eufs_msgs/msg/integration_err.h
[2.255s] -- Up-to-date symlink: /home/gustavo/eufs_sim_teste/install/eufs_msgs/include/eufs_msgs/msg/lap_stats.h
[2.255s] -- Up-to-date symlink: /home/gustavo/eufs_sim_teste/install/eufs_msgs/include/eufs_msgs/msg/node_state.h
[2.255s] -- Up-to-date symlink: /home/gustavo/eufs_sim_teste/install/eufs_msgs/include/eufs_msgs/msg/node_state_array.h
[2.255s] -- Up-to-date symlink: /home/gustavo/eufs_sim_teste/install/eufs_msgs/include/eufs_msgs/msg/path_integral_params.h
[2.255s] -- Up-to-date symlink: /home/gustavo/eufs_sim_teste/install/eufs_msgs/include/eufs_msgs/msg/path_integral_stats.h
[2.255s] -- Up-to-date symlink: /home/gustavo/eufs_sim_teste/install/eufs_msgs/include/eufs_msgs/msg/path_integral_status.h
[2.256s] -- Up-to-date symlink: /home/gustavo/eufs_sim_teste/install/eufs_msgs/include/eufs_msgs/msg/path_integral_timing.h
[2.256s] -- Up-to-date symlink: /home/gustavo/eufs_sim_teste/install/eufs_msgs/include/eufs_msgs/msg/point_array.h
[2.256s] -- Up-to-date symlink: /home/gustavo/eufs_sim_teste/install/eufs_msgs/include/eufs_msgs/msg/point_array_stamped.h
[2.256s] -- Up-to-date symlink: /home/gustavo/eufs_sim_teste/install/eufs_msgs/include/eufs_msgs/msg/rosidl_generator_c__visibility_control.h
[2.256s] -- Up-to-date symlink: /home/gustavo/eufs_sim_teste/install/eufs_msgs/include/eufs_msgs/msg/runstop.h
[2.256s] -- Up-to-date symlink: /home/gustavo/eufs_sim_teste/install/eufs_msgs/include/eufs_msgs/msg/slam_err.h
[2.256s] -- Up-to-date symlink: /home/gustavo/eufs_sim_teste/install/eufs_msgs/include/eufs_msgs/msg/slam_state.h
[2.256s] -- Up-to-date symlink: /home/gustavo/eufs_sim_teste/install/eufs_msgs/include/eufs_msgs/msg/state_machine_state.h
[2.256s] -- Up-to-date symlink: /home/gustavo/eufs_sim_teste/install/eufs_msgs/include/eufs_msgs/msg/system_status.h
[2.256s] -- Up-to-date symlink: /home/gustavo/eufs_sim_teste/install/eufs_msgs/include/eufs_msgs/msg/topic_status.h
[2.257s] -- Up-to-date symlink: /home/gustavo/eufs_sim_teste/install/eufs_msgs/include/eufs_msgs/msg/vehicle_commands.h
[2.257s] -- Up-to-date symlink: /home/gustavo/eufs_sim_teste/install/eufs_msgs/include/eufs_msgs/msg/vehicle_commands_stamped.h
[2.257s] -- Up-to-date symlink: /home/gustavo/eufs_sim_teste/install/eufs_msgs/include/eufs_msgs/msg/waypoint.h
[2.257s] -- Up-to-date symlink: /home/gustavo/eufs_sim_teste/install/eufs_msgs/include/eufs_msgs/msg/waypoint_array_stamped.h
[2.257s] -- Up-to-date symlink: /home/gustavo/eufs_sim_teste/install/eufs_msgs/include/eufs_msgs/msg/wheel_odometry_err.h
[2.257s] -- Up-to-date symlink: /home/gustavo/eufs_sim_teste/install/eufs_msgs/include/eufs_msgs/msg/wheel_speeds.h
[2.257s] -- Up-to-date symlink: /home/gustavo/eufs_sim_teste/install/eufs_msgs/include/eufs_msgs/msg/wheel_speeds_stamped.h
[2.257s] -- Up-to-date symlink: /home/gustavo/eufs_sim_teste/install/eufs_msgs/include/eufs_msgs/srv/detail/register__functions.h
[2.257s] -- Up-to-date symlink: /home/gustavo/eufs_sim_teste/install/eufs_msgs/include/eufs_msgs/srv/detail/register__struct.h
[2.257s] -- Up-to-date symlink: /home/gustavo/eufs_sim_teste/install/eufs_msgs/include/eufs_msgs/srv/detail/register__type_support.h
[2.257s] -- Up-to-date symlink: /home/gustavo/eufs_sim_teste/install/eufs_msgs/include/eufs_msgs/srv/detail/set_can_state__functions.h
[2.258s] -- Up-to-date symlink: /home/gustavo/eufs_sim_teste/install/eufs_msgs/include/eufs_msgs/srv/detail/set_can_state__struct.h
[2.258s] -- Up-to-date symlink: /home/gustavo/eufs_sim_teste/install/eufs_msgs/include/eufs_msgs/srv/detail/set_can_state__type_support.h
[2.258s] -- Up-to-date symlink: /home/gustavo/eufs_sim_teste/install/eufs_msgs/include/eufs_msgs/srv/register.h
[2.258s] -- Up-to-date symlink: /home/gustavo/eufs_sim_teste/install/eufs_msgs/include/eufs_msgs/srv/set_can_state.h
[2.258s] -- Up-to-date symlink: /home/gustavo/eufs_sim_teste/install/eufs_msgs/share/eufs_msgs/environment/library_path.sh
[2.258s] -- Up-to-date symlink: /home/gustavo/eufs_sim_teste/install/eufs_msgs/share/eufs_msgs/environment/library_path.dsv
[2.259s] -- Up-to-date symlink: /home/gustavo/eufs_sim_teste/install/eufs_msgs/include/eufs_msgs/action/detail/check_for_objects__rosidl_typesupport_fastrtps_c.h
[2.259s] -- Up-to-date symlink: /home/gustavo/eufs_sim_teste/install/eufs_msgs/include/eufs_msgs/msg/detail/bounding_box__rosidl_typesupport_fastrtps_c.h
[2.259s] -- Up-to-date symlink: /home/gustavo/eufs_sim_teste/install/eufs_msgs/include/eufs_msgs/msg/detail/bounding_boxes__rosidl_typesupport_fastrtps_c.h
[2.259s] -- Up-to-date symlink: /home/gustavo/eufs_sim_teste/install/eufs_msgs/include/eufs_msgs/msg/detail/can_state__rosidl_typesupport_fastrtps_c.h
[2.259s] -- Up-to-date symlink: /home/gustavo/eufs_sim_teste/install/eufs_msgs/include/eufs_msgs/msg/detail/car_state__rosidl_typesupport_fastrtps_c.h
[2.259s] -- Up-to-date symlink: /home/gustavo/eufs_sim_teste/install/eufs_msgs/include/eufs_msgs/msg/detail/chassis_command__rosidl_typesupport_fastrtps_c.h
[2.260s] -- Up-to-date symlink: /home/gustavo/eufs_sim_teste/install/eufs_msgs/include/eufs_msgs/msg/detail/chassis_state__rosidl_typesupport_fastrtps_c.h
[2.260s] -- Up-to-date symlink: /home/gustavo/eufs_sim_teste/install/eufs_msgs/include/eufs_msgs/msg/detail/cone_array__rosidl_typesupport_fastrtps_c.h
[2.260s] -- Up-to-date symlink: /home/gustavo/eufs_sim_teste/install/eufs_msgs/include/eufs_msgs/msg/detail/cone_array_with_covariance__rosidl_typesupport_fastrtps_c.h
[2.260s] -- Up-to-date symlink: /home/gustavo/eufs_sim_teste/install/eufs_msgs/include/eufs_msgs/msg/detail/cone_with_covariance__rosidl_typesupport_fastrtps_c.h
[2.260s] -- Up-to-date symlink: /home/gustavo/eufs_sim_teste/install/eufs_msgs/include/eufs_msgs/msg/detail/costmap__rosidl_typesupport_fastrtps_c.h
[2.260s] -- Up-to-date symlink: /home/gustavo/eufs_sim_teste/install/eufs_msgs/include/eufs_msgs/msg/detail/ekf_err__rosidl_typesupport_fastrtps_c.h
[2.260s] -- Up-to-date symlink: /home/gustavo/eufs_sim_teste/install/eufs_msgs/include/eufs_msgs/msg/detail/ekf_state__rosidl_typesupport_fastrtps_c.h
[2.260s] -- Up-to-date symlink: /home/gustavo/eufs_sim_teste/install/eufs_msgs/include/eufs_msgs/msg/detail/full_state__rosidl_typesupport_fastrtps_c.h
[2.260s] -- Up-to-date symlink: /home/gustavo/eufs_sim_teste/install/eufs_msgs/include/eufs_msgs/msg/detail/heartbeat__rosidl_typesupport_fastrtps_c.h
[2.260s] -- Up-to-date symlink: /home/gustavo/eufs_sim_teste/install/eufs_msgs/include/eufs_msgs/msg/detail/integration_err__rosidl_typesupport_fastrtps_c.h
[2.260s] -- Up-to-date symlink: /home/gustavo/eufs_sim_teste/install/eufs_msgs/include/eufs_msgs/msg/detail/lap_stats__rosidl_typesupport_fastrtps_c.h
[2.261s] -- Up-to-date symlink: /home/gustavo/eufs_sim_teste/install/eufs_msgs/include/eufs_msgs/msg/detail/node_state__rosidl_typesupport_fastrtps_c.h
[2.261s] -- Up-to-date symlink: /home/gustavo/eufs_sim_teste/install/eufs_msgs/include/eufs_msgs/msg/detail/node_state_array__rosidl_typesupport_fastrtps_c.h
[2.261s] -- Up-to-date symlink: /home/gustavo/eufs_sim_teste/install/eufs_msgs/include/eufs_msgs/msg/detail/path_integral_params__rosidl_typesupport_fastrtps_c.h
[2.261s] -- Up-to-date symlink: /home/gustavo/eufs_sim_teste/install/eufs_msgs/include/eufs_msgs/msg/detail/path_integral_stats__rosidl_typesupport_fastrtps_c.h
[2.261s] -- Up-to-date symlink: /home/gustavo/eufs_sim_teste/install/eufs_msgs/include/eufs_msgs/msg/detail/path_integral_status__rosidl_typesupport_fastrtps_c.h
[2.261s] -- Up-to-date symlink: /home/gustavo/eufs_sim_teste/install/eufs_msgs/include/eufs_msgs/msg/detail/path_integral_timing__rosidl_typesupport_fastrtps_c.h
[2.261s] -- Up-to-date symlink: /home/gustavo/eufs_sim_teste/install/eufs_msgs/include/eufs_msgs/msg/detail/point_array__rosidl_typesupport_fastrtps_c.h
[2.261s] -- Up-to-date symlink: /home/gustavo/eufs_sim_teste/install/eufs_msgs/include/eufs_msgs/msg/detail/point_array_stamped__rosidl_typesupport_fastrtps_c.h
[2.261s] -- Up-to-date symlink: /home/gustavo/eufs_sim_teste/install/eufs_msgs/include/eufs_msgs/msg/detail/runstop__rosidl_typesupport_fastrtps_c.h
[2.261s] -- Up-to-date symlink: /home/gustavo/eufs_sim_teste/install/eufs_msgs/include/eufs_msgs/msg/detail/slam_err__rosidl_typesupport_fastrtps_c.h
[2.261s] -- Up-to-date symlink: /home/gustavo/eufs_sim_teste/install/eufs_msgs/include/eufs_msgs/msg/detail/slam_state__rosidl_typesupport_fastrtps_c.h
[2.262s] -- Up-to-date symlink: /home/gustavo/eufs_sim_teste/install/eufs_msgs/include/eufs_msgs/msg/detail/state_machine_state__rosidl_typesupport_fastrtps_c.h
[2.262s] -- Up-to-date symlink: /home/gustavo/eufs_sim_teste/install/eufs_msgs/include/eufs_msgs/msg/detail/system_status__rosidl_typesupport_fastrtps_c.h
[2.262s] -- Up-to-date symlink: /home/gustavo/eufs_sim_teste/install/eufs_msgs/include/eufs_msgs/msg/detail/topic_status__rosidl_typesupport_fastrtps_c.h
[2.262s] -- Up-to-date symlink: /home/gustavo/eufs_sim_teste/install/eufs_msgs/include/eufs_msgs/msg/detail/vehicle_commands__rosidl_typesupport_fastrtps_c.h
[2.262s] -- Up-to-date symlink: /home/gustavo/eufs_sim_teste/install/eufs_msgs/include/eufs_msgs/msg/detail/vehicle_commands_stamped__rosidl_typesupport_fastrtps_c.h
[2.262s] -- Up-to-date symlink: /home/gustavo/eufs_sim_teste/install/eufs_msgs/include/eufs_msgs/msg/detail/waypoint__rosidl_typesupport_fastrtps_c.h
[2.262s] -- Up-to-date symlink: /home/gustavo/eufs_sim_teste/install/eufs_msgs/include/eufs_msgs/msg/detail/waypoint_array_stamped__rosidl_typesupport_fastrtps_c.h
[2.262s] -- Up-to-date symlink: /home/gustavo/eufs_sim_teste/install/eufs_msgs/include/eufs_msgs/msg/detail/wheel_odometry_err__rosidl_typesupport_fastrtps_c.h
[2.262s] -- Up-to-date symlink: /home/gustavo/eufs_sim_teste/install/eufs_msgs/include/eufs_msgs/msg/detail/wheel_speeds__rosidl_typesupport_fastrtps_c.h
[2.262s] -- Up-to-date symlink: /home/gustavo/eufs_sim_teste/install/eufs_msgs/include/eufs_msgs/msg/detail/wheel_speeds_stamped__rosidl_typesupport_fastrtps_c.h
[2.263s] -- Up-to-date symlink: /home/gustavo/eufs_sim_teste/install/eufs_msgs/include/eufs_msgs/msg/rosidl_typesupport_fastrtps_c__visibility_control.h
[2.263s] -- Up-to-date symlink: /home/gustavo/eufs_sim_teste/install/eufs_msgs/include/eufs_msgs/srv/detail/register__rosidl_typesupport_fastrtps_c.h
[2.263s] -- Up-to-date symlink: /home/gustavo/eufs_sim_teste/install/eufs_msgs/include/eufs_msgs/srv/detail/set_can_state__rosidl_typesupport_fastrtps_c.h
[2.263s] -- Up-to-date symlink: /home/gustavo/eufs_sim_teste/install/eufs_msgs/lib/libeufs_msgs__rosidl_typesupport_fastrtps_c.so
[2.265s] -- Up-to-date symlink: /home/gustavo/eufs_sim_teste/install/eufs_msgs/include/eufs_msgs/action/detail/check_for_objects__rosidl_typesupport_fastrtps_cpp.hpp
[2.265s] -- Up-to-date symlink: /home/gustavo/eufs_sim_teste/install/eufs_msgs/include/eufs_msgs/msg/detail/bounding_box__rosidl_typesupport_fastrtps_cpp.hpp
[2.265s] -- Up-to-date symlink: /home/gustavo/eufs_sim_teste/install/eufs_msgs/include/eufs_msgs/msg/detail/bounding_boxes__rosidl_typesupport_fastrtps_cpp.hpp
[2.266s] -- Up-to-date symlink: /home/gustavo/eufs_sim_teste/install/eufs_msgs/include/eufs_msgs/msg/detail/can_state__rosidl_typesupport_fastrtps_cpp.hpp
[2.266s] -- Up-to-date symlink: /home/gustavo/eufs_sim_teste/install/eufs_msgs/include/eufs_msgs/msg/detail/car_state__rosidl_typesupport_fastrtps_cpp.hpp
[2.266s] -- Up-to-date symlink: /home/gustavo/eufs_sim_teste/install/eufs_msgs/include/eufs_msgs/msg/detail/chassis_command__rosidl_typesupport_fastrtps_cpp.hpp
[2.266s] -- Up-to-date symlink: /home/gustavo/eufs_sim_teste/install/eufs_msgs/include/eufs_msgs/msg/detail/chassis_state__rosidl_typesupport_fastrtps_cpp.hpp
[2.266s] -- Up-to-date symlink: /home/gustavo/eufs_sim_teste/install/eufs_msgs/include/eufs_msgs/msg/detail/cone_array__rosidl_typesupport_fastrtps_cpp.hpp
[2.266s] -- Up-to-date symlink: /home/gustavo/eufs_sim_teste/install/eufs_msgs/include/eufs_msgs/msg/detail/cone_array_with_covariance__rosidl_typesupport_fastrtps_cpp.hpp
[2.266s] -- Up-to-date symlink: /home/gustavo/eufs_sim_teste/install/eufs_msgs/include/eufs_msgs/msg/detail/cone_with_covariance__rosidl_typesupport_fastrtps_cpp.hpp
[2.267s] -- Up-to-date symlink: /home/gustavo/eufs_sim_teste/install/eufs_msgs/include/eufs_msgs/msg/detail/costmap__rosidl_typesupport_fastrtps_cpp.hpp
[2.267s] -- Up-to-date symlink: /home/gustavo/eufs_sim_teste/install/eufs_msgs/include/eufs_msgs/msg/detail/ekf_err__rosidl_typesupport_fastrtps_cpp.hpp
[2.267s] -- Up-to-date symlink: /home/gustavo/eufs_sim_teste/install/eufs_msgs/include/eufs_msgs/msg/detail/ekf_state__rosidl_typesupport_fastrtps_cpp.hpp
[2.267s] -- Up-to-date symlink: /home/gustavo/eufs_sim_teste/install/eufs_msgs/include/eufs_msgs/msg/detail/full_state__rosidl_typesupport_fastrtps_cpp.hpp
[2.267s] -- Up-to-date symlink: /home/gustavo/eufs_sim_teste/install/eufs_msgs/include/eufs_msgs/msg/detail/heartbeat__rosidl_typesupport_fastrtps_cpp.hpp
[2.267s] -- Up-to-date symlink: /home/gustavo/eufs_sim_teste/install/eufs_msgs/include/eufs_msgs/msg/detail/integration_err__rosidl_typesupport_fastrtps_cpp.hpp
[2.268s] -- Up-to-date symlink: /home/gustavo/eufs_sim_teste/install/eufs_msgs/include/eufs_msgs/msg/detail/lap_stats__rosidl_typesupport_fastrtps_cpp.hpp
[2.268s] -- Up-to-date symlink: /home/gustavo/eufs_sim_teste/install/eufs_msgs/include/eufs_msgs/msg/detail/node_state__rosidl_typesupport_fastrtps_cpp.hpp
[2.268s] -- Up-to-date symlink: /home/gustavo/eufs_sim_teste/install/eufs_msgs/include/eufs_msgs/msg/detail/node_state_array__rosidl_typesupport_fastrtps_cpp.hpp
[2.268s] -- Up-to-date symlink: /home/gustavo/eufs_sim_teste/install/eufs_msgs/include/eufs_msgs/msg/detail/path_integral_params__rosidl_typesupport_fastrtps_cpp.hpp
[2.268s] -- Up-to-date symlink: /home/gustavo/eufs_sim_teste/install/eufs_msgs/include/eufs_msgs/msg/detail/path_integral_stats__rosidl_typesupport_fastrtps_cpp.hpp
[2.268s] -- Up-to-date symlink: /home/gustavo/eufs_sim_teste/install/eufs_msgs/include/eufs_msgs/msg/detail/path_integral_status__rosidl_typesupport_fastrtps_cpp.hpp
[2.268s] -- Up-to-date symlink: /home/gustavo/eufs_sim_teste/install/eufs_msgs/include/eufs_msgs/msg/detail/path_integral_timing__rosidl_typesupport_fastrtps_cpp.hpp
[2.269s] -- Up-to-date symlink: /home/gustavo/eufs_sim_teste/install/eufs_msgs/include/eufs_msgs/msg/detail/point_array__rosidl_typesupport_fastrtps_cpp.hpp
[2.269s] -- Up-to-date symlink: /home/gustavo/eufs_sim_teste/install/eufs_msgs/include/eufs_msgs/msg/detail/point_array_stamped__rosidl_typesupport_fastrtps_cpp.hpp
[2.269s] -- Up-to-date symlink: /home/gustavo/eufs_sim_teste/install/eufs_msgs/include/eufs_msgs/msg/detail/runstop__rosidl_typesupport_fastrtps_cpp.hpp
[2.269s] -- Up-to-date symlink: /home/gustavo/eufs_sim_teste/install/eufs_msgs/include/eufs_msgs/msg/detail/slam_err__rosidl_typesupport_fastrtps_cpp.hpp
[2.269s] -- Up-to-date symlink: /home/gustavo/eufs_sim_teste/install/eufs_msgs/include/eufs_msgs/msg/detail/slam_state__rosidl_typesupport_fastrtps_cpp.hpp
[2.269s] -- Up-to-date symlink: /home/gustavo/eufs_sim_teste/install/eufs_msgs/include/eufs_msgs/msg/detail/state_machine_state__rosidl_typesupport_fastrtps_cpp.hpp
[2.269s] -- Up-to-date symlink: /home/gustavo/eufs_sim_teste/install/eufs_msgs/include/eufs_msgs/msg/detail/system_status__rosidl_typesupport_fastrtps_cpp.hpp
[2.270s] -- Up-to-date symlink: /home/gustavo/eufs_sim_teste/install/eufs_msgs/include/eufs_msgs/msg/detail/topic_status__rosidl_typesupport_fastrtps_cpp.hpp
[2.270s] -- Up-to-date symlink: /home/gustavo/eufs_sim_teste/install/eufs_msgs/include/eufs_msgs/msg/detail/vehicle_commands__rosidl_typesupport_fastrtps_cpp.hpp
[2.270s] -- Up-to-date symlink: /home/gustavo/eufs_sim_teste/install/eufs_msgs/include/eufs_msgs/msg/detail/vehicle_commands_stamped__rosidl_typesupport_fastrtps_cpp.hpp
[2.270s] -- Up-to-date symlink: /home/gustavo/eufs_sim_teste/install/eufs_msgs/include/eufs_msgs/msg/detail/waypoint__rosidl_typesupport_fastrtps_cpp.hpp
[2.270s] -- Up-to-date symlink: /home/gustavo/eufs_sim_teste/install/eufs_msgs/include/eufs_msgs/msg/detail/waypoint_array_stamped__rosidl_typesupport_fastrtps_cpp.hpp
[2.270s] -- Up-to-date symlink: /home/gustavo/eufs_sim_teste/install/eufs_msgs/include/eufs_msgs/msg/detail/wheel_odometry_err__rosidl_typesupport_fastrtps_cpp.hpp
[2.271s] -- Up-to-date symlink: /home/gustavo/eufs_sim_teste/install/eufs_msgs/include/eufs_msgs/msg/detail/wheel_speeds__rosidl_typesupport_fastrtps_cpp.hpp
[2.271s] -- Up-to-date symlink: /home/gustavo/eufs_sim_teste/install/eufs_msgs/include/eufs_msgs/msg/detail/wheel_speeds_stamped__rosidl_typesupport_fastrtps_cpp.hpp
[2.271s] -- Up-to-date symlink: /home/gustavo/eufs_sim_teste/install/eufs_msgs/include/eufs_msgs/msg/rosidl_typesupport_fastrtps_cpp__visibility_control.h
[2.271s] -- Up-to-date symlink: /home/gustavo/eufs_sim_teste/install/eufs_msgs/include/eufs_msgs/srv/detail/register__rosidl_typesupport_fastrtps_cpp.hpp
[2.272s] -- Up-to-date symlink: /home/gustavo/eufs_sim_teste/install/eufs_msgs/include/eufs_msgs/srv/detail/set_can_state__rosidl_typesupport_fastrtps_cpp.hpp
[2.272s] -- Up-to-date symlink: /home/gustavo/eufs_sim_teste/install/eufs_msgs/lib/libeufs_msgs__rosidl_typesupport_fastrtps_cpp.so
[2.273s] -- Up-to-date symlink: /home/gustavo/eufs_sim_teste/install/eufs_msgs/include/eufs_msgs/action/detail/check_for_objects__rosidl_typesupport_introspection_c.h
[2.273s] -- Up-to-date symlink: /home/gustavo/eufs_sim_teste/install/eufs_msgs/include/eufs_msgs/msg/detail/bounding_box__rosidl_typesupport_introspection_c.h
[2.273s] -- Up-to-date symlink: /home/gustavo/eufs_sim_teste/install/eufs_msgs/include/eufs_msgs/msg/detail/bounding_boxes__rosidl_typesupport_introspection_c.h
[2.273s] -- Up-to-date symlink: /home/gustavo/eufs_sim_teste/install/eufs_msgs/include/eufs_msgs/msg/detail/can_state__rosidl_typesupport_introspection_c.h
[2.273s] -- Up-to-date symlink: /home/gustavo/eufs_sim_teste/install/eufs_msgs/include/eufs_msgs/msg/detail/car_state__rosidl_typesupport_introspection_c.h
[2.274s] -- Up-to-date symlink: /home/gustavo/eufs_sim_teste/install/eufs_msgs/include/eufs_msgs/msg/detail/chassis_command__rosidl_typesupport_introspection_c.h
[2.274s] -- Up-to-date symlink: /home/gustavo/eufs_sim_teste/install/eufs_msgs/include/eufs_msgs/msg/detail/chassis_state__rosidl_typesupport_introspection_c.h
[2.274s] -- Up-to-date symlink: /home/gustavo/eufs_sim_teste/install/eufs_msgs/include/eufs_msgs/msg/detail/cone_array__rosidl_typesupport_introspection_c.h
[2.274s] -- Up-to-date symlink: /home/gustavo/eufs_sim_teste/install/eufs_msgs/include/eufs_msgs/msg/detail/cone_array_with_covariance__rosidl_typesupport_introspection_c.h
[2.274s] -- Up-to-date symlink: /home/gustavo/eufs_sim_teste/install/eufs_msgs/include/eufs_msgs/msg/detail/cone_with_covariance__rosidl_typesupport_introspection_c.h
[2.274s] -- Up-to-date symlink: /home/gustavo/eufs_sim_teste/install/eufs_msgs/include/eufs_msgs/msg/detail/costmap__rosidl_typesupport_introspection_c.h
[2.274s] -- Up-to-date symlink: /home/gustavo/eufs_sim_teste/install/eufs_msgs/include/eufs_msgs/msg/detail/ekf_err__rosidl_typesupport_introspection_c.h
[2.274s] -- Up-to-date symlink: /home/gustavo/eufs_sim_teste/install/eufs_msgs/include/eufs_msgs/msg/detail/ekf_state__rosidl_typesupport_introspection_c.h
[2.274s] -- Up-to-date symlink: /home/gustavo/eufs_sim_teste/install/eufs_msgs/include/eufs_msgs/msg/detail/full_state__rosidl_typesupport_introspection_c.h
[2.274s] -- Up-to-date symlink: /home/gustavo/eufs_sim_teste/install/eufs_msgs/include/eufs_msgs/msg/detail/heartbeat__rosidl_typesupport_introspection_c.h
[2.274s] -- Up-to-date symlink: /home/gustavo/eufs_sim_teste/install/eufs_msgs/include/eufs_msgs/msg/detail/integration_err__rosidl_typesupport_introspection_c.h
[2.275s] -- Up-to-date symlink: /home/gustavo/eufs_sim_teste/install/eufs_msgs/include/eufs_msgs/msg/detail/lap_stats__rosidl_typesupport_introspection_c.h
[2.275s] -- Up-to-date symlink: /home/gustavo/eufs_sim_teste/install/eufs_msgs/include/eufs_msgs/msg/detail/node_state__rosidl_typesupport_introspection_c.h
[2.275s] -- Up-to-date symlink: /home/gustavo/eufs_sim_teste/install/eufs_msgs/include/eufs_msgs/msg/detail/node_state_array__rosidl_typesupport_introspection_c.h
[2.275s] -- Up-to-date symlink: /home/gustavo/eufs_sim_teste/install/eufs_msgs/include/eufs_msgs/msg/detail/path_integral_params__rosidl_typesupport_introspection_c.h
[2.275s] -- Up-to-date symlink: /home/gustavo/eufs_sim_teste/install/eufs_msgs/include/eufs_msgs/msg/detail/path_integral_stats__rosidl_typesupport_introspection_c.h
[2.275s] -- Up-to-date symlink: /home/gustavo/eufs_sim_teste/install/eufs_msgs/include/eufs_msgs/msg/detail/path_integral_status__rosidl_typesupport_introspection_c.h
[2.275s] -- Up-to-date symlink: /home/gustavo/eufs_sim_teste/install/eufs_msgs/include/eufs_msgs/msg/detail/path_integral_timing__rosidl_typesupport_introspection_c.h
[2.275s] -- Up-to-date symlink: /home/gustavo/eufs_sim_teste/install/eufs_msgs/include/eufs_msgs/msg/detail/point_array__rosidl_typesupport_introspection_c.h
[2.275s] -- Up-to-date symlink: /home/gustavo/eufs_sim_teste/install/eufs_msgs/include/eufs_msgs/msg/detail/point_array_stamped__rosidl_typesupport_introspection_c.h
[2.275s] -- Up-to-date symlink: /home/gustavo/eufs_sim_teste/install/eufs_msgs/include/eufs_msgs/msg/detail/runstop__rosidl_typesupport_introspection_c.h
[2.275s] -- Up-to-date symlink: /home/gustavo/eufs_sim_teste/install/eufs_msgs/include/eufs_msgs/msg/detail/slam_err__rosidl_typesupport_introspection_c.h
[2.276s] -- Up-to-date symlink: /home/gustavo/eufs_sim_teste/install/eufs_msgs/include/eufs_msgs/msg/detail/slam_state__rosidl_typesupport_introspection_c.h
[2.276s] -- Up-to-date symlink: /home/gustavo/eufs_sim_teste/install/eufs_msgs/include/eufs_msgs/msg/detail/state_machine_state__rosidl_typesupport_introspection_c.h
[2.276s] -- Up-to-date symlink: /home/gustavo/eufs_sim_teste/install/eufs_msgs/include/eufs_msgs/msg/detail/system_status__rosidl_typesupport_introspection_c.h
[2.276s] -- Up-to-date symlink: /home/gustavo/eufs_sim_teste/install/eufs_msgs/include/eufs_msgs/msg/detail/topic_status__rosidl_typesupport_introspection_c.h
[2.276s] -- Up-to-date symlink: /home/gustavo/eufs_sim_teste/install/eufs_msgs/include/eufs_msgs/msg/detail/vehicle_commands__rosidl_typesupport_introspection_c.h
[2.276s] -- Up-to-date symlink: /home/gustavo/eufs_sim_teste/install/eufs_msgs/include/eufs_msgs/msg/detail/vehicle_commands_stamped__rosidl_typesupport_introspection_c.h
[2.276s] -- Up-to-date symlink: /home/gustavo/eufs_sim_teste/install/eufs_msgs/include/eufs_msgs/msg/detail/waypoint__rosidl_typesupport_introspection_c.h
[2.276s] -- Up-to-date symlink: /home/gustavo/eufs_sim_teste/install/eufs_msgs/include/eufs_msgs/msg/detail/waypoint_array_stamped__rosidl_typesupport_introspection_c.h
[2.276s] -- Up-to-date symlink: /home/gustavo/eufs_sim_teste/install/eufs_msgs/include/eufs_msgs/msg/detail/wheel_odometry_err__rosidl_typesupport_introspection_c.h
[2.276s] -- Up-to-date symlink: /home/gustavo/eufs_sim_teste/install/eufs_msgs/include/eufs_msgs/msg/detail/wheel_speeds__rosidl_typesupport_introspection_c.h
[2.277s] -- Up-to-date symlink: /home/gustavo/eufs_sim_teste/install/eufs_msgs/include/eufs_msgs/msg/detail/wheel_speeds_stamped__rosidl_typesupport_introspection_c.h
[2.277s] -- Up-to-date symlink: /home/gustavo/eufs_sim_teste/install/eufs_msgs/include/eufs_msgs/msg/rosidl_typesupport_introspection_c__visibility_control.h
[2.277s] -- Up-to-date symlink: /home/gustavo/eufs_sim_teste/install/eufs_msgs/include/eufs_msgs/srv/detail/register__rosidl_typesupport_introspection_c.h
[2.277s] -- Up-to-date symlink: /home/gustavo/eufs_sim_teste/install/eufs_msgs/include/eufs_msgs/srv/detail/set_can_state__rosidl_typesupport_introspection_c.h
[2.278s] -- Up-to-date symlink: /home/gustavo/eufs_sim_teste/install/eufs_msgs/include/eufs_msgs/action/check_for_objects.hpp
[2.278s] -- Up-to-date symlink: /home/gustavo/eufs_sim_teste/install/eufs_msgs/include/eufs_msgs/action/detail/check_for_objects__builder.hpp
[2.278s] -- Up-to-date symlink: /home/gustavo/eufs_sim_teste/install/eufs_msgs/include/eufs_msgs/action/detail/check_for_objects__struct.hpp
[2.278s] -- Up-to-date symlink: /home/gustavo/eufs_sim_teste/install/eufs_msgs/include/eufs_msgs/action/detail/check_for_objects__traits.hpp
[2.278s] -- Up-to-date symlink: /home/gustavo/eufs_sim_teste/install/eufs_msgs/include/eufs_msgs/msg/bounding_box.hpp
[2.278s] -- Up-to-date symlink: /home/gustavo/eufs_sim_teste/install/eufs_msgs/include/eufs_msgs/msg/bounding_boxes.hpp
[2.278s] -- Up-to-date symlink: /home/gustavo/eufs_sim_teste/install/eufs_msgs/include/eufs_msgs/msg/can_state.hpp
[2.279s] -- Up-to-date symlink: /home/gustavo/eufs_sim_teste/install/eufs_msgs/include/eufs_msgs/msg/car_state.hpp
[2.279s] -- Up-to-date symlink: /home/gustavo/eufs_sim_teste/install/eufs_msgs/include/eufs_msgs/msg/chassis_command.hpp
[2.279s] -- Up-to-date symlink: /home/gustavo/eufs_sim_teste/install/eufs_msgs/include/eufs_msgs/msg/chassis_state.hpp
[2.279s] -- Up-to-date symlink: /home/gustavo/eufs_sim_teste/install/eufs_msgs/include/eufs_msgs/msg/cone_array.hpp
[2.279s] -- Up-to-date symlink: /home/gustavo/eufs_sim_teste/install/eufs_msgs/include/eufs_msgs/msg/cone_array_with_covariance.hpp
[2.279s] -- Up-to-date symlink: /home/gustavo/eufs_sim_teste/install/eufs_msgs/include/eufs_msgs/msg/cone_with_covariance.hpp
[2.279s] -- Up-to-date symlink: /home/gustavo/eufs_sim_teste/install/eufs_msgs/include/eufs_msgs/msg/costmap.hpp
[2.279s] -- Up-to-date symlink: /home/gustavo/eufs_sim_teste/install/eufs_msgs/include/eufs_msgs/msg/detail/bounding_box__builder.hpp
[2.279s] -- Up-to-date symlink: /home/gustavo/eufs_sim_teste/install/eufs_msgs/include/eufs_msgs/msg/detail/bounding_box__struct.hpp
[2.279s] -- Up-to-date symlink: /home/gustavo/eufs_sim_teste/install/eufs_msgs/include/eufs_msgs/msg/detail/bounding_box__traits.hpp
[2.279s] -- Up-to-date symlink: /home/gustavo/eufs_sim_teste/install/eufs_msgs/include/eufs_msgs/msg/detail/bounding_boxes__builder.hpp
[2.280s] -- Up-to-date symlink: /home/gustavo/eufs_sim_teste/install/eufs_msgs/include/eufs_msgs/msg/detail/bounding_boxes__struct.hpp
[2.280s] -- Up-to-date symlink: /home/gustavo/eufs_sim_teste/install/eufs_msgs/include/eufs_msgs/msg/detail/bounding_boxes__traits.hpp
[2.280s] -- Up-to-date symlink: /home/gustavo/eufs_sim_teste/install/eufs_msgs/include/eufs_msgs/msg/detail/can_state__builder.hpp
[2.280s] -- Up-to-date symlink: /home/gustavo/eufs_sim_teste/install/eufs_msgs/include/eufs_msgs/msg/detail/can_state__struct.hpp
[2.280s] -- Up-to-date symlink: /home/gustavo/eufs_sim_teste/install/eufs_msgs/include/eufs_msgs/msg/detail/can_state__traits.hpp
[2.280s] -- Up-to-date symlink: /home/gustavo/eufs_sim_teste/install/eufs_msgs/include/eufs_msgs/msg/detail/car_state__builder.hpp
[2.280s] -- Up-to-date symlink: /home/gustavo/eufs_sim_teste/install/eufs_msgs/include/eufs_msgs/msg/detail/car_state__struct.hpp
[2.280s] -- Up-to-date symlink: /home/gustavo/eufs_sim_teste/install/eufs_msgs/include/eufs_msgs/msg/detail/car_state__traits.hpp
[2.280s] -- Up-to-date symlink: /home/gustavo/eufs_sim_teste/install/eufs_msgs/include/eufs_msgs/msg/detail/chassis_command__builder.hpp
[2.280s] -- Up-to-date symlink: /home/gustavo/eufs_sim_teste/install/eufs_msgs/include/eufs_msgs/msg/detail/chassis_command__struct.hpp
[2.280s] -- Up-to-date symlink: /home/gustavo/eufs_sim_teste/install/eufs_msgs/include/eufs_msgs/msg/detail/chassis_command__traits.hpp
[2.281s] -- Up-to-date symlink: /home/gustavo/eufs_sim_teste/install/eufs_msgs/include/eufs_msgs/msg/detail/chassis_state__builder.hpp
[2.281s] -- Up-to-date symlink: /home/gustavo/eufs_sim_teste/install/eufs_msgs/include/eufs_msgs/msg/detail/chassis_state__struct.hpp
[2.281s] -- Up-to-date symlink: /home/gustavo/eufs_sim_teste/install/eufs_msgs/include/eufs_msgs/msg/detail/chassis_state__traits.hpp
[2.281s] -- Up-to-date symlink: /home/gustavo/eufs_sim_teste/install/eufs_msgs/include/eufs_msgs/msg/detail/cone_array__builder.hpp
[2.281s] -- Up-to-date symlink: /home/gustavo/eufs_sim_teste/install/eufs_msgs/include/eufs_msgs/msg/detail/cone_array__struct.hpp
[2.281s] -- Up-to-date symlink: /home/gustavo/eufs_sim_teste/install/eufs_msgs/include/eufs_msgs/msg/detail/cone_array__traits.hpp
[2.281s] -- Up-to-date symlink: /home/gustavo/eufs_sim_teste/install/eufs_msgs/include/eufs_msgs/msg/detail/cone_array_with_covariance__builder.hpp
[2.281s] -- Up-to-date symlink: /home/gustavo/eufs_sim_teste/install/eufs_msgs/include/eufs_msgs/msg/detail/cone_array_with_covariance__struct.hpp
[2.281s] -- Up-to-date symlink: /home/gustavo/eufs_sim_teste/install/eufs_msgs/include/eufs_msgs/msg/detail/cone_array_with_covariance__traits.hpp
[2.281s] -- Up-to-date symlink: /home/gustavo/eufs_sim_teste/install/eufs_msgs/include/eufs_msgs/msg/detail/cone_with_covariance__builder.hpp
[2.282s] -- Up-to-date symlink: /home/gustavo/eufs_sim_teste/install/eufs_msgs/include/eufs_msgs/msg/detail/cone_with_covariance__struct.hpp
[2.282s] -- Up-to-date symlink: /home/gustavo/eufs_sim_teste/install/eufs_msgs/include/eufs_msgs/msg/detail/cone_with_covariance__traits.hpp
[2.282s] -- Up-to-date symlink: /home/gustavo/eufs_sim_teste/install/eufs_msgs/include/eufs_msgs/msg/detail/costmap__builder.hpp
[2.282s] -- Up-to-date symlink: /home/gustavo/eufs_sim_teste/install/eufs_msgs/include/eufs_msgs/msg/detail/costmap__struct.hpp
[2.282s] -- Up-to-date symlink: /home/gustavo/eufs_sim_teste/install/eufs_msgs/include/eufs_msgs/msg/detail/costmap__traits.hpp
[2.282s] -- Up-to-date symlink: /home/gustavo/eufs_sim_teste/install/eufs_msgs/include/eufs_msgs/msg/detail/ekf_err__builder.hpp
[2.282s] -- Up-to-date symlink: /home/gustavo/eufs_sim_teste/install/eufs_msgs/include/eufs_msgs/msg/detail/ekf_err__struct.hpp
[2.282s] -- Up-to-date symlink: /home/gustavo/eufs_sim_teste/install/eufs_msgs/include/eufs_msgs/msg/detail/ekf_err__traits.hpp
[2.282s] -- Up-to-date symlink: /home/gustavo/eufs_sim_teste/install/eufs_msgs/include/eufs_msgs/msg/detail/ekf_state__builder.hpp
[2.282s] -- Up-to-date symlink: /home/gustavo/eufs_sim_teste/install/eufs_msgs/include/eufs_msgs/msg/detail/ekf_state__struct.hpp
[2.282s] -- Up-to-date symlink: /home/gustavo/eufs_sim_teste/install/eufs_msgs/include/eufs_msgs/msg/detail/ekf_state__traits.hpp
[2.282s] -- Up-to-date symlink: /home/gustavo/eufs_sim_teste/install/eufs_msgs/include/eufs_msgs/msg/detail/full_state__builder.hpp
[2.283s] -- Up-to-date symlink: /home/gustavo/eufs_sim_teste/install/eufs_msgs/include/eufs_msgs/msg/detail/full_state__struct.hpp
[2.283s] -- Up-to-date symlink: /home/gustavo/eufs_sim_teste/install/eufs_msgs/include/eufs_msgs/msg/detail/full_state__traits.hpp
[2.283s] -- Up-to-date symlink: /home/gustavo/eufs_sim_teste/install/eufs_msgs/include/eufs_msgs/msg/detail/heartbeat__builder.hpp
[2.283s] -- Up-to-date symlink: /home/gustavo/eufs_sim_teste/install/eufs_msgs/include/eufs_msgs/msg/detail/heartbeat__struct.hpp
[2.283s] -- Up-to-date symlink: /home/gustavo/eufs_sim_teste/install/eufs_msgs/include/eufs_msgs/msg/detail/heartbeat__traits.hpp
[2.283s] -- Up-to-date symlink: /home/gustavo/eufs_sim_teste/install/eufs_msgs/include/eufs_msgs/msg/detail/integration_err__builder.hpp
[2.283s] -- Up-to-date symlink: /home/gustavo/eufs_sim_teste/install/eufs_msgs/include/eufs_msgs/msg/detail/integration_err__struct.hpp
[2.283s] -- Up-to-date symlink: /home/gustavo/eufs_sim_teste/install/eufs_msgs/include/eufs_msgs/msg/detail/integration_err__traits.hpp
[2.283s] -- Up-to-date symlink: /home/gustavo/eufs_sim_teste/install/eufs_msgs/include/eufs_msgs/msg/detail/lap_stats__builder.hpp
[2.283s] -- Up-to-date symlink: /home/gustavo/eufs_sim_teste/install/eufs_msgs/include/eufs_msgs/msg/detail/lap_stats__struct.hpp
[2.283s] -- Up-to-date symlink: /home/gustavo/eufs_sim_teste/install/eufs_msgs/include/eufs_msgs/msg/detail/lap_stats__traits.hpp
[2.284s] -- Up-to-date symlink: /home/gustavo/eufs_sim_teste/install/eufs_msgs/include/eufs_msgs/msg/detail/node_state__builder.hpp
[2.284s] -- Up-to-date symlink: /home/gustavo/eufs_sim_teste/install/eufs_msgs/include/eufs_msgs/msg/detail/node_state__struct.hpp
[2.284s] -- Up-to-date symlink: /home/gustavo/eufs_sim_teste/install/eufs_msgs/include/eufs_msgs/msg/detail/node_state__traits.hpp
[2.284s] -- Up-to-date symlink: /home/gustavo/eufs_sim_teste/install/eufs_msgs/include/eufs_msgs/msg/detail/node_state_array__builder.hpp
[2.284s] -- Up-to-date symlink: /home/gustavo/eufs_sim_teste/install/eufs_msgs/include/eufs_msgs/msg/detail/node_state_array__struct.hpp
[2.284s] -- Up-to-date symlink: /home/gustavo/eufs_sim_teste/install/eufs_msgs/include/eufs_msgs/msg/detail/node_state_array__traits.hpp
[2.284s] -- Up-to-date symlink: /home/gustavo/eufs_sim_teste/install/eufs_msgs/include/eufs_msgs/msg/detail/path_integral_params__builder.hpp
[2.284s] -- Up-to-date symlink: /home/gustavo/eufs_sim_teste/install/eufs_msgs/include/eufs_msgs/msg/detail/path_integral_params__struct.hpp
[2.284s] -- Up-to-date symlink: /home/gustavo/eufs_sim_teste/install/eufs_msgs/include/eufs_msgs/msg/detail/path_integral_params__traits.hpp
[2.284s] -- Up-to-date symlink: /home/gustavo/eufs_sim_teste/install/eufs_msgs/include/eufs_msgs/msg/detail/path_integral_stats__builder.hpp
[2.284s] -- Up-to-date symlink: /home/gustavo/eufs_sim_teste/install/eufs_msgs/include/eufs_msgs/msg/detail/path_integral_stats__struct.hpp
[2.285s] -- Up-to-date symlink: /home/gustavo/eufs_sim_teste/install/eufs_msgs/include/eufs_msgs/msg/detail/path_integral_stats__traits.hpp
[2.285s] -- Up-to-date symlink: /home/gustavo/eufs_sim_teste/install/eufs_msgs/include/eufs_msgs/msg/detail/path_integral_status__builder.hpp
[2.285s] -- Up-to-date symlink: /home/gustavo/eufs_sim_teste/install/eufs_msgs/include/eufs_msgs/msg/detail/path_integral_status__struct.hpp
[2.285s] -- Up-to-date symlink: /home/gustavo/eufs_sim_teste/install/eufs_msgs/include/eufs_msgs/msg/detail/path_integral_status__traits.hpp
[2.285s] -- Up-to-date symlink: /home/gustavo/eufs_sim_teste/install/eufs_msgs/include/eufs_msgs/msg/detail/path_integral_timing__builder.hpp
[2.285s] -- Up-to-date symlink: /home/gustavo/eufs_sim_teste/install/eufs_msgs/include/eufs_msgs/msg/detail/path_integral_timing__struct.hpp
[2.285s] -- Up-to-date symlink: /home/gustavo/eufs_sim_teste/install/eufs_msgs/include/eufs_msgs/msg/detail/path_integral_timing__traits.hpp
[2.285s] -- Up-to-date symlink: /home/gustavo/eufs_sim_teste/install/eufs_msgs/include/eufs_msgs/msg/detail/point_array__builder.hpp
[2.285s] -- Up-to-date symlink: /home/gustavo/eufs_sim_teste/install/eufs_msgs/include/eufs_msgs/msg/detail/point_array__struct.hpp
[2.285s] -- Up-to-date symlink: /home/gustavo/eufs_sim_teste/install/eufs_msgs/include/eufs_msgs/msg/detail/point_array__traits.hpp
[2.285s] -- Up-to-date symlink: /home/gustavo/eufs_sim_teste/install/eufs_msgs/include/eufs_msgs/msg/detail/point_array_stamped__builder.hpp
[2.286s] -- Up-to-date symlink: /home/gustavo/eufs_sim_teste/install/eufs_msgs/include/eufs_msgs/msg/detail/point_array_stamped__struct.hpp
[2.286s] -- Up-to-date symlink: /home/gustavo/eufs_sim_teste/install/eufs_msgs/include/eufs_msgs/msg/detail/point_array_stamped__traits.hpp
[2.286s] -- Up-to-date symlink: /home/gustavo/eufs_sim_teste/install/eufs_msgs/include/eufs_msgs/msg/detail/runstop__builder.hpp
[2.286s] -- Up-to-date symlink: /home/gustavo/eufs_sim_teste/install/eufs_msgs/include/eufs_msgs/msg/detail/runstop__struct.hpp
[2.286s] -- Up-to-date symlink: /home/gustavo/eufs_sim_teste/install/eufs_msgs/include/eufs_msgs/msg/detail/runstop__traits.hpp
[2.286s] -- Up-to-date symlink: /home/gustavo/eufs_sim_teste/install/eufs_msgs/include/eufs_msgs/msg/detail/slam_err__builder.hpp
[2.286s] -- Up-to-date symlink: /home/gustavo/eufs_sim_teste/install/eufs_msgs/include/eufs_msgs/msg/detail/slam_err__struct.hpp
[2.286s] -- Up-to-date symlink: /home/gustavo/eufs_sim_teste/install/eufs_msgs/include/eufs_msgs/msg/detail/slam_err__traits.hpp
[2.286s] -- Up-to-date symlink: /home/gustavo/eufs_sim_teste/install/eufs_msgs/include/eufs_msgs/msg/detail/slam_state__builder.hpp
[2.286s] -- Up-to-date symlink: /home/gustavo/eufs_sim_teste/install/eufs_msgs/include/eufs_msgs/msg/detail/slam_state__struct.hpp
[2.286s] -- Up-to-date symlink: /home/gustavo/eufs_sim_teste/install/eufs_msgs/include/eufs_msgs/msg/detail/slam_state__traits.hpp
[2.287s] -- Up-to-date symlink: /home/gustavo/eufs_sim_teste/install/eufs_msgs/include/eufs_msgs/msg/detail/state_machine_state__builder.hpp
[2.287s] -- Up-to-date symlink: /home/gustavo/eufs_sim_teste/install/eufs_msgs/include/eufs_msgs/msg/detail/state_machine_state__struct.hpp
[2.287s] -- Up-to-date symlink: /home/gustavo/eufs_sim_teste/install/eufs_msgs/include/eufs_msgs/msg/detail/state_machine_state__traits.hpp
[2.287s] -- Up-to-date symlink: /home/gustavo/eufs_sim_teste/install/eufs_msgs/include/eufs_msgs/msg/detail/system_status__builder.hpp
[2.287s] -- Up-to-date symlink: /home/gustavo/eufs_sim_teste/install/eufs_msgs/include/eufs_msgs/msg/detail/system_status__struct.hpp
[2.287s] -- Up-to-date symlink: /home/gustavo/eufs_sim_teste/install/eufs_msgs/include/eufs_msgs/msg/detail/system_status__traits.hpp
[2.287s] -- Up-to-date symlink: /home/gustavo/eufs_sim_teste/install/eufs_msgs/include/eufs_msgs/msg/detail/topic_status__builder.hpp
[2.287s] -- Up-to-date symlink: /home/gustavo/eufs_sim_teste/install/eufs_msgs/include/eufs_msgs/msg/detail/topic_status__struct.hpp
[2.287s] -- Up-to-date symlink: /home/gustavo/eufs_sim_teste/install/eufs_msgs/include/eufs_msgs/msg/detail/topic_status__traits.hpp
[2.288s] -- Up-to-date symlink: /home/gustavo/eufs_sim_teste/install/eufs_msgs/include/eufs_msgs/msg/detail/vehicle_commands__builder.hpp
[2.288s] -- Up-to-date symlink: /home/gustavo/eufs_sim_teste/install/eufs_msgs/include/eufs_msgs/msg/detail/vehicle_commands__struct.hpp
[2.288s] -- Up-to-date symlink: /home/gustavo/eufs_sim_teste/install/eufs_msgs/include/eufs_msgs/msg/detail/vehicle_commands__traits.hpp
[2.288s] -- Up-to-date symlink: /home/gustavo/eufs_sim_teste/install/eufs_msgs/include/eufs_msgs/msg/detail/vehicle_commands_stamped__builder.hpp
[2.288s] -- Up-to-date symlink: /home/gustavo/eufs_sim_teste/install/eufs_msgs/include/eufs_msgs/msg/detail/vehicle_commands_stamped__struct.hpp
[2.288s] -- Up-to-date symlink: /home/gustavo/eufs_sim_teste/install/eufs_msgs/include/eufs_msgs/msg/detail/vehicle_commands_stamped__traits.hpp
[2.288s] -- Up-to-date symlink: /home/gustavo/eufs_sim_teste/install/eufs_msgs/include/eufs_msgs/msg/detail/waypoint__builder.hpp
[2.289s] -- Up-to-date symlink: /home/gustavo/eufs_sim_teste/install/eufs_msgs/include/eufs_msgs/msg/detail/waypoint__struct.hpp
[2.289s] -- Up-to-date symlink: /home/gustavo/eufs_sim_teste/install/eufs_msgs/include/eufs_msgs/msg/detail/waypoint__traits.hpp
[2.289s] -- Up-to-date symlink: /home/gustavo/eufs_sim_teste/install/eufs_msgs/include/eufs_msgs/msg/detail/waypoint_array_stamped__builder.hpp
[2.289s] -- Up-to-date symlink: /home/gustavo/eufs_sim_teste/install/eufs_msgs/include/eufs_msgs/msg/detail/waypoint_array_stamped__struct.hpp
[2.289s] -- Up-to-date symlink: /home/gustavo/eufs_sim_teste/install/eufs_msgs/include/eufs_msgs/msg/detail/waypoint_array_stamped__traits.hpp
[2.289s] -- Up-to-date symlink: /home/gustavo/eufs_sim_teste/install/eufs_msgs/include/eufs_msgs/msg/detail/wheel_odometry_err__builder.hpp
[2.289s] -- Up-to-date symlink: /home/gustavo/eufs_sim_teste/install/eufs_msgs/include/eufs_msgs/msg/detail/wheel_odometry_err__struct.hpp
[2.289s] -- Up-to-date symlink: /home/gustavo/eufs_sim_teste/install/eufs_msgs/include/eufs_msgs/msg/detail/wheel_odometry_err__traits.hpp
[2.290s] -- Up-to-date symlink: /home/gustavo/eufs_sim_teste/install/eufs_msgs/include/eufs_msgs/msg/detail/wheel_speeds__builder.hpp
[2.290s] -- Up-to-date symlink: /home/gustavo/eufs_sim_teste/install/eufs_msgs/include/eufs_msgs/msg/detail/wheel_speeds__struct.hpp
[2.290s] -- Up-to-date symlink: /home/gustavo/eufs_sim_teste/install/eufs_msgs/include/eufs_msgs/msg/detail/wheel_speeds__traits.hpp
[2.290s] -- Up-to-date symlink: /home/gustavo/eufs_sim_teste/install/eufs_msgs/include/eufs_msgs/msg/detail/wheel_speeds_stamped__builder.hpp
[2.290s] -- Up-to-date symlink: /home/gustavo/eufs_sim_teste/install/eufs_msgs/include/eufs_msgs/msg/detail/wheel_speeds_stamped__struct.hpp
[2.290s] -- Up-to-date symlink: /home/gustavo/eufs_sim_teste/install/eufs_msgs/include/eufs_msgs/msg/detail/wheel_speeds_stamped__traits.hpp
[2.290s] -- Up-to-date symlink: /home/gustavo/eufs_sim_teste/install/eufs_msgs/include/eufs_msgs/msg/ekf_err.hpp
[2.290s] -- Up-to-date symlink: /home/gustavo/eufs_sim_teste/install/eufs_msgs/include/eufs_msgs/msg/ekf_state.hpp
[2.291s] -- Up-to-date symlink: /home/gustavo/eufs_sim_teste/install/eufs_msgs/include/eufs_msgs/msg/full_state.hpp
[2.291s] -- Up-to-date symlink: /home/gustavo/eufs_sim_teste/install/eufs_msgs/include/eufs_msgs/msg/heartbeat.hpp
[2.291s] -- Up-to-date symlink: /home/gustavo/eufs_sim_teste/install/eufs_msgs/include/eufs_msgs/msg/integration_err.hpp
[2.291s] -- Up-to-date symlink: /home/gustavo/eufs_sim_teste/install/eufs_msgs/include/eufs_msgs/msg/lap_stats.hpp
[2.291s] -- Up-to-date symlink: /home/gustavo/eufs_sim_teste/install/eufs_msgs/include/eufs_msgs/msg/node_state.hpp
[2.291s] -- Up-to-date symlink: /home/gustavo/eufs_sim_teste/install/eufs_msgs/include/eufs_msgs/msg/node_state_array.hpp
[2.291s] -- Up-to-date symlink: /home/gustavo/eufs_sim_teste/install/eufs_msgs/include/eufs_msgs/msg/path_integral_params.hpp
[2.292s] -- Up-to-date symlink: /home/gustavo/eufs_sim_teste/install/eufs_msgs/include/eufs_msgs/msg/path_integral_stats.hpp
[2.292s] -- Up-to-date symlink: /home/gustavo/eufs_sim_teste/install/eufs_msgs/include/eufs_msgs/msg/path_integral_status.hpp
[2.292s] -- Up-to-date symlink: /home/gustavo/eufs_sim_teste/install/eufs_msgs/include/eufs_msgs/msg/path_integral_timing.hpp
[2.292s] -- Up-to-date symlink: /home/gustavo/eufs_sim_teste/install/eufs_msgs/include/eufs_msgs/msg/point_array.hpp
[2.292s] -- Up-to-date symlink: /home/gustavo/eufs_sim_teste/install/eufs_msgs/include/eufs_msgs/msg/point_array_stamped.hpp
[2.292s] -- Up-to-date symlink: /home/gustavo/eufs_sim_teste/install/eufs_msgs/include/eufs_msgs/msg/runstop.hpp
[2.292s] -- Up-to-date symlink: /home/gustavo/eufs_sim_teste/install/eufs_msgs/include/eufs_msgs/msg/slam_err.hpp
[2.293s] -- Up-to-date symlink: /home/gustavo/eufs_sim_teste/install/eufs_msgs/include/eufs_msgs/msg/slam_state.hpp
[2.293s] -- Up-to-date symlink: /home/gustavo/eufs_sim_teste/install/eufs_msgs/include/eufs_msgs/msg/state_machine_state.hpp
[2.293s] -- Up-to-date symlink: /home/gustavo/eufs_sim_teste/install/eufs_msgs/include/eufs_msgs/msg/system_status.hpp
[2.293s] -- Up-to-date symlink: /home/gustavo/eufs_sim_teste/install/eufs_msgs/include/eufs_msgs/msg/topic_status.hpp
[2.293s] -- Up-to-date symlink: /home/gustavo/eufs_sim_teste/install/eufs_msgs/include/eufs_msgs/msg/vehicle_commands.hpp
[2.293s] -- Up-to-date symlink: /home/gustavo/eufs_sim_teste/install/eufs_msgs/include/eufs_msgs/msg/vehicle_commands_stamped.hpp
[2.294s] -- Up-to-date symlink: /home/gustavo/eufs_sim_teste/install/eufs_msgs/include/eufs_msgs/msg/waypoint.hpp
[2.294s] -- Up-to-date symlink: /home/gustavo/eufs_sim_teste/install/eufs_msgs/include/eufs_msgs/msg/waypoint_array_stamped.hpp
[2.294s] -- Up-to-date symlink: /home/gustavo/eufs_sim_teste/install/eufs_msgs/include/eufs_msgs/msg/wheel_odometry_err.hpp
[2.294s] -- Up-to-date symlink: /home/gustavo/eufs_sim_teste/install/eufs_msgs/include/eufs_msgs/msg/wheel_speeds.hpp
[2.294s] -- Up-to-date symlink: /home/gustavo/eufs_sim_teste/install/eufs_msgs/include/eufs_msgs/msg/wheel_speeds_stamped.hpp
[2.294s] -- Up-to-date symlink: /home/gustavo/eufs_sim_teste/install/eufs_msgs/include/eufs_msgs/srv/detail/register__builder.hpp
[2.294s] -- Up-to-date symlink: /home/gustavo/eufs_sim_teste/install/eufs_msgs/include/eufs_msgs/srv/detail/register__struct.hpp
[2.295s] -- Up-to-date symlink: /home/gustavo/eufs_sim_teste/install/eufs_msgs/include/eufs_msgs/srv/detail/register__traits.hpp
[2.295s] -- Up-to-date symlink: /home/gustavo/eufs_sim_teste/install/eufs_msgs/include/eufs_msgs/srv/detail/set_can_state__builder.hpp
[2.295s] -- Up-to-date symlink: /home/gustavo/eufs_sim_teste/install/eufs_msgs/include/eufs_msgs/srv/detail/set_can_state__struct.hpp
[2.295s] -- Up-to-date symlink: /home/gustavo/eufs_sim_teste/install/eufs_msgs/include/eufs_msgs/srv/detail/set_can_state__traits.hpp
[2.295s] -- Up-to-date symlink: /home/gustavo/eufs_sim_teste/install/eufs_msgs/include/eufs_msgs/srv/register.hpp
[2.295s] -- Up-to-date symlink: /home/gustavo/eufs_sim_teste/install/eufs_msgs/include/eufs_msgs/srv/set_can_state.hpp
[2.297s] -- Up-to-date symlink: /home/gustavo/eufs_sim_teste/install/eufs_msgs/include/eufs_msgs/action/detail/check_for_objects__rosidl_typesupport_introspection_cpp.hpp
[2.297s] -- Up-to-date symlink: /home/gustavo/eufs_sim_teste/install/eufs_msgs/include/eufs_msgs/msg/detail/bounding_box__rosidl_typesupport_introspection_cpp.hpp
[2.297s] -- Up-to-date symlink: /home/gustavo/eufs_sim_teste/install/eufs_msgs/include/eufs_msgs/msg/detail/bounding_boxes__rosidl_typesupport_introspection_cpp.hpp
[2.297s] -- Up-to-date symlink: /home/gustavo/eufs_sim_teste/install/eufs_msgs/include/eufs_msgs/msg/detail/can_state__rosidl_typesupport_introspection_cpp.hpp
[2.297s] -- Up-to-date symlink: /home/gustavo/eufs_sim_teste/install/eufs_msgs/include/eufs_msgs/msg/detail/car_state__rosidl_typesupport_introspection_cpp.hpp
[2.297s] -- Up-to-date symlink: /home/gustavo/eufs_sim_teste/install/eufs_msgs/include/eufs_msgs/msg/detail/chassis_command__rosidl_typesupport_introspection_cpp.hpp
[2.298s] -- Up-to-date symlink: /home/gustavo/eufs_sim_teste/install/eufs_msgs/include/eufs_msgs/msg/detail/chassis_state__rosidl_typesupport_introspection_cpp.hpp
[2.298s] -- Up-to-date symlink: /home/gustavo/eufs_sim_teste/install/eufs_msgs/include/eufs_msgs/msg/detail/cone_array__rosidl_typesupport_introspection_cpp.hpp
[2.298s] -- Up-to-date symlink: /home/gustavo/eufs_sim_teste/install/eufs_msgs/include/eufs_msgs/msg/detail/cone_array_with_covariance__rosidl_typesupport_introspection_cpp.hpp
[2.298s] -- Up-to-date symlink: /home/gustavo/eufs_sim_teste/install/eufs_msgs/include/eufs_msgs/msg/detail/cone_with_covariance__rosidl_typesupport_introspection_cpp.hpp
[2.298s] -- Up-to-date symlink: /home/gustavo/eufs_sim_teste/install/eufs_msgs/include/eufs_msgs/msg/detail/costmap__rosidl_typesupport_introspection_cpp.hpp
[2.298s] -- Up-to-date symlink: /home/gustavo/eufs_sim_teste/install/eufs_msgs/include/eufs_msgs/msg/detail/ekf_err__rosidl_typesupport_introspection_cpp.hpp
[2.299s] -- Up-to-date symlink: /home/gustavo/eufs_sim_teste/install/eufs_msgs/include/eufs_msgs/msg/detail/ekf_state__rosidl_typesupport_introspection_cpp.hpp
[2.299s] -- Up-to-date symlink: /home/gustavo/eufs_sim_teste/install/eufs_msgs/include/eufs_msgs/msg/detail/full_state__rosidl_typesupport_introspection_cpp.hpp
[2.299s] -- Up-to-date symlink: /home/gustavo/eufs_sim_teste/install/eufs_msgs/include/eufs_msgs/msg/detail/heartbeat__rosidl_typesupport_introspection_cpp.hpp
[2.299s] -- Up-to-date symlink: /home/gustavo/eufs_sim_teste/install/eufs_msgs/include/eufs_msgs/msg/detail/integration_err__rosidl_typesupport_introspection_cpp.hpp
[2.299s] -- Up-to-date symlink: /home/gustavo/eufs_sim_teste/install/eufs_msgs/include/eufs_msgs/msg/detail/lap_stats__rosidl_typesupport_introspection_cpp.hpp
[2.299s] -- Up-to-date symlink: /home/gustavo/eufs_sim_teste/install/eufs_msgs/include/eufs_msgs/msg/detail/node_state__rosidl_typesupport_introspection_cpp.hpp
[2.299s] -- Up-to-date symlink: /home/gustavo/eufs_sim_teste/install/eufs_msgs/include/eufs_msgs/msg/detail/node_state_array__rosidl_typesupport_introspection_cpp.hpp
[2.300s] -- Up-to-date symlink: /home/gustavo/eufs_sim_teste/install/eufs_msgs/include/eufs_msgs/msg/detail/path_integral_params__rosidl_typesupport_introspection_cpp.hpp
[2.300s] -- Up-to-date symlink: /home/gustavo/eufs_sim_teste/install/eufs_msgs/include/eufs_msgs/msg/detail/path_integral_stats__rosidl_typesupport_introspection_cpp.hpp
[2.300s] -- Up-to-date symlink: /home/gustavo/eufs_sim_teste/install/eufs_msgs/include/eufs_msgs/msg/detail/path_integral_status__rosidl_typesupport_introspection_cpp.hpp
[2.300s] -- Up-to-date symlink: /home/gustavo/eufs_sim_teste/install/eufs_msgs/include/eufs_msgs/msg/detail/path_integral_timing__rosidl_typesupport_introspection_cpp.hpp
[2.300s] -- Up-to-date symlink: /home/gustavo/eufs_sim_teste/install/eufs_msgs/include/eufs_msgs/msg/detail/point_array__rosidl_typesupport_introspection_cpp.hpp
[2.300s] -- Up-to-date symlink: /home/gustavo/eufs_sim_teste/install/eufs_msgs/include/eufs_msgs/msg/detail/point_array_stamped__rosidl_typesupport_introspection_cpp.hpp
[2.301s] -- Up-to-date symlink: /home/gustavo/eufs_sim_teste/install/eufs_msgs/include/eufs_msgs/msg/detail/runstop__rosidl_typesupport_introspection_cpp.hpp
[2.301s] -- Up-to-date symlink: /home/gustavo/eufs_sim_teste/install/eufs_msgs/include/eufs_msgs/msg/detail/slam_err__rosidl_typesupport_introspection_cpp.hpp
[2.301s] -- Up-to-date symlink: /home/gustavo/eufs_sim_teste/install/eufs_msgs/include/eufs_msgs/msg/detail/slam_state__rosidl_typesupport_introspection_cpp.hpp
[2.301s] -- Up-to-date symlink: /home/gustavo/eufs_sim_teste/install/eufs_msgs/include/eufs_msgs/msg/detail/state_machine_state__rosidl_typesupport_introspection_cpp.hpp
[2.301s] -- Up-to-date symlink: /home/gustavo/eufs_sim_teste/install/eufs_msgs/include/eufs_msgs/msg/detail/system_status__rosidl_typesupport_introspection_cpp.hpp
[2.301s] -- Up-to-date symlink: /home/gustavo/eufs_sim_teste/install/eufs_msgs/include/eufs_msgs/msg/detail/topic_status__rosidl_typesupport_introspection_cpp.hpp
[2.302s] -- Up-to-date symlink: /home/gustavo/eufs_sim_teste/install/eufs_msgs/include/eufs_msgs/msg/detail/vehicle_commands__rosidl_typesupport_introspection_cpp.hpp
[2.302s] -- Up-to-date symlink: /home/gustavo/eufs_sim_teste/install/eufs_msgs/include/eufs_msgs/msg/detail/vehicle_commands_stamped__rosidl_typesupport_introspection_cpp.hpp
[2.302s] -- Up-to-date symlink: /home/gustavo/eufs_sim_teste/install/eufs_msgs/include/eufs_msgs/msg/detail/waypoint__rosidl_typesupport_introspection_cpp.hpp
[2.302s] -- Up-to-date symlink: /home/gustavo/eufs_sim_teste/install/eufs_msgs/include/eufs_msgs/msg/detail/waypoint_array_stamped__rosidl_typesupport_introspection_cpp.hpp
[2.302s] -- Up-to-date symlink: /home/gustavo/eufs_sim_teste/install/eufs_msgs/include/eufs_msgs/msg/detail/wheel_odometry_err__rosidl_typesupport_introspection_cpp.hpp
[2.302s] -- Up-to-date symlink: /home/gustavo/eufs_sim_teste/install/eufs_msgs/include/eufs_msgs/msg/detail/wheel_speeds__rosidl_typesupport_introspection_cpp.hpp
[2.303s] -- Up-to-date symlink: /home/gustavo/eufs_sim_teste/install/eufs_msgs/include/eufs_msgs/msg/detail/wheel_speeds_stamped__rosidl_typesupport_introspection_cpp.hpp
[2.303s] -- Up-to-date symlink: /home/gustavo/eufs_sim_teste/install/eufs_msgs/include/eufs_msgs/srv/detail/register__rosidl_typesupport_introspection_cpp.hpp
[2.303s] -- Up-to-date symlink: /home/gustavo/eufs_sim_teste/install/eufs_msgs/include/eufs_msgs/srv/detail/set_can_state__rosidl_typesupport_introspection_cpp.hpp
[2.303s] -- Up-to-date symlink: /home/gustavo/eufs_sim_teste/install/eufs_msgs/share/eufs_msgs/environment/pythonpath.sh
[2.304s] -- Up-to-date symlink: /home/gustavo/eufs_sim_teste/install/eufs_msgs/share/eufs_msgs/environment/pythonpath.dsv
[2.304s] -- Up-to-date symlink: /home/gustavo/eufs_sim_teste/install/eufs_msgs/lib/python3.8/site-packages/eufs_msgs/__init__.py
[2.305s] -- Up-to-date symlink: /home/gustavo/eufs_sim_teste/install/eufs_msgs/lib/python3.8/site-packages/eufs_msgs/msg/__init__.py
[2.305s] -- Up-to-date symlink: /home/gustavo/eufs_sim_teste/install/eufs_msgs/lib/python3.8/site-packages/eufs_msgs/msg/_bounding_box.py
[2.305s] -- Up-to-date symlink: /home/gustavo/eufs_sim_teste/install/eufs_msgs/lib/python3.8/site-packages/eufs_msgs/msg/_bounding_boxes.py
[2.305s] -- Up-to-date symlink: /home/gustavo/eufs_sim_teste/install/eufs_msgs/lib/python3.8/site-packages/eufs_msgs/msg/_can_state.py
[2.306s] -- Up-to-date symlink: /home/gustavo/eufs_sim_teste/install/eufs_msgs/lib/python3.8/site-packages/eufs_msgs/msg/_car_state.py
[2.306s] -- Up-to-date symlink: /home/gustavo/eufs_sim_teste/install/eufs_msgs/lib/python3.8/site-packages/eufs_msgs/msg/_chassis_command.py
[2.306s] -- Up-to-date symlink: /home/gustavo/eufs_sim_teste/install/eufs_msgs/lib/python3.8/site-packages/eufs_msgs/msg/_chassis_state.py
[2.306s] -- Up-to-date symlink: /home/gustavo/eufs_sim_teste/install/eufs_msgs/lib/python3.8/site-packages/eufs_msgs/msg/_cone_array.py
[2.306s] -- Up-to-date symlink: /home/gustavo/eufs_sim_teste/install/eufs_msgs/lib/python3.8/site-packages/eufs_msgs/msg/_cone_array_with_covariance.py
[2.306s] -- Up-to-date symlink: /home/gustavo/eufs_sim_teste/install/eufs_msgs/lib/python3.8/site-packages/eufs_msgs/msg/_cone_with_covariance.py
[2.306s] -- Up-to-date symlink: /home/gustavo/eufs_sim_teste/install/eufs_msgs/lib/python3.8/site-packages/eufs_msgs/msg/_costmap.py
[2.307s] -- Up-to-date symlink: /home/gustavo/eufs_sim_teste/install/eufs_msgs/lib/python3.8/site-packages/eufs_msgs/msg/_ekf_err.py
[2.307s] -- Up-to-date symlink: /home/gustavo/eufs_sim_teste/install/eufs_msgs/lib/python3.8/site-packages/eufs_msgs/msg/_ekf_state.py
[2.307s] -- Up-to-date symlink: /home/gustavo/eufs_sim_teste/install/eufs_msgs/lib/python3.8/site-packages/eufs_msgs/msg/_full_state.py
[2.307s] -- Up-to-date symlink: /home/gustavo/eufs_sim_teste/install/eufs_msgs/lib/python3.8/site-packages/eufs_msgs/msg/_heartbeat.py
[2.307s] -- Up-to-date symlink: /home/gustavo/eufs_sim_teste/install/eufs_msgs/lib/python3.8/site-packages/eufs_msgs/msg/_integration_err.py
[2.307s] -- Up-to-date symlink: /home/gustavo/eufs_sim_teste/install/eufs_msgs/lib/python3.8/site-packages/eufs_msgs/msg/_lap_stats.py
[2.308s] -- Up-to-date symlink: /home/gustavo/eufs_sim_teste/install/eufs_msgs/lib/python3.8/site-packages/eufs_msgs/msg/_node_state.py
[2.308s] -- Up-to-date symlink: /home/gustavo/eufs_sim_teste/install/eufs_msgs/lib/python3.8/site-packages/eufs_msgs/msg/_node_state_array.py
[2.308s] -- Up-to-date symlink: /home/gustavo/eufs_sim_teste/install/eufs_msgs/lib/python3.8/site-packages/eufs_msgs/msg/_path_integral_params.py
[2.308s] -- Up-to-date symlink: /home/gustavo/eufs_sim_teste/install/eufs_msgs/lib/python3.8/site-packages/eufs_msgs/msg/_path_integral_stats.py
[2.308s] -- Up-to-date symlink: /home/gustavo/eufs_sim_teste/install/eufs_msgs/lib/python3.8/site-packages/eufs_msgs/msg/_path_integral_status.py
[2.308s] -- Up-to-date symlink: /home/gustavo/eufs_sim_teste/install/eufs_msgs/lib/python3.8/site-packages/eufs_msgs/msg/_path_integral_timing.py
[2.309s] -- Up-to-date symlink: /home/gustavo/eufs_sim_teste/install/eufs_msgs/lib/python3.8/site-packages/eufs_msgs/msg/_point_array.py
[2.309s] -- Up-to-date symlink: /home/gustavo/eufs_sim_teste/install/eufs_msgs/lib/python3.8/site-packages/eufs_msgs/msg/_point_array_stamped.py
[2.309s] -- Up-to-date symlink: /home/gustavo/eufs_sim_teste/install/eufs_msgs/lib/python3.8/site-packages/eufs_msgs/msg/_runstop.py
[2.309s] -- Up-to-date symlink: /home/gustavo/eufs_sim_teste/install/eufs_msgs/lib/python3.8/site-packages/eufs_msgs/msg/_slam_err.py
[2.309s] -- Up-to-date symlink: /home/gustavo/eufs_sim_teste/install/eufs_msgs/lib/python3.8/site-packages/eufs_msgs/msg/_slam_state.py
[2.309s] -- Up-to-date symlink: /home/gustavo/eufs_sim_teste/install/eufs_msgs/lib/python3.8/site-packages/eufs_msgs/msg/_state_machine_state.py
[2.310s] -- Up-to-date symlink: /home/gustavo/eufs_sim_teste/install/eufs_msgs/lib/python3.8/site-packages/eufs_msgs/msg/_system_status.py
[2.310s] -- Up-to-date symlink: /home/gustavo/eufs_sim_teste/install/eufs_msgs/lib/python3.8/site-packages/eufs_msgs/msg/_topic_status.py
[2.310s] -- Up-to-date symlink: /home/gustavo/eufs_sim_teste/install/eufs_msgs/lib/python3.8/site-packages/eufs_msgs/msg/_vehicle_commands.py
[2.310s] -- Up-to-date symlink: /home/gustavo/eufs_sim_teste/install/eufs_msgs/lib/python3.8/site-packages/eufs_msgs/msg/_vehicle_commands_stamped.py
[2.310s] -- Up-to-date symlink: /home/gustavo/eufs_sim_teste/install/eufs_msgs/lib/python3.8/site-packages/eufs_msgs/msg/_waypoint.py
[2.310s] -- Up-to-date symlink: /home/gustavo/eufs_sim_teste/install/eufs_msgs/lib/python3.8/site-packages/eufs_msgs/msg/_waypoint_array_stamped.py
[2.311s] -- Up-to-date symlink: /home/gustavo/eufs_sim_teste/install/eufs_msgs/lib/python3.8/site-packages/eufs_msgs/msg/_wheel_odometry_err.py
[2.311s] -- Up-to-date symlink: /home/gustavo/eufs_sim_teste/install/eufs_msgs/lib/python3.8/site-packages/eufs_msgs/msg/_wheel_speeds.py
[2.311s] -- Up-to-date symlink: /home/gustavo/eufs_sim_teste/install/eufs_msgs/lib/python3.8/site-packages/eufs_msgs/msg/_wheel_speeds_stamped.py
[2.311s] -- Up-to-date symlink: /home/gustavo/eufs_sim_teste/install/eufs_msgs/lib/python3.8/site-packages/eufs_msgs/action/__init__.py
[2.312s] -- Up-to-date symlink: /home/gustavo/eufs_sim_teste/install/eufs_msgs/lib/python3.8/site-packages/eufs_msgs/action/_check_for_objects.py
[2.312s] -- Up-to-date symlink: /home/gustavo/eufs_sim_teste/install/eufs_msgs/lib/python3.8/site-packages/eufs_msgs/srv/__init__.py
[2.312s] -- Up-to-date symlink: /home/gustavo/eufs_sim_teste/install/eufs_msgs/lib/python3.8/site-packages/eufs_msgs/srv/_register.py
[2.312s] -- Up-to-date symlink: /home/gustavo/eufs_sim_teste/install/eufs_msgs/lib/python3.8/site-packages/eufs_msgs/srv/_set_can_state.py
[2.313s] -- Up-to-date symlink: /home/gustavo/eufs_sim_teste/install/eufs_msgs/lib/python3.8/site-packages/eufs_msgs/eufs_msgs_s__rosidl_typesupport_fastrtps_c.cpython-38-x86_64-linux-gnu.so
[2.313s] -- Up-to-date symlink: /home/gustavo/eufs_sim_teste/install/eufs_msgs/lib/python3.8/site-packages/eufs_msgs/eufs_msgs_s__rosidl_typesupport_introspection_c.cpython-38-x86_64-linux-gnu.so
[2.314s] -- Up-to-date symlink: /home/gustavo/eufs_sim_teste/install/eufs_msgs/lib/python3.8/site-packages/eufs_msgs/eufs_msgs_s__rosidl_typesupport_c.cpython-38-x86_64-linux-gnu.so
[2.314s] -- Up-to-date symlink: /home/gustavo/eufs_sim_teste/install/eufs_msgs/lib/libeufs_msgs__python.so
[2.314s] -- Up-to-date symlink: /home/gustavo/eufs_sim_teste/install/eufs_msgs/share/eufs_msgs/msg/BoundingBox.idl
[2.315s] -- Up-to-date symlink: /home/gustavo/eufs_sim_teste/install/eufs_msgs/share/eufs_msgs/msg/BoundingBoxes.idl
[2.315s] -- Up-to-date symlink: /home/gustavo/eufs_sim_teste/install/eufs_msgs/share/eufs_msgs/msg/CanState.idl
[2.315s] -- Up-to-date symlink: /home/gustavo/eufs_sim_teste/install/eufs_msgs/share/eufs_msgs/msg/CarState.idl
[2.315s] -- Up-to-date symlink: /home/gustavo/eufs_sim_teste/install/eufs_msgs/share/eufs_msgs/msg/ChassisCommand.idl
[2.316s] -- Up-to-date symlink: /home/gustavo/eufs_sim_teste/install/eufs_msgs/share/eufs_msgs/msg/ChassisState.idl
[2.316s] -- Up-to-date symlink: /home/gustavo/eufs_sim_teste/install/eufs_msgs/share/eufs_msgs/msg/ConeArray.idl
[2.316s] -- Up-to-date symlink: /home/gustavo/eufs_sim_teste/install/eufs_msgs/share/eufs_msgs/msg/ConeArrayWithCovariance.idl
[2.316s] -- Up-to-date symlink: /home/gustavo/eufs_sim_teste/install/eufs_msgs/share/eufs_msgs/msg/ConeWithCovariance.idl
[2.317s] -- Up-to-date symlink: /home/gustavo/eufs_sim_teste/install/eufs_msgs/share/eufs_msgs/msg/Costmap.idl
[2.317s] -- Up-to-date symlink: /home/gustavo/eufs_sim_teste/install/eufs_msgs/share/eufs_msgs/msg/EKFErr.idl
[2.317s] -- Up-to-date symlink: /home/gustavo/eufs_sim_teste/install/eufs_msgs/share/eufs_msgs/msg/EKFState.idl
[2.317s] -- Up-to-date symlink: /home/gustavo/eufs_sim_teste/install/eufs_msgs/share/eufs_msgs/msg/FullState.idl
[2.318s] -- Up-to-date symlink: /home/gustavo/eufs_sim_teste/install/eufs_msgs/share/eufs_msgs/msg/Heartbeat.idl
[2.318s] -- Up-to-date symlink: /home/gustavo/eufs_sim_teste/install/eufs_msgs/share/eufs_msgs/msg/IntegrationErr.idl
[2.318s] -- Up-to-date symlink: /home/gustavo/eufs_sim_teste/install/eufs_msgs/share/eufs_msgs/msg/LapStats.idl
[2.318s] -- Up-to-date symlink: /home/gustavo/eufs_sim_teste/install/eufs_msgs/share/eufs_msgs/msg/NodeState.idl
[2.319s] -- Up-to-date symlink: /home/gustavo/eufs_sim_teste/install/eufs_msgs/share/eufs_msgs/msg/NodeStateArray.idl
[2.319s] -- Up-to-date symlink: /home/gustavo/eufs_sim_teste/install/eufs_msgs/share/eufs_msgs/msg/PathIntegralParams.idl
[2.319s] -- Up-to-date symlink: /home/gustavo/eufs_sim_teste/install/eufs_msgs/share/eufs_msgs/msg/PathIntegralStats.idl
[2.320s] -- Up-to-date symlink: /home/gustavo/eufs_sim_teste/install/eufs_msgs/share/eufs_msgs/msg/PathIntegralStatus.idl
[2.320s] -- Up-to-date symlink: /home/gustavo/eufs_sim_teste/install/eufs_msgs/share/eufs_msgs/msg/PathIntegralTiming.idl
[2.320s] -- Up-to-date symlink: /home/gustavo/eufs_sim_teste/install/eufs_msgs/share/eufs_msgs/msg/PointArray.idl
[2.320s] -- Up-to-date symlink: /home/gustavo/eufs_sim_teste/install/eufs_msgs/share/eufs_msgs/msg/PointArrayStamped.idl
[2.321s] -- Up-to-date symlink: /home/gustavo/eufs_sim_teste/install/eufs_msgs/share/eufs_msgs/msg/Runstop.idl
[2.321s] -- Up-to-date symlink: /home/gustavo/eufs_sim_teste/install/eufs_msgs/share/eufs_msgs/msg/SLAMErr.idl
[2.321s] -- Up-to-date symlink: /home/gustavo/eufs_sim_teste/install/eufs_msgs/share/eufs_msgs/msg/SLAMState.idl
[2.321s] -- Up-to-date symlink: /home/gustavo/eufs_sim_teste/install/eufs_msgs/share/eufs_msgs/msg/StateMachineState.idl
[2.322s] -- Up-to-date symlink: /home/gustavo/eufs_sim_teste/install/eufs_msgs/share/eufs_msgs/msg/SystemStatus.idl
[2.322s] -- Up-to-date symlink: /home/gustavo/eufs_sim_teste/install/eufs_msgs/share/eufs_msgs/msg/TopicStatus.idl
[2.322s] -- Up-to-date symlink: /home/gustavo/eufs_sim_teste/install/eufs_msgs/share/eufs_msgs/msg/VehicleCommands.idl
[2.323s] -- Up-to-date symlink: /home/gustavo/eufs_sim_teste/install/eufs_msgs/share/eufs_msgs/msg/VehicleCommandsStamped.idl
[2.323s] -- Up-to-date symlink: /home/gustavo/eufs_sim_teste/install/eufs_msgs/share/eufs_msgs/msg/Waypoint.idl
[2.323s] -- Up-to-date symlink: /home/gustavo/eufs_sim_teste/install/eufs_msgs/share/eufs_msgs/msg/WaypointArrayStamped.idl
[2.323s] -- Up-to-date symlink: /home/gustavo/eufs_sim_teste/install/eufs_msgs/share/eufs_msgs/msg/WheelOdometryErr.idl
[2.324s] -- Up-to-date symlink: /home/gustavo/eufs_sim_teste/install/eufs_msgs/share/eufs_msgs/msg/WheelSpeeds.idl
[2.324s] -- Up-to-date symlink: /home/gustavo/eufs_sim_teste/install/eufs_msgs/share/eufs_msgs/msg/WheelSpeedsStamped.idl
[2.324s] -- Up-to-date symlink: /home/gustavo/eufs_sim_teste/install/eufs_msgs/share/eufs_msgs/action/CheckForObjects.idl
[2.324s] -- Up-to-date symlink: /home/gustavo/eufs_sim_teste/install/eufs_msgs/share/eufs_msgs/srv/Register.idl
[2.325s] -- Up-to-date symlink: /home/gustavo/eufs_sim_teste/install/eufs_msgs/share/eufs_msgs/srv/SetCanState.idl
[2.325s] -- Up-to-date symlink: /home/gustavo/eufs_sim_teste/install/eufs_msgs/share/eufs_msgs/msg/BoundingBox.msg
[2.325s] -- Up-to-date symlink: /home/gustavo/eufs_sim_teste/install/eufs_msgs/share/eufs_msgs/msg/BoundingBoxes.msg
[2.325s] -- Up-to-date symlink: /home/gustavo/eufs_sim_teste/install/eufs_msgs/share/eufs_msgs/msg/CanState.msg
[2.326s] -- Up-to-date symlink: /home/gustavo/eufs_sim_teste/install/eufs_msgs/share/eufs_msgs/msg/CarState.msg
[2.326s] -- Up-to-date symlink: /home/gustavo/eufs_sim_teste/install/eufs_msgs/share/eufs_msgs/msg/ChassisCommand.msg
[2.326s] -- Up-to-date symlink: /home/gustavo/eufs_sim_teste/install/eufs_msgs/share/eufs_msgs/msg/ChassisState.msg
[2.326s] -- Up-to-date symlink: /home/gustavo/eufs_sim_teste/install/eufs_msgs/share/eufs_msgs/msg/ConeArray.msg
[2.327s] -- Up-to-date symlink: /home/gustavo/eufs_sim_teste/install/eufs_msgs/share/eufs_msgs/msg/ConeArrayWithCovariance.msg
[2.327s] -- Up-to-date symlink: /home/gustavo/eufs_sim_teste/install/eufs_msgs/share/eufs_msgs/msg/ConeWithCovariance.msg
[2.327s] -- Up-to-date symlink: /home/gustavo/eufs_sim_teste/install/eufs_msgs/share/eufs_msgs/msg/Costmap.msg
[2.327s] -- Up-to-date symlink: /home/gustavo/eufs_sim_teste/install/eufs_msgs/share/eufs_msgs/msg/EKFErr.msg
[2.328s] -- Up-to-date symlink: /home/gustavo/eufs_sim_teste/install/eufs_msgs/share/eufs_msgs/msg/EKFState.msg
[2.328s] -- Up-to-date symlink: /home/gustavo/eufs_sim_teste/install/eufs_msgs/share/eufs_msgs/msg/FullState.msg
[2.328s] -- Up-to-date symlink: /home/gustavo/eufs_sim_teste/install/eufs_msgs/share/eufs_msgs/msg/Heartbeat.msg
[2.328s] -- Up-to-date symlink: /home/gustavo/eufs_sim_teste/install/eufs_msgs/share/eufs_msgs/msg/IntegrationErr.msg
[2.329s] -- Up-to-date symlink: /home/gustavo/eufs_sim_teste/install/eufs_msgs/share/eufs_msgs/msg/LapStats.msg
[2.329s] -- Up-to-date symlink: /home/gustavo/eufs_sim_teste/install/eufs_msgs/share/eufs_msgs/msg/NodeState.msg
[2.329s] -- Up-to-date symlink: /home/gustavo/eufs_sim_teste/install/eufs_msgs/share/eufs_msgs/msg/NodeStateArray.msg
[2.329s] -- Up-to-date symlink: /home/gustavo/eufs_sim_teste/install/eufs_msgs/share/eufs_msgs/msg/PathIntegralParams.msg
[2.330s] -- Up-to-date symlink: /home/gustavo/eufs_sim_teste/install/eufs_msgs/share/eufs_msgs/msg/PathIntegralStats.msg
[2.330s] -- Up-to-date symlink: /home/gustavo/eufs_sim_teste/install/eufs_msgs/share/eufs_msgs/msg/PathIntegralStatus.msg
[2.330s] -- Up-to-date symlink: /home/gustavo/eufs_sim_teste/install/eufs_msgs/share/eufs_msgs/msg/PathIntegralTiming.msg
[2.331s] -- Up-to-date symlink: /home/gustavo/eufs_sim_teste/install/eufs_msgs/share/eufs_msgs/msg/PointArray.msg
[2.331s] -- Up-to-date symlink: /home/gustavo/eufs_sim_teste/install/eufs_msgs/share/eufs_msgs/msg/PointArrayStamped.msg
[2.331s] -- Up-to-date symlink: /home/gustavo/eufs_sim_teste/install/eufs_msgs/share/eufs_msgs/msg/Runstop.msg
[2.331s] -- Up-to-date symlink: /home/gustavo/eufs_sim_teste/install/eufs_msgs/share/eufs_msgs/msg/SLAMErr.msg
[2.332s] -- Up-to-date symlink: /home/gustavo/eufs_sim_teste/install/eufs_msgs/share/eufs_msgs/msg/SLAMState.msg
[2.332s] -- Up-to-date symlink: /home/gustavo/eufs_sim_teste/install/eufs_msgs/share/eufs_msgs/msg/StateMachineState.msg
[2.332s] -- Up-to-date symlink: /home/gustavo/eufs_sim_teste/install/eufs_msgs/share/eufs_msgs/msg/SystemStatus.msg
[2.332s] -- Up-to-date symlink: /home/gustavo/eufs_sim_teste/install/eufs_msgs/share/eufs_msgs/msg/TopicStatus.msg
[2.333s] -- Up-to-date symlink: /home/gustavo/eufs_sim_teste/install/eufs_msgs/share/eufs_msgs/msg/VehicleCommands.msg
[2.333s] -- Up-to-date symlink: /home/gustavo/eufs_sim_teste/install/eufs_msgs/share/eufs_msgs/msg/VehicleCommandsStamped.msg
[2.333s] -- Up-to-date symlink: /home/gustavo/eufs_sim_teste/install/eufs_msgs/share/eufs_msgs/msg/Waypoint.msg
[2.333s] -- Up-to-date symlink: /home/gustavo/eufs_sim_teste/install/eufs_msgs/share/eufs_msgs/msg/WaypointArrayStamped.msg
[2.334s] -- Up-to-date symlink: /home/gustavo/eufs_sim_teste/install/eufs_msgs/share/eufs_msgs/msg/WheelOdometryErr.msg
[2.334s] -- Up-to-date symlink: /home/gustavo/eufs_sim_teste/install/eufs_msgs/share/eufs_msgs/msg/WheelSpeeds.msg
[2.334s] -- Up-to-date symlink: /home/gustavo/eufs_sim_teste/install/eufs_msgs/share/eufs_msgs/msg/WheelSpeedsStamped.msg
[2.334s] -- Up-to-date symlink: /home/gustavo/eufs_sim_teste/install/eufs_msgs/share/eufs_msgs/action/CheckForObjects.action
[2.335s] -- Up-to-date symlink: /home/gustavo/eufs_sim_teste/install/eufs_msgs/share/eufs_msgs/srv/Register.srv
[2.335s] -- Up-to-date symlink: /home/gustavo/eufs_sim_teste/install/eufs_msgs/share/eufs_msgs/srv/Register_Request.msg
[2.335s] -- Up-to-date symlink: /home/gustavo/eufs_sim_teste/install/eufs_msgs/share/eufs_msgs/srv/Register_Response.msg
[2.335s] -- Up-to-date symlink: /home/gustavo/eufs_sim_teste/install/eufs_msgs/share/eufs_msgs/srv/SetCanState.srv
[2.336s] -- Up-to-date symlink: /home/gustavo/eufs_sim_teste/install/eufs_msgs/share/eufs_msgs/srv/SetCanState_Request.msg
[2.336s] -- Up-to-date symlink: /home/gustavo/eufs_sim_teste/install/eufs_msgs/share/eufs_msgs/srv/SetCanState_Response.msg
[2.336s] -- Up-to-date symlink: /home/gustavo/eufs_sim_teste/install/eufs_msgs/share/ament_index/resource_index/package_run_dependencies/eufs_msgs
[2.337s] -- Up-to-date symlink: /home/gustavo/eufs_sim_teste/install/eufs_msgs/share/ament_index/resource_index/parent_prefix_path/eufs_msgs
[2.337s] -- Up-to-date symlink: /home/gustavo/eufs_sim_teste/install/eufs_msgs/share/eufs_msgs/environment/ament_prefix_path.sh
[2.337s] -- Up-to-date symlink: /home/gustavo/eufs_sim_teste/install/eufs_msgs/share/eufs_msgs/environment/ament_prefix_path.dsv
[2.337s] -- Up-to-date symlink: /home/gustavo/eufs_sim_teste/install/eufs_msgs/share/eufs_msgs/environment/path.sh
[2.338s] -- Up-to-date symlink: /home/gustavo/eufs_sim_teste/install/eufs_msgs/share/eufs_msgs/environment/path.dsv
[2.338s] -- Up-to-date symlink: /home/gustavo/eufs_sim_teste/install/eufs_msgs/share/eufs_msgs/local_setup.bash
[2.338s] -- Up-to-date symlink: /home/gustavo/eufs_sim_teste/install/eufs_msgs/share/eufs_msgs/local_setup.sh
[2.338s] -- Up-to-date symlink: /home/gustavo/eufs_sim_teste/install/eufs_msgs/share/eufs_msgs/local_setup.zsh
[2.339s] -- Up-to-date symlink: /home/gustavo/eufs_sim_teste/install/eufs_msgs/share/eufs_msgs/local_setup.dsv
[2.339s] -- Symlinking: /home/gustavo/eufs_sim_teste/install/eufs_msgs/share/eufs_msgs/package.dsv
[2.347s] -- Up-to-date symlink: /home/gustavo/eufs_sim_teste/install/eufs_msgs/share/ament_index/resource_index/packages/eufs_msgs
[2.347s] -- Up-to-date symlink: /home/gustavo/eufs_sim_teste/install/eufs_msgs/share/eufs_msgs/cmake/rosidl_cmake-extras.cmake
[2.347s] -- Up-to-date symlink: /home/gustavo/eufs_sim_teste/install/eufs_msgs/share/eufs_msgs/cmake/ament_cmake_export_dependencies-extras.cmake
[2.347s] -- Up-to-date symlink: /home/gustavo/eufs_sim_teste/install/eufs_msgs/share/eufs_msgs/cmake/ament_cmake_export_libraries-extras.cmake
[2.348s] -- Up-to-date symlink: /home/gustavo/eufs_sim_teste/install/eufs_msgs/share/eufs_msgs/cmake/ament_cmake_export_targets-extras.cmake
[2.348s] -- Up-to-date symlink: /home/gustavo/eufs_sim_teste/install/eufs_msgs/share/eufs_msgs/cmake/ament_cmake_export_include_directories-extras.cmake
[2.348s] -- Up-to-date symlink: /home/gustavo/eufs_sim_teste/install/eufs_msgs/share/eufs_msgs/cmake/rosidl_cmake_export_typesupport_libraries-extras.cmake
[2.348s] -- Up-to-date symlink: /home/gustavo/eufs_sim_teste/install/eufs_msgs/share/eufs_msgs/cmake/rosidl_cmake_export_typesupport_targets-extras.cmake
[2.349s] -- Up-to-date symlink: /home/gustavo/eufs_sim_teste/install/eufs_msgs/share/eufs_msgs/cmake/eufs_msgsConfig.cmake
[2.349s] -- Up-to-date symlink: /home/gustavo/eufs_sim_teste/install/eufs_msgs/share/eufs_msgs/cmake/eufs_msgsConfig-version.cmake
[2.349s] -- Up-to-date symlink: /home/gustavo/eufs_sim_teste/install/eufs_msgs/share/eufs_msgs/package.xml
[2.349s] -- Up-to-date: /home/gustavo/eufs_sim_teste/install/eufs_msgs/lib/libeufs_msgs__rosidl_generator_c.so
[2.350s] -- Up-to-date: /home/gustavo/eufs_sim_teste/install/eufs_msgs/lib/libeufs_msgs__rosidl_typesupport_introspection_c.so
[2.350s] -- Up-to-date: /home/gustavo/eufs_sim_teste/install/eufs_msgs/lib/libeufs_msgs__rosidl_typesupport_c.so
[2.350s] -- Up-to-date: /home/gustavo/eufs_sim_teste/install/eufs_msgs/lib/libeufs_msgs__rosidl_typesupport_introspection_cpp.so
[2.351s] -- Up-to-date: /home/gustavo/eufs_sim_teste/install/eufs_msgs/lib/libeufs_msgs__rosidl_typesupport_cpp.so
[2.377s] Compiling '/home/gustavo/eufs_sim_teste/install/eufs_msgs/lib/python3.8/site-packages/eufs_msgs/__init__.py'...
[2.380s] -- Up-to-date: /home/gustavo/eufs_sim_teste/install/eufs_msgs/share/eufs_msgs/cmake/eufs_msgs__rosidl_generator_cExport.cmake
[2.381s] -- Installing: /home/gustavo/eufs_sim_teste/install/eufs_msgs/share/eufs_msgs/cmake/eufs_msgs__rosidl_generator_cExport-noconfig.cmake
[2.381s] -- Up-to-date: /home/gustavo/eufs_sim_teste/install/eufs_msgs/share/eufs_msgs/cmake/eufs_msgs__rosidl_typesupport_introspection_cExport.cmake
[2.381s] -- Installing: /home/gustavo/eufs_sim_teste/install/eufs_msgs/share/eufs_msgs/cmake/eufs_msgs__rosidl_typesupport_introspection_cExport-noconfig.cmake
[2.381s] -- Up-to-date: /home/gustavo/eufs_sim_teste/install/eufs_msgs/share/eufs_msgs/cmake/eufs_msgs__rosidl_typesupport_cExport.cmake
[2.381s] -- Installing: /home/gustavo/eufs_sim_teste/install/eufs_msgs/share/eufs_msgs/cmake/eufs_msgs__rosidl_typesupport_cExport-noconfig.cmake
[2.381s] -- Up-to-date: /home/gustavo/eufs_sim_teste/install/eufs_msgs/share/eufs_msgs/cmake/eufs_msgs__rosidl_generator_cppExport.cmake
[2.381s] -- Up-to-date: /home/gustavo/eufs_sim_teste/install/eufs_msgs/share/eufs_msgs/cmake/eufs_msgs__rosidl_typesupport_introspection_cppExport.cmake
[2.381s] -- Installing: /home/gustavo/eufs_sim_teste/install/eufs_msgs/share/eufs_msgs/cmake/eufs_msgs__rosidl_typesupport_introspection_cppExport-noconfig.cmake
[2.381s] -- Up-to-date: /home/gustavo/eufs_sim_teste/install/eufs_msgs/share/eufs_msgs/cmake/eufs_msgs__rosidl_typesupport_cppExport.cmake
[2.381s] -- Installing: /home/gustavo/eufs_sim_teste/install/eufs_msgs/share/eufs_msgs/cmake/eufs_msgs__rosidl_typesupport_cppExport-noconfig.cmake
[2.387s] Invoked command in '/home/gustavo/eufs_sim_teste/build/eufs_msgs' returned '0': CMAKE_PREFIX_PATH=${CMAKE_PREFIX_PATH}:/home/gustavo/eufs_sim_teste/install/eufs_launcher:/home/gustavo/eufs_sim_teste/install/eufs_tracks:/home/gustavo/eufs_sim_teste/install/eufs_rqt:/home/gustavo/eufs_sim_teste/install/eufs_racecar:/opt/ros/galactic /usr/bin/cmake --install /home/gustavo/eufs_sim_teste/build/eufs_msgs
