[0.047s] Invoking command in '/home/gustavo/eufs_sim_teste/build/eufs_msgs': /usr/bin/cmake --build /home/gustavo/eufs_sim_teste/build/eufs_msgs -- -j8 -l8
[0.440s] [  0%] Built target eufs_msgs__cpp
[0.441s] [ 12%] Built target eufs_msgs__rosidl_generator_c
[0.441s] [ 24%] Built target eufs_msgs__rosidl_typesupport_cpp
[0.441s] [ 37%] Built target eufs_msgs__rosidl_typesupport_introspection_cpp
[0.441s] [ 50%] Built target eufs_msgs__rosidl_typesupport_c
[0.441s] [ 62%] Built target eufs_msgs__rosidl_typesupport_fastrtps_cpp
[0.441s] [ 75%] Built target eufs_msgs__rosidl_typesupport_introspection_c
[0.441s] [ 88%] Built target eufs_msgs__rosidl_typesupport_fastrtps_c
[0.441s] [ 88%] Built target eufs_msgs
[0.441s] [ 88%] Built target eufs_msgs__py
[0.441s] [100%] Built target eufs_msgs__python
[0.441s] [100%] Built target eufs_msgs__rosidl_typesupport_c__pyext
[0.441s] [100%] Built target eufs_msgs__rosidl_typesupport_introspection_c__pyext
[0.441s] [100%] Built target eufs_msgs__rosidl_typesupport_fastrtps_c__pyext
[0.445s] Invoked command in '/home/gustavo/eufs_sim_teste/build/eufs_msgs' returned '0': /usr/bin/cmake --build /home/gustavo/eufs_sim_teste/build/eufs_msgs -- -j8 -l8
[0.754s] Invoking command in '/home/gustavo/eufs_sim_teste/build/eufs_msgs': /usr/bin/cmake --install /home/gustavo/eufs_sim_teste/build/eufs_msgs
[0.761s] -- Install configuration: ""
[0.762s] -- Execute custom install script
[0.763s] -- Up-to-date symlink: /home/gustavo/eufs_sim_teste/install/eufs_msgs/share/ament_index/resource_index/rosidl_interfaces/eufs_msgs
[0.765s] -- Up-to-date symlink: /home/gustavo/eufs_sim_teste/install/eufs_msgs/include/eufs_msgs/action/check_for_objects.h
[0.766s] -- Up-to-date symlink: /home/gustavo/eufs_sim_teste/install/eufs_msgs/include/eufs_msgs/action/detail/check_for_objects__functions.h
[0.766s] -- Up-to-date symlink: /home/gustavo/eufs_sim_teste/install/eufs_msgs/include/eufs_msgs/action/detail/check_for_objects__struct.h
[0.767s] -- Up-to-date symlink: /home/gustavo/eufs_sim_teste/install/eufs_msgs/include/eufs_msgs/action/detail/check_for_objects__type_support.h
[0.767s] -- Up-to-date symlink: /home/gustavo/eufs_sim_teste/install/eufs_msgs/include/eufs_msgs/msg/bounding_box.h
[0.767s] -- Up-to-date symlink: /home/gustavo/eufs_sim_teste/install/eufs_msgs/include/eufs_msgs/msg/bounding_boxes.h
[0.767s] -- Up-to-date symlink: /home/gustavo/eufs_sim_teste/install/eufs_msgs/include/eufs_msgs/msg/can_state.h
[0.768s] -- Up-to-date symlink: /home/gustavo/eufs_sim_teste/install/eufs_msgs/include/eufs_msgs/msg/car_state.h
[0.768s] -- Up-to-date symlink: /home/gustavo/eufs_sim_teste/install/eufs_msgs/include/eufs_msgs/msg/chassis_command.h
[0.768s] -- Up-to-date symlink: /home/gustavo/eufs_sim_teste/install/eufs_msgs/include/eufs_msgs/msg/chassis_state.h
[0.768s] -- Up-to-date symlink: /home/gustavo/eufs_sim_teste/install/eufs_msgs/include/eufs_msgs/msg/cone_array.h
[0.769s] -- Up-to-date symlink: /home/gustavo/eufs_sim_teste/install/eufs_msgs/include/eufs_msgs/msg/cone_array_with_covariance.h
[0.769s] -- Up-to-date symlink: /home/gustavo/eufs_sim_teste/install/eufs_msgs/include/eufs_msgs/msg/cone_with_covariance.h
[0.770s] -- Up-to-date symlink: /home/gustavo/eufs_sim_teste/install/eufs_msgs/include/eufs_msgs/msg/costmap.h
[0.770s] -- Up-to-date symlink: /home/gustavo/eufs_sim_teste/install/eufs_msgs/include/eufs_msgs/msg/detail/bounding_box__functions.h
[0.771s] -- Up-to-date symlink: /home/gustavo/eufs_sim_teste/install/eufs_msgs/include/eufs_msgs/msg/detail/bounding_box__struct.h
[0.771s] -- Up-to-date symlink: /home/gustavo/eufs_sim_teste/install/eufs_msgs/include/eufs_msgs/msg/detail/bounding_box__type_support.h
[0.771s] -- Up-to-date symlink: /home/gustavo/eufs_sim_teste/install/eufs_msgs/include/eufs_msgs/msg/detail/bounding_boxes__functions.h
[0.772s] -- Up-to-date symlink: /home/gustavo/eufs_sim_teste/install/eufs_msgs/include/eufs_msgs/msg/detail/bounding_boxes__struct.h
[0.772s] -- Up-to-date symlink: /home/gustavo/eufs_sim_teste/install/eufs_msgs/include/eufs_msgs/msg/detail/bounding_boxes__type_support.h
[0.772s] -- Up-to-date symlink: /home/gustavo/eufs_sim_teste/install/eufs_msgs/include/eufs_msgs/msg/detail/can_state__functions.h
[0.773s] -- Up-to-date symlink: /home/gustavo/eufs_sim_teste/install/eufs_msgs/include/eufs_msgs/msg/detail/can_state__struct.h
[0.773s] -- Up-to-date symlink: /home/gustavo/eufs_sim_teste/install/eufs_msgs/include/eufs_msgs/msg/detail/can_state__type_support.h
[0.774s] -- Up-to-date symlink: /home/gustavo/eufs_sim_teste/install/eufs_msgs/include/eufs_msgs/msg/detail/car_state__functions.h
[0.774s] -- Up-to-date symlink: /home/gustavo/eufs_sim_teste/install/eufs_msgs/include/eufs_msgs/msg/detail/car_state__struct.h
[0.774s] -- Up-to-date symlink: /home/gustavo/eufs_sim_teste/install/eufs_msgs/include/eufs_msgs/msg/detail/car_state__type_support.h
[0.775s] -- Up-to-date symlink: /home/gustavo/eufs_sim_teste/install/eufs_msgs/include/eufs_msgs/msg/detail/chassis_command__functions.h
[0.775s] -- Up-to-date symlink: /home/gustavo/eufs_sim_teste/install/eufs_msgs/include/eufs_msgs/msg/detail/chassis_command__struct.h
[0.775s] -- Up-to-date symlink: /home/gustavo/eufs_sim_teste/install/eufs_msgs/include/eufs_msgs/msg/detail/chassis_command__type_support.h
[0.776s] -- Up-to-date symlink: /home/gustavo/eufs_sim_teste/install/eufs_msgs/include/eufs_msgs/msg/detail/chassis_state__functions.h
[0.776s] -- Up-to-date symlink: /home/gustavo/eufs_sim_teste/install/eufs_msgs/include/eufs_msgs/msg/detail/chassis_state__struct.h
[0.776s] -- Up-to-date symlink: /home/gustavo/eufs_sim_teste/install/eufs_msgs/include/eufs_msgs/msg/detail/chassis_state__type_support.h
[0.776s] -- Up-to-date symlink: /home/gustavo/eufs_sim_teste/install/eufs_msgs/include/eufs_msgs/msg/detail/cone_array__functions.h
[0.776s] -- Up-to-date symlink: /home/gustavo/eufs_sim_teste/install/eufs_msgs/include/eufs_msgs/msg/detail/cone_array__struct.h
[0.777s] -- Up-to-date symlink: /home/gustavo/eufs_sim_teste/install/eufs_msgs/include/eufs_msgs/msg/detail/cone_array__type_support.h
[0.777s] -- Up-to-date symlink: /home/gustavo/eufs_sim_teste/install/eufs_msgs/include/eufs_msgs/msg/detail/cone_array_with_covariance__functions.h
[0.777s] -- Up-to-date symlink: /home/gustavo/eufs_sim_teste/install/eufs_msgs/include/eufs_msgs/msg/detail/cone_array_with_covariance__struct.h
[0.778s] -- Up-to-date symlink: /home/gustavo/eufs_sim_teste/install/eufs_msgs/include/eufs_msgs/msg/detail/cone_array_with_covariance__type_support.h
[0.778s] -- Up-to-date symlink: /home/gustavo/eufs_sim_teste/install/eufs_msgs/include/eufs_msgs/msg/detail/cone_with_covariance__functions.h
[0.778s] -- Up-to-date symlink: /home/gustavo/eufs_sim_teste/install/eufs_msgs/include/eufs_msgs/msg/detail/cone_with_covariance__struct.h
[0.779s] -- Up-to-date symlink: /home/gustavo/eufs_sim_teste/install/eufs_msgs/include/eufs_msgs/msg/detail/cone_with_covariance__type_support.h
[0.779s] -- Up-to-date symlink: /home/gustavo/eufs_sim_teste/install/eufs_msgs/include/eufs_msgs/msg/detail/costmap__functions.h
[0.779s] -- Up-to-date symlink: /home/gustavo/eufs_sim_teste/install/eufs_msgs/include/eufs_msgs/msg/detail/costmap__struct.h
[0.780s] -- Up-to-date symlink: /home/gustavo/eufs_sim_teste/install/eufs_msgs/include/eufs_msgs/msg/detail/costmap__type_support.h
[0.780s] -- Up-to-date symlink: /home/gustavo/eufs_sim_teste/install/eufs_msgs/include/eufs_msgs/msg/detail/ekf_err__functions.h
[0.780s] -- Up-to-date symlink: /home/gustavo/eufs_sim_teste/install/eufs_msgs/include/eufs_msgs/msg/detail/ekf_err__struct.h
[0.780s] -- Up-to-date symlink: /home/gustavo/eufs_sim_teste/install/eufs_msgs/include/eufs_msgs/msg/detail/ekf_err__type_support.h
[0.780s] -- Up-to-date symlink: /home/gustavo/eufs_sim_teste/install/eufs_msgs/include/eufs_msgs/msg/detail/ekf_state__functions.h
[0.781s] -- Up-to-date symlink: /home/gustavo/eufs_sim_teste/install/eufs_msgs/include/eufs_msgs/msg/detail/ekf_state__struct.h
[0.781s] -- Up-to-date symlink: /home/gustavo/eufs_sim_teste/install/eufs_msgs/include/eufs_msgs/msg/detail/ekf_state__type_support.h
[0.781s] -- Up-to-date symlink: /home/gustavo/eufs_sim_teste/install/eufs_msgs/include/eufs_msgs/msg/detail/full_state__functions.h
[0.782s] -- Up-to-date symlink: /home/gustavo/eufs_sim_teste/install/eufs_msgs/include/eufs_msgs/msg/detail/full_state__struct.h
[0.782s] -- Up-to-date symlink: /home/gustavo/eufs_sim_teste/install/eufs_msgs/include/eufs_msgs/msg/detail/full_state__type_support.h
[0.782s] -- Up-to-date symlink: /home/gustavo/eufs_sim_teste/install/eufs_msgs/include/eufs_msgs/msg/detail/heartbeat__functions.h
[0.782s] -- Up-to-date symlink: /home/gustavo/eufs_sim_teste/install/eufs_msgs/include/eufs_msgs/msg/detail/heartbeat__struct.h
[0.783s] -- Up-to-date symlink: /home/gustavo/eufs_sim_teste/install/eufs_msgs/include/eufs_msgs/msg/detail/heartbeat__type_support.h
[0.783s] -- Up-to-date symlink: /home/gustavo/eufs_sim_teste/install/eufs_msgs/include/eufs_msgs/msg/detail/integration_err__functions.h
[0.783s] -- Up-to-date symlink: /home/gustavo/eufs_sim_teste/install/eufs_msgs/include/eufs_msgs/msg/detail/integration_err__struct.h
[0.783s] -- Up-to-date symlink: /home/gustavo/eufs_sim_teste/install/eufs_msgs/include/eufs_msgs/msg/detail/integration_err__type_support.h
[0.784s] -- Up-to-date symlink: /home/gustavo/eufs_sim_teste/install/eufs_msgs/include/eufs_msgs/msg/detail/lap_stats__functions.h
[0.784s] -- Up-to-date symlink: /home/gustavo/eufs_sim_teste/install/eufs_msgs/include/eufs_msgs/msg/detail/lap_stats__struct.h
[0.784s] -- Up-to-date symlink: /home/gustavo/eufs_sim_teste/install/eufs_msgs/include/eufs_msgs/msg/detail/lap_stats__type_support.h
[0.784s] -- Up-to-date symlink: /home/gustavo/eufs_sim_teste/install/eufs_msgs/include/eufs_msgs/msg/detail/node_state__functions.h
[0.785s] -- Up-to-date symlink: /home/gustavo/eufs_sim_teste/install/eufs_msgs/include/eufs_msgs/msg/detail/node_state__struct.h
[0.785s] -- Up-to-date symlink: /home/gustavo/eufs_sim_teste/install/eufs_msgs/include/eufs_msgs/msg/detail/node_state__type_support.h
[0.785s] -- Up-to-date symlink: /home/gustavo/eufs_sim_teste/install/eufs_msgs/include/eufs_msgs/msg/detail/node_state_array__functions.h
[0.786s] -- Up-to-date symlink: /home/gustavo/eufs_sim_teste/install/eufs_msgs/include/eufs_msgs/msg/detail/node_state_array__struct.h
[0.786s] -- Up-to-date symlink: /home/gustavo/eufs_sim_teste/install/eufs_msgs/include/eufs_msgs/msg/detail/node_state_array__type_support.h
[0.786s] -- Up-to-date symlink: /home/gustavo/eufs_sim_teste/install/eufs_msgs/include/eufs_msgs/msg/detail/path_integral_params__functions.h
[0.786s] -- Up-to-date symlink: /home/gustavo/eufs_sim_teste/install/eufs_msgs/include/eufs_msgs/msg/detail/path_integral_params__struct.h
[0.786s] -- Up-to-date symlink: /home/gustavo/eufs_sim_teste/install/eufs_msgs/include/eufs_msgs/msg/detail/path_integral_params__type_support.h
[0.786s] -- Up-to-date symlink: /home/gustavo/eufs_sim_teste/install/eufs_msgs/include/eufs_msgs/msg/detail/path_integral_stats__functions.h
[0.787s] -- Up-to-date symlink: /home/gustavo/eufs_sim_teste/install/eufs_msgs/include/eufs_msgs/msg/detail/path_integral_stats__struct.h
[0.787s] -- Up-to-date symlink: /home/gustavo/eufs_sim_teste/install/eufs_msgs/include/eufs_msgs/msg/detail/path_integral_stats__type_support.h
[0.787s] -- Up-to-date symlink: /home/gustavo/eufs_sim_teste/install/eufs_msgs/include/eufs_msgs/msg/detail/path_integral_status__functions.h
[0.787s] -- Up-to-date symlink: /home/gustavo/eufs_sim_teste/install/eufs_msgs/include/eufs_msgs/msg/detail/path_integral_status__struct.h
[0.788s] -- Up-to-date symlink: /home/gustavo/eufs_sim_teste/install/eufs_msgs/include/eufs_msgs/msg/detail/path_integral_status__type_support.h
[0.788s] -- Up-to-date symlink: /home/gustavo/eufs_sim_teste/install/eufs_msgs/include/eufs_msgs/msg/detail/path_integral_timing__functions.h
[0.788s] -- Up-to-date symlink: /home/gustavo/eufs_sim_teste/install/eufs_msgs/include/eufs_msgs/msg/detail/path_integral_timing__struct.h
[0.789s] -- Up-to-date symlink: /home/gustavo/eufs_sim_teste/install/eufs_msgs/include/eufs_msgs/msg/detail/path_integral_timing__type_support.h
[0.789s] -- Up-to-date symlink: /home/gustavo/eufs_sim_teste/install/eufs_msgs/include/eufs_msgs/msg/detail/point_array__functions.h
[0.789s] -- Up-to-date symlink: /home/gustavo/eufs_sim_teste/install/eufs_msgs/include/eufs_msgs/msg/detail/point_array__struct.h
[0.789s] -- Up-to-date symlink: /home/gustavo/eufs_sim_teste/install/eufs_msgs/include/eufs_msgs/msg/detail/point_array__type_support.h
[0.789s] -- Up-to-date symlink: /home/gustavo/eufs_sim_teste/install/eufs_msgs/include/eufs_msgs/msg/detail/point_array_stamped__functions.h
[0.790s] -- Up-to-date symlink: /home/gustavo/eufs_sim_teste/install/eufs_msgs/include/eufs_msgs/msg/detail/point_array_stamped__struct.h
[0.790s] -- Up-to-date symlink: /home/gustavo/eufs_sim_teste/install/eufs_msgs/include/eufs_msgs/msg/detail/point_array_stamped__type_support.h
[0.790s] -- Up-to-date symlink: /home/gustavo/eufs_sim_teste/install/eufs_msgs/include/eufs_msgs/msg/detail/runstop__functions.h
[0.790s] -- Up-to-date symlink: /home/gustavo/eufs_sim_teste/install/eufs_msgs/include/eufs_msgs/msg/detail/runstop__struct.h
[0.791s] -- Up-to-date symlink: /home/gustavo/eufs_sim_teste/install/eufs_msgs/include/eufs_msgs/msg/detail/runstop__type_support.h
[0.791s] -- Up-to-date symlink: /home/gustavo/eufs_sim_teste/install/eufs_msgs/include/eufs_msgs/msg/detail/slam_err__functions.h
[0.792s] -- Up-to-date symlink: /home/gustavo/eufs_sim_teste/install/eufs_msgs/include/eufs_msgs/msg/detail/slam_err__struct.h
[0.792s] -- Up-to-date symlink: /home/gustavo/eufs_sim_teste/install/eufs_msgs/include/eufs_msgs/msg/detail/slam_err__type_support.h
[0.792s] -- Up-to-date symlink: /home/gustavo/eufs_sim_teste/install/eufs_msgs/include/eufs_msgs/msg/detail/slam_state__functions.h
[0.792s] -- Up-to-date symlink: /home/gustavo/eufs_sim_teste/install/eufs_msgs/include/eufs_msgs/msg/detail/slam_state__struct.h
[0.793s] -- Up-to-date symlink: /home/gustavo/eufs_sim_teste/install/eufs_msgs/include/eufs_msgs/msg/detail/slam_state__type_support.h
[0.793s] -- Up-to-date symlink: /home/gustavo/eufs_sim_teste/install/eufs_msgs/include/eufs_msgs/msg/detail/state_machine_state__functions.h
[0.793s] -- Up-to-date symlink: /home/gustavo/eufs_sim_teste/install/eufs_msgs/include/eufs_msgs/msg/detail/state_machine_state__struct.h
[0.794s] -- Up-to-date symlink: /home/gustavo/eufs_sim_teste/install/eufs_msgs/include/eufs_msgs/msg/detail/state_machine_state__type_support.h
[0.794s] -- Up-to-date symlink: /home/gustavo/eufs_sim_teste/install/eufs_msgs/include/eufs_msgs/msg/detail/system_status__functions.h
[0.794s] -- Up-to-date symlink: /home/gustavo/eufs_sim_teste/install/eufs_msgs/include/eufs_msgs/msg/detail/system_status__struct.h
[0.795s] -- Up-to-date symlink: /home/gustavo/eufs_sim_teste/install/eufs_msgs/include/eufs_msgs/msg/detail/system_status__type_support.h
[0.795s] -- Up-to-date symlink: /home/gustavo/eufs_sim_teste/install/eufs_msgs/include/eufs_msgs/msg/detail/topic_status__functions.h
[0.795s] -- Up-to-date symlink: /home/gustavo/eufs_sim_teste/install/eufs_msgs/include/eufs_msgs/msg/detail/topic_status__struct.h
[0.795s] -- Up-to-date symlink: /home/gustavo/eufs_sim_teste/install/eufs_msgs/include/eufs_msgs/msg/detail/topic_status__type_support.h
[0.795s] -- Up-to-date symlink: /home/gustavo/eufs_sim_teste/install/eufs_msgs/include/eufs_msgs/msg/detail/vehicle_commands__functions.h
[0.796s] -- Up-to-date symlink: /home/gustavo/eufs_sim_teste/install/eufs_msgs/include/eufs_msgs/msg/detail/vehicle_commands__struct.h
[0.796s] -- Up-to-date symlink: /home/gustavo/eufs_sim_teste/install/eufs_msgs/include/eufs_msgs/msg/detail/vehicle_commands__type_support.h
[0.796s] -- Up-to-date symlink: /home/gustavo/eufs_sim_teste/install/eufs_msgs/include/eufs_msgs/msg/detail/vehicle_commands_stamped__functions.h
[0.796s] -- Up-to-date symlink: /home/gustavo/eufs_sim_teste/install/eufs_msgs/include/eufs_msgs/msg/detail/vehicle_commands_stamped__struct.h
[0.796s] -- Up-to-date symlink: /home/gustavo/eufs_sim_teste/install/eufs_msgs/include/eufs_msgs/msg/detail/vehicle_commands_stamped__type_support.h
[0.796s] -- Up-to-date symlink: /home/gustavo/eufs_sim_teste/install/eufs_msgs/include/eufs_msgs/msg/detail/waypoint__functions.h
[0.797s] -- Up-to-date symlink: /home/gustavo/eufs_sim_teste/install/eufs_msgs/include/eufs_msgs/msg/detail/waypoint__struct.h
[0.797s] -- Up-to-date symlink: /home/gustavo/eufs_sim_teste/install/eufs_msgs/include/eufs_msgs/msg/detail/waypoint__type_support.h
[0.797s] -- Up-to-date symlink: /home/gustavo/eufs_sim_teste/install/eufs_msgs/include/eufs_msgs/msg/detail/waypoint_array_stamped__functions.h
[0.798s] -- Up-to-date symlink: /home/gustavo/eufs_sim_teste/install/eufs_msgs/include/eufs_msgs/msg/detail/waypoint_array_stamped__struct.h
[0.798s] -- Up-to-date symlink: /home/gustavo/eufs_sim_teste/install/eufs_msgs/include/eufs_msgs/msg/detail/waypoint_array_stamped__type_support.h
[0.798s] -- Up-to-date symlink: /home/gustavo/eufs_sim_teste/install/eufs_msgs/include/eufs_msgs/msg/detail/wheel_odometry_err__functions.h
[0.798s] -- Up-to-date symlink: /home/gustavo/eufs_sim_teste/install/eufs_msgs/include/eufs_msgs/msg/detail/wheel_odometry_err__struct.h
[0.798s] -- Up-to-date symlink: /home/gustavo/eufs_sim_teste/install/eufs_msgs/include/eufs_msgs/msg/detail/wheel_odometry_err__type_support.h
[0.799s] -- Up-to-date symlink: /home/gustavo/eufs_sim_teste/install/eufs_msgs/include/eufs_msgs/msg/detail/wheel_speeds__functions.h
[0.799s] -- Up-to-date symlink: /home/gustavo/eufs_sim_teste/install/eufs_msgs/include/eufs_msgs/msg/detail/wheel_speeds__struct.h
[0.799s] -- Up-to-date symlink: /home/gustavo/eufs_sim_teste/install/eufs_msgs/include/eufs_msgs/msg/detail/wheel_speeds__type_support.h
[0.800s] -- Up-to-date symlink: /home/gustavo/eufs_sim_teste/install/eufs_msgs/include/eufs_msgs/msg/detail/wheel_speeds_stamped__functions.h
[0.800s] -- Up-to-date symlink: /home/gustavo/eufs_sim_teste/install/eufs_msgs/include/eufs_msgs/msg/detail/wheel_speeds_stamped__struct.h
[0.800s] -- Up-to-date symlink: /home/gustavo/eufs_sim_teste/install/eufs_msgs/include/eufs_msgs/msg/detail/wheel_speeds_stamped__type_support.h
[0.800s] -- Up-to-date symlink: /home/gustavo/eufs_sim_teste/install/eufs_msgs/include/eufs_msgs/msg/ekf_err.h
[0.801s] -- Up-to-date symlink: /home/gustavo/eufs_sim_teste/install/eufs_msgs/include/eufs_msgs/msg/ekf_state.h
[0.801s] -- Up-to-date symlink: /home/gustavo/eufs_sim_teste/install/eufs_msgs/include/eufs_msgs/msg/full_state.h
[0.801s] -- Up-to-date symlink: /home/gustavo/eufs_sim_teste/install/eufs_msgs/include/eufs_msgs/msg/heartbeat.h
[0.802s] -- Up-to-date symlink: /home/gustavo/eufs_sim_teste/install/eufs_msgs/include/eufs_msgs/msg/integration_err.h
[0.802s] -- Up-to-date symlink: /home/gustavo/eufs_sim_teste/install/eufs_msgs/include/eufs_msgs/msg/lap_stats.h
[0.802s] -- Up-to-date symlink: /home/gustavo/eufs_sim_teste/install/eufs_msgs/include/eufs_msgs/msg/node_state.h
[0.802s] -- Up-to-date symlink: /home/gustavo/eufs_sim_teste/install/eufs_msgs/include/eufs_msgs/msg/node_state_array.h
[0.803s] -- Up-to-date symlink: /home/gustavo/eufs_sim_teste/install/eufs_msgs/include/eufs_msgs/msg/path_integral_params.h
[0.803s] -- Up-to-date symlink: /home/gustavo/eufs_sim_teste/install/eufs_msgs/include/eufs_msgs/msg/path_integral_stats.h
[0.803s] -- Up-to-date symlink: /home/gustavo/eufs_sim_teste/install/eufs_msgs/include/eufs_msgs/msg/path_integral_status.h
[0.803s] -- Up-to-date symlink: /home/gustavo/eufs_sim_teste/install/eufs_msgs/include/eufs_msgs/msg/path_integral_timing.h
[0.804s] -- Up-to-date symlink: /home/gustavo/eufs_sim_teste/install/eufs_msgs/include/eufs_msgs/msg/point_array.h
[0.804s] -- Up-to-date symlink: /home/gustavo/eufs_sim_teste/install/eufs_msgs/include/eufs_msgs/msg/point_array_stamped.h
[0.804s] -- Up-to-date symlink: /home/gustavo/eufs_sim_teste/install/eufs_msgs/include/eufs_msgs/msg/rosidl_generator_c__visibility_control.h
[0.805s] -- Up-to-date symlink: /home/gustavo/eufs_sim_teste/install/eufs_msgs/include/eufs_msgs/msg/runstop.h
[0.805s] -- Up-to-date symlink: /home/gustavo/eufs_sim_teste/install/eufs_msgs/include/eufs_msgs/msg/slam_err.h
[0.806s] -- Up-to-date symlink: /home/gustavo/eufs_sim_teste/install/eufs_msgs/include/eufs_msgs/msg/slam_state.h
[0.806s] -- Up-to-date symlink: /home/gustavo/eufs_sim_teste/install/eufs_msgs/include/eufs_msgs/msg/state_machine_state.h
[0.806s] -- Up-to-date symlink: /home/gustavo/eufs_sim_teste/install/eufs_msgs/include/eufs_msgs/msg/system_status.h
[0.807s] -- Up-to-date symlink: /home/gustavo/eufs_sim_teste/install/eufs_msgs/include/eufs_msgs/msg/topic_status.h
[0.807s] -- Up-to-date symlink: /home/gustavo/eufs_sim_teste/install/eufs_msgs/include/eufs_msgs/msg/vehicle_commands.h
[0.807s] -- Up-to-date symlink: /home/gustavo/eufs_sim_teste/install/eufs_msgs/include/eufs_msgs/msg/vehicle_commands_stamped.h
[0.807s] -- Up-to-date symlink: /home/gustavo/eufs_sim_teste/install/eufs_msgs/include/eufs_msgs/msg/waypoint.h
[0.807s] -- Up-to-date symlink: /home/gustavo/eufs_sim_teste/install/eufs_msgs/include/eufs_msgs/msg/waypoint_array_stamped.h
[0.808s] -- Up-to-date symlink: /home/gustavo/eufs_sim_teste/install/eufs_msgs/include/eufs_msgs/msg/wheel_odometry_err.h
[0.808s] -- Up-to-date symlink: /home/gustavo/eufs_sim_teste/install/eufs_msgs/include/eufs_msgs/msg/wheel_speeds.h
[0.808s] -- Up-to-date symlink: /home/gustavo/eufs_sim_teste/install/eufs_msgs/include/eufs_msgs/msg/wheel_speeds_stamped.h
[0.809s] -- Up-to-date symlink: /home/gustavo/eufs_sim_teste/install/eufs_msgs/include/eufs_msgs/srv/detail/register__functions.h
[0.809s] -- Up-to-date symlink: /home/gustavo/eufs_sim_teste/install/eufs_msgs/include/eufs_msgs/srv/detail/register__struct.h
[0.809s] -- Up-to-date symlink: /home/gustavo/eufs_sim_teste/install/eufs_msgs/include/eufs_msgs/srv/detail/register__type_support.h
[0.809s] -- Up-to-date symlink: /home/gustavo/eufs_sim_teste/install/eufs_msgs/include/eufs_msgs/srv/detail/set_can_state__functions.h
[0.809s] -- Up-to-date symlink: /home/gustavo/eufs_sim_teste/install/eufs_msgs/include/eufs_msgs/srv/detail/set_can_state__struct.h
[0.810s] -- Up-to-date symlink: /home/gustavo/eufs_sim_teste/install/eufs_msgs/include/eufs_msgs/srv/detail/set_can_state__type_support.h
[0.810s] -- Up-to-date symlink: /home/gustavo/eufs_sim_teste/install/eufs_msgs/include/eufs_msgs/srv/register.h
[0.810s] -- Up-to-date symlink: /home/gustavo/eufs_sim_teste/install/eufs_msgs/include/eufs_msgs/srv/set_can_state.h
[0.811s] -- Up-to-date symlink: /home/gustavo/eufs_sim_teste/install/eufs_msgs/share/eufs_msgs/environment/library_path.sh
[0.811s] -- Up-to-date symlink: /home/gustavo/eufs_sim_teste/install/eufs_msgs/share/eufs_msgs/environment/library_path.dsv
[0.814s] -- Up-to-date symlink: /home/gustavo/eufs_sim_teste/install/eufs_msgs/include/eufs_msgs/action/detail/check_for_objects__rosidl_typesupport_fastrtps_c.h
[0.814s] -- Up-to-date symlink: /home/gustavo/eufs_sim_teste/install/eufs_msgs/include/eufs_msgs/msg/detail/bounding_box__rosidl_typesupport_fastrtps_c.h
[0.815s] -- Up-to-date symlink: /home/gustavo/eufs_sim_teste/install/eufs_msgs/include/eufs_msgs/msg/detail/bounding_boxes__rosidl_typesupport_fastrtps_c.h
[0.815s] -- Up-to-date symlink: /home/gustavo/eufs_sim_teste/install/eufs_msgs/include/eufs_msgs/msg/detail/can_state__rosidl_typesupport_fastrtps_c.h
[0.815s] -- Up-to-date symlink: /home/gustavo/eufs_sim_teste/install/eufs_msgs/include/eufs_msgs/msg/detail/car_state__rosidl_typesupport_fastrtps_c.h
[0.815s] -- Up-to-date symlink: /home/gustavo/eufs_sim_teste/install/eufs_msgs/include/eufs_msgs/msg/detail/chassis_command__rosidl_typesupport_fastrtps_c.h
[0.816s] -- Up-to-date symlink: /home/gustavo/eufs_sim_teste/install/eufs_msgs/include/eufs_msgs/msg/detail/chassis_state__rosidl_typesupport_fastrtps_c.h
[0.816s] -- Up-to-date symlink: /home/gustavo/eufs_sim_teste/install/eufs_msgs/include/eufs_msgs/msg/detail/cone_array__rosidl_typesupport_fastrtps_c.h
[0.816s] -- Up-to-date symlink: /home/gustavo/eufs_sim_teste/install/eufs_msgs/include/eufs_msgs/msg/detail/cone_array_with_covariance__rosidl_typesupport_fastrtps_c.h
[0.816s] -- Up-to-date symlink: /home/gustavo/eufs_sim_teste/install/eufs_msgs/include/eufs_msgs/msg/detail/cone_with_covariance__rosidl_typesupport_fastrtps_c.h
[0.817s] -- Up-to-date symlink: /home/gustavo/eufs_sim_teste/install/eufs_msgs/include/eufs_msgs/msg/detail/costmap__rosidl_typesupport_fastrtps_c.h
[0.817s] -- Up-to-date symlink: /home/gustavo/eufs_sim_teste/install/eufs_msgs/include/eufs_msgs/msg/detail/ekf_err__rosidl_typesupport_fastrtps_c.h
[0.817s] -- Up-to-date symlink: /home/gustavo/eufs_sim_teste/install/eufs_msgs/include/eufs_msgs/msg/detail/ekf_state__rosidl_typesupport_fastrtps_c.h
[0.818s] -- Up-to-date symlink: /home/gustavo/eufs_sim_teste/install/eufs_msgs/include/eufs_msgs/msg/detail/full_state__rosidl_typesupport_fastrtps_c.h
[0.818s] -- Up-to-date symlink: /home/gustavo/eufs_sim_teste/install/eufs_msgs/include/eufs_msgs/msg/detail/heartbeat__rosidl_typesupport_fastrtps_c.h
[0.818s] -- Up-to-date symlink: /home/gustavo/eufs_sim_teste/install/eufs_msgs/include/eufs_msgs/msg/detail/integration_err__rosidl_typesupport_fastrtps_c.h
[0.818s] -- Up-to-date symlink: /home/gustavo/eufs_sim_teste/install/eufs_msgs/include/eufs_msgs/msg/detail/lap_stats__rosidl_typesupport_fastrtps_c.h
[0.818s] -- Up-to-date symlink: /home/gustavo/eufs_sim_teste/install/eufs_msgs/include/eufs_msgs/msg/detail/node_state__rosidl_typesupport_fastrtps_c.h
[0.819s] -- Up-to-date symlink: /home/gustavo/eufs_sim_teste/install/eufs_msgs/include/eufs_msgs/msg/detail/node_state_array__rosidl_typesupport_fastrtps_c.h
[0.819s] -- Up-to-date symlink: /home/gustavo/eufs_sim_teste/install/eufs_msgs/include/eufs_msgs/msg/detail/path_integral_params__rosidl_typesupport_fastrtps_c.h
[0.819s] -- Up-to-date symlink: /home/gustavo/eufs_sim_teste/install/eufs_msgs/include/eufs_msgs/msg/detail/path_integral_stats__rosidl_typesupport_fastrtps_c.h
[0.819s] -- Up-to-date symlink: /home/gustavo/eufs_sim_teste/install/eufs_msgs/include/eufs_msgs/msg/detail/path_integral_status__rosidl_typesupport_fastrtps_c.h
[0.819s] -- Up-to-date symlink: /home/gustavo/eufs_sim_teste/install/eufs_msgs/include/eufs_msgs/msg/detail/path_integral_timing__rosidl_typesupport_fastrtps_c.h
[0.820s] -- Up-to-date symlink: /home/gustavo/eufs_sim_teste/install/eufs_msgs/include/eufs_msgs/msg/detail/point_array__rosidl_typesupport_fastrtps_c.h
[0.820s] -- Up-to-date symlink: /home/gustavo/eufs_sim_teste/install/eufs_msgs/include/eufs_msgs/msg/detail/point_array_stamped__rosidl_typesupport_fastrtps_c.h
[0.821s] -- Up-to-date symlink: /home/gustavo/eufs_sim_teste/install/eufs_msgs/include/eufs_msgs/msg/detail/runstop__rosidl_typesupport_fastrtps_c.h
[0.821s] -- Up-to-date symlink: /home/gustavo/eufs_sim_teste/install/eufs_msgs/include/eufs_msgs/msg/detail/slam_err__rosidl_typesupport_fastrtps_c.h
[0.821s] -- Up-to-date symlink: /home/gustavo/eufs_sim_teste/install/eufs_msgs/include/eufs_msgs/msg/detail/slam_state__rosidl_typesupport_fastrtps_c.h
[0.822s] -- Up-to-date symlink: /home/gustavo/eufs_sim_teste/install/eufs_msgs/include/eufs_msgs/msg/detail/state_machine_state__rosidl_typesupport_fastrtps_c.h
[0.822s] -- Up-to-date symlink: /home/gustavo/eufs_sim_teste/install/eufs_msgs/include/eufs_msgs/msg/detail/system_status__rosidl_typesupport_fastrtps_c.h
[0.822s] -- Up-to-date symlink: /home/gustavo/eufs_sim_teste/install/eufs_msgs/include/eufs_msgs/msg/detail/topic_status__rosidl_typesupport_fastrtps_c.h
[0.822s] -- Up-to-date symlink: /home/gustavo/eufs_sim_teste/install/eufs_msgs/include/eufs_msgs/msg/detail/vehicle_commands__rosidl_typesupport_fastrtps_c.h
[0.823s] -- Up-to-date symlink: /home/gustavo/eufs_sim_teste/install/eufs_msgs/include/eufs_msgs/msg/detail/vehicle_commands_stamped__rosidl_typesupport_fastrtps_c.h
[0.823s] -- Up-to-date symlink: /home/gustavo/eufs_sim_teste/install/eufs_msgs/include/eufs_msgs/msg/detail/waypoint__rosidl_typesupport_fastrtps_c.h
[0.823s] -- Up-to-date symlink: /home/gustavo/eufs_sim_teste/install/eufs_msgs/include/eufs_msgs/msg/detail/waypoint_array_stamped__rosidl_typesupport_fastrtps_c.h
[0.823s] -- Up-to-date symlink: /home/gustavo/eufs_sim_teste/install/eufs_msgs/include/eufs_msgs/msg/detail/wheel_odometry_err__rosidl_typesupport_fastrtps_c.h
[0.824s] -- Up-to-date symlink: /home/gustavo/eufs_sim_teste/install/eufs_msgs/include/eufs_msgs/msg/detail/wheel_speeds__rosidl_typesupport_fastrtps_c.h
[0.824s] -- Up-to-date symlink: /home/gustavo/eufs_sim_teste/install/eufs_msgs/include/eufs_msgs/msg/detail/wheel_speeds_stamped__rosidl_typesupport_fastrtps_c.h
[0.824s] -- Up-to-date symlink: /home/gustavo/eufs_sim_teste/install/eufs_msgs/include/eufs_msgs/msg/rosidl_typesupport_fastrtps_c__visibility_control.h
[0.825s] -- Up-to-date symlink: /home/gustavo/eufs_sim_teste/install/eufs_msgs/include/eufs_msgs/srv/detail/register__rosidl_typesupport_fastrtps_c.h
[0.825s] -- Up-to-date symlink: /home/gustavo/eufs_sim_teste/install/eufs_msgs/include/eufs_msgs/srv/detail/set_can_state__rosidl_typesupport_fastrtps_c.h
[0.826s] -- Up-to-date symlink: /home/gustavo/eufs_sim_teste/install/eufs_msgs/lib/libeufs_msgs__rosidl_typesupport_fastrtps_c.so
[0.828s] -- Up-to-date symlink: /home/gustavo/eufs_sim_teste/install/eufs_msgs/include/eufs_msgs/action/detail/check_for_objects__rosidl_typesupport_fastrtps_cpp.hpp
[0.829s] -- Up-to-date symlink: /home/gustavo/eufs_sim_teste/install/eufs_msgs/include/eufs_msgs/msg/detail/bounding_box__rosidl_typesupport_fastrtps_cpp.hpp
[0.829s] -- Up-to-date symlink: /home/gustavo/eufs_sim_teste/install/eufs_msgs/include/eufs_msgs/msg/detail/bounding_boxes__rosidl_typesupport_fastrtps_cpp.hpp
[0.829s] -- Up-to-date symlink: /home/gustavo/eufs_sim_teste/install/eufs_msgs/include/eufs_msgs/msg/detail/can_state__rosidl_typesupport_fastrtps_cpp.hpp
[0.829s] -- Up-to-date symlink: /home/gustavo/eufs_sim_teste/install/eufs_msgs/include/eufs_msgs/msg/detail/car_state__rosidl_typesupport_fastrtps_cpp.hpp
[0.830s] -- Up-to-date symlink: /home/gustavo/eufs_sim_teste/install/eufs_msgs/include/eufs_msgs/msg/detail/chassis_command__rosidl_typesupport_fastrtps_cpp.hpp
[0.830s] -- Up-to-date symlink: /home/gustavo/eufs_sim_teste/install/eufs_msgs/include/eufs_msgs/msg/detail/chassis_state__rosidl_typesupport_fastrtps_cpp.hpp
[0.831s] -- Up-to-date symlink: /home/gustavo/eufs_sim_teste/install/eufs_msgs/include/eufs_msgs/msg/detail/cone_array__rosidl_typesupport_fastrtps_cpp.hpp
[0.831s] -- Up-to-date symlink: /home/gustavo/eufs_sim_teste/install/eufs_msgs/include/eufs_msgs/msg/detail/cone_array_with_covariance__rosidl_typesupport_fastrtps_cpp.hpp
[0.831s] -- Up-to-date symlink: /home/gustavo/eufs_sim_teste/install/eufs_msgs/include/eufs_msgs/msg/detail/cone_with_covariance__rosidl_typesupport_fastrtps_cpp.hpp
[0.832s] -- Up-to-date symlink: /home/gustavo/eufs_sim_teste/install/eufs_msgs/include/eufs_msgs/msg/detail/costmap__rosidl_typesupport_fastrtps_cpp.hpp
[0.832s] -- Up-to-date symlink: /home/gustavo/eufs_sim_teste/install/eufs_msgs/include/eufs_msgs/msg/detail/ekf_err__rosidl_typesupport_fastrtps_cpp.hpp
[0.832s] -- Up-to-date symlink: /home/gustavo/eufs_sim_teste/install/eufs_msgs/include/eufs_msgs/msg/detail/ekf_state__rosidl_typesupport_fastrtps_cpp.hpp
[0.833s] -- Up-to-date symlink: /home/gustavo/eufs_sim_teste/install/eufs_msgs/include/eufs_msgs/msg/detail/full_state__rosidl_typesupport_fastrtps_cpp.hpp
[0.833s] -- Up-to-date symlink: /home/gustavo/eufs_sim_teste/install/eufs_msgs/include/eufs_msgs/msg/detail/heartbeat__rosidl_typesupport_fastrtps_cpp.hpp
[0.834s] -- Up-to-date symlink: /home/gustavo/eufs_sim_teste/install/eufs_msgs/include/eufs_msgs/msg/detail/integration_err__rosidl_typesupport_fastrtps_cpp.hpp
[0.834s] -- Up-to-date symlink: /home/gustavo/eufs_sim_teste/install/eufs_msgs/include/eufs_msgs/msg/detail/lap_stats__rosidl_typesupport_fastrtps_cpp.hpp
[0.834s] -- Up-to-date symlink: /home/gustavo/eufs_sim_teste/install/eufs_msgs/include/eufs_msgs/msg/detail/node_state__rosidl_typesupport_fastrtps_cpp.hpp
[0.834s] -- Up-to-date symlink: /home/gustavo/eufs_sim_teste/install/eufs_msgs/include/eufs_msgs/msg/detail/node_state_array__rosidl_typesupport_fastrtps_cpp.hpp
[0.834s] -- Up-to-date symlink: /home/gustavo/eufs_sim_teste/install/eufs_msgs/include/eufs_msgs/msg/detail/path_integral_params__rosidl_typesupport_fastrtps_cpp.hpp
[0.835s] -- Up-to-date symlink: /home/gustavo/eufs_sim_teste/install/eufs_msgs/include/eufs_msgs/msg/detail/path_integral_stats__rosidl_typesupport_fastrtps_cpp.hpp
[0.835s] -- Up-to-date symlink: /home/gustavo/eufs_sim_teste/install/eufs_msgs/include/eufs_msgs/msg/detail/path_integral_status__rosidl_typesupport_fastrtps_cpp.hpp
[0.835s] -- Up-to-date symlink: /home/gustavo/eufs_sim_teste/install/eufs_msgs/include/eufs_msgs/msg/detail/path_integral_timing__rosidl_typesupport_fastrtps_cpp.hpp
[0.835s] -- Up-to-date symlink: /home/gustavo/eufs_sim_teste/install/eufs_msgs/include/eufs_msgs/msg/detail/point_array__rosidl_typesupport_fastrtps_cpp.hpp
[0.835s] -- Up-to-date symlink: /home/gustavo/eufs_sim_teste/install/eufs_msgs/include/eufs_msgs/msg/detail/point_array_stamped__rosidl_typesupport_fastrtps_cpp.hpp
[0.836s] -- Up-to-date symlink: /home/gustavo/eufs_sim_teste/install/eufs_msgs/include/eufs_msgs/msg/detail/runstop__rosidl_typesupport_fastrtps_cpp.hpp
[0.836s] -- Up-to-date symlink: /home/gustavo/eufs_sim_teste/install/eufs_msgs/include/eufs_msgs/msg/detail/slam_err__rosidl_typesupport_fastrtps_cpp.hpp
[0.836s] -- Up-to-date symlink: /home/gustavo/eufs_sim_teste/install/eufs_msgs/include/eufs_msgs/msg/detail/slam_state__rosidl_typesupport_fastrtps_cpp.hpp
[0.836s] -- Up-to-date symlink: /home/gustavo/eufs_sim_teste/install/eufs_msgs/include/eufs_msgs/msg/detail/state_machine_state__rosidl_typesupport_fastrtps_cpp.hpp
[0.837s] -- Up-to-date symlink: /home/gustavo/eufs_sim_teste/install/eufs_msgs/include/eufs_msgs/msg/detail/system_status__rosidl_typesupport_fastrtps_cpp.hpp
[0.837s] -- Up-to-date symlink: /home/gustavo/eufs_sim_teste/install/eufs_msgs/include/eufs_msgs/msg/detail/topic_status__rosidl_typesupport_fastrtps_cpp.hpp
[0.837s] -- Up-to-date symlink: /home/gustavo/eufs_sim_teste/install/eufs_msgs/include/eufs_msgs/msg/detail/vehicle_commands__rosidl_typesupport_fastrtps_cpp.hpp
[0.837s] -- Up-to-date symlink: /home/gustavo/eufs_sim_teste/install/eufs_msgs/include/eufs_msgs/msg/detail/vehicle_commands_stamped__rosidl_typesupport_fastrtps_cpp.hpp
[0.837s] -- Up-to-date symlink: /home/gustavo/eufs_sim_teste/install/eufs_msgs/include/eufs_msgs/msg/detail/waypoint__rosidl_typesupport_fastrtps_cpp.hpp
[0.838s] -- Up-to-date symlink: /home/gustavo/eufs_sim_teste/install/eufs_msgs/include/eufs_msgs/msg/detail/waypoint_array_stamped__rosidl_typesupport_fastrtps_cpp.hpp
[0.838s] -- Up-to-date symlink: /home/gustavo/eufs_sim_teste/install/eufs_msgs/include/eufs_msgs/msg/detail/wheel_odometry_err__rosidl_typesupport_fastrtps_cpp.hpp
[0.838s] -- Up-to-date symlink: /home/gustavo/eufs_sim_teste/install/eufs_msgs/include/eufs_msgs/msg/detail/wheel_speeds__rosidl_typesupport_fastrtps_cpp.hpp
[0.838s] -- Up-to-date symlink: /home/gustavo/eufs_sim_teste/install/eufs_msgs/include/eufs_msgs/msg/detail/wheel_speeds_stamped__rosidl_typesupport_fastrtps_cpp.hpp
[0.839s] -- Up-to-date symlink: /home/gustavo/eufs_sim_teste/install/eufs_msgs/include/eufs_msgs/msg/rosidl_typesupport_fastrtps_cpp__visibility_control.h
[0.839s] -- Up-to-date symlink: /home/gustavo/eufs_sim_teste/install/eufs_msgs/include/eufs_msgs/srv/detail/register__rosidl_typesupport_fastrtps_cpp.hpp
[0.839s] -- Up-to-date symlink: /home/gustavo/eufs_sim_teste/install/eufs_msgs/include/eufs_msgs/srv/detail/set_can_state__rosidl_typesupport_fastrtps_cpp.hpp
[0.840s] -- Up-to-date symlink: /home/gustavo/eufs_sim_teste/install/eufs_msgs/lib/libeufs_msgs__rosidl_typesupport_fastrtps_cpp.so
[0.841s] -- Up-to-date symlink: /home/gustavo/eufs_sim_teste/install/eufs_msgs/include/eufs_msgs/action/detail/check_for_objects__rosidl_typesupport_introspection_c.h
[0.841s] -- Up-to-date symlink: /home/gustavo/eufs_sim_teste/install/eufs_msgs/include/eufs_msgs/msg/detail/bounding_box__rosidl_typesupport_introspection_c.h
[0.842s] -- Up-to-date symlink: /home/gustavo/eufs_sim_teste/install/eufs_msgs/include/eufs_msgs/msg/detail/bounding_boxes__rosidl_typesupport_introspection_c.h
[0.842s] -- Up-to-date symlink: /home/gustavo/eufs_sim_teste/install/eufs_msgs/include/eufs_msgs/msg/detail/can_state__rosidl_typesupport_introspection_c.h
[0.842s] -- Up-to-date symlink: /home/gustavo/eufs_sim_teste/install/eufs_msgs/include/eufs_msgs/msg/detail/car_state__rosidl_typesupport_introspection_c.h
[0.843s] -- Up-to-date symlink: /home/gustavo/eufs_sim_teste/install/eufs_msgs/include/eufs_msgs/msg/detail/chassis_command__rosidl_typesupport_introspection_c.h
[0.843s] -- Up-to-date symlink: /home/gustavo/eufs_sim_teste/install/eufs_msgs/include/eufs_msgs/msg/detail/chassis_state__rosidl_typesupport_introspection_c.h
[0.843s] -- Up-to-date symlink: /home/gustavo/eufs_sim_teste/install/eufs_msgs/include/eufs_msgs/msg/detail/cone_array__rosidl_typesupport_introspection_c.h
[0.843s] -- Up-to-date symlink: /home/gustavo/eufs_sim_teste/install/eufs_msgs/include/eufs_msgs/msg/detail/cone_array_with_covariance__rosidl_typesupport_introspection_c.h
[0.844s] -- Up-to-date symlink: /home/gustavo/eufs_sim_teste/install/eufs_msgs/include/eufs_msgs/msg/detail/cone_with_covariance__rosidl_typesupport_introspection_c.h
[0.844s] -- Up-to-date symlink: /home/gustavo/eufs_sim_teste/install/eufs_msgs/include/eufs_msgs/msg/detail/costmap__rosidl_typesupport_introspection_c.h
[0.844s] -- Up-to-date symlink: /home/gustavo/eufs_sim_teste/install/eufs_msgs/include/eufs_msgs/msg/detail/ekf_err__rosidl_typesupport_introspection_c.h
[0.845s] -- Up-to-date symlink: /home/gustavo/eufs_sim_teste/install/eufs_msgs/include/eufs_msgs/msg/detail/ekf_state__rosidl_typesupport_introspection_c.h
[0.845s] -- Up-to-date symlink: /home/gustavo/eufs_sim_teste/install/eufs_msgs/include/eufs_msgs/msg/detail/full_state__rosidl_typesupport_introspection_c.h
[0.845s] -- Up-to-date symlink: /home/gustavo/eufs_sim_teste/install/eufs_msgs/include/eufs_msgs/msg/detail/heartbeat__rosidl_typesupport_introspection_c.h
[0.845s] -- Up-to-date symlink: /home/gustavo/eufs_sim_teste/install/eufs_msgs/include/eufs_msgs/msg/detail/integration_err__rosidl_typesupport_introspection_c.h
[0.846s] -- Up-to-date symlink: /home/gustavo/eufs_sim_teste/install/eufs_msgs/include/eufs_msgs/msg/detail/lap_stats__rosidl_typesupport_introspection_c.h
[0.846s] -- Up-to-date symlink: /home/gustavo/eufs_sim_teste/install/eufs_msgs/include/eufs_msgs/msg/detail/node_state__rosidl_typesupport_introspection_c.h
[0.846s] -- Up-to-date symlink: /home/gustavo/eufs_sim_teste/install/eufs_msgs/include/eufs_msgs/msg/detail/node_state_array__rosidl_typesupport_introspection_c.h
[0.846s] -- Up-to-date symlink: /home/gustavo/eufs_sim_teste/install/eufs_msgs/include/eufs_msgs/msg/detail/path_integral_params__rosidl_typesupport_introspection_c.h
[0.847s] -- Up-to-date symlink: /home/gustavo/eufs_sim_teste/install/eufs_msgs/include/eufs_msgs/msg/detail/path_integral_stats__rosidl_typesupport_introspection_c.h
[0.847s] -- Up-to-date symlink: /home/gustavo/eufs_sim_teste/install/eufs_msgs/include/eufs_msgs/msg/detail/path_integral_status__rosidl_typesupport_introspection_c.h
[0.847s] -- Up-to-date symlink: /home/gustavo/eufs_sim_teste/install/eufs_msgs/include/eufs_msgs/msg/detail/path_integral_timing__rosidl_typesupport_introspection_c.h
[0.847s] -- Up-to-date symlink: /home/gustavo/eufs_sim_teste/install/eufs_msgs/include/eufs_msgs/msg/detail/point_array__rosidl_typesupport_introspection_c.h
[0.847s] -- Up-to-date symlink: /home/gustavo/eufs_sim_teste/install/eufs_msgs/include/eufs_msgs/msg/detail/point_array_stamped__rosidl_typesupport_introspection_c.h
[0.848s] -- Up-to-date symlink: /home/gustavo/eufs_sim_teste/install/eufs_msgs/include/eufs_msgs/msg/detail/runstop__rosidl_typesupport_introspection_c.h
[0.848s] -- Up-to-date symlink: /home/gustavo/eufs_sim_teste/install/eufs_msgs/include/eufs_msgs/msg/detail/slam_err__rosidl_typesupport_introspection_c.h
[0.848s] -- Up-to-date symlink: /home/gustavo/eufs_sim_teste/install/eufs_msgs/include/eufs_msgs/msg/detail/slam_state__rosidl_typesupport_introspection_c.h
[0.848s] -- Up-to-date symlink: /home/gustavo/eufs_sim_teste/install/eufs_msgs/include/eufs_msgs/msg/detail/state_machine_state__rosidl_typesupport_introspection_c.h
[0.849s] -- Up-to-date symlink: /home/gustavo/eufs_sim_teste/install/eufs_msgs/include/eufs_msgs/msg/detail/system_status__rosidl_typesupport_introspection_c.h
[0.849s] -- Up-to-date symlink: /home/gustavo/eufs_sim_teste/install/eufs_msgs/include/eufs_msgs/msg/detail/topic_status__rosidl_typesupport_introspection_c.h
[0.849s] -- Up-to-date symlink: /home/gustavo/eufs_sim_teste/install/eufs_msgs/include/eufs_msgs/msg/detail/vehicle_commands__rosidl_typesupport_introspection_c.h
[0.849s] -- Up-to-date symlink: /home/gustavo/eufs_sim_teste/install/eufs_msgs/include/eufs_msgs/msg/detail/vehicle_commands_stamped__rosidl_typesupport_introspection_c.h
[0.850s] -- Up-to-date symlink: /home/gustavo/eufs_sim_teste/install/eufs_msgs/include/eufs_msgs/msg/detail/waypoint__rosidl_typesupport_introspection_c.h
[0.850s] -- Up-to-date symlink: /home/gustavo/eufs_sim_teste/install/eufs_msgs/include/eufs_msgs/msg/detail/waypoint_array_stamped__rosidl_typesupport_introspection_c.h
[0.850s] -- Up-to-date symlink: /home/gustavo/eufs_sim_teste/install/eufs_msgs/include/eufs_msgs/msg/detail/wheel_odometry_err__rosidl_typesupport_introspection_c.h
[0.850s] -- Up-to-date symlink: /home/gustavo/eufs_sim_teste/install/eufs_msgs/include/eufs_msgs/msg/detail/wheel_speeds__rosidl_typesupport_introspection_c.h
[0.850s] -- Up-to-date symlink: /home/gustavo/eufs_sim_teste/install/eufs_msgs/include/eufs_msgs/msg/detail/wheel_speeds_stamped__rosidl_typesupport_introspection_c.h
[0.851s] -- Up-to-date symlink: /home/gustavo/eufs_sim_teste/install/eufs_msgs/include/eufs_msgs/msg/rosidl_typesupport_introspection_c__visibility_control.h
[0.851s] -- Up-to-date symlink: /home/gustavo/eufs_sim_teste/install/eufs_msgs/include/eufs_msgs/srv/detail/register__rosidl_typesupport_introspection_c.h
[0.851s] -- Up-to-date symlink: /home/gustavo/eufs_sim_teste/install/eufs_msgs/include/eufs_msgs/srv/detail/set_can_state__rosidl_typesupport_introspection_c.h
[0.854s] -- Up-to-date symlink: /home/gustavo/eufs_sim_teste/install/eufs_msgs/include/eufs_msgs/action/check_for_objects.hpp
[0.855s] -- Up-to-date symlink: /home/gustavo/eufs_sim_teste/install/eufs_msgs/include/eufs_msgs/action/detail/check_for_objects__builder.hpp
[0.855s] -- Up-to-date symlink: /home/gustavo/eufs_sim_teste/install/eufs_msgs/include/eufs_msgs/action/detail/check_for_objects__struct.hpp
[0.855s] -- Up-to-date symlink: /home/gustavo/eufs_sim_teste/install/eufs_msgs/include/eufs_msgs/action/detail/check_for_objects__traits.hpp
[0.855s] -- Up-to-date symlink: /home/gustavo/eufs_sim_teste/install/eufs_msgs/include/eufs_msgs/msg/bounding_box.hpp
[0.855s] -- Up-to-date symlink: /home/gustavo/eufs_sim_teste/install/eufs_msgs/include/eufs_msgs/msg/bounding_boxes.hpp
[0.856s] -- Up-to-date symlink: /home/gustavo/eufs_sim_teste/install/eufs_msgs/include/eufs_msgs/msg/can_state.hpp
[0.856s] -- Up-to-date symlink: /home/gustavo/eufs_sim_teste/install/eufs_msgs/include/eufs_msgs/msg/car_state.hpp
[0.856s] -- Up-to-date symlink: /home/gustavo/eufs_sim_teste/install/eufs_msgs/include/eufs_msgs/msg/chassis_command.hpp
[0.856s] -- Up-to-date symlink: /home/gustavo/eufs_sim_teste/install/eufs_msgs/include/eufs_msgs/msg/chassis_state.hpp
[0.857s] -- Up-to-date symlink: /home/gustavo/eufs_sim_teste/install/eufs_msgs/include/eufs_msgs/msg/cone_array.hpp
[0.857s] -- Up-to-date symlink: /home/gustavo/eufs_sim_teste/install/eufs_msgs/include/eufs_msgs/msg/cone_array_with_covariance.hpp
[0.857s] -- Up-to-date symlink: /home/gustavo/eufs_sim_teste/install/eufs_msgs/include/eufs_msgs/msg/cone_with_covariance.hpp
[0.857s] -- Up-to-date symlink: /home/gustavo/eufs_sim_teste/install/eufs_msgs/include/eufs_msgs/msg/costmap.hpp
[0.858s] -- Up-to-date symlink: /home/gustavo/eufs_sim_teste/install/eufs_msgs/include/eufs_msgs/msg/detail/bounding_box__builder.hpp
[0.858s] -- Up-to-date symlink: /home/gustavo/eufs_sim_teste/install/eufs_msgs/include/eufs_msgs/msg/detail/bounding_box__struct.hpp
[0.858s] -- Up-to-date symlink: /home/gustavo/eufs_sim_teste/install/eufs_msgs/include/eufs_msgs/msg/detail/bounding_box__traits.hpp
[0.859s] -- Up-to-date symlink: /home/gustavo/eufs_sim_teste/install/eufs_msgs/include/eufs_msgs/msg/detail/bounding_boxes__builder.hpp
[0.859s] -- Up-to-date symlink: /home/gustavo/eufs_sim_teste/install/eufs_msgs/include/eufs_msgs/msg/detail/bounding_boxes__struct.hpp
[0.859s] -- Up-to-date symlink: /home/gustavo/eufs_sim_teste/install/eufs_msgs/include/eufs_msgs/msg/detail/bounding_boxes__traits.hpp
[0.860s] -- Up-to-date symlink: /home/gustavo/eufs_sim_teste/install/eufs_msgs/include/eufs_msgs/msg/detail/can_state__builder.hpp
[0.860s] -- Up-to-date symlink: /home/gustavo/eufs_sim_teste/install/eufs_msgs/include/eufs_msgs/msg/detail/can_state__struct.hpp
[0.860s] -- Up-to-date symlink: /home/gustavo/eufs_sim_teste/install/eufs_msgs/include/eufs_msgs/msg/detail/can_state__traits.hpp
[0.861s] -- Up-to-date symlink: /home/gustavo/eufs_sim_teste/install/eufs_msgs/include/eufs_msgs/msg/detail/car_state__builder.hpp
[0.861s] -- Up-to-date symlink: /home/gustavo/eufs_sim_teste/install/eufs_msgs/include/eufs_msgs/msg/detail/car_state__struct.hpp
[0.861s] -- Up-to-date symlink: /home/gustavo/eufs_sim_teste/install/eufs_msgs/include/eufs_msgs/msg/detail/car_state__traits.hpp
[0.861s] -- Up-to-date symlink: /home/gustavo/eufs_sim_teste/install/eufs_msgs/include/eufs_msgs/msg/detail/chassis_command__builder.hpp
[0.861s] -- Up-to-date symlink: /home/gustavo/eufs_sim_teste/install/eufs_msgs/include/eufs_msgs/msg/detail/chassis_command__struct.hpp
[0.862s] -- Up-to-date symlink: /home/gustavo/eufs_sim_teste/install/eufs_msgs/include/eufs_msgs/msg/detail/chassis_command__traits.hpp
[0.862s] -- Up-to-date symlink: /home/gustavo/eufs_sim_teste/install/eufs_msgs/include/eufs_msgs/msg/detail/chassis_state__builder.hpp
[0.862s] -- Up-to-date symlink: /home/gustavo/eufs_sim_teste/install/eufs_msgs/include/eufs_msgs/msg/detail/chassis_state__struct.hpp
[0.862s] -- Up-to-date symlink: /home/gustavo/eufs_sim_teste/install/eufs_msgs/include/eufs_msgs/msg/detail/chassis_state__traits.hpp
[0.862s] -- Up-to-date symlink: /home/gustavo/eufs_sim_teste/install/eufs_msgs/include/eufs_msgs/msg/detail/cone_array__builder.hpp
[0.862s] -- Up-to-date symlink: /home/gustavo/eufs_sim_teste/install/eufs_msgs/include/eufs_msgs/msg/detail/cone_array__struct.hpp
[0.863s] -- Up-to-date symlink: /home/gustavo/eufs_sim_teste/install/eufs_msgs/include/eufs_msgs/msg/detail/cone_array__traits.hpp
[0.863s] -- Up-to-date symlink: /home/gustavo/eufs_sim_teste/install/eufs_msgs/include/eufs_msgs/msg/detail/cone_array_with_covariance__builder.hpp
[0.863s] -- Up-to-date symlink: /home/gustavo/eufs_sim_teste/install/eufs_msgs/include/eufs_msgs/msg/detail/cone_array_with_covariance__struct.hpp
[0.863s] -- Up-to-date symlink: /home/gustavo/eufs_sim_teste/install/eufs_msgs/include/eufs_msgs/msg/detail/cone_array_with_covariance__traits.hpp
[0.863s] -- Up-to-date symlink: /home/gustavo/eufs_sim_teste/install/eufs_msgs/include/eufs_msgs/msg/detail/cone_with_covariance__builder.hpp
[0.863s] -- Up-to-date symlink: /home/gustavo/eufs_sim_teste/install/eufs_msgs/include/eufs_msgs/msg/detail/cone_with_covariance__struct.hpp
[0.863s] -- Up-to-date symlink: /home/gustavo/eufs_sim_teste/install/eufs_msgs/include/eufs_msgs/msg/detail/cone_with_covariance__traits.hpp
[0.864s] -- Up-to-date symlink: /home/gustavo/eufs_sim_teste/install/eufs_msgs/include/eufs_msgs/msg/detail/costmap__builder.hpp
[0.864s] -- Up-to-date symlink: /home/gustavo/eufs_sim_teste/install/eufs_msgs/include/eufs_msgs/msg/detail/costmap__struct.hpp
[0.864s] -- Up-to-date symlink: /home/gustavo/eufs_sim_teste/install/eufs_msgs/include/eufs_msgs/msg/detail/costmap__traits.hpp
[0.864s] -- Up-to-date symlink: /home/gustavo/eufs_sim_teste/install/eufs_msgs/include/eufs_msgs/msg/detail/ekf_err__builder.hpp
[0.864s] -- Up-to-date symlink: /home/gustavo/eufs_sim_teste/install/eufs_msgs/include/eufs_msgs/msg/detail/ekf_err__struct.hpp
[0.865s] -- Up-to-date symlink: /home/gustavo/eufs_sim_teste/install/eufs_msgs/include/eufs_msgs/msg/detail/ekf_err__traits.hpp
[0.865s] -- Up-to-date symlink: /home/gustavo/eufs_sim_teste/install/eufs_msgs/include/eufs_msgs/msg/detail/ekf_state__builder.hpp
[0.865s] -- Up-to-date symlink: /home/gustavo/eufs_sim_teste/install/eufs_msgs/include/eufs_msgs/msg/detail/ekf_state__struct.hpp
[0.865s] -- Up-to-date symlink: /home/gustavo/eufs_sim_teste/install/eufs_msgs/include/eufs_msgs/msg/detail/ekf_state__traits.hpp
[0.865s] -- Up-to-date symlink: /home/gustavo/eufs_sim_teste/install/eufs_msgs/include/eufs_msgs/msg/detail/full_state__builder.hpp
[0.866s] -- Up-to-date symlink: /home/gustavo/eufs_sim_teste/install/eufs_msgs/include/eufs_msgs/msg/detail/full_state__struct.hpp
[0.866s] -- Up-to-date symlink: /home/gustavo/eufs_sim_teste/install/eufs_msgs/include/eufs_msgs/msg/detail/full_state__traits.hpp
[0.866s] -- Up-to-date symlink: /home/gustavo/eufs_sim_teste/install/eufs_msgs/include/eufs_msgs/msg/detail/heartbeat__builder.hpp
[0.866s] -- Up-to-date symlink: /home/gustavo/eufs_sim_teste/install/eufs_msgs/include/eufs_msgs/msg/detail/heartbeat__struct.hpp
[0.866s] -- Up-to-date symlink: /home/gustavo/eufs_sim_teste/install/eufs_msgs/include/eufs_msgs/msg/detail/heartbeat__traits.hpp
[0.866s] -- Up-to-date symlink: /home/gustavo/eufs_sim_teste/install/eufs_msgs/include/eufs_msgs/msg/detail/integration_err__builder.hpp
[0.867s] -- Up-to-date symlink: /home/gustavo/eufs_sim_teste/install/eufs_msgs/include/eufs_msgs/msg/detail/integration_err__struct.hpp
[0.867s] -- Up-to-date symlink: /home/gustavo/eufs_sim_teste/install/eufs_msgs/include/eufs_msgs/msg/detail/integration_err__traits.hpp
[0.867s] -- Up-to-date symlink: /home/gustavo/eufs_sim_teste/install/eufs_msgs/include/eufs_msgs/msg/detail/lap_stats__builder.hpp
[0.867s] -- Up-to-date symlink: /home/gustavo/eufs_sim_teste/install/eufs_msgs/include/eufs_msgs/msg/detail/lap_stats__struct.hpp
[0.867s] -- Up-to-date symlink: /home/gustavo/eufs_sim_teste/install/eufs_msgs/include/eufs_msgs/msg/detail/lap_stats__traits.hpp
[0.867s] -- Up-to-date symlink: /home/gustavo/eufs_sim_teste/install/eufs_msgs/include/eufs_msgs/msg/detail/node_state__builder.hpp
[0.867s] -- Up-to-date symlink: /home/gustavo/eufs_sim_teste/install/eufs_msgs/include/eufs_msgs/msg/detail/node_state__struct.hpp
[0.868s] -- Up-to-date symlink: /home/gustavo/eufs_sim_teste/install/eufs_msgs/include/eufs_msgs/msg/detail/node_state__traits.hpp
[0.868s] -- Up-to-date symlink: /home/gustavo/eufs_sim_teste/install/eufs_msgs/include/eufs_msgs/msg/detail/node_state_array__builder.hpp
[0.868s] -- Up-to-date symlink: /home/gustavo/eufs_sim_teste/install/eufs_msgs/include/eufs_msgs/msg/detail/node_state_array__struct.hpp
[0.869s] -- Up-to-date symlink: /home/gustavo/eufs_sim_teste/install/eufs_msgs/include/eufs_msgs/msg/detail/node_state_array__traits.hpp
[0.869s] -- Up-to-date symlink: /home/gustavo/eufs_sim_teste/install/eufs_msgs/include/eufs_msgs/msg/detail/path_integral_params__builder.hpp
[0.870s] -- Up-to-date symlink: /home/gustavo/eufs_sim_teste/install/eufs_msgs/include/eufs_msgs/msg/detail/path_integral_params__struct.hpp
[0.871s] -- Up-to-date symlink: /home/gustavo/eufs_sim_teste/install/eufs_msgs/include/eufs_msgs/msg/detail/path_integral_params__traits.hpp
[0.874s] -- Up-to-date symlink: /home/gustavo/eufs_sim_teste/install/eufs_msgs/include/eufs_msgs/msg/detail/path_integral_stats__builder.hpp
[0.875s] -- Up-to-date symlink: /home/gustavo/eufs_sim_teste/install/eufs_msgs/include/eufs_msgs/msg/detail/path_integral_stats__struct.hpp
[0.875s] -- Up-to-date symlink: /home/gustavo/eufs_sim_teste/install/eufs_msgs/include/eufs_msgs/msg/detail/path_integral_stats__traits.hpp
[0.875s] -- Up-to-date symlink: /home/gustavo/eufs_sim_teste/install/eufs_msgs/include/eufs_msgs/msg/detail/path_integral_status__builder.hpp
[0.876s] -- Up-to-date symlink: /home/gustavo/eufs_sim_teste/install/eufs_msgs/include/eufs_msgs/msg/detail/path_integral_status__struct.hpp
[0.876s] -- Up-to-date symlink: /home/gustavo/eufs_sim_teste/install/eufs_msgs/include/eufs_msgs/msg/detail/path_integral_status__traits.hpp
[0.876s] -- Up-to-date symlink: /home/gustavo/eufs_sim_teste/install/eufs_msgs/include/eufs_msgs/msg/detail/path_integral_timing__builder.hpp
[0.876s] -- Up-to-date symlink: /home/gustavo/eufs_sim_teste/install/eufs_msgs/include/eufs_msgs/msg/detail/path_integral_timing__struct.hpp
[0.876s] -- Up-to-date symlink: /home/gustavo/eufs_sim_teste/install/eufs_msgs/include/eufs_msgs/msg/detail/path_integral_timing__traits.hpp
[0.876s] -- Up-to-date symlink: /home/gustavo/eufs_sim_teste/install/eufs_msgs/include/eufs_msgs/msg/detail/point_array__builder.hpp
[0.876s] -- Up-to-date symlink: /home/gustavo/eufs_sim_teste/install/eufs_msgs/include/eufs_msgs/msg/detail/point_array__struct.hpp
[0.877s] -- Up-to-date symlink: /home/gustavo/eufs_sim_teste/install/eufs_msgs/include/eufs_msgs/msg/detail/point_array__traits.hpp
[0.877s] -- Up-to-date symlink: /home/gustavo/eufs_sim_teste/install/eufs_msgs/include/eufs_msgs/msg/detail/point_array_stamped__builder.hpp
[0.877s] -- Up-to-date symlink: /home/gustavo/eufs_sim_teste/install/eufs_msgs/include/eufs_msgs/msg/detail/point_array_stamped__struct.hpp
[0.877s] -- Up-to-date symlink: /home/gustavo/eufs_sim_teste/install/eufs_msgs/include/eufs_msgs/msg/detail/point_array_stamped__traits.hpp
[0.877s] -- Up-to-date symlink: /home/gustavo/eufs_sim_teste/install/eufs_msgs/include/eufs_msgs/msg/detail/runstop__builder.hpp
[0.877s] -- Up-to-date symlink: /home/gustavo/eufs_sim_teste/install/eufs_msgs/include/eufs_msgs/msg/detail/runstop__struct.hpp
[0.877s] -- Up-to-date symlink: /home/gustavo/eufs_sim_teste/install/eufs_msgs/include/eufs_msgs/msg/detail/runstop__traits.hpp
[0.877s] -- Up-to-date symlink: /home/gustavo/eufs_sim_teste/install/eufs_msgs/include/eufs_msgs/msg/detail/slam_err__builder.hpp
[0.877s] -- Up-to-date symlink: /home/gustavo/eufs_sim_teste/install/eufs_msgs/include/eufs_msgs/msg/detail/slam_err__struct.hpp
[0.877s] -- Up-to-date symlink: /home/gustavo/eufs_sim_teste/install/eufs_msgs/include/eufs_msgs/msg/detail/slam_err__traits.hpp
[0.877s] -- Up-to-date symlink: /home/gustavo/eufs_sim_teste/install/eufs_msgs/include/eufs_msgs/msg/detail/slam_state__builder.hpp
[0.878s] -- Up-to-date symlink: /home/gustavo/eufs_sim_teste/install/eufs_msgs/include/eufs_msgs/msg/detail/slam_state__struct.hpp
[0.878s] -- Up-to-date symlink: /home/gustavo/eufs_sim_teste/install/eufs_msgs/include/eufs_msgs/msg/detail/slam_state__traits.hpp
[0.879s] -- Up-to-date symlink: /home/gustavo/eufs_sim_teste/install/eufs_msgs/include/eufs_msgs/msg/detail/state_machine_state__builder.hpp
[0.879s] -- Up-to-date symlink: /home/gustavo/eufs_sim_teste/install/eufs_msgs/include/eufs_msgs/msg/detail/state_machine_state__struct.hpp
[0.879s] -- Up-to-date symlink: /home/gustavo/eufs_sim_teste/install/eufs_msgs/include/eufs_msgs/msg/detail/state_machine_state__traits.hpp
[0.879s] -- Up-to-date symlink: /home/gustavo/eufs_sim_teste/install/eufs_msgs/include/eufs_msgs/msg/detail/system_status__builder.hpp
[0.879s] -- Up-to-date symlink: /home/gustavo/eufs_sim_teste/install/eufs_msgs/include/eufs_msgs/msg/detail/system_status__struct.hpp
[0.879s] -- Up-to-date symlink: /home/gustavo/eufs_sim_teste/install/eufs_msgs/include/eufs_msgs/msg/detail/system_status__traits.hpp
[0.879s] -- Up-to-date symlink: /home/gustavo/eufs_sim_teste/install/eufs_msgs/include/eufs_msgs/msg/detail/topic_status__builder.hpp
[0.879s] -- Up-to-date symlink: /home/gustavo/eufs_sim_teste/install/eufs_msgs/include/eufs_msgs/msg/detail/topic_status__struct.hpp
[0.879s] -- Up-to-date symlink: /home/gustavo/eufs_sim_teste/install/eufs_msgs/include/eufs_msgs/msg/detail/topic_status__traits.hpp
[0.879s] -- Up-to-date symlink: /home/gustavo/eufs_sim_teste/install/eufs_msgs/include/eufs_msgs/msg/detail/vehicle_commands__builder.hpp
[0.880s] -- Up-to-date symlink: /home/gustavo/eufs_sim_teste/install/eufs_msgs/include/eufs_msgs/msg/detail/vehicle_commands__struct.hpp
[0.880s] -- Up-to-date symlink: /home/gustavo/eufs_sim_teste/install/eufs_msgs/include/eufs_msgs/msg/detail/vehicle_commands__traits.hpp
[0.880s] -- Up-to-date symlink: /home/gustavo/eufs_sim_teste/install/eufs_msgs/include/eufs_msgs/msg/detail/vehicle_commands_stamped__builder.hpp
[0.880s] -- Up-to-date symlink: /home/gustavo/eufs_sim_teste/install/eufs_msgs/include/eufs_msgs/msg/detail/vehicle_commands_stamped__struct.hpp
[0.880s] -- Up-to-date symlink: /home/gustavo/eufs_sim_teste/install/eufs_msgs/include/eufs_msgs/msg/detail/vehicle_commands_stamped__traits.hpp
[0.880s] -- Up-to-date symlink: /home/gustavo/eufs_sim_teste/install/eufs_msgs/include/eufs_msgs/msg/detail/waypoint__builder.hpp
[0.880s] -- Up-to-date symlink: /home/gustavo/eufs_sim_teste/install/eufs_msgs/include/eufs_msgs/msg/detail/waypoint__struct.hpp
[0.880s] -- Up-to-date symlink: /home/gustavo/eufs_sim_teste/install/eufs_msgs/include/eufs_msgs/msg/detail/waypoint__traits.hpp
[0.880s] -- Up-to-date symlink: /home/gustavo/eufs_sim_teste/install/eufs_msgs/include/eufs_msgs/msg/detail/waypoint_array_stamped__builder.hpp
[0.880s] -- Up-to-date symlink: /home/gustavo/eufs_sim_teste/install/eufs_msgs/include/eufs_msgs/msg/detail/waypoint_array_stamped__struct.hpp
[0.880s] -- Up-to-date symlink: /home/gustavo/eufs_sim_teste/install/eufs_msgs/include/eufs_msgs/msg/detail/waypoint_array_stamped__traits.hpp
[0.880s] -- Up-to-date symlink: /home/gustavo/eufs_sim_teste/install/eufs_msgs/include/eufs_msgs/msg/detail/wheel_odometry_err__builder.hpp
[0.881s] -- Up-to-date symlink: /home/gustavo/eufs_sim_teste/install/eufs_msgs/include/eufs_msgs/msg/detail/wheel_odometry_err__struct.hpp
[0.881s] -- Up-to-date symlink: /home/gustavo/eufs_sim_teste/install/eufs_msgs/include/eufs_msgs/msg/detail/wheel_odometry_err__traits.hpp
[0.881s] -- Up-to-date symlink: /home/gustavo/eufs_sim_teste/install/eufs_msgs/include/eufs_msgs/msg/detail/wheel_speeds__builder.hpp
[0.881s] -- Up-to-date symlink: /home/gustavo/eufs_sim_teste/install/eufs_msgs/include/eufs_msgs/msg/detail/wheel_speeds__struct.hpp
[0.881s] -- Up-to-date symlink: /home/gustavo/eufs_sim_teste/install/eufs_msgs/include/eufs_msgs/msg/detail/wheel_speeds__traits.hpp
[0.881s] -- Up-to-date symlink: /home/gustavo/eufs_sim_teste/install/eufs_msgs/include/eufs_msgs/msg/detail/wheel_speeds_stamped__builder.hpp
[0.881s] -- Up-to-date symlink: /home/gustavo/eufs_sim_teste/install/eufs_msgs/include/eufs_msgs/msg/detail/wheel_speeds_stamped__struct.hpp
[0.881s] -- Up-to-date symlink: /home/gustavo/eufs_sim_teste/install/eufs_msgs/include/eufs_msgs/msg/detail/wheel_speeds_stamped__traits.hpp
[0.881s] -- Up-to-date symlink: /home/gustavo/eufs_sim_teste/install/eufs_msgs/include/eufs_msgs/msg/ekf_err.hpp
[0.881s] -- Up-to-date symlink: /home/gustavo/eufs_sim_teste/install/eufs_msgs/include/eufs_msgs/msg/ekf_state.hpp
[0.881s] -- Up-to-date symlink: /home/gustavo/eufs_sim_teste/install/eufs_msgs/include/eufs_msgs/msg/full_state.hpp
[0.882s] -- Up-to-date symlink: /home/gustavo/eufs_sim_teste/install/eufs_msgs/include/eufs_msgs/msg/heartbeat.hpp
[0.882s] -- Up-to-date symlink: /home/gustavo/eufs_sim_teste/install/eufs_msgs/include/eufs_msgs/msg/integration_err.hpp
[0.882s] -- Up-to-date symlink: /home/gustavo/eufs_sim_teste/install/eufs_msgs/include/eufs_msgs/msg/lap_stats.hpp
[0.882s] -- Up-to-date symlink: /home/gustavo/eufs_sim_teste/install/eufs_msgs/include/eufs_msgs/msg/node_state.hpp
[0.882s] -- Up-to-date symlink: /home/gustavo/eufs_sim_teste/install/eufs_msgs/include/eufs_msgs/msg/node_state_array.hpp
[0.882s] -- Up-to-date symlink: /home/gustavo/eufs_sim_teste/install/eufs_msgs/include/eufs_msgs/msg/path_integral_params.hpp
[0.882s] -- Up-to-date symlink: /home/gustavo/eufs_sim_teste/install/eufs_msgs/include/eufs_msgs/msg/path_integral_stats.hpp
[0.882s] -- Up-to-date symlink: /home/gustavo/eufs_sim_teste/install/eufs_msgs/include/eufs_msgs/msg/path_integral_status.hpp
[0.882s] -- Up-to-date symlink: /home/gustavo/eufs_sim_teste/install/eufs_msgs/include/eufs_msgs/msg/path_integral_timing.hpp
[0.882s] -- Up-to-date symlink: /home/gustavo/eufs_sim_teste/install/eufs_msgs/include/eufs_msgs/msg/point_array.hpp
[0.882s] -- Up-to-date symlink: /home/gustavo/eufs_sim_teste/install/eufs_msgs/include/eufs_msgs/msg/point_array_stamped.hpp
[0.882s] -- Up-to-date symlink: /home/gustavo/eufs_sim_teste/install/eufs_msgs/include/eufs_msgs/msg/runstop.hpp
[0.883s] -- Up-to-date symlink: /home/gustavo/eufs_sim_teste/install/eufs_msgs/include/eufs_msgs/msg/slam_err.hpp
[0.883s] -- Up-to-date symlink: /home/gustavo/eufs_sim_teste/install/eufs_msgs/include/eufs_msgs/msg/slam_state.hpp
[0.883s] -- Up-to-date symlink: /home/gustavo/eufs_sim_teste/install/eufs_msgs/include/eufs_msgs/msg/state_machine_state.hpp
[0.883s] -- Up-to-date symlink: /home/gustavo/eufs_sim_teste/install/eufs_msgs/include/eufs_msgs/msg/system_status.hpp
[0.883s] -- Up-to-date symlink: /home/gustavo/eufs_sim_teste/install/eufs_msgs/include/eufs_msgs/msg/topic_status.hpp
[0.883s] -- Up-to-date symlink: /home/gustavo/eufs_sim_teste/install/eufs_msgs/include/eufs_msgs/msg/vehicle_commands.hpp
[0.883s] -- Up-to-date symlink: /home/gustavo/eufs_sim_teste/install/eufs_msgs/include/eufs_msgs/msg/vehicle_commands_stamped.hpp
[0.883s] -- Up-to-date symlink: /home/gustavo/eufs_sim_teste/install/eufs_msgs/include/eufs_msgs/msg/waypoint.hpp
[0.883s] -- Up-to-date symlink: /home/gustavo/eufs_sim_teste/install/eufs_msgs/include/eufs_msgs/msg/waypoint_array_stamped.hpp
[0.883s] -- Up-to-date symlink: /home/gustavo/eufs_sim_teste/install/eufs_msgs/include/eufs_msgs/msg/wheel_odometry_err.hpp
[0.883s] -- Up-to-date symlink: /home/gustavo/eufs_sim_teste/install/eufs_msgs/include/eufs_msgs/msg/wheel_speeds.hpp
[0.884s] -- Up-to-date symlink: /home/gustavo/eufs_sim_teste/install/eufs_msgs/include/eufs_msgs/msg/wheel_speeds_stamped.hpp
[0.884s] -- Up-to-date symlink: /home/gustavo/eufs_sim_teste/install/eufs_msgs/include/eufs_msgs/srv/detail/register__builder.hpp
[0.884s] -- Up-to-date symlink: /home/gustavo/eufs_sim_teste/install/eufs_msgs/include/eufs_msgs/srv/detail/register__struct.hpp
[0.884s] -- Up-to-date symlink: /home/gustavo/eufs_sim_teste/install/eufs_msgs/include/eufs_msgs/srv/detail/register__traits.hpp
[0.884s] -- Up-to-date symlink: /home/gustavo/eufs_sim_teste/install/eufs_msgs/include/eufs_msgs/srv/detail/set_can_state__builder.hpp
[0.884s] -- Up-to-date symlink: /home/gustavo/eufs_sim_teste/install/eufs_msgs/include/eufs_msgs/srv/detail/set_can_state__struct.hpp
[0.884s] -- Up-to-date symlink: /home/gustavo/eufs_sim_teste/install/eufs_msgs/include/eufs_msgs/srv/detail/set_can_state__traits.hpp
[0.884s] -- Up-to-date symlink: /home/gustavo/eufs_sim_teste/install/eufs_msgs/include/eufs_msgs/srv/register.hpp
[0.884s] -- Up-to-date symlink: /home/gustavo/eufs_sim_teste/install/eufs_msgs/include/eufs_msgs/srv/set_can_state.hpp
[0.885s] -- Up-to-date symlink: /home/gustavo/eufs_sim_teste/install/eufs_msgs/include/eufs_msgs/action/detail/check_for_objects__rosidl_typesupport_introspection_cpp.hpp
[0.885s] -- Up-to-date symlink: /home/gustavo/eufs_sim_teste/install/eufs_msgs/include/eufs_msgs/msg/detail/bounding_box__rosidl_typesupport_introspection_cpp.hpp
[0.885s] -- Up-to-date symlink: /home/gustavo/eufs_sim_teste/install/eufs_msgs/include/eufs_msgs/msg/detail/bounding_boxes__rosidl_typesupport_introspection_cpp.hpp
[0.886s] -- Up-to-date symlink: /home/gustavo/eufs_sim_teste/install/eufs_msgs/include/eufs_msgs/msg/detail/can_state__rosidl_typesupport_introspection_cpp.hpp
[0.886s] -- Up-to-date symlink: /home/gustavo/eufs_sim_teste/install/eufs_msgs/include/eufs_msgs/msg/detail/car_state__rosidl_typesupport_introspection_cpp.hpp
[0.886s] -- Up-to-date symlink: /home/gustavo/eufs_sim_teste/install/eufs_msgs/include/eufs_msgs/msg/detail/chassis_command__rosidl_typesupport_introspection_cpp.hpp
[0.886s] -- Up-to-date symlink: /home/gustavo/eufs_sim_teste/install/eufs_msgs/include/eufs_msgs/msg/detail/chassis_state__rosidl_typesupport_introspection_cpp.hpp
[0.886s] -- Up-to-date symlink: /home/gustavo/eufs_sim_teste/install/eufs_msgs/include/eufs_msgs/msg/detail/cone_array__rosidl_typesupport_introspection_cpp.hpp
[0.886s] -- Up-to-date symlink: /home/gustavo/eufs_sim_teste/install/eufs_msgs/include/eufs_msgs/msg/detail/cone_array_with_covariance__rosidl_typesupport_introspection_cpp.hpp
[0.886s] -- Up-to-date symlink: /home/gustavo/eufs_sim_teste/install/eufs_msgs/include/eufs_msgs/msg/detail/cone_with_covariance__rosidl_typesupport_introspection_cpp.hpp
[0.887s] -- Up-to-date symlink: /home/gustavo/eufs_sim_teste/install/eufs_msgs/include/eufs_msgs/msg/detail/costmap__rosidl_typesupport_introspection_cpp.hpp
[0.887s] -- Up-to-date symlink: /home/gustavo/eufs_sim_teste/install/eufs_msgs/include/eufs_msgs/msg/detail/ekf_err__rosidl_typesupport_introspection_cpp.hpp
[0.887s] -- Up-to-date symlink: /home/gustavo/eufs_sim_teste/install/eufs_msgs/include/eufs_msgs/msg/detail/ekf_state__rosidl_typesupport_introspection_cpp.hpp
[0.887s] -- Up-to-date symlink: /home/gustavo/eufs_sim_teste/install/eufs_msgs/include/eufs_msgs/msg/detail/full_state__rosidl_typesupport_introspection_cpp.hpp
[0.887s] -- Up-to-date symlink: /home/gustavo/eufs_sim_teste/install/eufs_msgs/include/eufs_msgs/msg/detail/heartbeat__rosidl_typesupport_introspection_cpp.hpp
[0.887s] -- Up-to-date symlink: /home/gustavo/eufs_sim_teste/install/eufs_msgs/include/eufs_msgs/msg/detail/integration_err__rosidl_typesupport_introspection_cpp.hpp
[0.888s] -- Up-to-date symlink: /home/gustavo/eufs_sim_teste/install/eufs_msgs/include/eufs_msgs/msg/detail/lap_stats__rosidl_typesupport_introspection_cpp.hpp
[0.888s] -- Up-to-date symlink: /home/gustavo/eufs_sim_teste/install/eufs_msgs/include/eufs_msgs/msg/detail/node_state__rosidl_typesupport_introspection_cpp.hpp
[0.888s] -- Up-to-date symlink: /home/gustavo/eufs_sim_teste/install/eufs_msgs/include/eufs_msgs/msg/detail/node_state_array__rosidl_typesupport_introspection_cpp.hpp
[0.888s] -- Up-to-date symlink: /home/gustavo/eufs_sim_teste/install/eufs_msgs/include/eufs_msgs/msg/detail/path_integral_params__rosidl_typesupport_introspection_cpp.hpp
[0.888s] -- Up-to-date symlink: /home/gustavo/eufs_sim_teste/install/eufs_msgs/include/eufs_msgs/msg/detail/path_integral_stats__rosidl_typesupport_introspection_cpp.hpp
[0.889s] -- Up-to-date symlink: /home/gustavo/eufs_sim_teste/install/eufs_msgs/include/eufs_msgs/msg/detail/path_integral_status__rosidl_typesupport_introspection_cpp.hpp
[0.889s] -- Up-to-date symlink: /home/gustavo/eufs_sim_teste/install/eufs_msgs/include/eufs_msgs/msg/detail/path_integral_timing__rosidl_typesupport_introspection_cpp.hpp
[0.889s] -- Up-to-date symlink: /home/gustavo/eufs_sim_teste/install/eufs_msgs/include/eufs_msgs/msg/detail/point_array__rosidl_typesupport_introspection_cpp.hpp
[0.889s] -- Up-to-date symlink: /home/gustavo/eufs_sim_teste/install/eufs_msgs/include/eufs_msgs/msg/detail/point_array_stamped__rosidl_typesupport_introspection_cpp.hpp
[0.889s] -- Up-to-date symlink: /home/gustavo/eufs_sim_teste/install/eufs_msgs/include/eufs_msgs/msg/detail/runstop__rosidl_typesupport_introspection_cpp.hpp
[0.890s] -- Up-to-date symlink: /home/gustavo/eufs_sim_teste/install/eufs_msgs/include/eufs_msgs/msg/detail/slam_err__rosidl_typesupport_introspection_cpp.hpp
[0.890s] -- Up-to-date symlink: /home/gustavo/eufs_sim_teste/install/eufs_msgs/include/eufs_msgs/msg/detail/slam_state__rosidl_typesupport_introspection_cpp.hpp
[0.890s] -- Up-to-date symlink: /home/gustavo/eufs_sim_teste/install/eufs_msgs/include/eufs_msgs/msg/detail/state_machine_state__rosidl_typesupport_introspection_cpp.hpp
[0.890s] -- Up-to-date symlink: /home/gustavo/eufs_sim_teste/install/eufs_msgs/include/eufs_msgs/msg/detail/system_status__rosidl_typesupport_introspection_cpp.hpp
[0.890s] -- Up-to-date symlink: /home/gustavo/eufs_sim_teste/install/eufs_msgs/include/eufs_msgs/msg/detail/topic_status__rosidl_typesupport_introspection_cpp.hpp
[0.890s] -- Up-to-date symlink: /home/gustavo/eufs_sim_teste/install/eufs_msgs/include/eufs_msgs/msg/detail/vehicle_commands__rosidl_typesupport_introspection_cpp.hpp
[0.890s] -- Up-to-date symlink: /home/gustavo/eufs_sim_teste/install/eufs_msgs/include/eufs_msgs/msg/detail/vehicle_commands_stamped__rosidl_typesupport_introspection_cpp.hpp
[0.891s] -- Up-to-date symlink: /home/gustavo/eufs_sim_teste/install/eufs_msgs/include/eufs_msgs/msg/detail/waypoint__rosidl_typesupport_introspection_cpp.hpp
[0.891s] -- Up-to-date symlink: /home/gustavo/eufs_sim_teste/install/eufs_msgs/include/eufs_msgs/msg/detail/waypoint_array_stamped__rosidl_typesupport_introspection_cpp.hpp
[0.891s] -- Up-to-date symlink: /home/gustavo/eufs_sim_teste/install/eufs_msgs/include/eufs_msgs/msg/detail/wheel_odometry_err__rosidl_typesupport_introspection_cpp.hpp
[0.891s] -- Up-to-date symlink: /home/gustavo/eufs_sim_teste/install/eufs_msgs/include/eufs_msgs/msg/detail/wheel_speeds__rosidl_typesupport_introspection_cpp.hpp
[0.891s] -- Up-to-date symlink: /home/gustavo/eufs_sim_teste/install/eufs_msgs/include/eufs_msgs/msg/detail/wheel_speeds_stamped__rosidl_typesupport_introspection_cpp.hpp
[0.892s] -- Up-to-date symlink: /home/gustavo/eufs_sim_teste/install/eufs_msgs/include/eufs_msgs/srv/detail/register__rosidl_typesupport_introspection_cpp.hpp
[0.892s] -- Up-to-date symlink: /home/gustavo/eufs_sim_teste/install/eufs_msgs/include/eufs_msgs/srv/detail/set_can_state__rosidl_typesupport_introspection_cpp.hpp
[0.892s] -- Up-to-date symlink: /home/gustavo/eufs_sim_teste/install/eufs_msgs/share/eufs_msgs/environment/pythonpath.sh
[0.892s] -- Up-to-date symlink: /home/gustavo/eufs_sim_teste/install/eufs_msgs/share/eufs_msgs/environment/pythonpath.dsv
[0.893s] -- Up-to-date symlink: /home/gustavo/eufs_sim_teste/install/eufs_msgs/lib/python3.8/site-packages/eufs_msgs/__init__.py
[0.894s] -- Up-to-date symlink: /home/gustavo/eufs_sim_teste/install/eufs_msgs/lib/python3.8/site-packages/eufs_msgs/msg/__init__.py
[0.894s] -- Up-to-date symlink: /home/gustavo/eufs_sim_teste/install/eufs_msgs/lib/python3.8/site-packages/eufs_msgs/msg/_bounding_box.py
[0.895s] -- Up-to-date symlink: /home/gustavo/eufs_sim_teste/install/eufs_msgs/lib/python3.8/site-packages/eufs_msgs/msg/_bounding_boxes.py
[0.895s] -- Up-to-date symlink: /home/gustavo/eufs_sim_teste/install/eufs_msgs/lib/python3.8/site-packages/eufs_msgs/msg/_can_state.py
[0.895s] -- Up-to-date symlink: /home/gustavo/eufs_sim_teste/install/eufs_msgs/lib/python3.8/site-packages/eufs_msgs/msg/_car_state.py
[0.895s] -- Up-to-date symlink: /home/gustavo/eufs_sim_teste/install/eufs_msgs/lib/python3.8/site-packages/eufs_msgs/msg/_chassis_command.py
[0.896s] -- Up-to-date symlink: /home/gustavo/eufs_sim_teste/install/eufs_msgs/lib/python3.8/site-packages/eufs_msgs/msg/_chassis_state.py
[0.896s] -- Up-to-date symlink: /home/gustavo/eufs_sim_teste/install/eufs_msgs/lib/python3.8/site-packages/eufs_msgs/msg/_cone_array.py
[0.896s] -- Up-to-date symlink: /home/gustavo/eufs_sim_teste/install/eufs_msgs/lib/python3.8/site-packages/eufs_msgs/msg/_cone_array_with_covariance.py
[0.896s] -- Up-to-date symlink: /home/gustavo/eufs_sim_teste/install/eufs_msgs/lib/python3.8/site-packages/eufs_msgs/msg/_cone_with_covariance.py
[0.896s] -- Up-to-date symlink: /home/gustavo/eufs_sim_teste/install/eufs_msgs/lib/python3.8/site-packages/eufs_msgs/msg/_costmap.py
[0.897s] -- Up-to-date symlink: /home/gustavo/eufs_sim_teste/install/eufs_msgs/lib/python3.8/site-packages/eufs_msgs/msg/_ekf_err.py
[0.897s] -- Up-to-date symlink: /home/gustavo/eufs_sim_teste/install/eufs_msgs/lib/python3.8/site-packages/eufs_msgs/msg/_ekf_state.py
[0.897s] -- Up-to-date symlink: /home/gustavo/eufs_sim_teste/install/eufs_msgs/lib/python3.8/site-packages/eufs_msgs/msg/_full_state.py
[0.897s] -- Up-to-date symlink: /home/gustavo/eufs_sim_teste/install/eufs_msgs/lib/python3.8/site-packages/eufs_msgs/msg/_heartbeat.py
[0.897s] -- Up-to-date symlink: /home/gustavo/eufs_sim_teste/install/eufs_msgs/lib/python3.8/site-packages/eufs_msgs/msg/_integration_err.py
[0.898s] -- Up-to-date symlink: /home/gustavo/eufs_sim_teste/install/eufs_msgs/lib/python3.8/site-packages/eufs_msgs/msg/_lap_stats.py
[0.898s] -- Up-to-date symlink: /home/gustavo/eufs_sim_teste/install/eufs_msgs/lib/python3.8/site-packages/eufs_msgs/msg/_node_state.py
[0.898s] -- Up-to-date symlink: /home/gustavo/eufs_sim_teste/install/eufs_msgs/lib/python3.8/site-packages/eufs_msgs/msg/_node_state_array.py
[0.898s] -- Up-to-date symlink: /home/gustavo/eufs_sim_teste/install/eufs_msgs/lib/python3.8/site-packages/eufs_msgs/msg/_path_integral_params.py
[0.899s] -- Up-to-date symlink: /home/gustavo/eufs_sim_teste/install/eufs_msgs/lib/python3.8/site-packages/eufs_msgs/msg/_path_integral_stats.py
[0.899s] -- Up-to-date symlink: /home/gustavo/eufs_sim_teste/install/eufs_msgs/lib/python3.8/site-packages/eufs_msgs/msg/_path_integral_status.py
[0.899s] -- Up-to-date symlink: /home/gustavo/eufs_sim_teste/install/eufs_msgs/lib/python3.8/site-packages/eufs_msgs/msg/_path_integral_timing.py
[0.899s] -- Up-to-date symlink: /home/gustavo/eufs_sim_teste/install/eufs_msgs/lib/python3.8/site-packages/eufs_msgs/msg/_point_array.py
[0.899s] -- Up-to-date symlink: /home/gustavo/eufs_sim_teste/install/eufs_msgs/lib/python3.8/site-packages/eufs_msgs/msg/_point_array_stamped.py
[0.900s] -- Up-to-date symlink: /home/gustavo/eufs_sim_teste/install/eufs_msgs/lib/python3.8/site-packages/eufs_msgs/msg/_runstop.py
[0.900s] -- Up-to-date symlink: /home/gustavo/eufs_sim_teste/install/eufs_msgs/lib/python3.8/site-packages/eufs_msgs/msg/_slam_err.py
[0.900s] -- Up-to-date symlink: /home/gustavo/eufs_sim_teste/install/eufs_msgs/lib/python3.8/site-packages/eufs_msgs/msg/_slam_state.py
[0.900s] -- Up-to-date symlink: /home/gustavo/eufs_sim_teste/install/eufs_msgs/lib/python3.8/site-packages/eufs_msgs/msg/_state_machine_state.py
[0.900s] -- Up-to-date symlink: /home/gustavo/eufs_sim_teste/install/eufs_msgs/lib/python3.8/site-packages/eufs_msgs/msg/_system_status.py
[0.900s] -- Up-to-date symlink: /home/gustavo/eufs_sim_teste/install/eufs_msgs/lib/python3.8/site-packages/eufs_msgs/msg/_topic_status.py
[0.901s] -- Up-to-date symlink: /home/gustavo/eufs_sim_teste/install/eufs_msgs/lib/python3.8/site-packages/eufs_msgs/msg/_vehicle_commands.py
[0.901s] -- Up-to-date symlink: /home/gustavo/eufs_sim_teste/install/eufs_msgs/lib/python3.8/site-packages/eufs_msgs/msg/_vehicle_commands_stamped.py
[0.901s] -- Up-to-date symlink: /home/gustavo/eufs_sim_teste/install/eufs_msgs/lib/python3.8/site-packages/eufs_msgs/msg/_waypoint.py
[0.901s] -- Up-to-date symlink: /home/gustavo/eufs_sim_teste/install/eufs_msgs/lib/python3.8/site-packages/eufs_msgs/msg/_waypoint_array_stamped.py
[0.901s] -- Up-to-date symlink: /home/gustavo/eufs_sim_teste/install/eufs_msgs/lib/python3.8/site-packages/eufs_msgs/msg/_wheel_odometry_err.py
[0.901s] -- Up-to-date symlink: /home/gustavo/eufs_sim_teste/install/eufs_msgs/lib/python3.8/site-packages/eufs_msgs/msg/_wheel_speeds.py
[0.901s] -- Up-to-date symlink: /home/gustavo/eufs_sim_teste/install/eufs_msgs/lib/python3.8/site-packages/eufs_msgs/msg/_wheel_speeds_stamped.py
[0.902s] -- Up-to-date symlink: /home/gustavo/eufs_sim_teste/install/eufs_msgs/lib/python3.8/site-packages/eufs_msgs/action/__init__.py
[0.902s] -- Up-to-date symlink: /home/gustavo/eufs_sim_teste/install/eufs_msgs/lib/python3.8/site-packages/eufs_msgs/action/_check_for_objects.py
[0.903s] -- Up-to-date symlink: /home/gustavo/eufs_sim_teste/install/eufs_msgs/lib/python3.8/site-packages/eufs_msgs/srv/__init__.py
[0.903s] -- Up-to-date symlink: /home/gustavo/eufs_sim_teste/install/eufs_msgs/lib/python3.8/site-packages/eufs_msgs/srv/_register.py
[0.903s] -- Up-to-date symlink: /home/gustavo/eufs_sim_teste/install/eufs_msgs/lib/python3.8/site-packages/eufs_msgs/srv/_set_can_state.py
[0.903s] -- Up-to-date symlink: /home/gustavo/eufs_sim_teste/install/eufs_msgs/lib/python3.8/site-packages/eufs_msgs/eufs_msgs_s__rosidl_typesupport_fastrtps_c.cpython-38-x86_64-linux-gnu.so
[0.904s] -- Up-to-date symlink: /home/gustavo/eufs_sim_teste/install/eufs_msgs/lib/python3.8/site-packages/eufs_msgs/eufs_msgs_s__rosidl_typesupport_introspection_c.cpython-38-x86_64-linux-gnu.so
[0.904s] -- Up-to-date symlink: /home/gustavo/eufs_sim_teste/install/eufs_msgs/lib/python3.8/site-packages/eufs_msgs/eufs_msgs_s__rosidl_typesupport_c.cpython-38-x86_64-linux-gnu.so
[0.905s] -- Up-to-date symlink: /home/gustavo/eufs_sim_teste/install/eufs_msgs/lib/libeufs_msgs__python.so
[0.905s] -- Up-to-date symlink: /home/gustavo/eufs_sim_teste/install/eufs_msgs/share/eufs_msgs/msg/BoundingBox.idl
[0.905s] -- Up-to-date symlink: /home/gustavo/eufs_sim_teste/install/eufs_msgs/share/eufs_msgs/msg/BoundingBoxes.idl
[0.905s] -- Up-to-date symlink: /home/gustavo/eufs_sim_teste/install/eufs_msgs/share/eufs_msgs/msg/CanState.idl
[0.906s] -- Up-to-date symlink: /home/gustavo/eufs_sim_teste/install/eufs_msgs/share/eufs_msgs/msg/CarState.idl
[0.906s] -- Up-to-date symlink: /home/gustavo/eufs_sim_teste/install/eufs_msgs/share/eufs_msgs/msg/ChassisCommand.idl
[0.906s] -- Up-to-date symlink: /home/gustavo/eufs_sim_teste/install/eufs_msgs/share/eufs_msgs/msg/ChassisState.idl
[0.906s] -- Up-to-date symlink: /home/gustavo/eufs_sim_teste/install/eufs_msgs/share/eufs_msgs/msg/ConeArray.idl
[0.906s] -- Up-to-date symlink: /home/gustavo/eufs_sim_teste/install/eufs_msgs/share/eufs_msgs/msg/ConeArrayWithCovariance.idl
[0.907s] -- Up-to-date symlink: /home/gustavo/eufs_sim_teste/install/eufs_msgs/share/eufs_msgs/msg/ConeWithCovariance.idl
[0.907s] -- Up-to-date symlink: /home/gustavo/eufs_sim_teste/install/eufs_msgs/share/eufs_msgs/msg/Costmap.idl
[0.907s] -- Up-to-date symlink: /home/gustavo/eufs_sim_teste/install/eufs_msgs/share/eufs_msgs/msg/EKFErr.idl
[0.907s] -- Up-to-date symlink: /home/gustavo/eufs_sim_teste/install/eufs_msgs/share/eufs_msgs/msg/EKFState.idl
[0.907s] -- Up-to-date symlink: /home/gustavo/eufs_sim_teste/install/eufs_msgs/share/eufs_msgs/msg/FullState.idl
[0.907s] -- Up-to-date symlink: /home/gustavo/eufs_sim_teste/install/eufs_msgs/share/eufs_msgs/msg/Heartbeat.idl
[0.908s] -- Up-to-date symlink: /home/gustavo/eufs_sim_teste/install/eufs_msgs/share/eufs_msgs/msg/IntegrationErr.idl
[0.908s] -- Up-to-date symlink: /home/gustavo/eufs_sim_teste/install/eufs_msgs/share/eufs_msgs/msg/LapStats.idl
[0.908s] -- Up-to-date symlink: /home/gustavo/eufs_sim_teste/install/eufs_msgs/share/eufs_msgs/msg/NodeState.idl
[0.908s] -- Up-to-date symlink: /home/gustavo/eufs_sim_teste/install/eufs_msgs/share/eufs_msgs/msg/NodeStateArray.idl
[0.908s] -- Up-to-date symlink: /home/gustavo/eufs_sim_teste/install/eufs_msgs/share/eufs_msgs/msg/PathIntegralParams.idl
[0.909s] -- Up-to-date symlink: /home/gustavo/eufs_sim_teste/install/eufs_msgs/share/eufs_msgs/msg/PathIntegralStats.idl
[0.909s] -- Up-to-date symlink: /home/gustavo/eufs_sim_teste/install/eufs_msgs/share/eufs_msgs/msg/PathIntegralStatus.idl
[0.909s] -- Up-to-date symlink: /home/gustavo/eufs_sim_teste/install/eufs_msgs/share/eufs_msgs/msg/PathIntegralTiming.idl
[0.909s] -- Up-to-date symlink: /home/gustavo/eufs_sim_teste/install/eufs_msgs/share/eufs_msgs/msg/PointArray.idl
[0.910s] -- Up-to-date symlink: /home/gustavo/eufs_sim_teste/install/eufs_msgs/share/eufs_msgs/msg/PointArrayStamped.idl
[0.910s] -- Up-to-date symlink: /home/gustavo/eufs_sim_teste/install/eufs_msgs/share/eufs_msgs/msg/Runstop.idl
[0.910s] -- Up-to-date symlink: /home/gustavo/eufs_sim_teste/install/eufs_msgs/share/eufs_msgs/msg/SLAMErr.idl
[0.911s] -- Up-to-date symlink: /home/gustavo/eufs_sim_teste/install/eufs_msgs/share/eufs_msgs/msg/SLAMState.idl
[0.911s] -- Up-to-date symlink: /home/gustavo/eufs_sim_teste/install/eufs_msgs/share/eufs_msgs/msg/StateMachineState.idl
[0.911s] -- Up-to-date symlink: /home/gustavo/eufs_sim_teste/install/eufs_msgs/share/eufs_msgs/msg/SystemStatus.idl
[0.911s] -- Up-to-date symlink: /home/gustavo/eufs_sim_teste/install/eufs_msgs/share/eufs_msgs/msg/TopicStatus.idl
[0.912s] -- Up-to-date symlink: /home/gustavo/eufs_sim_teste/install/eufs_msgs/share/eufs_msgs/msg/VehicleCommands.idl
[0.912s] -- Up-to-date symlink: /home/gustavo/eufs_sim_teste/install/eufs_msgs/share/eufs_msgs/msg/VehicleCommandsStamped.idl
[0.912s] -- Up-to-date symlink: /home/gustavo/eufs_sim_teste/install/eufs_msgs/share/eufs_msgs/msg/Waypoint.idl
[0.912s] -- Up-to-date symlink: /home/gustavo/eufs_sim_teste/install/eufs_msgs/share/eufs_msgs/msg/WaypointArrayStamped.idl
[0.913s] -- Up-to-date symlink: /home/gustavo/eufs_sim_teste/install/eufs_msgs/share/eufs_msgs/msg/WheelOdometryErr.idl
[0.913s] -- Up-to-date symlink: /home/gustavo/eufs_sim_teste/install/eufs_msgs/share/eufs_msgs/msg/WheelSpeeds.idl
[0.913s] -- Up-to-date symlink: /home/gustavo/eufs_sim_teste/install/eufs_msgs/share/eufs_msgs/msg/WheelSpeedsStamped.idl
[0.914s] -- Up-to-date symlink: /home/gustavo/eufs_sim_teste/install/eufs_msgs/share/eufs_msgs/action/CheckForObjects.idl
[0.914s] -- Up-to-date symlink: /home/gustavo/eufs_sim_teste/install/eufs_msgs/share/eufs_msgs/srv/Register.idl
[0.914s] -- Up-to-date symlink: /home/gustavo/eufs_sim_teste/install/eufs_msgs/share/eufs_msgs/srv/SetCanState.idl
[0.915s] -- Up-to-date symlink: /home/gustavo/eufs_sim_teste/install/eufs_msgs/share/eufs_msgs/msg/BoundingBox.msg
[0.915s] -- Up-to-date symlink: /home/gustavo/eufs_sim_teste/install/eufs_msgs/share/eufs_msgs/msg/BoundingBoxes.msg
[0.915s] -- Up-to-date symlink: /home/gustavo/eufs_sim_teste/install/eufs_msgs/share/eufs_msgs/msg/CanState.msg
[0.915s] -- Up-to-date symlink: /home/gustavo/eufs_sim_teste/install/eufs_msgs/share/eufs_msgs/msg/CarState.msg
[0.916s] -- Up-to-date symlink: /home/gustavo/eufs_sim_teste/install/eufs_msgs/share/eufs_msgs/msg/ChassisCommand.msg
[0.916s] -- Up-to-date symlink: /home/gustavo/eufs_sim_teste/install/eufs_msgs/share/eufs_msgs/msg/ChassisState.msg
[0.916s] -- Up-to-date symlink: /home/gustavo/eufs_sim_teste/install/eufs_msgs/share/eufs_msgs/msg/ConeArray.msg
[0.916s] -- Up-to-date symlink: /home/gustavo/eufs_sim_teste/install/eufs_msgs/share/eufs_msgs/msg/ConeArrayWithCovariance.msg
[0.917s] -- Up-to-date symlink: /home/gustavo/eufs_sim_teste/install/eufs_msgs/share/eufs_msgs/msg/ConeWithCovariance.msg
[0.917s] -- Up-to-date symlink: /home/gustavo/eufs_sim_teste/install/eufs_msgs/share/eufs_msgs/msg/Costmap.msg
[0.917s] -- Up-to-date symlink: /home/gustavo/eufs_sim_teste/install/eufs_msgs/share/eufs_msgs/msg/EKFErr.msg
[0.917s] -- Up-to-date symlink: /home/gustavo/eufs_sim_teste/install/eufs_msgs/share/eufs_msgs/msg/EKFState.msg
[0.917s] -- Up-to-date symlink: /home/gustavo/eufs_sim_teste/install/eufs_msgs/share/eufs_msgs/msg/FullState.msg
[0.917s] -- Up-to-date symlink: /home/gustavo/eufs_sim_teste/install/eufs_msgs/share/eufs_msgs/msg/Heartbeat.msg
[0.918s] -- Up-to-date symlink: /home/gustavo/eufs_sim_teste/install/eufs_msgs/share/eufs_msgs/msg/IntegrationErr.msg
[0.918s] -- Up-to-date symlink: /home/gustavo/eufs_sim_teste/install/eufs_msgs/share/eufs_msgs/msg/LapStats.msg
[0.918s] -- Up-to-date symlink: /home/gustavo/eufs_sim_teste/install/eufs_msgs/share/eufs_msgs/msg/NodeState.msg
[0.918s] -- Up-to-date symlink: /home/gustavo/eufs_sim_teste/install/eufs_msgs/share/eufs_msgs/msg/NodeStateArray.msg
[0.919s] -- Up-to-date symlink: /home/gustavo/eufs_sim_teste/install/eufs_msgs/share/eufs_msgs/msg/PathIntegralParams.msg
[0.919s] -- Up-to-date symlink: /home/gustavo/eufs_sim_teste/install/eufs_msgs/share/eufs_msgs/msg/PathIntegralStats.msg
[0.919s] -- Up-to-date symlink: /home/gustavo/eufs_sim_teste/install/eufs_msgs/share/eufs_msgs/msg/PathIntegralStatus.msg
[0.919s] -- Up-to-date symlink: /home/gustavo/eufs_sim_teste/install/eufs_msgs/share/eufs_msgs/msg/PathIntegralTiming.msg
[0.919s] -- Up-to-date symlink: /home/gustavo/eufs_sim_teste/install/eufs_msgs/share/eufs_msgs/msg/PointArray.msg
[0.920s] -- Up-to-date symlink: /home/gustavo/eufs_sim_teste/install/eufs_msgs/share/eufs_msgs/msg/PointArrayStamped.msg
[0.920s] -- Up-to-date symlink: /home/gustavo/eufs_sim_teste/install/eufs_msgs/share/eufs_msgs/msg/Runstop.msg
[0.920s] -- Up-to-date symlink: /home/gustavo/eufs_sim_teste/install/eufs_msgs/share/eufs_msgs/msg/SLAMErr.msg
[0.920s] -- Up-to-date symlink: /home/gustavo/eufs_sim_teste/install/eufs_msgs/share/eufs_msgs/msg/SLAMState.msg
[0.920s] -- Up-to-date symlink: /home/gustavo/eufs_sim_teste/install/eufs_msgs/share/eufs_msgs/msg/StateMachineState.msg
[0.920s] -- Up-to-date symlink: /home/gustavo/eufs_sim_teste/install/eufs_msgs/share/eufs_msgs/msg/SystemStatus.msg
[0.921s] -- Up-to-date symlink: /home/gustavo/eufs_sim_teste/install/eufs_msgs/share/eufs_msgs/msg/TopicStatus.msg
[0.921s] -- Up-to-date symlink: /home/gustavo/eufs_sim_teste/install/eufs_msgs/share/eufs_msgs/msg/VehicleCommands.msg
[0.921s] -- Up-to-date symlink: /home/gustavo/eufs_sim_teste/install/eufs_msgs/share/eufs_msgs/msg/VehicleCommandsStamped.msg
[0.921s] -- Up-to-date symlink: /home/gustavo/eufs_sim_teste/install/eufs_msgs/share/eufs_msgs/msg/Waypoint.msg
[0.921s] -- Up-to-date symlink: /home/gustavo/eufs_sim_teste/install/eufs_msgs/share/eufs_msgs/msg/WaypointArrayStamped.msg
[0.922s] -- Up-to-date symlink: /home/gustavo/eufs_sim_teste/install/eufs_msgs/share/eufs_msgs/msg/WheelOdometryErr.msg
[0.922s] -- Up-to-date symlink: /home/gustavo/eufs_sim_teste/install/eufs_msgs/share/eufs_msgs/msg/WheelSpeeds.msg
[0.922s] -- Up-to-date symlink: /home/gustavo/eufs_sim_teste/install/eufs_msgs/share/eufs_msgs/msg/WheelSpeedsStamped.msg
[0.922s] -- Up-to-date symlink: /home/gustavo/eufs_sim_teste/install/eufs_msgs/share/eufs_msgs/action/CheckForObjects.action
[0.922s] -- Up-to-date symlink: /home/gustavo/eufs_sim_teste/install/eufs_msgs/share/eufs_msgs/srv/Register.srv
[0.922s] -- Up-to-date symlink: /home/gustavo/eufs_sim_teste/install/eufs_msgs/share/eufs_msgs/srv/Register_Request.msg
[0.923s] -- Up-to-date symlink: /home/gustavo/eufs_sim_teste/install/eufs_msgs/share/eufs_msgs/srv/Register_Response.msg
[0.923s] -- Up-to-date symlink: /home/gustavo/eufs_sim_teste/install/eufs_msgs/share/eufs_msgs/srv/SetCanState.srv
[0.923s] -- Up-to-date symlink: /home/gustavo/eufs_sim_teste/install/eufs_msgs/share/eufs_msgs/srv/SetCanState_Request.msg
[0.923s] -- Up-to-date symlink: /home/gustavo/eufs_sim_teste/install/eufs_msgs/share/eufs_msgs/srv/SetCanState_Response.msg
[0.923s] -- Up-to-date symlink: /home/gustavo/eufs_sim_teste/install/eufs_msgs/share/ament_index/resource_index/package_run_dependencies/eufs_msgs
[0.924s] -- Up-to-date symlink: /home/gustavo/eufs_sim_teste/install/eufs_msgs/share/ament_index/resource_index/parent_prefix_path/eufs_msgs
[0.924s] -- Up-to-date symlink: /home/gustavo/eufs_sim_teste/install/eufs_msgs/share/eufs_msgs/environment/ament_prefix_path.sh
[0.924s] -- Up-to-date symlink: /home/gustavo/eufs_sim_teste/install/eufs_msgs/share/eufs_msgs/environment/ament_prefix_path.dsv
[0.924s] -- Up-to-date symlink: /home/gustavo/eufs_sim_teste/install/eufs_msgs/share/eufs_msgs/environment/path.sh
[0.924s] -- Up-to-date symlink: /home/gustavo/eufs_sim_teste/install/eufs_msgs/share/eufs_msgs/environment/path.dsv
[0.925s] -- Up-to-date symlink: /home/gustavo/eufs_sim_teste/install/eufs_msgs/share/eufs_msgs/local_setup.bash
[0.925s] -- Up-to-date symlink: /home/gustavo/eufs_sim_teste/install/eufs_msgs/share/eufs_msgs/local_setup.sh
[0.925s] -- Up-to-date symlink: /home/gustavo/eufs_sim_teste/install/eufs_msgs/share/eufs_msgs/local_setup.zsh
[0.925s] -- Up-to-date symlink: /home/gustavo/eufs_sim_teste/install/eufs_msgs/share/eufs_msgs/local_setup.dsv
[0.925s] -- Symlinking: /home/gustavo/eufs_sim_teste/install/eufs_msgs/share/eufs_msgs/package.dsv
[0.933s] -- Up-to-date symlink: /home/gustavo/eufs_sim_teste/install/eufs_msgs/share/ament_index/resource_index/packages/eufs_msgs
[0.933s] -- Up-to-date symlink: /home/gustavo/eufs_sim_teste/install/eufs_msgs/share/eufs_msgs/cmake/rosidl_cmake-extras.cmake
[0.934s] -- Up-to-date symlink: /home/gustavo/eufs_sim_teste/install/eufs_msgs/share/eufs_msgs/cmake/ament_cmake_export_dependencies-extras.cmake
[0.934s] -- Up-to-date symlink: /home/gustavo/eufs_sim_teste/install/eufs_msgs/share/eufs_msgs/cmake/ament_cmake_export_libraries-extras.cmake
[0.934s] -- Up-to-date symlink: /home/gustavo/eufs_sim_teste/install/eufs_msgs/share/eufs_msgs/cmake/ament_cmake_export_targets-extras.cmake
[0.934s] -- Up-to-date symlink: /home/gustavo/eufs_sim_teste/install/eufs_msgs/share/eufs_msgs/cmake/ament_cmake_export_include_directories-extras.cmake
[0.934s] -- Up-to-date symlink: /home/gustavo/eufs_sim_teste/install/eufs_msgs/share/eufs_msgs/cmake/rosidl_cmake_export_typesupport_libraries-extras.cmake
[0.935s] -- Up-to-date symlink: /home/gustavo/eufs_sim_teste/install/eufs_msgs/share/eufs_msgs/cmake/rosidl_cmake_export_typesupport_targets-extras.cmake
[0.935s] -- Up-to-date symlink: /home/gustavo/eufs_sim_teste/install/eufs_msgs/share/eufs_msgs/cmake/eufs_msgsConfig.cmake
[0.935s] -- Up-to-date symlink: /home/gustavo/eufs_sim_teste/install/eufs_msgs/share/eufs_msgs/cmake/eufs_msgsConfig-version.cmake
[0.935s] -- Up-to-date symlink: /home/gustavo/eufs_sim_teste/install/eufs_msgs/share/eufs_msgs/package.xml
[0.936s] -- Up-to-date: /home/gustavo/eufs_sim_teste/install/eufs_msgs/lib/libeufs_msgs__rosidl_generator_c.so
[0.937s] -- Up-to-date: /home/gustavo/eufs_sim_teste/install/eufs_msgs/lib/libeufs_msgs__rosidl_typesupport_introspection_c.so
[0.939s] -- Up-to-date: /home/gustavo/eufs_sim_teste/install/eufs_msgs/lib/libeufs_msgs__rosidl_typesupport_c.so
[0.940s] -- Up-to-date: /home/gustavo/eufs_sim_teste/install/eufs_msgs/lib/libeufs_msgs__rosidl_typesupport_introspection_cpp.so
[0.941s] -- Up-to-date: /home/gustavo/eufs_sim_teste/install/eufs_msgs/lib/libeufs_msgs__rosidl_typesupport_cpp.so
[0.967s] -- Up-to-date: /home/gustavo/eufs_sim_teste/install/eufs_msgs/share/eufs_msgs/cmake/eufs_msgs__rosidl_generator_cExport.cmake
[0.968s] -- Up-to-date: /home/gustavo/eufs_sim_teste/install/eufs_msgs/share/eufs_msgs/cmake/eufs_msgs__rosidl_generator_cExport-noconfig.cmake
[0.968s] -- Up-to-date: /home/gustavo/eufs_sim_teste/install/eufs_msgs/share/eufs_msgs/cmake/eufs_msgs__rosidl_typesupport_introspection_cExport.cmake
[0.968s] -- Up-to-date: /home/gustavo/eufs_sim_teste/install/eufs_msgs/share/eufs_msgs/cmake/eufs_msgs__rosidl_typesupport_introspection_cExport-noconfig.cmake
[0.968s] -- Up-to-date: /home/gustavo/eufs_sim_teste/install/eufs_msgs/share/eufs_msgs/cmake/eufs_msgs__rosidl_typesupport_cExport.cmake
[0.968s] -- Up-to-date: /home/gustavo/eufs_sim_teste/install/eufs_msgs/share/eufs_msgs/cmake/eufs_msgs__rosidl_typesupport_cExport-noconfig.cmake
[0.968s] -- Up-to-date: /home/gustavo/eufs_sim_teste/install/eufs_msgs/share/eufs_msgs/cmake/eufs_msgs__rosidl_generator_cppExport.cmake
[0.968s] -- Up-to-date: /home/gustavo/eufs_sim_teste/install/eufs_msgs/share/eufs_msgs/cmake/eufs_msgs__rosidl_typesupport_introspection_cppExport.cmake
[0.968s] -- Up-to-date: /home/gustavo/eufs_sim_teste/install/eufs_msgs/share/eufs_msgs/cmake/eufs_msgs__rosidl_typesupport_introspection_cppExport-noconfig.cmake
[0.968s] -- Up-to-date: /home/gustavo/eufs_sim_teste/install/eufs_msgs/share/eufs_msgs/cmake/eufs_msgs__rosidl_typesupport_cppExport.cmake
[0.969s] -- Up-to-date: /home/gustavo/eufs_sim_teste/install/eufs_msgs/share/eufs_msgs/cmake/eufs_msgs__rosidl_typesupport_cppExport-noconfig.cmake
[0.975s] Invoked command in '/home/gustavo/eufs_sim_teste/build/eufs_msgs' returned '0': /usr/bin/cmake --install /home/gustavo/eufs_sim_teste/build/eufs_msgs
