/home/gustavo/eufs_sim_teste/install/eufs_rqt/lib/python3.8/site-packages/eufs_rqt/EUFSRobotSteeringGUI.py
/home/gustavo/eufs_sim_teste/install/eufs_rqt/lib/python3.8/site-packages/eufs_rqt/MissionControlGUI.py
/home/gustavo/eufs_sim_teste/install/eufs_rqt/lib/python3.8/site-packages/eufs_rqt/__init__.py
/home/gustavo/eufs_sim_teste/install/eufs_rqt/lib/python3.8/site-packages/eufs_rqt/__pycache__/EUFSRobotSteeringGUI.cpython-38.pyc
/home/gustavo/eufs_sim_teste/install/eufs_rqt/lib/python3.8/site-packages/eufs_rqt/__pycache__/MissionControlGUI.cpython-38.pyc
/home/gustavo/eufs_sim_teste/install/eufs_rqt/lib/python3.8/site-packages/eufs_rqt/__pycache__/__init__.cpython-38.pyc
/home/gustavo/eufs_sim_teste/install/eufs_rqt/share/eufs_rqt/config/eufs_sim.perspective
/home/gustavo/eufs_sim_teste/install/eufs_rqt/share/eufs_rqt/resource/EUFSRobotSteeringGUI.ui
/home/gustavo/eufs_sim_teste/install/eufs_rqt/share/eufs_rqt/resource/MissionControlGUI.ui
/home/gustavo/eufs_sim_teste/install/eufs_rqt/share/eufs_rqt/plugin.xml
/home/gustavo/eufs_sim_teste/install/eufs_rqt/share/ament_index/resource_index/packages/eufs_rqt
/home/gustavo/eufs_sim_teste/install/eufs_rqt/share/eufs_rqt/package.xml
/home/gustavo/eufs_sim_teste/install/eufs_rqt/lib/python3.8/site-packages/eufs_rqt-2.0.0-py3.8.egg-info/PKG-INFO
/home/gustavo/eufs_sim_teste/install/eufs_rqt/lib/python3.8/site-packages/eufs_rqt-2.0.0-py3.8.egg-info/zip-safe
/home/gustavo/eufs_sim_teste/install/eufs_rqt/lib/python3.8/site-packages/eufs_rqt-2.0.0-py3.8.egg-info/dependency_links.txt
/home/gustavo/eufs_sim_teste/install/eufs_rqt/lib/python3.8/site-packages/eufs_rqt-2.0.0-py3.8.egg-info/requires.txt
/home/gustavo/eufs_sim_teste/install/eufs_rqt/lib/python3.8/site-packages/eufs_rqt-2.0.0-py3.8.egg-info/top_level.txt
/home/gustavo/eufs_sim_teste/install/eufs_rqt/lib/python3.8/site-packages/eufs_rqt-2.0.0-py3.8.egg-info/SOURCES.txt
/home/gustavo/eufs_sim_teste/install/eufs_rqt/lib/eufs_rqt/eufs_robot_steering_gui
/home/gustavo/eufs_sim_teste/install/eufs_rqt/lib/eufs_rqt/mission_control_gui
