[0.627s] Invoking command in '/home/gustavo/eufs_sim_teste/eufs_sim/eufs_rqt': CMAKE_PREFIX_PATH=/home/gustavo/eufs_sim_teste/install/eufs_msgs:/home/gustavo/eufs_sim_teste/install/eufs_sensors:/home/gustavo/eufs_sim_teste/install/eufs_plugins:/home/gustavo/eufs_sim_teste/install/eufs_models LD_LIBRARY_PATH=/home/gustavo/eufs_sim_teste/install/eufs_msgs/lib:/usr/lib/x86_64-linux-gnu/gazebo-11/plugins:/opt/ros/galactic/opt/yaml_cpp_vendor/lib:/opt/ros/galactic/opt/rviz_ogre_vendor/lib:/opt/ros/galactic/lib/x86_64-linux-gnu:/opt/ros/galactic/lib:/home/gustavo/eufs_sim_teste/install/eufs_plugins/lib:/home/gustavo/eufs_sim_teste/install/eufs_models/lib PYTHONPATH=/home/gustavo/eufs_sim_teste/build/eufs_rqt/prefix_override:/home/gustavo/eufs_sim_teste/install/eufs_rqt/lib/python3.8/site-packages:/home/gustavo/eufs_sim_teste/install/eufs_msgs/lib/python3.8/site-packages:/opt/ros/galactic/lib/python3.8/site-packages:/home/gustavo/eufs_sim_teste/install/eufs_launcher/lib/python3.8/site-packages:/home/gustavo/eufs_sim_teste/install/eufs_tracks/lib/python3.8/site-packages:/home/gustavo/eufs_sim_teste/install/eufs_rqt/lib/python3.8/site-packages:/home/gustavo/eufs_sim_teste/install/eufs_racecar/lib/python3.8/site-packages /usr/bin/python3 setup.py egg_info --egg-base ../../build/eufs_rqt build --build-base /home/gustavo/eufs_sim_teste/build/eufs_rqt/build install --record /home/gustavo/eufs_sim_teste/build/eufs_rqt/install.log --single-version-externally-managed
[0.816s] running egg_info
[0.817s] creating ../../build/eufs_rqt/eufs_rqt.egg-info
[0.817s] writing ../../build/eufs_rqt/eufs_rqt.egg-info/PKG-INFO
[0.817s] writing dependency_links to ../../build/eufs_rqt/eufs_rqt.egg-info/dependency_links.txt
[0.817s] writing requirements to ../../build/eufs_rqt/eufs_rqt.egg-info/requires.txt
[0.817s] writing top-level names to ../../build/eufs_rqt/eufs_rqt.egg-info/top_level.txt
[0.818s] writing manifest file '../../build/eufs_rqt/eufs_rqt.egg-info/SOURCES.txt'
[0.819s] reading manifest file '../../build/eufs_rqt/eufs_rqt.egg-info/SOURCES.txt'
[0.819s] adding license file 'LICENSE'
[0.820s] writing manifest file '../../build/eufs_rqt/eufs_rqt.egg-info/SOURCES.txt'
[0.820s] running build
[0.820s] running build_py
[0.820s] creating /home/gustavo/eufs_sim_teste/build/eufs_rqt/build
[0.820s] creating /home/gustavo/eufs_sim_teste/build/eufs_rqt/build/lib
[0.820s] creating /home/gustavo/eufs_sim_teste/build/eufs_rqt/build/lib/eufs_rqt
[0.820s] copying src/eufs_rqt/EUFSRobotSteeringGUI.py -> /home/gustavo/eufs_sim_teste/build/eufs_rqt/build/lib/eufs_rqt
[0.820s] copying src/eufs_rqt/MissionControlGUI.py -> /home/gustavo/eufs_sim_teste/build/eufs_rqt/build/lib/eufs_rqt
[0.820s] copying src/eufs_rqt/__init__.py -> /home/gustavo/eufs_sim_teste/build/eufs_rqt/build/lib/eufs_rqt
[0.820s] running build_scripts
[0.820s] creating /home/gustavo/eufs_sim_teste/build/eufs_rqt/build/scripts-3.8
[0.820s] copying and adjusting scripts/eufs_robot_steering_gui -> /home/gustavo/eufs_sim_teste/build/eufs_rqt/build/scripts-3.8
[0.820s] copying and adjusting scripts/mission_control_gui -> /home/gustavo/eufs_sim_teste/build/eufs_rqt/build/scripts-3.8
[0.821s] changing mode of /home/gustavo/eufs_sim_teste/build/eufs_rqt/build/scripts-3.8/eufs_robot_steering_gui from 664 to 775
[0.821s] changing mode of /home/gustavo/eufs_sim_teste/build/eufs_rqt/build/scripts-3.8/mission_control_gui from 664 to 775
[0.821s] running install
[0.822s] running install_lib
[0.823s] creating /home/gustavo/eufs_sim_teste/install/eufs_rqt/lib/python3.8/site-packages/eufs_rqt
[0.823s] copying /home/gustavo/eufs_sim_teste/build/eufs_rqt/build/lib/eufs_rqt/EUFSRobotSteeringGUI.py -> /home/gustavo/eufs_sim_teste/install/eufs_rqt/lib/python3.8/site-packages/eufs_rqt
[0.823s] copying /home/gustavo/eufs_sim_teste/build/eufs_rqt/build/lib/eufs_rqt/MissionControlGUI.py -> /home/gustavo/eufs_sim_teste/install/eufs_rqt/lib/python3.8/site-packages/eufs_rqt
[0.823s] copying /home/gustavo/eufs_sim_teste/build/eufs_rqt/build/lib/eufs_rqt/__init__.py -> /home/gustavo/eufs_sim_teste/install/eufs_rqt/lib/python3.8/site-packages/eufs_rqt
[0.823s] byte-compiling /home/gustavo/eufs_sim_teste/install/eufs_rqt/lib/python3.8/site-packages/eufs_rqt/EUFSRobotSteeringGUI.py to EUFSRobotSteeringGUI.cpython-38.pyc
[0.825s] byte-compiling /home/gustavo/eufs_sim_teste/install/eufs_rqt/lib/python3.8/site-packages/eufs_rqt/MissionControlGUI.py to MissionControlGUI.cpython-38.pyc
[0.826s] byte-compiling /home/gustavo/eufs_sim_teste/install/eufs_rqt/lib/python3.8/site-packages/eufs_rqt/__init__.py to __init__.cpython-38.pyc
[0.826s] running install_data
[0.827s] creating /home/gustavo/eufs_sim_teste/install/eufs_rqt/share/eufs_rqt/config
[0.827s] copying config/eufs_sim.perspective -> /home/gustavo/eufs_sim_teste/install/eufs_rqt/share/eufs_rqt/config
[0.827s] creating /home/gustavo/eufs_sim_teste/install/eufs_rqt/share/eufs_rqt/resource
[0.827s] copying resource/EUFSRobotSteeringGUI.ui -> /home/gustavo/eufs_sim_teste/install/eufs_rqt/share/eufs_rqt/resource
[0.827s] copying resource/MissionControlGUI.ui -> /home/gustavo/eufs_sim_teste/install/eufs_rqt/share/eufs_rqt/resource
[0.827s] copying plugin.xml -> /home/gustavo/eufs_sim_teste/install/eufs_rqt/share/eufs_rqt
[0.827s] creating /home/gustavo/eufs_sim_teste/install/eufs_rqt/share/ament_index
[0.827s] creating /home/gustavo/eufs_sim_teste/install/eufs_rqt/share/ament_index/resource_index
[0.827s] creating /home/gustavo/eufs_sim_teste/install/eufs_rqt/share/ament_index/resource_index/packages
[0.827s] copying resource/eufs_rqt -> /home/gustavo/eufs_sim_teste/install/eufs_rqt/share/ament_index/resource_index/packages
[0.827s] copying package.xml -> /home/gustavo/eufs_sim_teste/install/eufs_rqt/share/eufs_rqt
[0.827s] running install_egg_info
[0.828s] Copying ../../build/eufs_rqt/eufs_rqt.egg-info to /home/gustavo/eufs_sim_teste/install/eufs_rqt/lib/python3.8/site-packages/eufs_rqt-2.0.0-py3.8.egg-info
[0.829s] running install_scripts
[0.842s] creating /home/gustavo/eufs_sim_teste/install/eufs_rqt/lib/eufs_rqt
[0.842s] copying /home/gustavo/eufs_sim_teste/build/eufs_rqt/build/scripts-3.8/eufs_robot_steering_gui -> /home/gustavo/eufs_sim_teste/install/eufs_rqt/lib/eufs_rqt
[0.842s] copying /home/gustavo/eufs_sim_teste/build/eufs_rqt/build/scripts-3.8/mission_control_gui -> /home/gustavo/eufs_sim_teste/install/eufs_rqt/lib/eufs_rqt
[0.843s] changing mode of /home/gustavo/eufs_sim_teste/install/eufs_rqt/lib/eufs_rqt/eufs_robot_steering_gui to 775
[0.843s] changing mode of /home/gustavo/eufs_sim_teste/install/eufs_rqt/lib/eufs_rqt/mission_control_gui to 775
[0.844s] writing list of installed files to '/home/gustavo/eufs_sim_teste/build/eufs_rqt/install.log'
[0.866s] Invoked command in '/home/gustavo/eufs_sim_teste/eufs_sim/eufs_rqt' returned '0': CMAKE_PREFIX_PATH=/home/gustavo/eufs_sim_teste/install/eufs_msgs:/home/gustavo/eufs_sim_teste/install/eufs_sensors:/home/gustavo/eufs_sim_teste/install/eufs_plugins:/home/gustavo/eufs_sim_teste/install/eufs_models LD_LIBRARY_PATH=/home/gustavo/eufs_sim_teste/install/eufs_msgs/lib:/usr/lib/x86_64-linux-gnu/gazebo-11/plugins:/opt/ros/galactic/opt/yaml_cpp_vendor/lib:/opt/ros/galactic/opt/rviz_ogre_vendor/lib:/opt/ros/galactic/lib/x86_64-linux-gnu:/opt/ros/galactic/lib:/home/gustavo/eufs_sim_teste/install/eufs_plugins/lib:/home/gustavo/eufs_sim_teste/install/eufs_models/lib PYTHONPATH=/home/gustavo/eufs_sim_teste/build/eufs_rqt/prefix_override:/home/gustavo/eufs_sim_teste/install/eufs_rqt/lib/python3.8/site-packages:/home/gustavo/eufs_sim_teste/install/eufs_msgs/lib/python3.8/site-packages:/opt/ros/galactic/lib/python3.8/site-packages:/home/gustavo/eufs_sim_teste/install/eufs_launcher/lib/python3.8/site-packages:/home/gustavo/eufs_sim_teste/install/eufs_tracks/lib/python3.8/site-packages:/home/gustavo/eufs_sim_teste/install/eufs_rqt/lib/python3.8/site-packages:/home/gustavo/eufs_sim_teste/install/eufs_racecar/lib/python3.8/site-packages /usr/bin/python3 setup.py egg_info --egg-base ../../build/eufs_rqt build --build-base /home/gustavo/eufs_sim_teste/build/eufs_rqt/build install --record /home/gustavo/eufs_sim_teste/build/eufs_rqt/install.log --single-version-externally-managed
