running develop
Removing /home/gustavo/eufs_sim_teste/install/eufs_launcher/lib/python3.8/site-packages/eufs-launcher.egg-link (link to src)
running egg_info
writing ../../build/eufs_launcher/eufs_launcher.egg-info/PKG-INFO
writing dependency_links to ../../build/eufs_launcher/eufs_launcher.egg-info/dependency_links.txt
writing requirements to ../../build/eufs_launcher/eufs_launcher.egg-info/requires.txt
writing top-level names to ../../build/eufs_launcher/eufs_launcher.egg-info/top_level.txt
reading manifest file '../../build/eufs_launcher/eufs_launcher.egg-info/SOURCES.txt'
writing manifest file '../../build/eufs_launcher/eufs_launcher.egg-info/SOURCES.txt'
running build
running build_py
running build_scripts
running install
running install_lib
creating /home/gustavo/eufs_sim_teste/install/eufs_launcher/lib/python3.8/site-packages/eufs_launcher
copying /home/gustavo/eufs_sim_teste/build/eufs_launcher/build/lib/eufs_launcher/LauncherModule.py -> /home/gustavo/eufs_sim_teste/install/eufs_launcher/lib/python3.8/site-packages/eufs_launcher
copying /home/gustavo/eufs_sim_teste/build/eufs_launcher/build/lib/eufs_launcher/__init__.py -> /home/gustavo/eufs_sim_teste/install/eufs_launcher/lib/python3.8/site-packages/eufs_launcher
byte-compiling /home/gustavo/eufs_sim_teste/install/eufs_launcher/lib/python3.8/site-packages/eufs_launcher/LauncherModule.py to LauncherModule.cpython-38.pyc
byte-compiling /home/gustavo/eufs_sim_teste/install/eufs_launcher/lib/python3.8/site-packages/eufs_launcher/__init__.py to __init__.cpython-38.pyc
running install_data
running install_egg_info
Copying ../../build/eufs_launcher/eufs_launcher.egg-info to /home/gustavo/eufs_sim_teste/install/eufs_launcher/lib/python3.8/site-packages/eufs_launcher-2.0.0-py3.8.egg-info
running install_scripts
changing mode of /home/gustavo/eufs_sim_teste/install/eufs_launcher/lib/eufs_launcher/eufs_launcher to 775
writing list of installed files to '/home/gustavo/eufs_sim_teste/build/eufs_launcher/install.log'
