[0.611s] Invoking command in '/home/gustavo/eufs_sim_teste/build/eufs_launcher': AMENT_PREFIX_PATH=/home/gustavo/eufs_sim_teste/install/eufs_tracks:/home/gustavo/eufs_sim_teste/install/eufs_launcher:/home/gustavo/eufs_sim_teste/install/eufs_sensors:/home/gustavo/eufs_sim_teste/install/eufs_rqt:/home/gustavo/eufs_sim_teste/install/eufs_racecar:/home/gustavo/eufs_sim_teste/install/eufs_plugins:/home/gustavo/eufs_sim_teste/install/eufs_models:/home/gustavo/eufs_sim_teste/install/eufs_msgs:/opt/ros/galactic PYTHONPATH=/home/gustavo/eufs_sim_teste/build/eufs_launcher/prefix_override:/home/gustavo/eufs_sim_teste/install/eufs_launcher/lib/python3.8/site-packages:/home/gustavo/eufs_sim_teste/install/eufs_tracks/lib/python3.8/site-packages:/home/gustavo/eufs_sim_teste/build/eufs_launcher/src:/home/gustavo/eufs_sim_teste/build/eufs_tracks:/home/gustavo/eufs_sim_teste/build/eufs_rqt/src:/home/gustavo/eufs_sim_teste/build/eufs_racecar:/home/gustavo/eufs_sim_teste/install/eufs_launcher/lib/python3.8/site-packages:/home/gustavo/eufs_sim_teste/install/eufs_rqt/lib/python3.8/site-packages:/home/gustavo/eufs_sim_teste/install/eufs_racecar/lib/python3.8/site-packages:/home/gustavo/eufs_sim_teste/install/eufs_msgs/lib/python3.8/site-packages:/opt/ros/galactic/lib/python3.8/site-packages /usr/bin/python3 setup.py develop --uninstall --editable --build-directory /home/gustavo/eufs_sim_teste/build/eufs_launcher/build
[0.833s] running develop
[0.970s] Removing /home/gustavo/eufs_sim_teste/install/eufs_launcher/lib/python3.8/site-packages/eufs-launcher.egg-link (link to src)
[0.970s] Note: you must uninstall or replace scripts manually!
[0.990s] Invoked command in '/home/gustavo/eufs_sim_teste/build/eufs_launcher' returned '0': AMENT_PREFIX_PATH=/home/gustavo/eufs_sim_teste/install/eufs_tracks:/home/gustavo/eufs_sim_teste/install/eufs_launcher:/home/gustavo/eufs_sim_teste/install/eufs_sensors:/home/gustavo/eufs_sim_teste/install/eufs_rqt:/home/gustavo/eufs_sim_teste/install/eufs_racecar:/home/gustavo/eufs_sim_teste/install/eufs_plugins:/home/gustavo/eufs_sim_teste/install/eufs_models:/home/gustavo/eufs_sim_teste/install/eufs_msgs:/opt/ros/galactic PYTHONPATH=/home/gustavo/eufs_sim_teste/build/eufs_launcher/prefix_override:/home/gustavo/eufs_sim_teste/install/eufs_launcher/lib/python3.8/site-packages:/home/gustavo/eufs_sim_teste/install/eufs_tracks/lib/python3.8/site-packages:/home/gustavo/eufs_sim_teste/build/eufs_launcher/src:/home/gustavo/eufs_sim_teste/build/eufs_tracks:/home/gustavo/eufs_sim_teste/build/eufs_rqt/src:/home/gustavo/eufs_sim_teste/build/eufs_racecar:/home/gustavo/eufs_sim_teste/install/eufs_launcher/lib/python3.8/site-packages:/home/gustavo/eufs_sim_teste/install/eufs_rqt/lib/python3.8/site-packages:/home/gustavo/eufs_sim_teste/install/eufs_racecar/lib/python3.8/site-packages:/home/gustavo/eufs_sim_teste/install/eufs_msgs/lib/python3.8/site-packages:/opt/ros/galactic/lib/python3.8/site-packages /usr/bin/python3 setup.py develop --uninstall --editable --build-directory /home/gustavo/eufs_sim_teste/build/eufs_launcher/build
[0.992s] Invoking command in '/home/gustavo/eufs_sim_teste/eufs_sim/eufs_launcher': AMENT_PREFIX_PATH=/home/gustavo/eufs_sim_teste/install/eufs_tracks:/home/gustavo/eufs_sim_teste/install/eufs_launcher:/home/gustavo/eufs_sim_teste/install/eufs_sensors:/home/gustavo/eufs_sim_teste/install/eufs_rqt:/home/gustavo/eufs_sim_teste/install/eufs_racecar:/home/gustavo/eufs_sim_teste/install/eufs_plugins:/home/gustavo/eufs_sim_teste/install/eufs_models:/home/gustavo/eufs_sim_teste/install/eufs_msgs:/opt/ros/galactic PYTHONPATH=/home/gustavo/eufs_sim_teste/build/eufs_launcher/prefix_override:/home/gustavo/eufs_sim_teste/install/eufs_launcher/lib/python3.8/site-packages:/home/gustavo/eufs_sim_teste/install/eufs_tracks/lib/python3.8/site-packages:/home/gustavo/eufs_sim_teste/build/eufs_launcher/src:/home/gustavo/eufs_sim_teste/build/eufs_tracks:/home/gustavo/eufs_sim_teste/build/eufs_rqt/src:/home/gustavo/eufs_sim_teste/build/eufs_racecar:/home/gustavo/eufs_sim_teste/install/eufs_launcher/lib/python3.8/site-packages:/home/gustavo/eufs_sim_teste/install/eufs_rqt/lib/python3.8/site-packages:/home/gustavo/eufs_sim_teste/install/eufs_racecar/lib/python3.8/site-packages:/home/gustavo/eufs_sim_teste/install/eufs_msgs/lib/python3.8/site-packages:/opt/ros/galactic/lib/python3.8/site-packages /usr/bin/python3 setup.py egg_info --egg-base ../../build/eufs_launcher build --build-base /home/gustavo/eufs_sim_teste/build/eufs_launcher/build install --record /home/gustavo/eufs_sim_teste/build/eufs_launcher/install.log --single-version-externally-managed
[1.198s] running egg_info
[1.198s] writing ../../build/eufs_launcher/eufs_launcher.egg-info/PKG-INFO
[1.199s] writing dependency_links to ../../build/eufs_launcher/eufs_launcher.egg-info/dependency_links.txt
[1.199s] writing requirements to ../../build/eufs_launcher/eufs_launcher.egg-info/requires.txt
[1.199s] writing top-level names to ../../build/eufs_launcher/eufs_launcher.egg-info/top_level.txt
[1.202s] reading manifest file '../../build/eufs_launcher/eufs_launcher.egg-info/SOURCES.txt'
[1.203s] writing manifest file '../../build/eufs_launcher/eufs_launcher.egg-info/SOURCES.txt'
[1.203s] running build
[1.203s] running build_py
[1.203s] running build_scripts
[1.203s] running install
[1.204s] running install_lib
[1.205s] creating /home/gustavo/eufs_sim_teste/install/eufs_launcher/lib/python3.8/site-packages/eufs_launcher
[1.205s] copying /home/gustavo/eufs_sim_teste/build/eufs_launcher/build/lib/eufs_launcher/LauncherModule.py -> /home/gustavo/eufs_sim_teste/install/eufs_launcher/lib/python3.8/site-packages/eufs_launcher
[1.205s] copying /home/gustavo/eufs_sim_teste/build/eufs_launcher/build/lib/eufs_launcher/__init__.py -> /home/gustavo/eufs_sim_teste/install/eufs_launcher/lib/python3.8/site-packages/eufs_launcher
[1.205s] byte-compiling /home/gustavo/eufs_sim_teste/install/eufs_launcher/lib/python3.8/site-packages/eufs_launcher/LauncherModule.py to LauncherModule.cpython-38.pyc
[1.207s] byte-compiling /home/gustavo/eufs_sim_teste/install/eufs_launcher/lib/python3.8/site-packages/eufs_launcher/__init__.py to __init__.cpython-38.pyc
[1.207s] running install_data
[1.207s] running install_egg_info
[1.209s] Copying ../../build/eufs_launcher/eufs_launcher.egg-info to /home/gustavo/eufs_sim_teste/install/eufs_launcher/lib/python3.8/site-packages/eufs_launcher-2.0.0-py3.8.egg-info
[1.209s] running install_scripts
[1.222s] changing mode of /home/gustavo/eufs_sim_teste/install/eufs_launcher/lib/eufs_launcher/eufs_launcher to 775
[1.223s] writing list of installed files to '/home/gustavo/eufs_sim_teste/build/eufs_launcher/install.log'
[1.245s] Invoked command in '/home/gustavo/eufs_sim_teste/eufs_sim/eufs_launcher' returned '0': AMENT_PREFIX_PATH=/home/gustavo/eufs_sim_teste/install/eufs_tracks:/home/gustavo/eufs_sim_teste/install/eufs_launcher:/home/gustavo/eufs_sim_teste/install/eufs_sensors:/home/gustavo/eufs_sim_teste/install/eufs_rqt:/home/gustavo/eufs_sim_teste/install/eufs_racecar:/home/gustavo/eufs_sim_teste/install/eufs_plugins:/home/gustavo/eufs_sim_teste/install/eufs_models:/home/gustavo/eufs_sim_teste/install/eufs_msgs:/opt/ros/galactic PYTHONPATH=/home/gustavo/eufs_sim_teste/build/eufs_launcher/prefix_override:/home/gustavo/eufs_sim_teste/install/eufs_launcher/lib/python3.8/site-packages:/home/gustavo/eufs_sim_teste/install/eufs_tracks/lib/python3.8/site-packages:/home/gustavo/eufs_sim_teste/build/eufs_launcher/src:/home/gustavo/eufs_sim_teste/build/eufs_tracks:/home/gustavo/eufs_sim_teste/build/eufs_rqt/src:/home/gustavo/eufs_sim_teste/build/eufs_racecar:/home/gustavo/eufs_sim_teste/install/eufs_launcher/lib/python3.8/site-packages:/home/gustavo/eufs_sim_teste/install/eufs_rqt/lib/python3.8/site-packages:/home/gustavo/eufs_sim_teste/install/eufs_racecar/lib/python3.8/site-packages:/home/gustavo/eufs_sim_teste/install/eufs_msgs/lib/python3.8/site-packages:/opt/ros/galactic/lib/python3.8/site-packages /usr/bin/python3 setup.py egg_info --egg-base ../../build/eufs_launcher build --build-base /home/gustavo/eufs_sim_teste/build/eufs_launcher/build install --record /home/gustavo/eufs_sim_teste/build/eufs_launcher/install.log --single-version-externally-managed
