[0.602s] Invoking command in '/home/gustavo/eufs_sim_teste/eufs_sim/eufs_launcher': AMENT_PREFIX_PATH=/home/gustavo/eufs_sim_teste/install/eufs_tracks:/opt/ros/galactic:/home/gustavo/eufs_sim_teste/install/eufs_launcher:/home/gustavo/eufs_sim_teste/install/eufs_sensors:/home/gustavo/eufs_sim_teste/install/eufs_rqt:/home/gustavo/eufs_sim_teste/install/eufs_racecar:/home/gustavo/eufs_sim_teste/install/eufs_plugins:/home/gustavo/eufs_sim_teste/install/eufs_models:/home/gustavo/eufs_sim_teste/install/eufs_msgs PYTHONPATH=/home/gustavo/eufs_sim_teste/build/eufs_launcher/prefix_override:/home/gustavo/eufs_sim_teste/install/eufs_launcher/lib/python3.8/site-packages:/home/gustavo/eufs_sim_teste/install/eufs_tracks/lib/python3.8/site-packages:/opt/ros/galactic/lib/python3.8/site-packages:/home/gustavo/eufs_sim_teste/install/eufs_launcher/lib/python3.8/site-packages:/home/gustavo/eufs_sim_teste/install/eufs_rqt/lib/python3.8/site-packages:/home/gustavo/eufs_sim_teste/install/eufs_racecar/lib/python3.8/site-packages:/home/gustavo/eufs_sim_teste/install/eufs_msgs/lib/python3.8/site-packages /usr/bin/python3 setup.py egg_info --egg-base ../../build/eufs_launcher build --build-base /home/gustavo/eufs_sim_teste/build/eufs_launcher/build install --record /home/gustavo/eufs_sim_teste/build/eufs_launcher/install.log --single-version-externally-managed
[0.803s] running egg_info
[0.804s] creating ../../build/eufs_launcher/eufs_launcher.egg-info
[0.804s] writing ../../build/eufs_launcher/eufs_launcher.egg-info/PKG-INFO
[0.804s] writing dependency_links to ../../build/eufs_launcher/eufs_launcher.egg-info/dependency_links.txt
[0.804s] writing requirements to ../../build/eufs_launcher/eufs_launcher.egg-info/requires.txt
[0.804s] writing top-level names to ../../build/eufs_launcher/eufs_launcher.egg-info/top_level.txt
[0.805s] writing manifest file '../../build/eufs_launcher/eufs_launcher.egg-info/SOURCES.txt'
[0.807s] reading manifest file '../../build/eufs_launcher/eufs_launcher.egg-info/SOURCES.txt'
[0.807s] writing manifest file '../../build/eufs_launcher/eufs_launcher.egg-info/SOURCES.txt'
[0.807s] running build
[0.807s] running build_py
[0.807s] creating /home/gustavo/eufs_sim_teste/build/eufs_launcher/build
[0.807s] creating /home/gustavo/eufs_sim_teste/build/eufs_launcher/build/lib
[0.807s] creating /home/gustavo/eufs_sim_teste/build/eufs_launcher/build/lib/eufs_launcher
[0.807s] copying src/eufs_launcher/LauncherModule.py -> /home/gustavo/eufs_sim_teste/build/eufs_launcher/build/lib/eufs_launcher
[0.807s] copying src/eufs_launcher/__init__.py -> /home/gustavo/eufs_sim_teste/build/eufs_launcher/build/lib/eufs_launcher
[0.808s] running build_scripts
[0.808s] creating /home/gustavo/eufs_sim_teste/build/eufs_launcher/build/scripts-3.8
[0.808s] copying and adjusting scripts/eufs_launcher -> /home/gustavo/eufs_sim_teste/build/eufs_launcher/build/scripts-3.8
[0.808s] changing mode of /home/gustavo/eufs_sim_teste/build/eufs_launcher/build/scripts-3.8/eufs_launcher from 664 to 775
[0.808s] running install
[0.808s] running install_lib
[0.809s] creating /home/gustavo/eufs_sim_teste/install/eufs_launcher/lib/python3.8/site-packages/eufs_launcher
[0.809s] copying /home/gustavo/eufs_sim_teste/build/eufs_launcher/build/lib/eufs_launcher/LauncherModule.py -> /home/gustavo/eufs_sim_teste/install/eufs_launcher/lib/python3.8/site-packages/eufs_launcher
[0.809s] copying /home/gustavo/eufs_sim_teste/build/eufs_launcher/build/lib/eufs_launcher/__init__.py -> /home/gustavo/eufs_sim_teste/install/eufs_launcher/lib/python3.8/site-packages/eufs_launcher
[0.809s] byte-compiling /home/gustavo/eufs_sim_teste/install/eufs_launcher/lib/python3.8/site-packages/eufs_launcher/LauncherModule.py to LauncherModule.cpython-38.pyc
[0.811s] byte-compiling /home/gustavo/eufs_sim_teste/install/eufs_launcher/lib/python3.8/site-packages/eufs_launcher/__init__.py to __init__.cpython-38.pyc
[0.811s] running install_data
[0.811s] copying launch/eufs_launcher.launch.py -> /home/gustavo/eufs_sim_teste/install/eufs_launcher/share/eufs_launcher
[0.811s] copying launch/simulation.launch.py -> /home/gustavo/eufs_sim_teste/install/eufs_launcher/share/eufs_launcher
[0.811s] creating /home/gustavo/eufs_sim_teste/install/eufs_launcher/share/eufs_launcher/config
[0.811s] copying config/default.rviz -> /home/gustavo/eufs_sim_teste/install/eufs_launcher/share/eufs_launcher/config
[0.811s] copying config/eufs_launcher.yaml -> /home/gustavo/eufs_sim_teste/install/eufs_launcher/share/eufs_launcher/config
[0.811s] creating /home/gustavo/eufs_sim_teste/install/eufs_launcher/share/eufs_launcher/resource
[0.811s] copying resource/launcher.ui -> /home/gustavo/eufs_sim_teste/install/eufs_launcher/share/eufs_launcher/resource
[0.812s] copying plugin.xml -> /home/gustavo/eufs_sim_teste/install/eufs_launcher/share/eufs_launcher
[0.812s] copying package.xml -> /home/gustavo/eufs_sim_teste/install/eufs_launcher/share/eufs_launcher
[0.812s] creating /home/gustavo/eufs_sim_teste/install/eufs_launcher/share/ament_index
[0.812s] creating /home/gustavo/eufs_sim_teste/install/eufs_launcher/share/ament_index/resource_index
[0.812s] creating /home/gustavo/eufs_sim_teste/install/eufs_launcher/share/ament_index/resource_index/packages
[0.812s] copying resource/eufs_launcher -> /home/gustavo/eufs_sim_teste/install/eufs_launcher/share/ament_index/resource_index/packages
[0.812s] running install_egg_info
[0.813s] Copying ../../build/eufs_launcher/eufs_launcher.egg-info to /home/gustavo/eufs_sim_teste/install/eufs_launcher/lib/python3.8/site-packages/eufs_launcher-2.0.0-py3.8.egg-info
[0.813s] running install_scripts
[0.826s] creating /home/gustavo/eufs_sim_teste/install/eufs_launcher/lib/eufs_launcher
[0.826s] copying /home/gustavo/eufs_sim_teste/build/eufs_launcher/build/scripts-3.8/eufs_launcher -> /home/gustavo/eufs_sim_teste/install/eufs_launcher/lib/eufs_launcher
[0.826s] changing mode of /home/gustavo/eufs_sim_teste/install/eufs_launcher/lib/eufs_launcher/eufs_launcher to 775
[0.827s] writing list of installed files to '/home/gustavo/eufs_sim_teste/build/eufs_launcher/install.log'
[0.853s] Invoked command in '/home/gustavo/eufs_sim_teste/eufs_sim/eufs_launcher' returned '0': AMENT_PREFIX_PATH=/home/gustavo/eufs_sim_teste/install/eufs_tracks:/opt/ros/galactic:/home/gustavo/eufs_sim_teste/install/eufs_launcher:/home/gustavo/eufs_sim_teste/install/eufs_sensors:/home/gustavo/eufs_sim_teste/install/eufs_rqt:/home/gustavo/eufs_sim_teste/install/eufs_racecar:/home/gustavo/eufs_sim_teste/install/eufs_plugins:/home/gustavo/eufs_sim_teste/install/eufs_models:/home/gustavo/eufs_sim_teste/install/eufs_msgs PYTHONPATH=/home/gustavo/eufs_sim_teste/build/eufs_launcher/prefix_override:/home/gustavo/eufs_sim_teste/install/eufs_launcher/lib/python3.8/site-packages:/home/gustavo/eufs_sim_teste/install/eufs_tracks/lib/python3.8/site-packages:/opt/ros/galactic/lib/python3.8/site-packages:/home/gustavo/eufs_sim_teste/install/eufs_launcher/lib/python3.8/site-packages:/home/gustavo/eufs_sim_teste/install/eufs_rqt/lib/python3.8/site-packages:/home/gustavo/eufs_sim_teste/install/eufs_racecar/lib/python3.8/site-packages:/home/gustavo/eufs_sim_teste/install/eufs_msgs/lib/python3.8/site-packages /usr/bin/python3 setup.py egg_info --egg-base ../../build/eufs_launcher build --build-base /home/gustavo/eufs_sim_teste/build/eufs_launcher/build install --record /home/gustavo/eufs_sim_teste/build/eufs_launcher/install.log --single-version-externally-managed
