[0.919s] Invoking command in '/home/gustavo/eufs_sim_teste/eufs_sim/eufs_tracks': PYTHONPATH=/home/gustavo/eufs_sim_teste/build/eufs_tracks/prefix_override:/home/gustavo/eufs_sim_teste/install/eufs_tracks/lib/python3.8/site-packages:${PYTHONPATH} /usr/bin/python3 setup.py egg_info --egg-base ../../build/eufs_tracks build --build-base /home/gustavo/eufs_sim_teste/build/eufs_tracks/build install --record /home/gustavo/eufs_sim_teste/build/eufs_tracks/install.log --single-version-externally-managed
[1.211s] running egg_info
[1.212s] creating ../../build/eufs_tracks/eufs_tracks.egg-info
[1.212s] writing ../../build/eufs_tracks/eufs_tracks.egg-info/PKG-INFO
[1.212s] writing dependency_links to ../../build/eufs_tracks/eufs_tracks.egg-info/dependency_links.txt
[1.212s] writing entry points to ../../build/eufs_tracks/eufs_tracks.egg-info/entry_points.txt
[1.212s] writing requirements to ../../build/eufs_tracks/eufs_tracks.egg-info/requires.txt
[1.213s] writing top-level names to ../../build/eufs_tracks/eufs_tracks.egg-info/top_level.txt
[1.214s] writing manifest file '../../build/eufs_tracks/eufs_tracks.egg-info/SOURCES.txt'
[1.226s] reading manifest file '../../build/eufs_tracks/eufs_tracks.egg-info/SOURCES.txt'
[1.226s] writing manifest file '../../build/eufs_tracks/eufs_tracks.egg-info/SOURCES.txt'
[1.226s] running build
[1.226s] running build_py
[1.227s] creating /home/gustavo/eufs_sim_teste/build/eufs_tracks/build
[1.227s] creating /home/gustavo/eufs_sim_teste/build/eufs_tracks/build/lib
[1.227s] creating /home/gustavo/eufs_sim_teste/build/eufs_tracks/build/lib/eufs_tracks
[1.227s] copying eufs_tracks/__init__.py -> /home/gustavo/eufs_sim_teste/build/eufs_tracks/build/lib/eufs_tracks
[1.227s] creating /home/gustavo/eufs_sim_teste/build/eufs_tracks/build/lib/eufs_tracks/cli
[1.227s] copying eufs_tracks/cli/__init__.py -> /home/gustavo/eufs_sim_teste/build/eufs_tracks/build/lib/eufs_tracks/cli
[1.227s] copying eufs_tracks/cli/convert.py -> /home/gustavo/eufs_sim_teste/build/eufs_tracks/build/lib/eufs_tracks/cli
[1.227s] copying eufs_tracks/cli/create.py -> /home/gustavo/eufs_sim_teste/build/eufs_tracks/build/lib/eufs_tracks/cli
[1.227s] copying eufs_tracks/cli/main.py -> /home/gustavo/eufs_sim_teste/build/eufs_tracks/build/lib/eufs_tracks/cli
[1.227s] creating /home/gustavo/eufs_sim_teste/build/eufs_tracks/build/lib/eufs_tracks/converter_tool
[1.227s] copying eufs_tracks/converter_tool/__init__.py -> /home/gustavo/eufs_sim_teste/build/eufs_tracks/build/lib/eufs_tracks/converter_tool
[1.228s] copying eufs_tracks/converter_tool/converter.py -> /home/gustavo/eufs_sim_teste/build/eufs_tracks/build/lib/eufs_tracks/converter_tool
[1.228s] copying eufs_tracks/converter_tool/converter_gui.py -> /home/gustavo/eufs_sim_teste/build/eufs_tracks/build/lib/eufs_tracks/converter_tool
[1.228s] creating /home/gustavo/eufs_sim_teste/build/eufs_tracks/build/lib/eufs_tracks/track_generator
[1.228s] copying eufs_tracks/track_generator/__init__.py -> /home/gustavo/eufs_sim_teste/build/eufs_tracks/build/lib/eufs_tracks/track_generator
[1.228s] copying eufs_tracks/track_generator/track_generator.py -> /home/gustavo/eufs_sim_teste/build/eufs_tracks/build/lib/eufs_tracks/track_generator
[1.228s] copying eufs_tracks/track_generator/track_generator_gui.py -> /home/gustavo/eufs_sim_teste/build/eufs_tracks/build/lib/eufs_tracks/track_generator
[1.228s] running build_scripts
[1.228s] creating /home/gustavo/eufs_sim_teste/build/eufs_tracks/build/scripts-3.8
[1.228s] copying and adjusting scripts/eufs_tracks_converter -> /home/gustavo/eufs_sim_teste/build/eufs_tracks/build/scripts-3.8
[1.228s] copying and adjusting scripts/eufs_tracks_generator -> /home/gustavo/eufs_sim_teste/build/eufs_tracks/build/scripts-3.8
[1.228s] changing mode of /home/gustavo/eufs_sim_teste/build/eufs_tracks/build/scripts-3.8/eufs_tracks_converter from 664 to 775
[1.228s] changing mode of /home/gustavo/eufs_sim_teste/build/eufs_tracks/build/scripts-3.8/eufs_tracks_generator from 664 to 775
[1.228s] running install
[1.228s] running install_lib
[1.228s] creating /home/gustavo/eufs_sim_teste/install/eufs_tracks/lib/python3.8/site-packages/eufs_tracks
[1.228s] copying /home/gustavo/eufs_sim_teste/build/eufs_tracks/build/lib/eufs_tracks/__init__.py -> /home/gustavo/eufs_sim_teste/install/eufs_tracks/lib/python3.8/site-packages/eufs_tracks
[1.228s] creating /home/gustavo/eufs_sim_teste/install/eufs_tracks/lib/python3.8/site-packages/eufs_tracks/cli
[1.228s] copying /home/gustavo/eufs_sim_teste/build/eufs_tracks/build/lib/eufs_tracks/cli/__init__.py -> /home/gustavo/eufs_sim_teste/install/eufs_tracks/lib/python3.8/site-packages/eufs_tracks/cli
[1.228s] copying /home/gustavo/eufs_sim_teste/build/eufs_tracks/build/lib/eufs_tracks/cli/convert.py -> /home/gustavo/eufs_sim_teste/install/eufs_tracks/lib/python3.8/site-packages/eufs_tracks/cli
[1.229s] copying /home/gustavo/eufs_sim_teste/build/eufs_tracks/build/lib/eufs_tracks/cli/create.py -> /home/gustavo/eufs_sim_teste/install/eufs_tracks/lib/python3.8/site-packages/eufs_tracks/cli
[1.229s] copying /home/gustavo/eufs_sim_teste/build/eufs_tracks/build/lib/eufs_tracks/cli/main.py -> /home/gustavo/eufs_sim_teste/install/eufs_tracks/lib/python3.8/site-packages/eufs_tracks/cli
[1.229s] creating /home/gustavo/eufs_sim_teste/install/eufs_tracks/lib/python3.8/site-packages/eufs_tracks/converter_tool
[1.229s] copying /home/gustavo/eufs_sim_teste/build/eufs_tracks/build/lib/eufs_tracks/converter_tool/__init__.py -> /home/gustavo/eufs_sim_teste/install/eufs_tracks/lib/python3.8/site-packages/eufs_tracks/converter_tool
[1.229s] copying /home/gustavo/eufs_sim_teste/build/eufs_tracks/build/lib/eufs_tracks/converter_tool/converter.py -> /home/gustavo/eufs_sim_teste/install/eufs_tracks/lib/python3.8/site-packages/eufs_tracks/converter_tool
[1.229s] copying /home/gustavo/eufs_sim_teste/build/eufs_tracks/build/lib/eufs_tracks/converter_tool/converter_gui.py -> /home/gustavo/eufs_sim_teste/install/eufs_tracks/lib/python3.8/site-packages/eufs_tracks/converter_tool
[1.229s] creating /home/gustavo/eufs_sim_teste/install/eufs_tracks/lib/python3.8/site-packages/eufs_tracks/track_generator
[1.229s] copying /home/gustavo/eufs_sim_teste/build/eufs_tracks/build/lib/eufs_tracks/track_generator/__init__.py -> /home/gustavo/eufs_sim_teste/install/eufs_tracks/lib/python3.8/site-packages/eufs_tracks/track_generator
[1.229s] copying /home/gustavo/eufs_sim_teste/build/eufs_tracks/build/lib/eufs_tracks/track_generator/track_generator.py -> /home/gustavo/eufs_sim_teste/install/eufs_tracks/lib/python3.8/site-packages/eufs_tracks/track_generator
[1.229s] copying /home/gustavo/eufs_sim_teste/build/eufs_tracks/build/lib/eufs_tracks/track_generator/track_generator_gui.py -> /home/gustavo/eufs_sim_teste/install/eufs_tracks/lib/python3.8/site-packages/eufs_tracks/track_generator
[1.229s] byte-compiling /home/gustavo/eufs_sim_teste/install/eufs_tracks/lib/python3.8/site-packages/eufs_tracks/__init__.py to __init__.cpython-38.pyc
[1.229s] byte-compiling /home/gustavo/eufs_sim_teste/install/eufs_tracks/lib/python3.8/site-packages/eufs_tracks/cli/__init__.py to __init__.cpython-38.pyc
[1.229s] byte-compiling /home/gustavo/eufs_sim_teste/install/eufs_tracks/lib/python3.8/site-packages/eufs_tracks/cli/convert.py to convert.cpython-38.pyc
[1.229s] byte-compiling /home/gustavo/eufs_sim_teste/install/eufs_tracks/lib/python3.8/site-packages/eufs_tracks/cli/create.py to create.cpython-38.pyc
[1.229s] byte-compiling /home/gustavo/eufs_sim_teste/install/eufs_tracks/lib/python3.8/site-packages/eufs_tracks/cli/main.py to main.cpython-38.pyc
[1.229s] byte-compiling /home/gustavo/eufs_sim_teste/install/eufs_tracks/lib/python3.8/site-packages/eufs_tracks/converter_tool/__init__.py to __init__.cpython-38.pyc
[1.229s] byte-compiling /home/gustavo/eufs_sim_teste/install/eufs_tracks/lib/python3.8/site-packages/eufs_tracks/converter_tool/converter.py to converter.cpython-38.pyc
[1.234s] byte-compiling /home/gustavo/eufs_sim_teste/install/eufs_tracks/lib/python3.8/site-packages/eufs_tracks/converter_tool/converter_gui.py to converter_gui.cpython-38.pyc
[1.234s] byte-compiling /home/gustavo/eufs_sim_teste/install/eufs_tracks/lib/python3.8/site-packages/eufs_tracks/track_generator/__init__.py to __init__.cpython-38.pyc
[1.234s] byte-compiling /home/gustavo/eufs_sim_teste/install/eufs_tracks/lib/python3.8/site-packages/eufs_tracks/track_generator/track_generator.py to track_generator.cpython-38.pyc
[1.236s] byte-compiling /home/gustavo/eufs_sim_teste/install/eufs_tracks/lib/python3.8/site-packages/eufs_tracks/track_generator/track_generator_gui.py to track_generator_gui.cpython-38.pyc
[1.241s] running install_data
[1.242s] copying package.xml -> /home/gustavo/eufs_sim_teste/install/eufs_tracks/share/eufs_tracks
[1.242s] copying plugin.xml -> /home/gustavo/eufs_sim_teste/install/eufs_tracks/share/eufs_tracks
[1.242s] creating /home/gustavo/eufs_sim_teste/install/eufs_tracks/share/ament_index
[1.243s] creating /home/gustavo/eufs_sim_teste/install/eufs_tracks/share/ament_index/resource_index
[1.243s] creating /home/gustavo/eufs_sim_teste/install/eufs_tracks/share/ament_index/resource_index/packages
[1.243s] copying resource/eufs_tracks -> /home/gustavo/eufs_sim_teste/install/eufs_tracks/share/ament_index/resource_index/packages
[1.243s] creating /home/gustavo/eufs_sim_teste/install/eufs_tracks/share/eufs_tracks/csv
[1.243s] copying csv/acceleration.csv -> /home/gustavo/eufs_sim_teste/install/eufs_tracks/share/eufs_tracks/csv
[1.243s] copying csv/boa_constrictor.csv -> /home/gustavo/eufs_sim_teste/install/eufs_tracks/share/eufs_tracks/csv
[1.243s] copying csv/bone.csv -> /home/gustavo/eufs_sim_teste/install/eufs_tracks/share/eufs_tracks/csv
[1.243s] copying csv/comp_2021.csv -> /home/gustavo/eufs_sim_teste/install/eufs_tracks/share/eufs_tracks/csv
[1.243s] copying csv/garden_light.csv -> /home/gustavo/eufs_sim_teste/install/eufs_tracks/share/eufs_tracks/csv
[1.243s] copying csv/hairpins_increasing_difficulty.csv -> /home/gustavo/eufs_sim_teste/install/eufs_tracks/share/eufs_tracks/csv
[1.243s] copying csv/its_a_mess.csv -> /home/gustavo/eufs_sim_teste/install/eufs_tracks/share/eufs_tracks/csv
[1.243s] copying csv/peanut.csv -> /home/gustavo/eufs_sim_teste/install/eufs_tracks/share/eufs_tracks/csv
[1.244s] copying csv/rand.csv -> /home/gustavo/eufs_sim_teste/install/eufs_tracks/share/eufs_tracks/csv
[1.244s] copying csv/rectangle.csv -> /home/gustavo/eufs_sim_teste/install/eufs_tracks/share/eufs_tracks/csv
[1.244s] copying csv/skidpad.csv -> /home/gustavo/eufs_sim_teste/install/eufs_tracks/share/eufs_tracks/csv
[1.244s] copying csv/small_track.csv -> /home/gustavo/eufs_sim_teste/install/eufs_tracks/share/eufs_tracks/csv
[1.244s] creating /home/gustavo/eufs_sim_teste/install/eufs_tracks/share/eufs_tracks/image
[1.244s] copying image/comp_2021.png -> /home/gustavo/eufs_sim_teste/install/eufs_tracks/share/eufs_tracks/image
[1.244s] copying image/skidpad.png -> /home/gustavo/eufs_sim_teste/install/eufs_tracks/share/eufs_tracks/image
[1.244s] creating /home/gustavo/eufs_sim_teste/install/eufs_tracks/share/eufs_tracks/launch
[1.244s] copying launch/acceleration.launch -> /home/gustavo/eufs_sim_teste/install/eufs_tracks/share/eufs_tracks/launch
[1.244s] copying launch/boa_constrictor.launch -> /home/gustavo/eufs_sim_teste/install/eufs_tracks/share/eufs_tracks/launch
[1.244s] copying launch/comp_2021.launch -> /home/gustavo/eufs_sim_teste/install/eufs_tracks/share/eufs_tracks/launch
[1.244s] copying launch/empty.launch -> /home/gustavo/eufs_sim_teste/install/eufs_tracks/share/eufs_tracks/launch
[1.244s] copying launch/eufs_track_generator.launch.py -> /home/gustavo/eufs_sim_teste/install/eufs_tracks/share/eufs_tracks/launch
[1.244s] copying launch/garden_light.launch -> /home/gustavo/eufs_sim_teste/install/eufs_tracks/share/eufs_tracks/launch
[1.244s] copying launch/hairpins_increasing_difficulty.launch -> /home/gustavo/eufs_sim_teste/install/eufs_tracks/share/eufs_tracks/launch
[1.244s] copying launch/its_a_mess.launch -> /home/gustavo/eufs_sim_teste/install/eufs_tracks/share/eufs_tracks/launch
[1.244s] copying launch/peanut.launch -> /home/gustavo/eufs_sim_teste/install/eufs_tracks/share/eufs_tracks/launch
[1.244s] copying launch/rand.launch -> /home/gustavo/eufs_sim_teste/install/eufs_tracks/share/eufs_tracks/launch
[1.244s] copying launch/rectangle.launch -> /home/gustavo/eufs_sim_teste/install/eufs_tracks/share/eufs_tracks/launch
[1.244s] copying launch/skidpad.launch -> /home/gustavo/eufs_sim_teste/install/eufs_tracks/share/eufs_tracks/launch
[1.244s] copying launch/small_track.launch -> /home/gustavo/eufs_sim_teste/install/eufs_tracks/share/eufs_tracks/launch
[1.244s] copying launch/blacklist.txt -> /home/gustavo/eufs_sim_teste/install/eufs_tracks/share/eufs_tracks/launch
[1.244s] creating /home/gustavo/eufs_sim_teste/install/eufs_tracks/share/eufs_tracks/materials
[1.245s] copying materials/asphalt.jpg -> /home/gustavo/eufs_sim_teste/install/eufs_tracks/share/eufs_tracks/materials
[1.251s] creating /home/gustavo/eufs_sim_teste/install/eufs_tracks/share/eufs_tracks/meshes
[1.251s] copying meshes/MonkeyNoise.dae -> /home/gustavo/eufs_sim_teste/install/eufs_tracks/share/eufs_tracks/meshes
[1.251s] copying meshes/NoiseCube.dae -> /home/gustavo/eufs_sim_teste/install/eufs_tracks/share/eufs_tracks/meshes
[1.251s] copying meshes/cone.dae -> /home/gustavo/eufs_sim_teste/install/eufs_tracks/share/eufs_tracks/meshes
[1.251s] copying meshes/cone_big.dae -> /home/gustavo/eufs_sim_teste/install/eufs_tracks/share/eufs_tracks/meshes
[1.251s] copying meshes/cone_blue.dae -> /home/gustavo/eufs_sim_teste/install/eufs_tracks/share/eufs_tracks/meshes
[1.251s] copying meshes/cone_yellow.dae -> /home/gustavo/eufs_sim_teste/install/eufs_tracks/share/eufs_tracks/meshes
[1.251s] creating /home/gustavo/eufs_sim_teste/install/eufs_tracks/share/eufs_tracks/worlds
[1.251s] copying worlds/acceleration.world -> /home/gustavo/eufs_sim_teste/install/eufs_tracks/share/eufs_tracks/worlds
[1.251s] copying worlds/boa_constrictor.world -> /home/gustavo/eufs_sim_teste/install/eufs_tracks/share/eufs_tracks/worlds
[1.251s] copying worlds/comp_2021.world -> /home/gustavo/eufs_sim_teste/install/eufs_tracks/share/eufs_tracks/worlds
[1.251s] copying worlds/garden_light.world -> /home/gustavo/eufs_sim_teste/install/eufs_tracks/share/eufs_tracks/worlds
[1.252s] copying worlds/hairpins_increasing_difficulty.world -> /home/gustavo/eufs_sim_teste/install/eufs_tracks/share/eufs_tracks/worlds
[1.252s] copying worlds/its_a_mess.world -> /home/gustavo/eufs_sim_teste/install/eufs_tracks/share/eufs_tracks/worlds
[1.252s] copying worlds/peanut.world -> /home/gustavo/eufs_sim_teste/install/eufs_tracks/share/eufs_tracks/worlds
[1.252s] copying worlds/rand.world -> /home/gustavo/eufs_sim_teste/install/eufs_tracks/share/eufs_tracks/worlds
[1.252s] copying worlds/rectangle.world -> /home/gustavo/eufs_sim_teste/install/eufs_tracks/share/eufs_tracks/worlds
[1.252s] copying worlds/skidpad.world -> /home/gustavo/eufs_sim_teste/install/eufs_tracks/share/eufs_tracks/worlds
[1.252s] copying worlds/small_track.world -> /home/gustavo/eufs_sim_teste/install/eufs_tracks/share/eufs_tracks/worlds
[1.252s] creating /home/gustavo/eufs_sim_teste/install/eufs_tracks/share/eufs_tracks/resource
[1.252s] creating /home/gustavo/eufs_sim_teste/install/eufs_tracks/share/eufs_tracks/resource/randgen_model_template
[1.252s] copying resource/randgen_model_template/model.config -> /home/gustavo/eufs_sim_teste/install/eufs_tracks/share/eufs_tracks/resource/randgen_model_template
[1.252s] copying resource/randgen_model_template/model.sdf -> /home/gustavo/eufs_sim_teste/install/eufs_tracks/share/eufs_tracks/resource/randgen_model_template
[1.252s] copying resource/noiseFiles.txt -> /home/gustavo/eufs_sim_teste/install/eufs_tracks/share/eufs_tracks/resource
[1.252s] copying resource/randgen_launch_template -> /home/gustavo/eufs_sim_teste/install/eufs_tracks/share/eufs_tracks/resource
[1.252s] copying resource/randgen_world_template -> /home/gustavo/eufs_sim_teste/install/eufs_tracks/share/eufs_tracks/resource
[1.252s] copying resource/conversion_tool.ui -> /home/gustavo/eufs_sim_teste/install/eufs_tracks/share/eufs_tracks/resource
[1.252s] creating /home/gustavo/eufs_sim_teste/install/eufs_tracks/share/eufs_tracks/models
[1.252s] creating /home/gustavo/eufs_sim_teste/install/eufs_tracks/share/eufs_tracks/models/acceleration
[1.253s] copying models/acceleration/model.config -> /home/gustavo/eufs_sim_teste/install/eufs_tracks/share/eufs_tracks/models/acceleration
[1.253s] copying models/acceleration/model.sdf -> /home/gustavo/eufs_sim_teste/install/eufs_tracks/share/eufs_tracks/models/acceleration
[1.253s] creating /home/gustavo/eufs_sim_teste/install/eufs_tracks/share/eufs_tracks/models/big_cone
[1.253s] copying models/big_cone/model.config -> /home/gustavo/eufs_sim_teste/install/eufs_tracks/share/eufs_tracks/models/big_cone
[1.253s] copying models/big_cone/model.sdf -> /home/gustavo/eufs_sim_teste/install/eufs_tracks/share/eufs_tracks/models/big_cone
[1.253s] creating /home/gustavo/eufs_sim_teste/install/eufs_tracks/share/eufs_tracks/models/blue_cone
[1.253s] copying models/blue_cone/model.config -> /home/gustavo/eufs_sim_teste/install/eufs_tracks/share/eufs_tracks/models/blue_cone
[1.253s] copying models/blue_cone/model.sdf -> /home/gustavo/eufs_sim_teste/install/eufs_tracks/share/eufs_tracks/models/blue_cone
[1.253s] creating /home/gustavo/eufs_sim_teste/install/eufs_tracks/share/eufs_tracks/models/boa_constrictor
[1.253s] copying models/boa_constrictor/model.config -> /home/gustavo/eufs_sim_teste/install/eufs_tracks/share/eufs_tracks/models/boa_constrictor
[1.253s] copying models/boa_constrictor/model.sdf -> /home/gustavo/eufs_sim_teste/install/eufs_tracks/share/eufs_tracks/models/boa_constrictor
[1.253s] creating /home/gustavo/eufs_sim_teste/install/eufs_tracks/share/eufs_tracks/models/comp_2021
[1.253s] copying models/comp_2021/model.config -> /home/gustavo/eufs_sim_teste/install/eufs_tracks/share/eufs_tracks/models/comp_2021
[1.253s] copying models/comp_2021/model.sdf -> /home/gustavo/eufs_sim_teste/install/eufs_tracks/share/eufs_tracks/models/comp_2021
[1.253s] creating /home/gustavo/eufs_sim_teste/install/eufs_tracks/share/eufs_tracks/models/garden_light
[1.253s] copying models/garden_light/model.config -> /home/gustavo/eufs_sim_teste/install/eufs_tracks/share/eufs_tracks/models/garden_light
[1.254s] copying models/garden_light/model.sdf -> /home/gustavo/eufs_sim_teste/install/eufs_tracks/share/eufs_tracks/models/garden_light
[1.254s] creating /home/gustavo/eufs_sim_teste/install/eufs_tracks/share/eufs_tracks/models/ground_plane
[1.254s] copying models/ground_plane/model.config -> /home/gustavo/eufs_sim_teste/install/eufs_tracks/share/eufs_tracks/models/ground_plane
[1.254s] copying models/ground_plane/model.sdf -> /home/gustavo/eufs_sim_teste/install/eufs_tracks/share/eufs_tracks/models/ground_plane
[1.254s] creating /home/gustavo/eufs_sim_teste/install/eufs_tracks/share/eufs_tracks/models/hairpins_increasing_difficulty
[1.254s] copying models/hairpins_increasing_difficulty/model.config -> /home/gustavo/eufs_sim_teste/install/eufs_tracks/share/eufs_tracks/models/hairpins_increasing_difficulty
[1.254s] copying models/hairpins_increasing_difficulty/model.sdf -> /home/gustavo/eufs_sim_teste/install/eufs_tracks/share/eufs_tracks/models/hairpins_increasing_difficulty
[1.254s] creating /home/gustavo/eufs_sim_teste/install/eufs_tracks/share/eufs_tracks/models/its_a_mess
[1.254s] copying models/its_a_mess/model.config -> /home/gustavo/eufs_sim_teste/install/eufs_tracks/share/eufs_tracks/models/its_a_mess
[1.254s] copying models/its_a_mess/model.sdf -> /home/gustavo/eufs_sim_teste/install/eufs_tracks/share/eufs_tracks/models/its_a_mess
[1.254s] creating /home/gustavo/eufs_sim_teste/install/eufs_tracks/share/eufs_tracks/models/orange_cone
[1.254s] copying models/orange_cone/model.config -> /home/gustavo/eufs_sim_teste/install/eufs_tracks/share/eufs_tracks/models/orange_cone
[1.254s] copying models/orange_cone/model.sdf -> /home/gustavo/eufs_sim_teste/install/eufs_tracks/share/eufs_tracks/models/orange_cone
[1.255s] creating /home/gustavo/eufs_sim_teste/install/eufs_tracks/share/eufs_tracks/models/peanut
[1.255s] copying models/peanut/model.config -> /home/gustavo/eufs_sim_teste/install/eufs_tracks/share/eufs_tracks/models/peanut
[1.255s] copying models/peanut/model.sdf -> /home/gustavo/eufs_sim_teste/install/eufs_tracks/share/eufs_tracks/models/peanut
[1.255s] creating /home/gustavo/eufs_sim_teste/install/eufs_tracks/share/eufs_tracks/models/rand
[1.255s] copying models/rand/model.config -> /home/gustavo/eufs_sim_teste/install/eufs_tracks/share/eufs_tracks/models/rand
[1.255s] copying models/rand/model.sdf -> /home/gustavo/eufs_sim_teste/install/eufs_tracks/share/eufs_tracks/models/rand
[1.255s] creating /home/gustavo/eufs_sim_teste/install/eufs_tracks/share/eufs_tracks/models/rectangle
[1.255s] copying models/rectangle/model.config -> /home/gustavo/eufs_sim_teste/install/eufs_tracks/share/eufs_tracks/models/rectangle
[1.255s] copying models/rectangle/model.sdf -> /home/gustavo/eufs_sim_teste/install/eufs_tracks/share/eufs_tracks/models/rectangle
[1.255s] creating /home/gustavo/eufs_sim_teste/install/eufs_tracks/share/eufs_tracks/models/skidpad
[1.255s] copying models/skidpad/model.config -> /home/gustavo/eufs_sim_teste/install/eufs_tracks/share/eufs_tracks/models/skidpad
[1.255s] copying models/skidpad/model.sdf -> /home/gustavo/eufs_sim_teste/install/eufs_tracks/share/eufs_tracks/models/skidpad
[1.255s] creating /home/gustavo/eufs_sim_teste/install/eufs_tracks/share/eufs_tracks/models/small_track
[1.255s] copying models/small_track/model.config -> /home/gustavo/eufs_sim_teste/install/eufs_tracks/share/eufs_tracks/models/small_track
[1.256s] copying models/small_track/model.sdf -> /home/gustavo/eufs_sim_teste/install/eufs_tracks/share/eufs_tracks/models/small_track
[1.256s] creating /home/gustavo/eufs_sim_teste/install/eufs_tracks/share/eufs_tracks/models/yellow_cone
[1.256s] copying models/yellow_cone/model.config -> /home/gustavo/eufs_sim_teste/install/eufs_tracks/share/eufs_tracks/models/yellow_cone
[1.256s] copying models/yellow_cone/model.sdf -> /home/gustavo/eufs_sim_teste/install/eufs_tracks/share/eufs_tracks/models/yellow_cone
[1.256s] running install_egg_info
[1.256s] Copying ../../build/eufs_tracks/eufs_tracks.egg-info to /home/gustavo/eufs_sim_teste/install/eufs_tracks/lib/python3.8/site-packages/eufs_tracks-2.0.0-py3.8.egg-info
[1.256s] running install_scripts
[1.270s] creating /home/gustavo/eufs_sim_teste/install/eufs_tracks/lib/eufs_tracks
[1.270s] copying /home/gustavo/eufs_sim_teste/build/eufs_tracks/build/scripts-3.8/eufs_tracks_converter -> /home/gustavo/eufs_sim_teste/install/eufs_tracks/lib/eufs_tracks
[1.270s] copying /home/gustavo/eufs_sim_teste/build/eufs_tracks/build/scripts-3.8/eufs_tracks_generator -> /home/gustavo/eufs_sim_teste/install/eufs_tracks/lib/eufs_tracks
[1.270s] changing mode of /home/gustavo/eufs_sim_teste/install/eufs_tracks/lib/eufs_tracks/eufs_tracks_converter to 775
[1.270s] changing mode of /home/gustavo/eufs_sim_teste/install/eufs_tracks/lib/eufs_tracks/eufs_tracks_generator to 775
[1.271s] writing list of installed files to '/home/gustavo/eufs_sim_teste/build/eufs_tracks/install.log'
[1.296s] Invoked command in '/home/gustavo/eufs_sim_teste/eufs_sim/eufs_tracks' returned '0': PYTHONPATH=/home/gustavo/eufs_sim_teste/build/eufs_tracks/prefix_override:/home/gustavo/eufs_sim_teste/install/eufs_tracks/lib/python3.8/site-packages:${PYTHONPATH} /usr/bin/python3 setup.py egg_info --egg-base ../../build/eufs_tracks build --build-base /home/gustavo/eufs_sim_teste/build/eufs_tracks/build install --record /home/gustavo/eufs_sim_teste/build/eufs_tracks/install.log --single-version-externally-managed
