[0.855s] Invoking command in '/home/gustavo/eufs_sim_teste/build/eufs_tracks': PYTHONPATH=/home/gustavo/eufs_sim_teste/build/eufs_tracks/prefix_override:/home/gustavo/eufs_sim_teste/install/eufs_tracks/lib/python3.8/site-packages:${PYTHONPATH} /usr/bin/python3 setup.py develop --uninstall --editable --build-directory /home/gustavo/eufs_sim_teste/build/eufs_tracks/build
[1.066s] running develop
[1.189s] Removing /home/gustavo/eufs_sim_teste/install/eufs_tracks/lib/python3.8/site-packages/eufs-tracks.egg-link (link to .)
[1.189s] Note: you must uninstall or replace scripts manually!
[1.212s] Invoked command in '/home/gustavo/eufs_sim_teste/build/eufs_tracks' returned '0': PYTHONPATH=/home/gustavo/eufs_sim_teste/build/eufs_tracks/prefix_override:/home/gustavo/eufs_sim_teste/install/eufs_tracks/lib/python3.8/site-packages:${PYTHONPATH} /usr/bin/python3 setup.py develop --uninstall --editable --build-directory /home/gustavo/eufs_sim_teste/build/eufs_tracks/build
[1.214s] Invoking command in '/home/gustavo/eufs_sim_teste/eufs_sim/eufs_tracks': PYTHONPATH=/home/gustavo/eufs_sim_teste/build/eufs_tracks/prefix_override:/home/gustavo/eufs_sim_teste/install/eufs_tracks/lib/python3.8/site-packages:${PYTHONPATH} /usr/bin/python3 setup.py egg_info --egg-base ../../build/eufs_tracks build --build-base /home/gustavo/eufs_sim_teste/build/eufs_tracks/build install --record /home/gustavo/eufs_sim_teste/build/eufs_tracks/install.log --single-version-externally-managed
[1.415s] running egg_info
[1.415s] writing ../../build/eufs_tracks/eufs_tracks.egg-info/PKG-INFO
[1.415s] writing dependency_links to ../../build/eufs_tracks/eufs_tracks.egg-info/dependency_links.txt
[1.415s] writing entry points to ../../build/eufs_tracks/eufs_tracks.egg-info/entry_points.txt
[1.415s] writing requirements to ../../build/eufs_tracks/eufs_tracks.egg-info/requires.txt
[1.415s] writing top-level names to ../../build/eufs_tracks/eufs_tracks.egg-info/top_level.txt
[1.419s] reading manifest file '../../build/eufs_tracks/eufs_tracks.egg-info/SOURCES.txt'
[1.420s] writing manifest file '../../build/eufs_tracks/eufs_tracks.egg-info/SOURCES.txt'
[1.420s] running build
[1.420s] running build_py
[1.421s] running build_scripts
[1.421s] running install
[1.422s] running install_lib
[1.423s] creating /home/gustavo/eufs_sim_teste/install/eufs_tracks/lib/python3.8/site-packages/eufs_tracks
[1.423s] copying /home/gustavo/eufs_sim_teste/build/eufs_tracks/build/lib/eufs_tracks/__init__.py -> /home/gustavo/eufs_sim_teste/install/eufs_tracks/lib/python3.8/site-packages/eufs_tracks
[1.423s] creating /home/gustavo/eufs_sim_teste/install/eufs_tracks/lib/python3.8/site-packages/eufs_tracks/cli
[1.423s] copying /home/gustavo/eufs_sim_teste/build/eufs_tracks/build/lib/eufs_tracks/cli/__init__.py -> /home/gustavo/eufs_sim_teste/install/eufs_tracks/lib/python3.8/site-packages/eufs_tracks/cli
[1.423s] copying /home/gustavo/eufs_sim_teste/build/eufs_tracks/build/lib/eufs_tracks/cli/convert.py -> /home/gustavo/eufs_sim_teste/install/eufs_tracks/lib/python3.8/site-packages/eufs_tracks/cli
[1.423s] copying /home/gustavo/eufs_sim_teste/build/eufs_tracks/build/lib/eufs_tracks/cli/create.py -> /home/gustavo/eufs_sim_teste/install/eufs_tracks/lib/python3.8/site-packages/eufs_tracks/cli
[1.423s] copying /home/gustavo/eufs_sim_teste/build/eufs_tracks/build/lib/eufs_tracks/cli/main.py -> /home/gustavo/eufs_sim_teste/install/eufs_tracks/lib/python3.8/site-packages/eufs_tracks/cli
[1.424s] creating /home/gustavo/eufs_sim_teste/install/eufs_tracks/lib/python3.8/site-packages/eufs_tracks/converter_tool
[1.424s] copying /home/gustavo/eufs_sim_teste/build/eufs_tracks/build/lib/eufs_tracks/converter_tool/__init__.py -> /home/gustavo/eufs_sim_teste/install/eufs_tracks/lib/python3.8/site-packages/eufs_tracks/converter_tool
[1.424s] copying /home/gustavo/eufs_sim_teste/build/eufs_tracks/build/lib/eufs_tracks/converter_tool/converter.py -> /home/gustavo/eufs_sim_teste/install/eufs_tracks/lib/python3.8/site-packages/eufs_tracks/converter_tool
[1.424s] copying /home/gustavo/eufs_sim_teste/build/eufs_tracks/build/lib/eufs_tracks/converter_tool/converter_gui.py -> /home/gustavo/eufs_sim_teste/install/eufs_tracks/lib/python3.8/site-packages/eufs_tracks/converter_tool
[1.424s] creating /home/gustavo/eufs_sim_teste/install/eufs_tracks/lib/python3.8/site-packages/eufs_tracks/track_generator
[1.424s] copying /home/gustavo/eufs_sim_teste/build/eufs_tracks/build/lib/eufs_tracks/track_generator/__init__.py -> /home/gustavo/eufs_sim_teste/install/eufs_tracks/lib/python3.8/site-packages/eufs_tracks/track_generator
[1.424s] copying /home/gustavo/eufs_sim_teste/build/eufs_tracks/build/lib/eufs_tracks/track_generator/track_generator.py -> /home/gustavo/eufs_sim_teste/install/eufs_tracks/lib/python3.8/site-packages/eufs_tracks/track_generator
[1.424s] copying /home/gustavo/eufs_sim_teste/build/eufs_tracks/build/lib/eufs_tracks/track_generator/track_generator_gui.py -> /home/gustavo/eufs_sim_teste/install/eufs_tracks/lib/python3.8/site-packages/eufs_tracks/track_generator
[1.425s] byte-compiling /home/gustavo/eufs_sim_teste/install/eufs_tracks/lib/python3.8/site-packages/eufs_tracks/__init__.py to __init__.cpython-38.pyc
[1.425s] byte-compiling /home/gustavo/eufs_sim_teste/install/eufs_tracks/lib/python3.8/site-packages/eufs_tracks/cli/__init__.py to __init__.cpython-38.pyc
[1.425s] byte-compiling /home/gustavo/eufs_sim_teste/install/eufs_tracks/lib/python3.8/site-packages/eufs_tracks/cli/convert.py to convert.cpython-38.pyc
[1.425s] byte-compiling /home/gustavo/eufs_sim_teste/install/eufs_tracks/lib/python3.8/site-packages/eufs_tracks/cli/create.py to create.cpython-38.pyc
[1.426s] byte-compiling /home/gustavo/eufs_sim_teste/install/eufs_tracks/lib/python3.8/site-packages/eufs_tracks/cli/main.py to main.cpython-38.pyc
[1.426s] byte-compiling /home/gustavo/eufs_sim_teste/install/eufs_tracks/lib/python3.8/site-packages/eufs_tracks/converter_tool/__init__.py to __init__.cpython-38.pyc
[1.426s] byte-compiling /home/gustavo/eufs_sim_teste/install/eufs_tracks/lib/python3.8/site-packages/eufs_tracks/converter_tool/converter.py to converter.cpython-38.pyc
[1.429s] byte-compiling /home/gustavo/eufs_sim_teste/install/eufs_tracks/lib/python3.8/site-packages/eufs_tracks/converter_tool/converter_gui.py to converter_gui.cpython-38.pyc
[1.436s] byte-compiling /home/gustavo/eufs_sim_teste/install/eufs_tracks/lib/python3.8/site-packages/eufs_tracks/track_generator/__init__.py to __init__.cpython-38.pyc
[1.436s] byte-compiling /home/gustavo/eufs_sim_teste/install/eufs_tracks/lib/python3.8/site-packages/eufs_tracks/track_generator/track_generator.py to track_generator.cpython-38.pyc
[1.436s] byte-compiling /home/gustavo/eufs_sim_teste/install/eufs_tracks/lib/python3.8/site-packages/eufs_tracks/track_generator/track_generator_gui.py to track_generator_gui.cpython-38.pyc
[1.436s] running install_data
[1.436s] running install_egg_info
[1.436s] Copying ../../build/eufs_tracks/eufs_tracks.egg-info to /home/gustavo/eufs_sim_teste/install/eufs_tracks/lib/python3.8/site-packages/eufs_tracks-2.0.0-py3.8.egg-info
[1.436s] running install_scripts
[1.452s] changing mode of /home/gustavo/eufs_sim_teste/install/eufs_tracks/lib/eufs_tracks/eufs_tracks_converter to 775
[1.452s] changing mode of /home/gustavo/eufs_sim_teste/install/eufs_tracks/lib/eufs_tracks/eufs_tracks_generator to 775
[1.453s] writing list of installed files to '/home/gustavo/eufs_sim_teste/build/eufs_tracks/install.log'
[1.484s] Invoked command in '/home/gustavo/eufs_sim_teste/eufs_sim/eufs_tracks' returned '0': PYTHONPATH=/home/gustavo/eufs_sim_teste/build/eufs_tracks/prefix_override:/home/gustavo/eufs_sim_teste/install/eufs_tracks/lib/python3.8/site-packages:${PYTHONPATH} /usr/bin/python3 setup.py egg_info --egg-base ../../build/eufs_tracks build --build-base /home/gustavo/eufs_sim_teste/build/eufs_tracks/build install --record /home/gustavo/eufs_sim_teste/build/eufs_tracks/install.log --single-version-externally-managed
