[0.846s] Invoking command in '/home/gustavo/eufs_sim_teste/build/eufs_racecar': PYTHONPATH=/home/gustavo/eufs_sim_teste/build/eufs_racecar/prefix_override:/home/gustavo/eufs_sim_teste/install/eufs_racecar/lib/python3.8/site-packages: /usr/bin/python3 setup.py develop --uninstall --editable --build-directory /home/gustavo/eufs_sim_teste/build/eufs_racecar/build
[1.036s] running develop
[1.140s] Invoked command in '/home/gustavo/eufs_sim_teste/build/eufs_racecar' returned '0': PYTHONPATH=/home/gustavo/eufs_sim_teste/build/eufs_racecar/prefix_override:/home/gustavo/eufs_sim_teste/install/eufs_racecar/lib/python3.8/site-packages: /usr/bin/python3 setup.py develop --uninstall --editable --build-directory /home/gustavo/eufs_sim_teste/build/eufs_racecar/build
[1.143s] Invoking command in '/home/gustavo/eufs_sim_teste/eufs_sim/eufs_racecar': PYTHONPATH=/home/gustavo/eufs_sim_teste/build/eufs_racecar/prefix_override:/home/gustavo/eufs_sim_teste/install/eufs_racecar/lib/python3.8/site-packages: /usr/bin/python3 setup.py egg_info --egg-base ../../build/eufs_racecar build --build-base /home/gustavo/eufs_sim_teste/build/eufs_racecar/build install --record /home/gustavo/eufs_sim_teste/build/eufs_racecar/install.log --single-version-externally-managed
[1.320s] running egg_info
[1.320s] writing ../../build/eufs_racecar/eufs_racecar.egg-info/PKG-INFO
[1.320s] writing dependency_links to ../../build/eufs_racecar/eufs_racecar.egg-info/dependency_links.txt
[1.321s] writing requirements to ../../build/eufs_racecar/eufs_racecar.egg-info/requires.txt
[1.321s] writing top-level names to ../../build/eufs_racecar/eufs_racecar.egg-info/top_level.txt
[1.323s] reading manifest file '../../build/eufs_racecar/eufs_racecar.egg-info/SOURCES.txt'
[1.325s] writing manifest file '../../build/eufs_racecar/eufs_racecar.egg-info/SOURCES.txt'
[1.325s] running build
[1.325s] running install
[1.325s] running install_data
[1.327s] running install_egg_info
[1.328s] removing '/home/gustavo/eufs_sim_teste/install/eufs_racecar/lib/python3.8/site-packages/eufs_racecar-2.0.0-py3.8.egg-info' (and everything under it)
[1.329s] Copying ../../build/eufs_racecar/eufs_racecar.egg-info to /home/gustavo/eufs_sim_teste/install/eufs_racecar/lib/python3.8/site-packages/eufs_racecar-2.0.0-py3.8.egg-info
[1.329s] running install_scripts
[1.344s] writing list of installed files to '/home/gustavo/eufs_sim_teste/build/eufs_racecar/install.log'
[1.521s] Invoked command in '/home/gustavo/eufs_sim_teste/eufs_sim/eufs_racecar' returned '0': PYTHONPATH=/home/gustavo/eufs_sim_teste/build/eufs_racecar/prefix_override:/home/gustavo/eufs_sim_teste/install/eufs_racecar/lib/python3.8/site-packages: /usr/bin/python3 setup.py egg_info --egg-base ../../build/eufs_racecar build --build-base /home/gustavo/eufs_sim_teste/build/eufs_racecar/build install --record /home/gustavo/eufs_sim_teste/build/eufs_racecar/install.log --single-version-externally-managed
